#
# A fatal error has been detected by the Java Runtime Environment:
#
#  EXCEPTION_ACCESS_VIOLATION (0xc0000005) at pc=0x000000006d587ab0, pid=18412, tid=14456
#
# JRE version: OpenJDK Runtime Environment (11.0.2+9) (build 11.0.2+9)
# Java VM: OpenJDK 64-Bit Server VM (11.0.2+9, mixed mode, tiered, compressed oops, g1 gc, windows-amd64)
# Problematic frame:
# C  0x000000006d587ab0
#
# No core dump will be written. Minidumps are not enabled by default on client versions of Windows
#
# If you would like to submit a bug report, please visit:
#   http://bugreport.java.com/bugreport/crash.jsp
# The crash happened outside the Java Virtual Machine in native code.
# See problematic frame for where to report the bug.
#

---------------  S U M M A R Y ------------

Command Line: -agentlib:jdwp=transport=dt_socket,address=127.0.0.1:5134,suspend=y,server=n -javaagent:C:\Users\Marcel\.IdeaIC2018.3\system\captureAgent\debugger-agent.jar -Dfile.encoding=UTF-8 com.Main

Host: Intel(R) Core(TM) i7-8750H CPU @ 2.20GHz, 12 cores, 15G,  Windows 10 , 64 bit Build 17134 (10.0.17134.753)
Time: Sat Sep  7 11:56:15 2019 Mitteleuropäische Sommerzeit elapsed time: 66 seconds (0d 0h 1m 6s)

---------------  T H R E A D  ---------------

Current thread (0x000001acac574800):  JavaThread "pool-1-thread-1" [_thread_in_native, id=14456, stack(0x0000009a48100000,0x0000009a48200000)]

Stack: [0x0000009a48100000,0x0000009a48200000],  sp=0x0000009a481ff2d8,  free space=1020k
Native frames: (J=compiled Java code, j=interpreted, Vv=VM code, C=native code)
C  0x000000006d587ab0

Java frames: (J=compiled Java code, j=interpreted, Vv=VM code)
j  org.sqlite.core.NativeDB.total_changes()I+0
j  org.sqlite.jdbc3.JDBC3Statement.executeUpdate(Ljava/lang/String;)I+37
j  com.Utils.DBUtil.executeSQL(Ljava/lang/String;)V+11
j  com.Utils.TessUtil.processFile(Ljava/io/File;)V+86
j  com.Utils.TessUtil$1.run()V+4
j  java.util.concurrent.Executors$RunnableAdapter.call()Ljava/lang/Object;+4 java.base@11.0.2
j  java.util.concurrent.FutureTask.run$$$capture()V+39 java.base@11.0.2
j  java.util.concurrent.FutureTask.run()V+5 java.base@11.0.2
j  java.util.concurrent.ThreadPoolExecutor.runWorker(Ljava/util/concurrent/ThreadPoolExecutor$Worker;)V+92 java.base@11.0.2
j  java.util.concurrent.ThreadPoolExecutor$Worker.run()V+5 java.base@11.0.2
j  java.lang.Thread.run()V+11 java.base@11.0.2
v  ~StubRoutines::call_stub

siginfo: EXCEPTION_ACCESS_VIOLATION (0xc0000005), reading address 0x0000000000000064


Register to memory mapping:

RIP=0x000000006d587ab0 points into unknown readable memory: 8b 41 64 c3 66 66 66 2e
RAX=0x0 is NULL
RBX={method} {0x000001acbc6ed638} 'total_changes' '()I' in 'org/sqlite/core/NativeDB'
RCX=0x0 is NULL
RDX=0x0000000000000006 is an unknown value
RSP=0x0000009a481ff2d8 is pointing into the stack for thread: 0x000001acac574800
RBP=0x0000009a481ff368 is pointing into the stack for thread: 0x000001acac574800
RSI=0x0000000000000001 is an unknown value
RDI=0x00000000000003e0 is an unknown value
R8 =0x0000000000000004 is an unknown value
R9 =0x000000080037d9e8 is a pointer to class: 
org.sqlite.core.NativeDB {0x000000080037d9f0}
R10=0x000001ac8ed972f7 is at code_begin+2615 in an Interpreter codelet
method entry point (kind = native_synchronized)  [0x000001ac8ed968c0, 0x000001ac8ed97f00]  5696 bytes
R11=0x0000000000000121 is an unknown value
R12=0x0 is NULL
R13={method} {0x000001acbc6ed638} 'total_changes' '()I' in 'org/sqlite/core/NativeDB'
R14=0x0000009a481ff388 is pointing into the stack for thread: 0x000001acac574800
R15=0x000001acac574800 is a thread


Registers:
RAX=0x0000000000000000, RBX=0x000001acbc6ed630, RCX=0x0000000000000000, RDX=0x0000000000000006
RSP=0x0000009a481ff2d8, RBP=0x0000009a481ff368, RSI=0x0000000000000001, RDI=0x00000000000003e0
R8 =0x0000000000000004, R9 =0x000000080037d9e8, R10=0x000001ac8ed972f7, R11=0x0000000000000121
R12=0x0000000000000000, R13=0x000001acbc6ed630, R14=0x0000009a481ff388, R15=0x000001acac574800
RIP=0x000000006d587ab0, EFLAGS=0x0000000000010206

Top of Stack: (sp=0x0000009a481ff2d8)
0x0000009a481ff2d8:   000001ac8ed97326 000001acac574800
0x0000009a481ff2e8:   000001acac574805 0000009a481ff368
0x0000009a481ff2f8:   0000000000000001 0000000000000000
0x0000009a481ff308:   000001ac8ed96c37 0000000000000003
0x0000009a481ff318:   000000071051a480 0000009a481ff310
0x0000009a481ff328:   000001acbc6ed630 0000009a481ff388
0x0000009a481ff338:   000001acbc762ca0 0000000000000000
0x0000009a481ff348:   000000070fa38238 000001acbc6ed630
0x0000009a481ff358:   0000000000000000 0000009a481ff388
0x0000009a481ff368:   0000009a481ff3d8 000001ac8ed8b894
0x0000009a481ff378:   0000000000000000 000001ac8ed90bf6
0x0000009a481ff388:   000000071051a480 0000009a481ff390
0x0000009a481ff398:   000001acbc76cb55 0000009a481ff410
0x0000009a481ff3a8:   000001acbc7bedd8 0000000000000000
0x0000009a481ff3b8:   000000070f9f9160 000001acbc76cbf8
0x0000009a481ff3c8:   0000009a481ff388 0000009a481ff408 

Instructions: (pc=0x000000006d587ab0)
0x000000006d587a90:   48 8b 41 30 c3 66 66 2e 0f 1f 84 00 00 00 00 00
0x000000006d587aa0:   8b 41 60 c3 66 66 66 2e 0f 1f 84 00 00 00 00 00
0x000000006d587ab0:   8b 41 64 c3 66 66 66 2e 0f 1f 84 00 00 00 00 00
0x000000006d587ac0:   48 83 ec 28 44 8b 81 08 03 00 00 83 fa 0b 7f 50 


Stack slot to memory mapping:
stack at sp + 0 slots: 0x000001ac8ed97326 is at code_begin+2662 in an Interpreter codelet
method entry point (kind = native_synchronized)  [0x000001ac8ed968c0, 0x000001ac8ed97f00]  5696 bytes
stack at sp + 1 slots: 0x000001acac574800 is a thread
stack at sp + 2 slots: 0x000001acac574805 points into unknown readable memory: 7f 00 00
stack at sp + 3 slots: 0x0000009a481ff368 is pointing into the stack for thread: 0x000001acac574800
stack at sp + 4 slots: 0x0000000000000001 is an unknown value
stack at sp + 5 slots: 0x0 is NULL
stack at sp + 6 slots: 0x000001ac8ed96c37 is at code_begin+887 in an Interpreter codelet
method entry point (kind = native_synchronized)  [0x000001ac8ed968c0, 0x000001ac8ed97f00]  5696 bytes
stack at sp + 7 slots: 0x0000000000000003 is an unknown value


---------------  P R O C E S S  ---------------

Threads class SMR info:
_java_thread_list=0x000001acbbcd4020, length=24, elements={
0x000001ac86a6f800, 0x000001acaa728800, 0x000001acaafdd000, 0x000001acaa72d800,
0x000001acab035800, 0x000001acab036800, 0x000001acab03b000, 0x000001acaafe8800,
0x000001acab1c0800, 0x000001acab280000, 0x000001acab2ad000, 0x000001acab2ad800,
0x000001acab4c6000, 0x000001acab45f800, 0x000001acab9b3000, 0x000001acacd63800,
0x000001acac8d9000, 0x000001acaccd3000, 0x000001acb7811800, 0x000001acb8753800,
0x000001acac574800, 0x000001acb8876000, 0x000001acb8877800, 0x000001acb8877000
}

Java Threads: ( => current thread )
  0x000001ac86a6f800 JavaThread "main" [_thread_blocked, id=460, stack(0x0000009a44d00000,0x0000009a44e00000)]
  0x000001acaa728800 JavaThread "Reference Handler" daemon [_thread_blocked, id=16884, stack(0x0000009a45400000,0x0000009a45500000)]
  0x000001acaafdd000 JavaThread "Finalizer" daemon [_thread_blocked, id=17932, stack(0x0000009a45500000,0x0000009a45600000)]
  0x000001acaa72d800 JavaThread "Signal Dispatcher" daemon [_thread_blocked, id=6456, stack(0x0000009a45600000,0x0000009a45700000)]
  0x000001acab035800 JavaThread "Attach Listener" daemon [_thread_blocked, id=6860, stack(0x0000009a45700000,0x0000009a45800000)]
  0x000001acab036800 JavaThread "C2 CompilerThread0" daemon [_thread_blocked, id=16540, stack(0x0000009a45800000,0x0000009a45900000)]
  0x000001acab03b000 JavaThread "C1 CompilerThread0" daemon [_thread_blocked, id=9612, stack(0x0000009a45900000,0x0000009a45a00000)]
  0x000001acaafe8800 JavaThread "Sweeper thread" daemon [_thread_blocked, id=17704, stack(0x0000009a45a00000,0x0000009a45b00000)]
  0x000001acab1c0800 JavaThread "Common-Cleaner" daemon [_thread_blocked, id=4888, stack(0x0000009a45b00000,0x0000009a45c00000)]
  0x000001acab280000 JavaThread "JDWP Transport Listener: dt_socket" daemon [_thread_blocked, id=2268, stack(0x0000009a45c00000,0x0000009a45d00000)]
  0x000001acab2ad000 JavaThread "JDWP Event Helper Thread" daemon [_thread_blocked, id=12252, stack(0x0000009a45d00000,0x0000009a45e00000)]
  0x000001acab2ad800 JavaThread "JDWP Command Reader" daemon [_thread_in_native, id=17412, stack(0x0000009a45e00000,0x0000009a45f00000)]
  0x000001acab4c6000 JavaThread "Service Thread" daemon [_thread_blocked, id=8132, stack(0x0000009a45f00000,0x0000009a46000000)]
  0x000001acab45f800 JavaThread "JavaFX-Launcher" [_thread_blocked, id=12452, stack(0x0000009a46100000,0x0000009a46200000)]
  0x000001acab9b3000 JavaThread "QuantumRenderer-0" daemon [_thread_blocked, id=17476, stack(0x0000009a46200000,0x0000009a46300000)]
  0x000001acacd63800 JavaThread "InvokeLaterDispatcher" daemon [_thread_blocked, id=7836, stack(0x0000009a46600000,0x0000009a46700000)]
  0x000001acac8d9000 JavaThread "JavaFX Application Thread" [_thread_in_native, id=2812, stack(0x0000009a46800000,0x0000009a46900000)]
  0x000001acaccd3000 JavaThread "Thread-2" daemon [_thread_in_native, id=17796, stack(0x0000009a46a00000,0x0000009a46b00000)]
  0x000001acb7811800 JavaThread "Prism Font Disposer" daemon [_thread_blocked, id=1368, stack(0x0000009a47300000,0x0000009a47400000)]
  0x000001acb8753800 JavaThread "Cleaner-0" daemon [_thread_blocked, id=13800, stack(0x0000009a47600000,0x0000009a47700000)]
=>0x000001acac574800 JavaThread "pool-1-thread-1" [_thread_in_native, id=14456, stack(0x0000009a48100000,0x0000009a48200000)]
  0x000001acb8876000 JavaThread "pool-1-thread-2" [_thread_blocked, id=3544, stack(0x0000009a48200000,0x0000009a48300000)]
  0x000001acb8877800 JavaThread "pool-1-thread-3" [_thread_in_native, id=12604, stack(0x0000009a48300000,0x0000009a48400000)]
  0x000001acb8877000 JavaThread "Java2D Disposer" daemon [_thread_blocked, id=15936, stack(0x0000009a46300000,0x0000009a46400000)]

Other Threads:
  0x000001acaa724800 VMThread "VM Thread" [stack: 0x0000009a45300000,0x0000009a45400000] [id=15476]
  0x000001acab53c800 WatcherThread [stack: 0x0000009a46000000,0x0000009a46100000] [id=12964]
  0x000001ac86a86800 GCTaskThread "GC Thread#0" [stack: 0x0000009a44e00000,0x0000009a44f00000] [id=17060]
  0x000001acacd42800 GCTaskThread "GC Thread#1" [stack: 0x0000009a46b00000,0x0000009a46c00000] [id=1208]
  0x000001acacd43000 GCTaskThread "GC Thread#2" [stack: 0x0000009a46c00000,0x0000009a46d00000] [id=2964]
  0x000001acacd24800 GCTaskThread "GC Thread#3" [stack: 0x0000009a46d00000,0x0000009a46e00000] [id=1336]
  0x000001acacd25000 GCTaskThread "GC Thread#4" [stack: 0x0000009a46e00000,0x0000009a46f00000] [id=9464]
  0x000001acacd25800 GCTaskThread "GC Thread#5" [stack: 0x0000009a46f00000,0x0000009a47000000] [id=6168]
  0x000001acabbb1000 GCTaskThread "GC Thread#6" [stack: 0x0000009a48000000,0x0000009a48100000] [id=17120]
  0x000001acb8a28800 GCTaskThread "GC Thread#7" [stack: 0x0000009a48400000,0x0000009a48500000] [id=4000]
  0x000001acbb8ae800 GCTaskThread "GC Thread#8" [stack: 0x0000009a48500000,0x0000009a48600000] [id=1704]
  0x000001acb6670800 GCTaskThread "GC Thread#9" [stack: 0x0000009a48600000,0x0000009a48700000] [id=4416]
  0x000001ac86ae4800 ConcurrentGCThread "G1 Main Marker" [stack: 0x0000009a44f00000,0x0000009a45000000] [id=5084]
  0x000001ac86ae5800 ConcurrentGCThread "G1 Conc#0" [stack: 0x0000009a45000000,0x0000009a45100000] [id=5108]
  0x000001acacebb800 ConcurrentGCThread "G1 Conc#1" [stack: 0x0000009a47400000,0x0000009a47500000] [id=5936]
  0x000001acacebc000 ConcurrentGCThread "G1 Conc#2" [stack: 0x0000009a47500000,0x0000009a47600000] [id=14684]
  0x000001acaa602800 ConcurrentGCThread "G1 Refine#0" [stack: 0x0000009a45100000,0x0000009a45200000] [id=17728]
  0x000001acaa603800 ConcurrentGCThread "G1 Young RemSet Sampling" [stack: 0x0000009a45200000,0x0000009a45300000] [id=16344]

Threads with active compile tasks:

VM state:not at safepoint (normal execution)

VM Mutex/Monitor currently owned by a thread: None

Heap address: 0x0000000702600000, size: 4058 MB, Compressed Oops mode: Zero based, Oop shift amount: 3
Narrow klass base: 0x0000000800000000, Narrow klass shift: 0
Compressed class space size: 1073741824 Address: 0x0000000800000000

Heap:
 garbage-first heap   total 260096K, used 141458K [0x0000000702600000, 0x0000000800000000)
  region size 1024K, 38 young (38912K), 6 survivors (6144K)
 Metaspace       used 30333K, capacity 31398K, committed 31536K, reserved 1077248K
  class space    used 3741K, capacity 4183K, committed 4224K, reserved 1048576K
Heap Regions: E=young(eden), S=young(survivor), O=old, HS=humongous(starts), HC=humongous(continues), CS=collection set, F=free, A=archive, TAMS=top-at-mark-start (previous, next)
|   0|0x0000000702600000, 0x0000000702700000, 0x0000000702700000|100%| O|  |TAMS 0x00000007026d8600, 0x0000000702600000| Untracked 
|   1|0x0000000702700000, 0x0000000702800000, 0x0000000702800000|100%|HS|  |TAMS 0x0000000702700000, 0x0000000702700000| Complete 
|   2|0x0000000702800000, 0x0000000702900000, 0x0000000702900000|100%|HC|  |TAMS 0x0000000702800000, 0x0000000702800000| Complete 
|   3|0x0000000702900000, 0x0000000702a00000, 0x0000000702a00000|100%|HS|  |TAMS 0x0000000702900000, 0x0000000702900000| Complete 
|   4|0x0000000702a00000, 0x0000000702b00000, 0x0000000702b00000|100%|HC|  |TAMS 0x0000000702a00000, 0x0000000702a00000| Complete 
|   5|0x0000000702b00000, 0x0000000702c00000, 0x0000000702c00000|100%|HS|  |TAMS 0x0000000702b00000, 0x0000000702b00000| Complete 
|   6|0x0000000702c00000, 0x0000000702d00000, 0x0000000702d00000|100%|HC|  |TAMS 0x0000000702c00000, 0x0000000702c00000| Complete 
|   7|0x0000000702d00000, 0x0000000702e00000, 0x0000000702e00000|100%|HS|  |TAMS 0x0000000702d00000, 0x0000000702d00000| Complete 
|   8|0x0000000702e00000, 0x0000000702f00000, 0x0000000702f00000|100%|HC|  |TAMS 0x0000000702e00000, 0x0000000702e00000| Complete 
|   9|0x0000000702f00000, 0x0000000703000000, 0x0000000703000000|100%|HC|  |TAMS 0x0000000702f00000, 0x0000000702f00000| Complete 
|  10|0x0000000703000000, 0x0000000703100000, 0x0000000703100000|100%|HC|  |TAMS 0x0000000703000000, 0x0000000703000000| Complete 
|  11|0x0000000703100000, 0x0000000703200000, 0x0000000703200000|100%|HC|  |TAMS 0x0000000703100000, 0x0000000703100000| Complete 
|  12|0x0000000703200000, 0x0000000703300000, 0x0000000703300000|100%|HC|  |TAMS 0x0000000703200000, 0x0000000703200000| Complete 
|  13|0x0000000703300000, 0x0000000703400000, 0x0000000703400000|100%|HC|  |TAMS 0x0000000703300000, 0x0000000703300000| Complete 
|  14|0x0000000703400000, 0x0000000703500000, 0x0000000703500000|100%|HC|  |TAMS 0x0000000703400000, 0x0000000703400000| Complete 
|  15|0x0000000703500000, 0x0000000703600000, 0x0000000703600000|100%|HC|  |TAMS 0x0000000703500000, 0x0000000703500000| Complete 
|  16|0x0000000703600000, 0x0000000703700000, 0x0000000703700000|100%|HC|  |TAMS 0x0000000703600000, 0x0000000703600000| Complete 
|  17|0x0000000703700000, 0x0000000703800000, 0x0000000703800000|100%|HC|  |TAMS 0x0000000703700000, 0x0000000703700000| Complete 
|  18|0x0000000703800000, 0x0000000703900000, 0x0000000703900000|100%|HC|  |TAMS 0x0000000703800000, 0x0000000703800000| Complete 
|  19|0x0000000703900000, 0x0000000703a00000, 0x0000000703a00000|100%|HC|  |TAMS 0x0000000703900000, 0x0000000703900000| Complete 
|  20|0x0000000703a00000, 0x0000000703b00000, 0x0000000703b00000|100%|HC|  |TAMS 0x0000000703a00000, 0x0000000703a00000| Complete 
|  21|0x0000000703b00000, 0x0000000703c00000, 0x0000000703c00000|100%|HC|  |TAMS 0x0000000703b00000, 0x0000000703b00000| Complete 
|  22|0x0000000703c00000, 0x0000000703d00000, 0x0000000703d00000|100%|HC|  |TAMS 0x0000000703c00000, 0x0000000703c00000| Complete 
|  23|0x0000000703d00000, 0x0000000703e00000, 0x0000000703e00000|100%|HC|  |TAMS 0x0000000703d00000, 0x0000000703d00000| Complete 
|  24|0x0000000703e00000, 0x0000000703f00000, 0x0000000703f00000|100%|HC|  |TAMS 0x0000000703e00000, 0x0000000703e00000| Complete 
|  25|0x0000000703f00000, 0x0000000704000000, 0x0000000704000000|100%|HC|  |TAMS 0x0000000703f00000, 0x0000000703f00000| Complete 
|  26|0x0000000704000000, 0x0000000704100000, 0x0000000704100000|100%|HC|  |TAMS 0x0000000704000000, 0x0000000704000000| Complete 
|  27|0x0000000704100000, 0x0000000704200000, 0x0000000704200000|100%|HC|  |TAMS 0x0000000704100000, 0x0000000704100000| Complete 
|  28|0x0000000704200000, 0x0000000704300000, 0x0000000704300000|100%|HC|  |TAMS 0x0000000704200000, 0x0000000704200000| Complete 
|  29|0x0000000704300000, 0x0000000704400000, 0x0000000704400000|100%|HC|  |TAMS 0x0000000704300000, 0x0000000704300000| Complete 
|  30|0x0000000704400000, 0x0000000704500000, 0x0000000704500000|100%|HC|  |TAMS 0x0000000704400000, 0x0000000704400000| Complete 
|  31|0x0000000704500000, 0x0000000704600000, 0x0000000704600000|100%|HC|  |TAMS 0x0000000704500000, 0x0000000704500000| Complete 
|  32|0x0000000704600000, 0x0000000704700000, 0x0000000704700000|100%|HC|  |TAMS 0x0000000704600000, 0x0000000704600000| Complete 
|  33|0x0000000704700000, 0x0000000704800000, 0x0000000704800000|100%|HC|  |TAMS 0x0000000704700000, 0x0000000704700000| Complete 
|  34|0x0000000704800000, 0x0000000704900000, 0x0000000704900000|100%|HC|  |TAMS 0x0000000704800000, 0x0000000704800000| Complete 
|  35|0x0000000704900000, 0x0000000704a00000, 0x0000000704a00000|100%|HS|  |TAMS 0x0000000704900000, 0x0000000704900000| Complete 
|  36|0x0000000704a00000, 0x0000000704b00000, 0x0000000704b00000|100%|HC|  |TAMS 0x0000000704a00000, 0x0000000704a00000| Complete 
|  37|0x0000000704b00000, 0x0000000704c00000, 0x0000000704c00000|100%| O|  |TAMS 0x0000000704b00000, 0x0000000704b00000| Untracked 
|  38|0x0000000704c00000, 0x0000000704d00000, 0x0000000704d00000|100%| O|  |TAMS 0x0000000704c00000, 0x0000000704c00000| Untracked 
|  39|0x0000000704d00000, 0x0000000704e00000, 0x0000000704e00000|100%| O|  |TAMS 0x0000000704d00000, 0x0000000704d00000| Untracked 
|  40|0x0000000704e00000, 0x0000000704e24a00, 0x0000000704f00000| 14%| O|  |TAMS 0x0000000704e00000, 0x0000000704e00000| Untracked 
|  41|0x0000000704f00000, 0x0000000705000000, 0x0000000705000000|100%|HS|  |TAMS 0x0000000704f00000, 0x0000000704f00000| Complete 
|  42|0x0000000705000000, 0x0000000705100000, 0x0000000705100000|100%|HC|  |TAMS 0x0000000705000000, 0x0000000705000000| Complete 
|  43|0x0000000705100000, 0x0000000705200000, 0x0000000705200000|100%|HS|  |TAMS 0x0000000705100000, 0x0000000705100000| Complete 
|  44|0x0000000705200000, 0x0000000705300000, 0x0000000705300000|100%|HC|  |TAMS 0x0000000705200000, 0x0000000705200000| Complete 
|  45|0x0000000705300000, 0x0000000705400000, 0x0000000705400000|100%|HS|  |TAMS 0x0000000705300000, 0x0000000705300000| Complete 
|  46|0x0000000705400000, 0x0000000705500000, 0x0000000705500000|100%|HC|  |TAMS 0x0000000705400000, 0x0000000705400000| Complete 
|  47|0x0000000705500000, 0x0000000705600000, 0x0000000705600000|100%|HS|  |TAMS 0x0000000705500000, 0x0000000705500000| Complete 
|  48|0x0000000705600000, 0x0000000705700000, 0x0000000705700000|100%|HC|  |TAMS 0x0000000705600000, 0x0000000705600000| Complete 
|  49|0x0000000705700000, 0x0000000705800000, 0x0000000705800000|100%|HC|  |TAMS 0x0000000705700000, 0x0000000705700000| Complete 
|  50|0x0000000705800000, 0x0000000705900000, 0x0000000705900000|100%|HC|  |TAMS 0x0000000705800000, 0x0000000705800000| Complete 
|  51|0x0000000705900000, 0x0000000705a00000, 0x0000000705a00000|100%|HC|  |TAMS 0x0000000705900000, 0x0000000705900000| Complete 
|  52|0x0000000705a00000, 0x0000000705b00000, 0x0000000705b00000|100%|HC|  |TAMS 0x0000000705a00000, 0x0000000705a00000| Complete 
|  53|0x0000000705b00000, 0x0000000705c00000, 0x0000000705c00000|100%|HC|  |TAMS 0x0000000705b00000, 0x0000000705b00000| Complete 
|  54|0x0000000705c00000, 0x0000000705d00000, 0x0000000705d00000|100%|HC|  |TAMS 0x0000000705c00000, 0x0000000705c00000| Complete 
|  55|0x0000000705d00000, 0x0000000705e00000, 0x0000000705e00000|100%|HC|  |TAMS 0x0000000705d00000, 0x0000000705d00000| Complete 
|  56|0x0000000705e00000, 0x0000000705f00000, 0x0000000705f00000|100%|HC|  |TAMS 0x0000000705e00000, 0x0000000705e00000| Complete 
|  57|0x0000000705f00000, 0x0000000706000000, 0x0000000706000000|100%|HC|  |TAMS 0x0000000705f00000, 0x0000000705f00000| Complete 
|  58|0x0000000706000000, 0x0000000706100000, 0x0000000706100000|100%|HC|  |TAMS 0x0000000706000000, 0x0000000706000000| Complete 
|  59|0x0000000706100000, 0x0000000706200000, 0x0000000706200000|100%|HC|  |TAMS 0x0000000706100000, 0x0000000706100000| Complete 
|  60|0x0000000706200000, 0x0000000706300000, 0x0000000706300000|100%|HC|  |TAMS 0x0000000706200000, 0x0000000706200000| Complete 
|  61|0x0000000706300000, 0x0000000706400000, 0x0000000706400000|100%|HC|  |TAMS 0x0000000706300000, 0x0000000706300000| Complete 
|  62|0x0000000706400000, 0x0000000706500000, 0x0000000706500000|100%|HC|  |TAMS 0x0000000706400000, 0x0000000706400000| Complete 
|  63|0x0000000706500000, 0x0000000706600000, 0x0000000706600000|100%|HC|  |TAMS 0x0000000706500000, 0x0000000706500000| Complete 
|  64|0x0000000706600000, 0x0000000706700000, 0x0000000706700000|100%|HC|  |TAMS 0x0000000706600000, 0x0000000706600000| Complete 
|  65|0x0000000706700000, 0x0000000706800000, 0x0000000706800000|100%|HC|  |TAMS 0x0000000706700000, 0x0000000706700000| Complete 
|  66|0x0000000706800000, 0x0000000706900000, 0x0000000706900000|100%|HC|  |TAMS 0x0000000706800000, 0x0000000706800000| Complete 
|  67|0x0000000706900000, 0x0000000706a00000, 0x0000000706a00000|100%|HC|  |TAMS 0x0000000706900000, 0x0000000706900000| Complete 
|  68|0x0000000706a00000, 0x0000000706b00000, 0x0000000706b00000|100%|HC|  |TAMS 0x0000000706a00000, 0x0000000706a00000| Complete 
|  69|0x0000000706b00000, 0x0000000706c00000, 0x0000000706c00000|100%|HC|  |TAMS 0x0000000706b00000, 0x0000000706b00000| Complete 
|  70|0x0000000706c00000, 0x0000000706d00000, 0x0000000706d00000|100%|HC|  |TAMS 0x0000000706c00000, 0x0000000706c00000| Complete 
|  71|0x0000000706d00000, 0x0000000706e00000, 0x0000000706e00000|100%|HC|  |TAMS 0x0000000706d00000, 0x0000000706d00000| Complete 
|  72|0x0000000706e00000, 0x0000000706f00000, 0x0000000706f00000|100%|HC|  |TAMS 0x0000000706e00000, 0x0000000706e00000| Complete 
|  73|0x0000000706f00000, 0x0000000707000000, 0x0000000707000000|100%|HC|  |TAMS 0x0000000706f00000, 0x0000000706f00000| Complete 
|  74|0x0000000707000000, 0x0000000707100000, 0x0000000707100000|100%|HC|  |TAMS 0x0000000707000000, 0x0000000707000000| Complete 
|  75|0x0000000707100000, 0x0000000707200000, 0x0000000707200000|100%|HS|  |TAMS 0x0000000707100000, 0x0000000707100000| Complete 
|  76|0x0000000707200000, 0x0000000707300000, 0x0000000707300000|100%|HC|  |TAMS 0x0000000707200000, 0x0000000707200000| Complete 
|  77|0x0000000707300000, 0x0000000707400000, 0x0000000707400000|100%|HC|  |TAMS 0x0000000707300000, 0x0000000707300000| Complete 
|  78|0x0000000707400000, 0x0000000707500000, 0x0000000707500000|100%|HC|  |TAMS 0x0000000707400000, 0x0000000707400000| Complete 
|  79|0x0000000707500000, 0x0000000707600000, 0x0000000707600000|100%|HC|  |TAMS 0x0000000707500000, 0x0000000707500000| Complete 
|  80|0x0000000707600000, 0x0000000707700000, 0x0000000707700000|100%|HC|  |TAMS 0x0000000707600000, 0x0000000707600000| Complete 
|  81|0x0000000707700000, 0x0000000707800000, 0x0000000707800000|100%|HC|  |TAMS 0x0000000707700000, 0x0000000707700000| Complete 
|  82|0x0000000707800000, 0x0000000707900000, 0x0000000707900000|100%|HC|  |TAMS 0x0000000707800000, 0x0000000707800000| Complete 
|  83|0x0000000707900000, 0x0000000707a00000, 0x0000000707a00000|100%|HC|  |TAMS 0x0000000707900000, 0x0000000707900000| Complete 
|  84|0x0000000707a00000, 0x0000000707b00000, 0x0000000707b00000|100%|HC|  |TAMS 0x0000000707a00000, 0x0000000707a00000| Complete 
|  85|0x0000000707b00000, 0x0000000707c00000, 0x0000000707c00000|100%|HC|  |TAMS 0x0000000707b00000, 0x0000000707b00000| Complete 
|  86|0x0000000707c00000, 0x0000000707d00000, 0x0000000707d00000|100%|HC|  |TAMS 0x0000000707c00000, 0x0000000707c00000| Complete 
|  87|0x0000000707d00000, 0x0000000707e00000, 0x0000000707e00000|100%|HC|  |TAMS 0x0000000707d00000, 0x0000000707d00000| Complete 
|  88|0x0000000707e00000, 0x0000000707f00000, 0x0000000707f00000|100%|HC|  |TAMS 0x0000000707e00000, 0x0000000707e00000| Complete 
|  89|0x0000000707f00000, 0x0000000708000000, 0x0000000708000000|100%|HC|  |TAMS 0x0000000707f00000, 0x0000000707f00000| Complete 
|  90|0x0000000708000000, 0x0000000708100000, 0x0000000708100000|100%|HC|  |TAMS 0x0000000708000000, 0x0000000708000000| Complete 
|  91|0x0000000708100000, 0x0000000708200000, 0x0000000708200000|100%|HC|  |TAMS 0x0000000708100000, 0x0000000708100000| Complete 
|  92|0x0000000708200000, 0x0000000708300000, 0x0000000708300000|100%|HC|  |TAMS 0x0000000708200000, 0x0000000708200000| Complete 
|  93|0x0000000708300000, 0x0000000708400000, 0x0000000708400000|100%|HC|  |TAMS 0x0000000708300000, 0x0000000708300000| Complete 
|  94|0x0000000708400000, 0x0000000708500000, 0x0000000708500000|100%|HC|  |TAMS 0x0000000708400000, 0x0000000708400000| Complete 
|  95|0x0000000708500000, 0x0000000708600000, 0x0000000708600000|100%|HC|  |TAMS 0x0000000708500000, 0x0000000708500000| Complete 
|  96|0x0000000708600000, 0x0000000708700000, 0x0000000708700000|100%|HC|  |TAMS 0x0000000708600000, 0x0000000708600000| Complete 
|  97|0x0000000708700000, 0x0000000708800000, 0x0000000708800000|100%|HC|  |TAMS 0x0000000708700000, 0x0000000708700000| Complete 
|  98|0x0000000708800000, 0x0000000708900000, 0x0000000708900000|100%|HC|  |TAMS 0x0000000708800000, 0x0000000708800000| Complete 
|  99|0x0000000708900000, 0x0000000708a00000, 0x0000000708a00000|100%|HC|  |TAMS 0x0000000708900000, 0x0000000708900000| Complete 
| 100|0x0000000708a00000, 0x0000000708b00000, 0x0000000708b00000|100%|HC|  |TAMS 0x0000000708a00000, 0x0000000708a00000| Complete 
| 101|0x0000000708b00000, 0x0000000708c00000, 0x0000000708c00000|100%|HC|  |TAMS 0x0000000708b00000, 0x0000000708b00000| Complete 
| 102|0x0000000708c00000, 0x0000000708d00000, 0x0000000708d00000|100%|HC|  |TAMS 0x0000000708c00000, 0x0000000708c00000| Complete 
| 103|0x0000000708d00000, 0x0000000708d00000, 0x0000000708e00000|  0%| F|  |TAMS 0x0000000708d00000, 0x0000000708d00000| Untracked 
| 104|0x0000000708e00000, 0x0000000708e00000, 0x0000000708f00000|  0%| F|  |TAMS 0x0000000708e00000, 0x0000000708e00000| Untracked 
| 105|0x0000000708f00000, 0x0000000708f00000, 0x0000000709000000|  0%| F|  |TAMS 0x0000000708f00000, 0x0000000708f00000| Untracked 
| 106|0x0000000709000000, 0x0000000709000000, 0x0000000709100000|  0%| F|  |TAMS 0x0000000709000000, 0x0000000709000000| Untracked 
| 107|0x0000000709100000, 0x0000000709100000, 0x0000000709200000|  0%| F|  |TAMS 0x0000000709100000, 0x0000000709100000| Untracked 
| 108|0x0000000709200000, 0x0000000709200000, 0x0000000709300000|  0%| F|  |TAMS 0x0000000709200000, 0x0000000709200000| Untracked 
| 109|0x0000000709300000, 0x0000000709300000, 0x0000000709400000|  0%| F|  |TAMS 0x0000000709300000, 0x0000000709300000| Untracked 
| 110|0x0000000709400000, 0x0000000709400000, 0x0000000709500000|  0%| F|  |TAMS 0x0000000709400000, 0x0000000709400000| Untracked 
| 111|0x0000000709500000, 0x0000000709500000, 0x0000000709600000|  0%| F|  |TAMS 0x0000000709500000, 0x0000000709500000| Untracked 
| 112|0x0000000709600000, 0x0000000709600000, 0x0000000709700000|  0%| F|  |TAMS 0x0000000709600000, 0x0000000709600000| Untracked 
| 113|0x0000000709700000, 0x0000000709700000, 0x0000000709800000|  0%| F|  |TAMS 0x0000000709700000, 0x0000000709700000| Untracked 
| 114|0x0000000709800000, 0x0000000709800000, 0x0000000709900000|  0%| F|  |TAMS 0x0000000709800000, 0x0000000709800000| Untracked 
| 115|0x0000000709900000, 0x0000000709900000, 0x0000000709a00000|  0%| F|  |TAMS 0x0000000709900000, 0x0000000709900000| Untracked 
| 116|0x0000000709a00000, 0x0000000709a00000, 0x0000000709b00000|  0%| F|  |TAMS 0x0000000709a00000, 0x0000000709a00000| Untracked 
| 117|0x0000000709b00000, 0x0000000709b00000, 0x0000000709c00000|  0%| F|  |TAMS 0x0000000709b00000, 0x0000000709b00000| Untracked 
| 118|0x0000000709c00000, 0x0000000709c00000, 0x0000000709d00000|  0%| F|  |TAMS 0x0000000709c00000, 0x0000000709c00000| Untracked 
| 119|0x0000000709d00000, 0x0000000709d00000, 0x0000000709e00000|  0%| F|  |TAMS 0x0000000709d00000, 0x0000000709d00000| Untracked 
| 120|0x0000000709e00000, 0x0000000709e00000, 0x0000000709f00000|  0%| F|  |TAMS 0x0000000709e00000, 0x0000000709e00000| Untracked 
| 121|0x0000000709f00000, 0x0000000709f00000, 0x000000070a000000|  0%| F|  |TAMS 0x0000000709f00000, 0x0000000709f00000| Untracked 
| 122|0x000000070a000000, 0x000000070a000000, 0x000000070a100000|  0%| F|  |TAMS 0x000000070a000000, 0x000000070a000000| Untracked 
| 123|0x000000070a100000, 0x000000070a100000, 0x000000070a200000|  0%| F|  |TAMS 0x000000070a100000, 0x000000070a100000| Untracked 
| 124|0x000000070a200000, 0x000000070a200000, 0x000000070a300000|  0%| F|  |TAMS 0x000000070a200000, 0x000000070a200000| Untracked 
| 125|0x000000070a300000, 0x000000070a300000, 0x000000070a400000|  0%| F|  |TAMS 0x000000070a300000, 0x000000070a300000| Untracked 
| 126|0x000000070a400000, 0x000000070a400000, 0x000000070a500000|  0%| F|  |TAMS 0x000000070a400000, 0x000000070a400000| Untracked 
| 127|0x000000070a500000, 0x000000070a500000, 0x000000070a600000|  0%| F|  |TAMS 0x000000070a500000, 0x000000070a500000| Untracked 
| 128|0x000000070a600000, 0x000000070a600000, 0x000000070a700000|  0%| F|  |TAMS 0x000000070a600000, 0x000000070a600000| Untracked 
| 129|0x000000070a700000, 0x000000070a700000, 0x000000070a800000|  0%| F|  |TAMS 0x000000070a700000, 0x000000070a700000| Untracked 
| 130|0x000000070a800000, 0x000000070a800000, 0x000000070a900000|  0%| F|  |TAMS 0x000000070a800000, 0x000000070a800000| Untracked 
| 131|0x000000070a900000, 0x000000070a900000, 0x000000070aa00000|  0%| F|  |TAMS 0x000000070a900000, 0x000000070a900000| Untracked 
| 132|0x000000070aa00000, 0x000000070aa00000, 0x000000070ab00000|  0%| F|  |TAMS 0x000000070aa00000, 0x000000070aa00000| Untracked 
| 133|0x000000070ab00000, 0x000000070ab00000, 0x000000070ac00000|  0%| F|  |TAMS 0x000000070ab00000, 0x000000070ab00000| Untracked 
| 134|0x000000070ac00000, 0x000000070ac00000, 0x000000070ad00000|  0%| F|  |TAMS 0x000000070ac00000, 0x000000070ac00000| Untracked 
| 135|0x000000070ad00000, 0x000000070ad00000, 0x000000070ae00000|  0%| F|  |TAMS 0x000000070ad00000, 0x000000070ad00000| Untracked 
| 136|0x000000070ae00000, 0x000000070ae00000, 0x000000070af00000|  0%| F|  |TAMS 0x000000070ae00000, 0x000000070ae00000| Untracked 
| 137|0x000000070af00000, 0x000000070af00000, 0x000000070b000000|  0%| F|  |TAMS 0x000000070af00000, 0x000000070af00000| Untracked 
| 138|0x000000070b000000, 0x000000070b000000, 0x000000070b100000|  0%| F|  |TAMS 0x000000070b000000, 0x000000070b000000| Untracked 
| 139|0x000000070b100000, 0x000000070b100000, 0x000000070b200000|  0%| F|  |TAMS 0x000000070b100000, 0x000000070b100000| Untracked 
| 140|0x000000070b200000, 0x000000070b200000, 0x000000070b300000|  0%| F|  |TAMS 0x000000070b200000, 0x000000070b200000| Untracked 
| 141|0x000000070b300000, 0x000000070b300000, 0x000000070b400000|  0%| F|  |TAMS 0x000000070b300000, 0x000000070b300000| Untracked 
| 142|0x000000070b400000, 0x000000070b400000, 0x000000070b500000|  0%| F|  |TAMS 0x000000070b400000, 0x000000070b400000| Untracked 
| 143|0x000000070b500000, 0x000000070b500000, 0x000000070b600000|  0%| F|  |TAMS 0x000000070b500000, 0x000000070b500000| Untracked 
| 144|0x000000070b600000, 0x000000070b600000, 0x000000070b700000|  0%| F|  |TAMS 0x000000070b600000, 0x000000070b600000| Untracked 
| 145|0x000000070b700000, 0x000000070b700000, 0x000000070b800000|  0%| F|  |TAMS 0x000000070b700000, 0x000000070b700000| Untracked 
| 146|0x000000070b800000, 0x000000070b800000, 0x000000070b900000|  0%| F|  |TAMS 0x000000070b800000, 0x000000070b800000| Untracked 
| 147|0x000000070b900000, 0x000000070b900000, 0x000000070ba00000|  0%| F|  |TAMS 0x000000070b900000, 0x000000070b900000| Untracked 
| 148|0x000000070ba00000, 0x000000070ba00000, 0x000000070bb00000|  0%| F|  |TAMS 0x000000070ba00000, 0x000000070ba00000| Untracked 
| 149|0x000000070bb00000, 0x000000070bb00000, 0x000000070bc00000|  0%| F|  |TAMS 0x000000070bb00000, 0x000000070bb00000| Untracked 
| 150|0x000000070bc00000, 0x000000070bc00000, 0x000000070bd00000|  0%| F|  |TAMS 0x000000070bc00000, 0x000000070bc00000| Untracked 
| 151|0x000000070bd00000, 0x000000070bd00000, 0x000000070be00000|  0%| F|  |TAMS 0x000000070bd00000, 0x000000070bd00000| Untracked 
| 152|0x000000070be00000, 0x000000070be00000, 0x000000070bf00000|  0%| F|  |TAMS 0x000000070be00000, 0x000000070be00000| Untracked 
| 153|0x000000070bf00000, 0x000000070bf00000, 0x000000070c000000|  0%| F|  |TAMS 0x000000070bf00000, 0x000000070bf00000| Untracked 
| 154|0x000000070c000000, 0x000000070c000000, 0x000000070c100000|  0%| F|  |TAMS 0x000000070c000000, 0x000000070c000000| Untracked 
| 155|0x000000070c100000, 0x000000070c100000, 0x000000070c200000|  0%| F|  |TAMS 0x000000070c100000, 0x000000070c100000| Untracked 
| 156|0x000000070c200000, 0x000000070c200000, 0x000000070c300000|  0%| F|  |TAMS 0x000000070c200000, 0x000000070c200000| Untracked 
| 157|0x000000070c300000, 0x000000070c300000, 0x000000070c400000|  0%| F|  |TAMS 0x000000070c300000, 0x000000070c300000| Untracked 
| 158|0x000000070c400000, 0x000000070c400000, 0x000000070c500000|  0%| F|  |TAMS 0x000000070c400000, 0x000000070c400000| Untracked 
| 159|0x000000070c500000, 0x000000070c500000, 0x000000070c600000|  0%| F|  |TAMS 0x000000070c500000, 0x000000070c500000| Untracked 
| 160|0x000000070c600000, 0x000000070c600000, 0x000000070c700000|  0%| F|  |TAMS 0x000000070c600000, 0x000000070c600000| Untracked 
| 161|0x000000070c700000, 0x000000070c700000, 0x000000070c800000|  0%| F|  |TAMS 0x000000070c700000, 0x000000070c700000| Untracked 
| 162|0x000000070c800000, 0x000000070c800000, 0x000000070c900000|  0%| F|  |TAMS 0x000000070c800000, 0x000000070c800000| Untracked 
| 163|0x000000070c900000, 0x000000070c900000, 0x000000070ca00000|  0%| F|  |TAMS 0x000000070c900000, 0x000000070c900000| Untracked 
| 164|0x000000070ca00000, 0x000000070ca00000, 0x000000070cb00000|  0%| F|  |TAMS 0x000000070ca00000, 0x000000070ca00000| Untracked 
| 165|0x000000070cb00000, 0x000000070cb00000, 0x000000070cc00000|  0%| F|  |TAMS 0x000000070cb00000, 0x000000070cb00000| Untracked 
| 166|0x000000070cc00000, 0x000000070cc00000, 0x000000070cd00000|  0%| F|  |TAMS 0x000000070cc00000, 0x000000070cc00000| Untracked 
| 167|0x000000070cd00000, 0x000000070cd00000, 0x000000070ce00000|  0%| F|  |TAMS 0x000000070cd00000, 0x000000070cd00000| Untracked 
| 168|0x000000070ce00000, 0x000000070ce00000, 0x000000070cf00000|  0%| F|  |TAMS 0x000000070ce00000, 0x000000070ce00000| Untracked 
| 169|0x000000070cf00000, 0x000000070cf00000, 0x000000070d000000|  0%| F|  |TAMS 0x000000070cf00000, 0x000000070cf00000| Untracked 
| 170|0x000000070d000000, 0x000000070d000000, 0x000000070d100000|  0%| F|  |TAMS 0x000000070d000000, 0x000000070d000000| Untracked 
| 171|0x000000070d100000, 0x000000070d100000, 0x000000070d200000|  0%| F|  |TAMS 0x000000070d100000, 0x000000070d100000| Untracked 
| 172|0x000000070d200000, 0x000000070d200000, 0x000000070d300000|  0%| F|  |TAMS 0x000000070d200000, 0x000000070d200000| Untracked 
| 173|0x000000070d300000, 0x000000070d300000, 0x000000070d400000|  0%| F|  |TAMS 0x000000070d300000, 0x000000070d300000| Untracked 
| 174|0x000000070d400000, 0x000000070d400000, 0x000000070d500000|  0%| F|  |TAMS 0x000000070d400000, 0x000000070d400000| Untracked 
| 175|0x000000070d500000, 0x000000070d500000, 0x000000070d600000|  0%| F|  |TAMS 0x000000070d500000, 0x000000070d500000| Untracked 
| 176|0x000000070d600000, 0x000000070d600000, 0x000000070d700000|  0%| F|  |TAMS 0x000000070d600000, 0x000000070d600000| Untracked 
| 177|0x000000070d700000, 0x000000070d700000, 0x000000070d800000|  0%| F|  |TAMS 0x000000070d700000, 0x000000070d700000| Untracked 
| 178|0x000000070d800000, 0x000000070d800000, 0x000000070d900000|  0%| F|  |TAMS 0x000000070d800000, 0x000000070d800000| Untracked 
| 179|0x000000070d900000, 0x000000070d900000, 0x000000070da00000|  0%| F|  |TAMS 0x000000070d900000, 0x000000070d900000| Untracked 
| 180|0x000000070da00000, 0x000000070da00000, 0x000000070db00000|  0%| F|  |TAMS 0x000000070da00000, 0x000000070da00000| Untracked 
| 181|0x000000070db00000, 0x000000070db00000, 0x000000070dc00000|  0%| F|  |TAMS 0x000000070db00000, 0x000000070db00000| Untracked 
| 182|0x000000070dc00000, 0x000000070dc00000, 0x000000070dd00000|  0%| F|  |TAMS 0x000000070dc00000, 0x000000070dc00000| Untracked 
| 183|0x000000070dd00000, 0x000000070dd00000, 0x000000070de00000|  0%| F|  |TAMS 0x000000070dd00000, 0x000000070dd00000| Untracked 
| 184|0x000000070de00000, 0x000000070de00000, 0x000000070df00000|  0%| F|  |TAMS 0x000000070de00000, 0x000000070de00000| Untracked 
| 185|0x000000070df00000, 0x000000070df00000, 0x000000070e000000|  0%| F|  |TAMS 0x000000070df00000, 0x000000070df00000| Untracked 
| 186|0x000000070e000000, 0x000000070e000000, 0x000000070e100000|  0%| F|  |TAMS 0x000000070e000000, 0x000000070e000000| Untracked 
| 187|0x000000070e100000, 0x000000070e100000, 0x000000070e200000|  0%| F|  |TAMS 0x000000070e100000, 0x000000070e100000| Untracked 
| 188|0x000000070e200000, 0x000000070e200000, 0x000000070e300000|  0%| F|  |TAMS 0x000000070e200000, 0x000000070e200000| Untracked 
| 189|0x000000070e300000, 0x000000070e300000, 0x000000070e400000|  0%| F|  |TAMS 0x000000070e300000, 0x000000070e300000| Untracked 
| 190|0x000000070e400000, 0x000000070e400000, 0x000000070e500000|  0%| F|  |TAMS 0x000000070e400000, 0x000000070e400000| Untracked 
| 191|0x000000070e500000, 0x000000070e500000, 0x000000070e600000|  0%| F|  |TAMS 0x000000070e500000, 0x000000070e500000| Untracked 
| 192|0x000000070e600000, 0x000000070e600000, 0x000000070e700000|  0%| F|  |TAMS 0x000000070e600000, 0x000000070e600000| Untracked 
| 193|0x000000070e700000, 0x000000070e700000, 0x000000070e800000|  0%| F|  |TAMS 0x000000070e700000, 0x000000070e700000| Untracked 
| 194|0x000000070e800000, 0x000000070e800000, 0x000000070e900000|  0%| F|  |TAMS 0x000000070e800000, 0x000000070e800000| Untracked 
| 195|0x000000070e900000, 0x000000070e900000, 0x000000070ea00000|  0%| F|  |TAMS 0x000000070e900000, 0x000000070e900000| Untracked 
| 196|0x000000070ea00000, 0x000000070ea00000, 0x000000070eb00000|  0%| F|  |TAMS 0x000000070ea00000, 0x000000070ea00000| Untracked 
| 197|0x000000070eb00000, 0x000000070eb00000, 0x000000070ec00000|  0%| F|  |TAMS 0x000000070eb00000, 0x000000070eb00000| Untracked 
| 198|0x000000070ec00000, 0x000000070ec00000, 0x000000070ed00000|  0%| F|  |TAMS 0x000000070ec00000, 0x000000070ec00000| Untracked 
| 199|0x000000070ed00000, 0x000000070ed00000, 0x000000070ee00000|  0%| F|  |TAMS 0x000000070ed00000, 0x000000070ed00000| Untracked 
| 200|0x000000070ee00000, 0x000000070ee00000, 0x000000070ef00000|  0%| F|  |TAMS 0x000000070ee00000, 0x000000070ee00000| Untracked 
| 201|0x000000070ef00000, 0x000000070ef00000, 0x000000070f000000|  0%| F|  |TAMS 0x000000070ef00000, 0x000000070ef00000| Untracked 
| 202|0x000000070f000000, 0x000000070f000000, 0x000000070f100000|  0%| F|  |TAMS 0x000000070f000000, 0x000000070f000000| Untracked 
| 203|0x000000070f100000, 0x000000070f100000, 0x000000070f200000|  0%| F|  |TAMS 0x000000070f100000, 0x000000070f100000| Untracked 
| 204|0x000000070f200000, 0x000000070f200000, 0x000000070f300000|  0%| F|  |TAMS 0x000000070f200000, 0x000000070f200000| Untracked 
| 205|0x000000070f300000, 0x000000070f300000, 0x000000070f400000|  0%| F|  |TAMS 0x000000070f300000, 0x000000070f300000| Untracked 
| 206|0x000000070f400000, 0x000000070f400000, 0x000000070f500000|  0%| F|  |TAMS 0x000000070f400000, 0x000000070f400000| Untracked 
| 207|0x000000070f500000, 0x000000070f600000, 0x000000070f600000|100%| S|CS|TAMS 0x000000070f500000, 0x000000070f500000| Complete 
| 208|0x000000070f600000, 0x000000070f700000, 0x000000070f700000|100%| S|CS|TAMS 0x000000070f600000, 0x000000070f600000| Complete 
| 209|0x000000070f700000, 0x000000070f800000, 0x000000070f800000|100%| S|CS|TAMS 0x000000070f700000, 0x000000070f700000| Complete 
| 210|0x000000070f800000, 0x000000070f900000, 0x000000070f900000|100%| S|CS|TAMS 0x000000070f800000, 0x000000070f800000| Complete 
| 211|0x000000070f900000, 0x000000070fa00000, 0x000000070fa00000|100%| S|CS|TAMS 0x000000070f900000, 0x000000070f900000| Complete 
| 212|0x000000070fa00000, 0x000000070fb00000, 0x000000070fb00000|100%| S|CS|TAMS 0x000000070fa00000, 0x000000070fa00000| Complete 
| 213|0x000000070fb00000, 0x000000070fb00000, 0x000000070fc00000|  0%| F|  |TAMS 0x000000070fb00000, 0x000000070fb00000| Untracked 
| 214|0x000000070fc00000, 0x000000070fc00000, 0x000000070fd00000|  0%| F|  |TAMS 0x000000070fc00000, 0x000000070fc00000| Untracked 
| 215|0x000000070fd00000, 0x000000070fd00000, 0x000000070fe00000|  0%| F|  |TAMS 0x000000070fd00000, 0x000000070fd00000| Untracked 
| 216|0x000000070fe00000, 0x000000070fe00000, 0x000000070ff00000|  0%| F|  |TAMS 0x000000070fe00000, 0x000000070fe00000| Untracked 
| 217|0x000000070ff00000, 0x000000070ff00000, 0x0000000710000000|  0%| F|  |TAMS 0x000000070ff00000, 0x000000070ff00000| Untracked 
| 218|0x0000000710000000, 0x0000000710000000, 0x0000000710100000|  0%| F|  |TAMS 0x0000000710000000, 0x0000000710000000| Untracked 
| 219|0x0000000710100000, 0x0000000710100000, 0x0000000710200000|  0%| F|  |TAMS 0x0000000710100000, 0x0000000710100000| Untracked 
| 220|0x0000000710200000, 0x0000000710200000, 0x0000000710300000|  0%| F|  |TAMS 0x0000000710200000, 0x0000000710200000| Untracked 
| 221|0x0000000710300000, 0x0000000710300000, 0x0000000710400000|  0%| F|  |TAMS 0x0000000710300000, 0x0000000710300000| Untracked 
| 222|0x0000000710400000, 0x00000007104e79e8, 0x0000000710500000| 90%| E|  |TAMS 0x0000000710400000, 0x0000000710400000| Complete 
| 223|0x0000000710500000, 0x0000000710600000, 0x0000000710600000|100%| E|CS|TAMS 0x0000000710500000, 0x0000000710500000| Complete 
| 224|0x0000000710600000, 0x0000000710700000, 0x0000000710700000|100%| E|CS|TAMS 0x0000000710600000, 0x0000000710600000| Complete 
| 225|0x0000000710700000, 0x0000000710800000, 0x0000000710800000|100%| E|CS|TAMS 0x0000000710700000, 0x0000000710700000| Complete 
| 226|0x0000000710800000, 0x0000000710900000, 0x0000000710900000|100%| E|  |TAMS 0x0000000710800000, 0x0000000710800000| Complete 
| 227|0x0000000710900000, 0x0000000710a00000, 0x0000000710a00000|100%| E|CS|TAMS 0x0000000710900000, 0x0000000710900000| Complete 
| 228|0x0000000710a00000, 0x0000000710b00000, 0x0000000710b00000|100%| E|CS|TAMS 0x0000000710a00000, 0x0000000710a00000| Complete 
| 229|0x0000000710b00000, 0x0000000710c00000, 0x0000000710c00000|100%| E|CS|TAMS 0x0000000710b00000, 0x0000000710b00000| Complete 
| 230|0x0000000710c00000, 0x0000000710d00000, 0x0000000710d00000|100%| E|CS|TAMS 0x0000000710c00000, 0x0000000710c00000| Complete 
| 231|0x0000000710d00000, 0x0000000710e00000, 0x0000000710e00000|100%| E|CS|TAMS 0x0000000710d00000, 0x0000000710d00000| Complete 
| 232|0x0000000710e00000, 0x0000000710f00000, 0x0000000710f00000|100%| E|CS|TAMS 0x0000000710e00000, 0x0000000710e00000| Complete 
| 233|0x0000000710f00000, 0x0000000711000000, 0x0000000711000000|100%| E|CS|TAMS 0x0000000710f00000, 0x0000000710f00000| Complete 
| 234|0x0000000711000000, 0x0000000711100000, 0x0000000711100000|100%| E|CS|TAMS 0x0000000711000000, 0x0000000711000000| Complete 
| 235|0x0000000711100000, 0x0000000711200000, 0x0000000711200000|100%| E|CS|TAMS 0x0000000711100000, 0x0000000711100000| Complete 
| 236|0x0000000711200000, 0x0000000711300000, 0x0000000711300000|100%| E|CS|TAMS 0x0000000711200000, 0x0000000711200000| Complete 
| 237|0x0000000711300000, 0x0000000711400000, 0x0000000711400000|100%| E|CS|TAMS 0x0000000711300000, 0x0000000711300000| Complete 
| 238|0x0000000711400000, 0x0000000711500000, 0x0000000711500000|100%| E|CS|TAMS 0x0000000711400000, 0x0000000711400000| Complete 
| 239|0x0000000711500000, 0x0000000711600000, 0x0000000711600000|100%| E|CS|TAMS 0x0000000711500000, 0x0000000711500000| Complete 
| 240|0x0000000711600000, 0x0000000711700000, 0x0000000711700000|100%| E|CS|TAMS 0x0000000711600000, 0x0000000711600000| Complete 
| 241|0x0000000711700000, 0x0000000711800000, 0x0000000711800000|100%| E|CS|TAMS 0x0000000711700000, 0x0000000711700000| Complete 
| 242|0x0000000711800000, 0x0000000711900000, 0x0000000711900000|100%| E|CS|TAMS 0x0000000711800000, 0x0000000711800000| Complete 
| 243|0x0000000711900000, 0x0000000711a00000, 0x0000000711a00000|100%| E|CS|TAMS 0x0000000711900000, 0x0000000711900000| Complete 
| 244|0x0000000711a00000, 0x0000000711b00000, 0x0000000711b00000|100%| E|CS|TAMS 0x0000000711a00000, 0x0000000711a00000| Complete 
| 245|0x0000000711b00000, 0x0000000711c00000, 0x0000000711c00000|100%| E|CS|TAMS 0x0000000711b00000, 0x0000000711b00000| Complete 
| 246|0x0000000711c00000, 0x0000000711d00000, 0x0000000711d00000|100%| E|CS|TAMS 0x0000000711c00000, 0x0000000711c00000| Complete 
| 247|0x0000000711d00000, 0x0000000711e00000, 0x0000000711e00000|100%| E|CS|TAMS 0x0000000711d00000, 0x0000000711d00000| Complete 
| 248|0x0000000711e00000, 0x0000000711f00000, 0x0000000711f00000|100%| E|CS|TAMS 0x0000000711e00000, 0x0000000711e00000| Complete 
| 249|0x0000000711f00000, 0x0000000712000000, 0x0000000712000000|100%| E|CS|TAMS 0x0000000711f00000, 0x0000000711f00000| Complete 
| 250|0x0000000712000000, 0x0000000712100000, 0x0000000712100000|100%| E|CS|TAMS 0x0000000712000000, 0x0000000712000000| Complete 
| 251|0x0000000712100000, 0x0000000712200000, 0x0000000712200000|100%| E|CS|TAMS 0x0000000712100000, 0x0000000712100000| Complete 
| 252|0x0000000712200000, 0x0000000712300000, 0x0000000712300000|100%| E|CS|TAMS 0x0000000712200000, 0x0000000712200000| Complete 
| 253|0x0000000712300000, 0x0000000712400000, 0x0000000712400000|100%| E|CS|TAMS 0x0000000712300000, 0x0000000712300000| Complete 

Card table byte_map: [0x000001ac9eac0000,0x000001ac9f2b0000] _byte_map_base: 0x000001ac9b2ad000

Marking Bits (Prev, Next): (CMBitMap*) 0x000001ac86ad3ae0, (CMBitMap*) 0x000001ac86ad3aa8
 Prev Bits: [0x000001aca3a10000, 0x000001aca7978000)
 Next Bits: [0x000001ac9faa0000, 0x000001aca3a08000)

Polling page: 0x000001ac847a0000

Metaspace:

Usage:
  Non-class:     26.58 MB capacity,    25.97 MB ( 98%) used,   502.13 KB (  2%) free+waste,   120.13 KB ( <1%) overhead. 
      Class:      4.08 MB capacity,     3.65 MB ( 89%) used,   383.36 KB (  9%) free+waste,    58.44 KB (  1%) overhead. 
       Both:     30.66 MB capacity,    29.62 MB ( 97%) used,   885.49 KB (  3%) free+waste,   178.56 KB ( <1%) overhead. 

Virtual space:
  Non-class space:       28.00 MB reserved,      26.67 MB ( 95%) committed 
      Class space:        1.00 GB reserved,       4.13 MB ( <1%) committed 
             Both:        1.03 GB reserved,      30.80 MB (  3%) committed 

Chunk freelists:
   Non-Class:  4.13 KB
       Class:  1.13 KB
        Both:  5.25 KB

CodeHeap 'non-profiled nmethods': size=120000Kb used=1685Kb max_used=1685Kb free=118314Kb
 bounds [0x000001ac96850000, 0x000001ac96ac0000, 0x000001ac9dd80000]
CodeHeap 'profiled nmethods': size=120000Kb used=6072Kb max_used=6072Kb free=113927Kb
 bounds [0x000001ac8f320000, 0x000001ac8f910000, 0x000001ac96850000]
CodeHeap 'non-nmethods': size=5760Kb used=1470Kb max_used=1502Kb free=4289Kb
 bounds [0x000001ac8ed80000, 0x000001ac8eff0000, 0x000001ac8f320000]
 total_blobs=4438 nmethods=2969 adapters=741
 compilation: enabled
              stopped_count=0, restarted_count=0
 full_count=0

Compilation events (10 events):
Event: 66.538 Thread 0x000001acab03b000 nmethod 2956 0x000001ac8f90cd10 code [0x000001ac8f90cee0, 0x000001ac8f90d498]
Event: 66.538 Thread 0x000001acab03b000 2964       3       java.lang.StringLatin1::inflate (10 bytes)
Event: 66.538 Thread 0x000001acab036800 nmethod 2967 0x000001ac969f2390 code [0x000001ac969f2560, 0x000001ac969f2b88]
Event: 66.538 Thread 0x000001acab036800 2969       4       java.util.regex.Matcher::search (154 bytes)
Event: 66.538 Thread 0x000001acab03b000 nmethod 2964 0x000001ac8f90d590 code [0x000001ac8f90d740, 0x000001ac8f90d8f0]
Event: 66.538 Thread 0x000001acab03b000 2966       3       java.lang.AbstractStringBuilder::inflate (42 bytes)
Event: 66.538 Thread 0x000001acab03b000 nmethod 2966 0x000001ac8f90d990 code [0x000001ac8f90db80, 0x000001ac8f90df80]
Event: 66.548 Thread 0x000001acab036800 nmethod 2969 0x000001ac969f3090 code [0x000001ac969f32a0, 0x000001ac969f3f88]
Event: 66.548 Thread 0x000001acab036800 2968       4       java.lang.StringUTF16::putCharsSB (44 bytes)
Event: 66.559 Thread 0x000001acab036800 nmethod 2968 0x000001ac969f4610 code [0x000001ac969f47c0, 0x000001ac969f5088]

GC Heap History (6 events):
Event: 1.025 GC heap before
{Heap before GC invocations=0 (full 0):
 garbage-first heap   total 260096K, used 23552K [0x0000000702600000, 0x0000000800000000)
  region size 1024K, 24 young (24576K), 0 survivors (0K)
 Metaspace       used 13127K, capacity 13481K, committed 13568K, reserved 1060864K
  class space    used 1352K, capacity 1488K, committed 1536K, reserved 1048576K
}
Event: 1.028 GC heap after
{Heap after GC invocations=1 (full 0):
 garbage-first heap   total 260096K, used 3937K [0x0000000702600000, 0x0000000800000000)
  region size 1024K, 3 young (3072K), 3 survivors (3072K)
 Metaspace       used 13127K, capacity 13481K, committed 13568K, reserved 1060864K
  class space    used 1352K, capacity 1488K, committed 1536K, reserved 1048576K
}
Event: 1.538 GC heap before
{Heap before GC invocations=1 (full 0):
 garbage-first heap   total 260096K, used 32609K [0x0000000702600000, 0x0000000800000000)
  region size 1024K, 32 young (32768K), 3 survivors (3072K)
 Metaspace       used 20422K, capacity 21077K, committed 21296K, reserved 1067008K
  class space    used 2541K, capacity 2828K, committed 2944K, reserved 1048576K
}
Event: 1.542 GC heap after
{Heap after GC invocations=2 (full 0):
 garbage-first heap   total 260096K, used 6756K [0x0000000702600000, 0x0000000800000000)
  region size 1024K, 6 young (6144K), 6 survivors (6144K)
 Metaspace       used 20422K, capacity 21077K, committed 21296K, reserved 1067008K
  class space    used 2541K, capacity 2828K, committed 2944K, reserved 1048576K
}
Event: 12.331 GC heap before
{Heap before GC invocations=3 (full 0):
 garbage-first heap   total 260096K, used 78436K [0x0000000702600000, 0x0000000800000000)
  region size 1024K, 41 young (41984K), 6 survivors (6144K)
 Metaspace       used 30054K, capacity 31097K, committed 31280K, reserved 1077248K
  class space    used 3713K, capacity 4147K, committed 4224K, reserved 1048576K
}
Event: 12.337 GC heap after
{Heap after GC invocations=4 (full 0):
 garbage-first heap   total 260096K, used 47250K [0x0000000702600000, 0x0000000800000000)
  region size 1024K, 6 young (6144K), 6 survivors (6144K)
 Metaspace       used 30054K, capacity 31097K, committed 31280K, reserved 1077248K
  class space    used 3713K, capacity 4147K, committed 4224K, reserved 1048576K
}

Deoptimization events (10 events):
Event: 12.378 Thread 0x000001acac574800 Uncommon trap: reason=unstable_if action=reinterpret pc=0x000001ac968b5a6c method=java.lang.StringCoding.encodeUTF8(B[BZ)[B @ 2 c2
Event: 12.380 Thread 0x000001acb8876000 Uncommon trap: reason=unstable_if action=reinterpret pc=0x000001ac96872914 method=java.lang.StringCoding.hasNegatives([BII)Z @ 12 c2
Event: 12.635 Thread 0x000001acb8877800 Uncommon trap: reason=unstable_if action=reinterpret pc=0x000001ac969d9ad8 method=sun.awt.image.ByteInterleavedRaster.getByteData(IIII[B)[B @ 414 c2
Event: 64.250 Thread 0x000001acac574800 Uncommon trap: reason=unstable_if action=reinterpret pc=0x000001ac9688becc method=java.lang.AbstractStringBuilder.putStringAt(ILjava/lang/String;)V @ 8 c2
Event: 64.251 Thread 0x000001acac574800 Uncommon trap: reason=unstable_if action=reinterpret pc=0x000001ac9688a110 method=java.lang.String.getBytes([BIB)V @ 5 c2
Event: 64.251 Thread 0x000001acac574800 Uncommon trap: reason=unstable_if action=reinterpret pc=0x000001ac9688cf68 method=java.lang.AbstractStringBuilder.putStringAt(ILjava/lang/String;)V @ 8 c2
Event: 64.267 Thread 0x000001acac574800 Uncommon trap: reason=unstable_if action=reinterpret pc=0x000001ac968ae1f4 method=java.lang.AbstractStringBuilder.isLatin1()Z @ 10 c2
Event: 64.267 Thread 0x000001acac574800 Uncommon trap: reason=unstable_if action=reinterpret pc=0x000001ac96878e80 method=java.lang.String.indexOf(II)I @ 4 c2
Event: 64.271 Thread 0x000001acac574800 Uncommon trap: reason=unstable_if action=reinterpret pc=0x000001ac9689eb2c method=java.lang.String.substring(II)Ljava/lang/String; @ 31 c2
Event: 66.532 Thread 0x000001acac574800 Uncommon trap: reason=unstable_if action=reinterpret pc=0x000001ac968cee90 method=java.lang.String.startsWith(Ljava/lang/String;I)Z @ 46 c2

Classes redefined (0 events):
No events

Internal exceptions (10 events):
Event: 6.244 Thread 0x000001acac8d9000 Exception <a 'java/lang/NoSuchMethodError'{0x00000007115a6600}: java.lang.invoke.DirectMethodHandle$Holder.invokeStaticInit(Ljava/lang/Object;Ljava/lang/Object;Ljava/lang/Object;)J> (0x00000007115a6600) thrown at [t:/workspace/open/src/hotspot/share/inter
Event: 6.246 Thread 0x000001acac8d9000 Exception <a 'java/lang/NoSuchMethodError'{0x00000007115bec40}: java.lang.invoke.DirectMethodHandle$Holder.invokeStatic(Ljava/lang/Object;Ljava/lang/Object;J)Ljava/lang/Object;> (0x00000007115bec40) thrown at [t:/workspace/open/src/hotspot/share/interpret
Event: 6.247 Thread 0x000001acac8d9000 Exception <a 'java/lang/NoSuchMethodError'{0x00000007115c5060}: java.lang.invoke.Invokers$Holder.linkToTargetMethod(Ljava/lang/Object;JLjava/lang/Object;)Ljava/lang/Object;> (0x00000007115c5060) thrown at [t:/workspace/open/src/hotspot/share/interpreter/l
Event: 11.726 Thread 0x000001acb77ee800 Implicit null exception at 0x000001ac9698be94 to 0x000001ac9698c062
Event: 11.763 Thread 0x000001acb77ee800 Exception <a 'java/lang/NoSuchMethodError'{0x00000007111ca808}: java.lang.invoke.DirectMethodHandle$Holder.invokeSpecialIFC(Ljava/lang/Object;Ljava/lang/Object;I)I> (0x00000007111ca808) thrown at [t:/workspace/open/src/hotspot/share/interpreter/linkResolv
Event: 11.950 Thread 0x000001acb8876000 Exception <a 'java/lang/ClassNotFoundException'{0x0000000710c2b488}: javax/smartcardio/CardPermission> (0x0000000710c2b488) thrown at [t:/workspace/open/src/hotspot/share/classfile/systemDictionary.cpp, line 231]
Event: 11.952 Thread 0x000001acb8876000 Exception <a 'java/io/FileNotFoundException'{0x0000000710c3abf8}> (0x0000000710c3abf8) thrown at [t:/workspace/open/src/hotspot/share/prims/jni.cpp, line 615]
Event: 11.980 Thread 0x000001acb8876000 Exception <a 'java/lang/ClassNotFoundException'{0x0000000710a70c68}: sun/awt/resources/spi/awtProvider> (0x0000000710a70c68) thrown at [t:/workspace/open/src/hotspot/share/classfile/systemDictionary.cpp, line 231]
Event: 11.988 Thread 0x000001acb8876000 Exception <a 'java/io/FileNotFoundException'{0x0000000710aba3f8}> (0x0000000710aba3f8) thrown at [t:/workspace/open/src/hotspot/share/prims/jni.cpp, line 615]
Event: 11.988 Thread 0x000001acb8876000 Exception <a 'java/io/FileNotFoundException'{0x0000000710abe018}> (0x0000000710abe018) thrown at [t:/workspace/open/src/hotspot/share/prims/jni.cpp, line 615]

Events (10 events):
Event: 64.311 Executing VM operation: GetStackTrace done
Event: 66.529 Thread 0x000001acabb4e000 Thread exited: 0x000001acabb4e000
Event: 66.530 Thread 0x000001acb7f0a800 Thread exited: 0x000001acb7f0a800
Event: 66.532 Thread 0x000001acac574800 Uncommon trap: trap_request=0xffffff4d fr.pc=0x000001ac968cee90 relative=0x0000000000000250
Event: 66.532 Thread 0x000001acac574800 DEOPT PACKING pc=0x000001ac968cee90 sp=0x0000009a481ff2c0
Event: 66.532 Thread 0x000001acac574800 DEOPT UNPACKING pc=0x000001ac8edbd8af sp=0x0000009a481ff1e0 mode 2
Event: 66.532 Executing VM operation: RevokeBias
Event: 66.532 Executing VM operation: RevokeBias done
Event: 66.580 loading class com/ObjectTemplates/Image
Event: 66.580 loading class com/ObjectTemplates/Image done


Dynamic libraries:
0x00007ff67c820000 - 0x00007ff67c865000 	C:\Program Files\Java\jdk-11.0.2\bin\java.exe
0x00007ff951760000 - 0x00007ff951941000 	C:\WINDOWS\SYSTEM32\ntdll.dll
0x00007ff9506c0000 - 0x00007ff950771000 	C:\WINDOWS\System32\KERNEL32.DLL
0x00007ff94e530000 - 0x00007ff94e7a3000 	C:\WINDOWS\System32\KERNELBASE.dll
0x00007ff951020000 - 0x00007ff9511b0000 	C:\WINDOWS\System32\USER32.dll
0x00007ff94e7b0000 - 0x00007ff94e7d0000 	C:\WINDOWS\System32\win32u.dll
0x00007ff951700000 - 0x00007ff951728000 	C:\WINDOWS\System32\GDI32.dll
0x00007ff94ea40000 - 0x00007ff94ebd1000 	C:\WINDOWS\System32\gdi32full.dll
0x00007ff94e330000 - 0x00007ff94e3cf000 	C:\WINDOWS\System32\msvcp_win.dll
0x00007ff94e3d0000 - 0x00007ff94e4c8000 	C:\WINDOWS\System32\ucrtbase.dll
0x00007ff93ebd0000 - 0x00007ff93ee39000 	C:\WINDOWS\WinSxS\amd64_microsoft.windows.common-controls_6595b64144ccf1df_6.0.17134.982_none_fb3fa44f30680781\COMCTL32.dll
0x00007ff951330000 - 0x00007ff9513ce000 	C:\WINDOWS\System32\msvcrt.dll
0x00007ff9513d0000 - 0x00007ff9516f2000 	C:\WINDOWS\System32\combase.dll
0x00007ff950ad0000 - 0x00007ff950bf4000 	C:\WINDOWS\System32\RPCRT4.dll
0x00007ff94e7d0000 - 0x00007ff94e849000 	C:\WINDOWS\System32\bcryptPrimitives.dll
0x00007ff9511d0000 - 0x00007ff9511fd000 	C:\WINDOWS\System32\IMM32.DLL
0x00007ff91ea10000 - 0x00007ff91ea26000 	C:\Program Files\Java\jdk-11.0.2\bin\vcruntime140.dll
0x00007ff90c670000 - 0x00007ff90c71a000 	C:\Program Files\Java\jdk-11.0.2\bin\msvcp140.dll
0x00007ff8f68b0000 - 0x00007ff8f73d3000 	C:\Program Files\Java\jdk-11.0.2\bin\server\jvm.dll
0x00007ff950970000 - 0x00007ff950a11000 	C:\WINDOWS\System32\ADVAPI32.dll
0x00007ff9512d0000 - 0x00007ff95132b000 	C:\WINDOWS\System32\sechost.dll
0x00007ff9506b0000 - 0x00007ff9506b8000 	C:\WINDOWS\System32\PSAPI.DLL
0x00007ff947aa0000 - 0x00007ff947aaa000 	C:\WINDOWS\SYSTEM32\VERSION.dll
0x00007ff94b7a0000 - 0x00007ff94b7c3000 	C:\WINDOWS\SYSTEM32\WINMM.dll
0x00007ff92c8b0000 - 0x00007ff92c8b9000 	C:\WINDOWS\SYSTEM32\WSOCK32.dll
0x00007ff950780000 - 0x00007ff9507ec000 	C:\WINDOWS\System32\WS2_32.dll
0x00007ff94b770000 - 0x00007ff94b79a000 	C:\WINDOWS\SYSTEM32\WINMMBASE.dll
0x00007ff94db20000 - 0x00007ff94db69000 	C:\WINDOWS\System32\cfgmgr32.dll
0x00007ff94dac0000 - 0x00007ff94dad1000 	C:\WINDOWS\System32\kernel.appcore.dll
0x00007ff91d890000 - 0x00007ff91d8a1000 	C:\Program Files\Java\jdk-11.0.2\bin\verify.dll
0x00007ff936d40000 - 0x00007ff936f09000 	C:\WINDOWS\SYSTEM32\DBGHELP.DLL
0x00007ff936ce0000 - 0x00007ff936d09000 	C:\WINDOWS\SYSTEM32\dbgcore.DLL
0x00007ff913b40000 - 0x00007ff913b68000 	C:\Program Files\Java\jdk-11.0.2\bin\java.dll
0x00007ff940740000 - 0x00007ff940777000 	C:\Program Files\Java\jdk-11.0.2\bin\jdwp.dll
0x00007ff944c00000 - 0x00007ff944c2f000 	C:\Program Files\Java\jdk-11.0.2\bin\instrument.dll
0x00007ff916bf0000 - 0x00007ff916c06000 	C:\Program Files\Java\jdk-11.0.2\bin\zip.dll
0x00007ff9405f0000 - 0x00007ff9405fa000 	C:\Program Files\Java\jdk-11.0.2\bin\jimage.dll
0x00007ff94eda0000 - 0x00007ff9501e2000 	C:\WINDOWS\System32\SHELL32.dll
0x00007ff950a20000 - 0x00007ff950ac9000 	C:\WINDOWS\System32\shcore.dll
0x00007ff94dc20000 - 0x00007ff94e32e000 	C:\WINDOWS\System32\windows.storage.dll
0x00007ff94ed40000 - 0x00007ff94ed91000 	C:\WINDOWS\System32\shlwapi.dll
0x00007ff94db00000 - 0x00007ff94db1f000 	C:\WINDOWS\System32\profapi.dll
0x00007ff94da60000 - 0x00007ff94daac000 	C:\WINDOWS\System32\powrprof.dll
0x00007ff94dab0000 - 0x00007ff94daba000 	C:\WINDOWS\System32\FLTLIB.DLL
0x00007ff944bb0000 - 0x00007ff944bba000 	C:\Program Files\Java\jdk-11.0.2\bin\dt_socket.dll
0x00007ff94d2e0000 - 0x00007ff94d346000 	C:\WINDOWS\system32\mswsock.dll
0x00007ff93f2f0000 - 0x00007ff93f309000 	C:\Program Files\Java\jdk-11.0.2\bin\net.dll
0x00007ff948c70000 - 0x00007ff948d4d000 	C:\WINDOWS\SYSTEM32\WINHTTP.dll
0x00007ff93fdc0000 - 0x00007ff93ff89000 	C:\WINDOWS\SYSTEM32\urlmon.dll
0x00007ff93fa70000 - 0x00007ff93fd17000 	C:\WINDOWS\SYSTEM32\iertutil.dll
0x00007ff94d490000 - 0x00007ff94d49b000 	C:\WINDOWS\SYSTEM32\CRYPTBASE.DLL
0x00007ff91c5a0000 - 0x00007ff91c5b3000 	C:\Program Files\Java\jdk-11.0.2\bin\nio.dll
0x00007ff94d4a0000 - 0x00007ff94d4b7000 	C:\WINDOWS\SYSTEM32\CRYPTSP.dll
0x00007ff94ce90000 - 0x00007ff94cec3000 	C:\WINDOWS\system32\rsaenh.dll
0x00007ff94d5c0000 - 0x00007ff94d5e5000 	C:\WINDOWS\SYSTEM32\bcrypt.dll
0x00007ff94d990000 - 0x00007ff94d9b8000 	C:\WINDOWS\SYSTEM32\USERENV.dll
0x00007ff94d030000 - 0x00007ff94d068000 	C:\WINDOWS\SYSTEM32\IPHLPAPI.DLL
0x00007ff9501f0000 - 0x00007ff9501f8000 	C:\WINDOWS\System32\NSI.dll
0x00007ff947f20000 - 0x00007ff947f36000 	C:\WINDOWS\SYSTEM32\dhcpcsvc6.DLL
0x00007ff947ee0000 - 0x00007ff947efa000 	C:\WINDOWS\SYSTEM32\dhcpcsvc.DLL
0x000001ac86980000 - 0x000001ac86983000 	C:\Program Files\Java\jdk-11.0.2\bin\api-ms-win-core-console-l1-1-0.dll
0x000001ac86990000 - 0x000001ac86993000 	C:\Program Files\Java\jdk-11.0.2\bin\api-ms-win-core-datetime-l1-1-0.dll
0x000001ac869a0000 - 0x000001ac869a3000 	C:\Program Files\Java\jdk-11.0.2\bin\api-ms-win-core-debug-l1-1-0.dll
0x000001ac869b0000 - 0x000001ac869b3000 	C:\Program Files\Java\jdk-11.0.2\bin\api-ms-win-core-errorhandling-l1-1-0.dll
0x000001ac869c0000 - 0x000001ac869c4000 	C:\Program Files\Java\jdk-11.0.2\bin\api-ms-win-core-file-l1-1-0.dll
0x000001ac869d0000 - 0x000001ac869d3000 	C:\Program Files\Java\jdk-11.0.2\bin\api-ms-win-core-file-l1-2-0.dll
0x000001ac869e0000 - 0x000001ac869e3000 	C:\Program Files\Java\jdk-11.0.2\bin\api-ms-win-core-file-l2-1-0.dll
0x000001ac869f0000 - 0x000001ac869f3000 	C:\Program Files\Java\jdk-11.0.2\bin\api-ms-win-core-handle-l1-1-0.dll
0x000001ac86a00000 - 0x000001ac86a03000 	C:\Program Files\Java\jdk-11.0.2\bin\api-ms-win-core-heap-l1-1-0.dll
0x000001ac86a10000 - 0x000001ac86a13000 	C:\Program Files\Java\jdk-11.0.2\bin\api-ms-win-core-interlocked-l1-1-0.dll
0x000001ac86a20000 - 0x000001ac86a23000 	C:\Program Files\Java\jdk-11.0.2\bin\api-ms-win-core-libraryloader-l1-1-0.dll
0x000001ac86a30000 - 0x000001ac86a33000 	C:\Program Files\Java\jdk-11.0.2\bin\api-ms-win-core-localization-l1-2-0.dll
0x000001acabf90000 - 0x000001acabf93000 	C:\Program Files\Java\jdk-11.0.2\bin\api-ms-win-core-memory-l1-1-0.dll
0x000001acabfa0000 - 0x000001acabfa3000 	C:\Program Files\Java\jdk-11.0.2\bin\api-ms-win-core-namedpipe-l1-1-0.dll
0x000001acabfb0000 - 0x000001acabfb3000 	C:\Program Files\Java\jdk-11.0.2\bin\api-ms-win-core-processenvironment-l1-1-0.dll
0x000001acabfc0000 - 0x000001acabfc3000 	C:\Program Files\Java\jdk-11.0.2\bin\api-ms-win-core-processthreads-l1-1-0.dll
0x000001acabfd0000 - 0x000001acabfd3000 	C:\Program Files\Java\jdk-11.0.2\bin\api-ms-win-core-processthreads-l1-1-1.dll
0x000001acabfe0000 - 0x000001acabfe3000 	C:\Program Files\Java\jdk-11.0.2\bin\api-ms-win-core-profile-l1-1-0.dll
0x000001acabff0000 - 0x000001acabff3000 	C:\Program Files\Java\jdk-11.0.2\bin\api-ms-win-core-rtlsupport-l1-1-0.dll
0x000001acac000000 - 0x000001acac003000 	C:\Program Files\Java\jdk-11.0.2\bin\api-ms-win-core-string-l1-1-0.dll
0x000001acac010000 - 0x000001acac013000 	C:\Program Files\Java\jdk-11.0.2\bin\api-ms-win-core-synch-l1-1-0.dll
0x000001acac020000 - 0x000001acac023000 	C:\Program Files\Java\jdk-11.0.2\bin\api-ms-win-core-synch-l1-2-0.dll
0x000001acac030000 - 0x000001acac033000 	C:\Program Files\Java\jdk-11.0.2\bin\api-ms-win-core-sysinfo-l1-1-0.dll
0x000001acac040000 - 0x000001acac043000 	C:\Program Files\Java\jdk-11.0.2\bin\api-ms-win-core-timezone-l1-1-0.dll
0x000001acac050000 - 0x000001acac053000 	C:\Program Files\Java\jdk-11.0.2\bin\api-ms-win-core-util-l1-1-0.dll
0x000001acac060000 - 0x000001acac063000 	C:\Program Files\Java\jdk-11.0.2\bin\api-ms-win-crt-conio-l1-1-0.dll
0x000001acac070000 - 0x000001acac074000 	C:\Program Files\Java\jdk-11.0.2\bin\api-ms-win-crt-convert-l1-1-0.dll
0x000001acac080000 - 0x000001acac083000 	C:\Program Files\Java\jdk-11.0.2\bin\api-ms-win-crt-environment-l1-1-0.dll
0x000001acac090000 - 0x000001acac093000 	C:\Program Files\Java\jdk-11.0.2\bin\api-ms-win-crt-filesystem-l1-1-0.dll
0x000001acac0a0000 - 0x000001acac0a3000 	C:\Program Files\Java\jdk-11.0.2\bin\api-ms-win-crt-heap-l1-1-0.dll
0x000001acac0b0000 - 0x000001acac0b3000 	C:\Program Files\Java\jdk-11.0.2\bin\api-ms-win-crt-locale-l1-1-0.dll
0x000001acac0c0000 - 0x000001acac0c5000 	C:\Program Files\Java\jdk-11.0.2\bin\api-ms-win-crt-math-l1-1-0.dll
0x000001acac0d0000 - 0x000001acac0d5000 	C:\Program Files\Java\jdk-11.0.2\bin\api-ms-win-crt-multibyte-l1-1-0.dll
0x000001acac0e0000 - 0x000001acac0f0000 	C:\Program Files\Java\jdk-11.0.2\bin\api-ms-win-crt-private-l1-1-0.dll
0x000001acac0f0000 - 0x000001acac0f3000 	C:\Program Files\Java\jdk-11.0.2\bin\api-ms-win-crt-process-l1-1-0.dll
0x000001acac100000 - 0x000001acac104000 	C:\Program Files\Java\jdk-11.0.2\bin\api-ms-win-crt-runtime-l1-1-0.dll
0x000001acac110000 - 0x000001acac114000 	C:\Program Files\Java\jdk-11.0.2\bin\api-ms-win-crt-stdio-l1-1-0.dll
0x000001acac120000 - 0x000001acac124000 	C:\Program Files\Java\jdk-11.0.2\bin\api-ms-win-crt-string-l1-1-0.dll
0x000001acac130000 - 0x000001acac133000 	C:\Program Files\Java\jdk-11.0.2\bin\api-ms-win-crt-time-l1-1-0.dll
0x000001acac140000 - 0x000001acac143000 	C:\Program Files\Java\jdk-11.0.2\bin\api-ms-win-crt-utility-l1-1-0.dll
0x00007ff912e20000 - 0x00007ff912f16000 	C:\Program Files\Java\jdk-11.0.2\bin\ucrtbase.dll
0x00007ff928460000 - 0x00007ff9284b2000 	C:\Windows\System32\concrt140.dll
0x00007ff941f30000 - 0x00007ff941f53000 	C:\Users\Marcel\.openjfx\cache\11.0.2\prism_d3d.dll
0x00007ff940f00000 - 0x00007ff941097000 	C:\WINDOWS\system32\d3d9.dll
0x00007ff94c1b0000 - 0x00007ff94c1d9000 	C:\WINDOWS\SYSTEM32\dwmapi.dll
0x00007ff94c0e0000 - 0x00007ff94c178000 	C:\WINDOWS\system32\uxtheme.dll
0x00007ff947040000 - 0x00007ff94712e000 	C:\WINDOWS\System32\DriverStore\FileRepository\nvac.inf_amd64_718566285fef9cff\nvldumdx.dll
0x00007ff94e850000 - 0x00007ff94ea32000 	C:\WINDOWS\System32\crypt32.dll
0x00007ff94dae0000 - 0x00007ff94daf2000 	C:\WINDOWS\System32\MSASN1.dll
0x00007ff94e4d0000 - 0x00007ff94e527000 	C:\WINDOWS\System32\WINTRUST.DLL
0x00007ff9511b0000 - 0x00007ff9511cd000 	C:\WINDOWS\System32\imagehlp.dll
0x00007ff8e32c0000 - 0x00007ff8e4680000 	C:\WINDOWS\System32\DriverStore\FileRepository\nvac.inf_amd64_718566285fef9cff\nvd3dumx.dll
0x00007ff8ff240000 - 0x00007ff8ff423000 	C:\WINDOWS\System32\DriverStore\FileRepository\igdlh64.inf_amd64_b5d4c82c67b39358\igdumdim64.dll
0x00007ff8d2b90000 - 0x00007ff8d5c75000 	C:\WINDOWS\System32\DriverStore\FileRepository\igdlh64.inf_amd64_b5d4c82c67b39358\igd9dxva64.dll
0x00007ff94ebe0000 - 0x00007ff94ed31000 	C:\WINDOWS\System32\ole32.dll
0x00007ff951200000 - 0x00007ff9512c2000 	C:\WINDOWS\System32\OLEAUT32.dll
0x00007ff926e50000 - 0x00007ff926e95000 	C:\Users\Marcel\.openjfx\cache\11.0.2\glass.dll
0x00007ff950880000 - 0x00007ff95096d000 	C:\WINDOWS\System32\COMDLG32.dll
0x00007ff950ca0000 - 0x00007ff950e13000 	C:\WINDOWS\System32\MSCTF.dll
0x00007ff941650000 - 0x00007ff941714000 	C:\Program Files (x86)\NVIDIA Corporation\3D Vision\nvSCPAPI64.dll
0x00007ff950200000 - 0x00007ff95064b000 	C:\WINDOWS\System32\SETUPAPI.dll
0x00007ff94c750000 - 0x00007ff94c772000 	C:\WINDOWS\SYSTEM32\gpapi.dll
0x00007ff946e10000 - 0x00007ff946e3e000 	C:\WINDOWS\SYSTEM32\cryptnet.dll
0x00007ff937940000 - 0x00007ff937954000 	C:\Users\Marcel\.openjfx\cache\11.0.2\javafx_font.dll
0x00007ff9219d0000 - 0x00007ff921cea000 	C:\WINDOWS\SYSTEM32\dwrite.dll
0x00007ff950c00000 - 0x00007ff950ca0000 	C:\WINDOWS\System32\clbcatq.dll
0x00007ff9494b0000 - 0x00007ff94965e000 	C:\WINDOWS\SYSTEM32\WindowsCodecs.dll
0x00007ff921100000 - 0x00007ff921158000 	C:\WINDOWS\system32\dataexchange.dll

dbghelp: loaded successfully - version: 4.0.5 - missing functions: none
symbol engine: initialized successfully - sym options: 0x614 - pdb path: .;C:\Program Files\Java\jdk-11.0.2\bin;C:\WINDOWS\SYSTEM32;C:\WINDOWS\WinSxS\amd64_microsoft.windows.common-controls_6595b64144ccf1df_6.0.17134.982_none_fb3fa44f30680781;C:\Program Files\Java\jdk-11.0.2\bin\server;C:\Users\Marcel\.openjfx\cache\11.0.2;C:\WINDOWS\System32\DriverStore\FileRepository\nvac.inf_amd64_718566285fef9cff;C:\WINDOWS\System32\DriverStore\FileRepository\igdlh64.inf_amd64_b5d4c82c67b39358;C:\Program Files (x86)\NVIDIA Corporation\3D Vision;C:\Program Files\Common Files\Microsoft Shared\Ink;C:\Users\Marcel\AppData\Local\Microsoft\OneDrive\19.152.0801.0007\amd64;C:\Users\Marcel\AppData\Local\Temp;C:\Users\Marcel\AppData\Local\Temp\jna--1997446580;C:\Users\Marcel\AppData\Local\Temp\tess4j\win32-x86-64

VM Arguments:
jvm_args: -agentlib:jdwp=transport=dt_socket,address=127.0.0.1:5134,suspend=y,server=n -javaagent:C:\Users\Marcel\.IdeaIC2018.3\system\captureAgent\debugger-agent.jar -Dfile.encoding=UTF-8 
java_command: com.Main
java_class_path (initial): D:\OneDrive - HYPE Softwaretechnik GmbH\Sonstiges\Projekte\OCR-Docs-Storage\target\classes;C:\Users\Marcel\.m2\repository\commons-io\commons-io\2.5\commons-io-2.5.jar;C:\Users\Marcel\.m2\repository\org\zeroturnaround\zt-zip\1.13\zt-zip-1.13.jar;C:\Users\Marcel\.m2\repository\org\slf4j\slf4j-api\1.6.6\slf4j-api-1.6.6.jar;C:\Users\Marcel\.m2\repository\org\openjfx\javafx-fxml\11.0.2\javafx-fxml-11.0.2.jar;C:\Users\Marcel\.m2\repository\org\openjfx\javafx-fxml\11.0.2\javafx-fxml-11.0.2-win.jar;C:\Users\Marcel\.m2\repository\org\openjfx\javafx-controls\11.0.2\javafx-controls-11.0.2.jar;C:\Users\Marcel\.m2\repository\org\openjfx\javafx-controls\11.0.2\javafx-controls-11.0.2-win.jar;C:\Users\Marcel\.m2\repository\org\openjfx\javafx-graphics\11.0.2\javafx-graphics-11.0.2.jar;C:\Users\Marcel\.m2\repository\org\openjfx\javafx-graphics\11.0.2\javafx-graphics-11.0.2-win.jar;C:\Users\Marcel\.m2\repository\org\openjfx\javafx-base\11.0.2\javafx-base-11.0.2.jar;C:\Users\Marcel\.m2\repository\org\openjfx\javafx-base\11.0.2\javafx-base-11.0.2-win.jar;C:\Users\Marcel\.m2\repository\net\sourceforge\tess4j\tess4j\4.3.1\tess4j-4.3.1.jar;C:\Users\Marcel\.m2\repository\net\java\dev\jna\jna\5.1.0\jna-5.1.0.jar;C:\Users\Marcel\.m2\repository\com\github\jai-imageio\jai-imageio-core\1.4.0\jai-imageio-core-1.4.0.jar;C:\Users\Marcel\.m2\repository\org\ghost4j\ghost4j\1.0.1\ghost4j-1.0.1.jar;C:\Users\Marcel\.m2\repository\log4j\log4j\1.2.17\log4j-1.2.17.jar;C:\Users\Marcel\.m2\repository\commons-beanutils\commons-beanutils\1.9.2\commons-beanutils-1.9.2.jar;C:\Users\Marcel\.m2\repository\commons-collections\commons-collections\3.2.1\commons-collections-3.2.1.jar;C:\Users\Marcel\.m2\repository\org\apache\xmlgraphics\xmlgraphics-commons\1.4\xmlgraphics-commons-1.4.jar;C:\Users\Marcel\.m2\repository\com\lowagie\itext\2.1.7\itext-2.1.7.jar;C:\Users\Marcel\.m2\repository\org\apache\pdfbox\pdfbox\2.0.12\pdfbox-2.0.12.jar;C:\Users\Marcel\.m2\repository\org\apache\pdfbox\font
Launcher Type: SUN_STANDARD

[Global flags]
     intx CICompilerCount                          = 4                                         {product} {ergonomic}
     uint ConcGCThreads                            = 3                                         {product} {ergonomic}
     uint G1ConcRefinementThreads                  = 10                                        {product} {ergonomic}
   size_t G1HeapRegionSize                         = 1048576                                   {product} {ergonomic}
    uintx GCDrainStackTargetSize                   = 64                                        {product} {ergonomic}
   size_t InitialHeapSize                          = 266338304                                 {product} {ergonomic}
   size_t MarkStackSize                            = 4194304                                   {product} {ergonomic}
   size_t MaxHeapSize                              = 4255121408                                {product} {ergonomic}
   size_t MaxNewSize                               = 2552233984                                {product} {ergonomic}
   size_t MinHeapDeltaBytes                        = 1048576                                   {product} {ergonomic}
    uintx NonNMethodCodeHeapSize                   = 5835340                                {pd product} {ergonomic}
    uintx NonProfiledCodeHeapSize                  = 122911450                              {pd product} {ergonomic}
    uintx ProfiledCodeHeapSize                     = 122911450                              {pd product} {ergonomic}
    uintx ReservedCodeCacheSize                    = 251658240                              {pd product} {ergonomic}
     bool SegmentedCodeCache                       = true                                      {product} {ergonomic}
     bool UseCompressedClassPointers               = true                                 {lp64_product} {ergonomic}
     bool UseCompressedOops                        = true                                 {lp64_product} {ergonomic}
     bool UseG1GC                                  = true                                      {product} {ergonomic}
     bool UseLargePagesIndividualAllocation        = false                                  {pd product} {ergonomic}

Logging:
Log output configuration:
 #0: stdout all=warning uptime,level,tags
 #1: stderr all=off uptime,level,tags

Environment Variables:
JAVA_HOME=C:\Program Files\Java\jdk-11.0.2
JRE_HOME=C:\Program Files\Java\jdk-11.0.2
CLASSPATH=.;
PATH=C:\Program Files\AdoptOpenJDK\jdk-11.0.4.11-hotspot\bin;C:\Program Files\Java\jdk-11.0.2;C:\Windows\system32;C:\Windows;C:\Windows\System32\Wbem;C:\Windows\System32\WindowsPowerShell\v1.0\;C:\Program Files (x86)\NVIDIA Corporation\PhysX\Common;C:\ProgramData\chocolatey\bin;C:\Program Files\Java\jdk1.8.0_201\bin;C:\Program Files\Git\cmd;C:\WINDOWS\system32;C:\WINDOWS;C:\WINDOWS\System32\Wbem;C:\WINDOWS\System32\WindowsPowerShell\v1.0\;C:\WINDOWS\System32\OpenSSH\;C:\ProgramData\chocolatey\lib\maven\apache-maven-3.6.1\bin;C:\Program Files (x86)\Microsoft SQL Server\150\DTS\Binn\;C:\Program Files\Microsoft SQL Server\Client SDK\ODBC\130\Tools\Binn\;C:\Program Files (x86)\Microsoft SQL Server\140\Tools\Binn\;C:\Program Files\Microsoft SQL Server\140\Tools\Binn\;C:\Program Files\Microsoft SQL Server\140\DTS\Binn\;C:\Program Files\Java\jdk-11.0.2\bin;C:\Users\Marcel\AppData\Local\Microsoft\WindowsApps;C:\Program Files (x86)\Nmap;C:\Program Files\Java\javafx-sdk-11.0.2;
USERNAME=Marcel
OS=Windows_NT
PROCESSOR_IDENTIFIER=Intel64 Family 6 Model 158 Stepping 10, GenuineIntel



---------------  S Y S T E M  ---------------

OS: Windows 10 , 64 bit Build 17134 (10.0.17134.753)

CPU:total 12 (initial active 12) (6 cores per cpu, 2 threads per core) family 6 model 158 stepping 10, cmov, cx8, fxsr, mmx, sse, sse2, sse3, ssse3, sse4.1, sse4.2, popcnt, avx, avx2, aes, clmul, erms, 3dnowpref, lzcnt, ht, tsc, tscinvbit, bmi1, bmi2, adx, fma

Memory: 4k page, system-wide physical 16226M (8316M free)
TotalPageFile size 18658M (AvailPageFile size 4710M)
current process WorkingSet (physical memory assigned to process): 386M, peak: 421M
current process commit charge ("private bytes"): 546M, peak: 591M

vm_info: OpenJDK 64-Bit Server VM (11.0.2+9) for windows-amd64 JRE (11.0.2+9), built on Jan 18 2019 05:23:22 by "mach5one" with MS VC++ 15.5 (VS2017)

END.
