#
# A fatal error has been detected by the Java Runtime Environment:
#
#  EXCEPTION_ACCESS_VIOLATION (0xc0000005) at pc=0x000000006d587ab0, pid=1596, tid=2908
#
# JRE version: OpenJDK Runtime Environment (11.0.2+9) (build 11.0.2+9)
# Java VM: OpenJDK 64-Bit Server VM (11.0.2+9, mixed mode, tiered, compressed oops, g1 gc, windows-amd64)
# Problematic frame:
# C  0x000000006d587ab0
#
# No core dump will be written. Minidumps are not enabled by default on client versions of Windows
#
# If you would like to submit a bug report, please visit:
#   http://bugreport.java.com/bugreport/crash.jsp
# The crash happened outside the Java Virtual Machine in native code.
# See problematic frame for where to report the bug.
#

---------------  S U M M A R Y ------------

Command Line: -agentlib:jdwp=transport=dt_socket,address=127.0.0.1:4523,suspend=y,server=n -javaagent:C:\Users\Marcel\.IdeaIC2018.3\system\captureAgent\debugger-agent.jar -Dfile.encoding=UTF-8 com.Main

Host: Intel(R) Core(TM) i7-8750H CPU @ 2.20GHz, 12 cores, 15G,  Windows 10 , 64 bit Build 17134 (10.0.17134.753)
Time: Sat Sep  7 10:56:23 2019 Mitteleuropäische Sommerzeit elapsed time: 391 seconds (0d 0h 6m 31s)

---------------  T H R E A D  ---------------

Current thread (0x000001bdb3890000):  JavaThread "pool-1-thread-1" [_thread_in_native, id=2908, stack(0x0000008830370000,0x0000008830470000)]

Stack: [0x0000008830370000,0x0000008830470000],  sp=0x000000883046f228,  free space=1020k
Native frames: (J=compiled Java code, j=interpreted, Vv=VM code, C=native code)
C  0x000000006d587ab0

Java frames: (J=compiled Java code, j=interpreted, Vv=VM code)
j  org.sqlite.core.NativeDB.total_changes()I+0
j  org.sqlite.jdbc3.JDBC3Statement.executeUpdate(Ljava/lang/String;)I+37
j  com.Utils.DBUtil.executeSQL(Ljava/lang/String;)V+11
j  com.Utils.TessUtil.processFile(Ljava/io/File;)V+75
j  com.Utils.TessUtil$1.run()V+4
j  java.util.concurrent.Executors$RunnableAdapter.call()Ljava/lang/Object;+4 java.base@11.0.2
j  java.util.concurrent.FutureTask.run$$$capture()V+39 java.base@11.0.2
j  java.util.concurrent.FutureTask.run()V+5 java.base@11.0.2
j  java.util.concurrent.ThreadPoolExecutor.runWorker(Ljava/util/concurrent/ThreadPoolExecutor$Worker;)V+92 java.base@11.0.2
j  java.util.concurrent.ThreadPoolExecutor$Worker.run()V+5 java.base@11.0.2
j  java.lang.Thread.run()V+11 java.base@11.0.2
v  ~StubRoutines::call_stub

siginfo: EXCEPTION_ACCESS_VIOLATION (0xc0000005), reading address 0x0000000000000064


Register to memory mapping:

RIP=0x000000006d587ab0 points into unknown readable memory: 8b 41 64 c3 66 66 66 2e
RAX=0x0 is NULL
RBX={method} {0x000001bdc40a16a8} 'total_changes' '()I' in 'org/sqlite/core/NativeDB'
RCX=0x0 is NULL
RDX=0x0000000000000006 is an unknown value
RSP=0x000000883046f228 is pointing into the stack for thread: 0x000001bdb3890000
RBP=0x000000883046f2b8 is pointing into the stack for thread: 0x000001bdb3890000
RSI=0x0000000000000001 is an unknown value
RDI=0x00000000000003e0 is an unknown value
R8 =0x0000000000000004 is an unknown value
R9 =0x000000080037d3b0 is a pointer to class: 
org.sqlite.core.NativeDB {0x000000080037d3b8}
R10=0x000001bd95d372f7 is at code_begin+2615 in an Interpreter codelet
method entry point (kind = native_synchronized)  [0x000001bd95d368c0, 0x000001bd95d37f00]  5696 bytes
R11=0x0000000000000121 is an unknown value
R12=0x0 is NULL
R13={method} {0x000001bdc40a16a8} 'total_changes' '()I' in 'org/sqlite/core/NativeDB'
R14=0x000000883046f2d8 is pointing into the stack for thread: 0x000001bdb3890000
R15=0x000001bdb3890000 is a thread


Registers:
RAX=0x0000000000000000, RBX=0x000001bdc40a16a0, RCX=0x0000000000000000, RDX=0x0000000000000006
RSP=0x000000883046f228, RBP=0x000000883046f2b8, RSI=0x0000000000000001, RDI=0x00000000000003e0
R8 =0x0000000000000004, R9 =0x000000080037d3b0, R10=0x000001bd95d372f7, R11=0x0000000000000121
R12=0x0000000000000000, R13=0x000001bdc40a16a0, R14=0x000000883046f2d8, R15=0x000001bdb3890000
RIP=0x000000006d587ab0, EFLAGS=0x0000000000010206

Top of Stack: (sp=0x000000883046f228)
0x000000883046f228:   000001bd95d37326 000001bdb3890000
0x000000883046f238:   000001bdb3890005 000000883046f2b8
0x000000883046f248:   0000000000000001 000000883046f2c8
0x000000883046f258:   000001bd95d36c37 0000000000000003
0x000000883046f268:   0000000711f3aa80 000000883046f260
0x000000883046f278:   000001bdc40a16a0 000000883046f2d8
0x000000883046f288:   000001bdc6615c48 0000000000000000
0x000000883046f298:   0000000704a6dc50 000001bdc40a16a0
0x000000883046f2a8:   0000000000000000 000000883046f2d8
0x000000883046f2b8:   000000883046f328 000001bd95d2b894
0x000000883046f2c8:   0000000000000000 000001bd95d30bf6
0x000000883046f2d8:   0000000711f3aa80 000000883046f2e0
0x000000883046f2e8:   000001bdc661f265 000000883046f360
0x000000883046f2f8:   000001bdc6691620 0000000000000000
0x000000883046f308:   00000007083ec720 000001bdc661f308
0x000000883046f318:   000000883046f2d8 000000883046f358 

Instructions: (pc=0x000000006d587ab0)
0x000000006d587a90:   48 8b 41 30 c3 66 66 2e 0f 1f 84 00 00 00 00 00
0x000000006d587aa0:   8b 41 60 c3 66 66 66 2e 0f 1f 84 00 00 00 00 00
0x000000006d587ab0:   8b 41 64 c3 66 66 66 2e 0f 1f 84 00 00 00 00 00
0x000000006d587ac0:   48 83 ec 28 44 8b 81 08 03 00 00 83 fa 0b 7f 50 


Stack slot to memory mapping:
stack at sp + 0 slots: 0x000001bd95d37326 is at code_begin+2662 in an Interpreter codelet
method entry point (kind = native_synchronized)  [0x000001bd95d368c0, 0x000001bd95d37f00]  5696 bytes
stack at sp + 1 slots: 0x000001bdb3890000 is a thread
stack at sp + 2 slots: 0x000001bdb3890005 points into unknown readable memory: 7f 00 00
stack at sp + 3 slots: 0x000000883046f2b8 is pointing into the stack for thread: 0x000001bdb3890000
stack at sp + 4 slots: 0x0000000000000001 is an unknown value
stack at sp + 5 slots: 0x000000883046f2c8 is pointing into the stack for thread: 0x000001bdb3890000
stack at sp + 6 slots: 0x000001bd95d36c37 is at code_begin+887 in an Interpreter codelet
method entry point (kind = native_synchronized)  [0x000001bd95d368c0, 0x000001bd95d37f00]  5696 bytes
stack at sp + 7 slots: 0x0000000000000003 is an unknown value


---------------  P R O C E S S  ---------------

Threads class SMR info:
_java_thread_list=0x000001bdb3d3cd20, length=26, elements={
0x000001bd8da10000, 0x000001bdb16db000, 0x000001bdb16dd800, 0x000001bdb1fe6800,
0x000001bdb1fe7800, 0x000001bdb1fe9000, 0x000001bdb1f91800, 0x000001bdb1f96800,
0x000001bdb2156000, 0x000001bdb22cf000, 0x000001bdb22d0000, 0x000001bdb2279000,
0x000001bdb2648800, 0x000001bdb26bc000, 0x000001bdb28c0000, 0x000001bdb408b000,
0x000001bdb3fc7800, 0x000001bdb414f800, 0x000001bdbd7ba000, 0x000001bdbf60b000,
0x000001bdb3890000, 0x000001bdb3891000, 0x000001bdb388e800, 0x000001bdb388f000,
0x000001bdb3891800, 0x000001bdb3893800
}

Java Threads: ( => current thread )
  0x000001bd8da10000 JavaThread "main" [_thread_blocked, id=1548, stack(0x000000882d000000,0x000000882d100000)]
  0x000001bdb16db000 JavaThread "Reference Handler" daemon [_thread_blocked, id=18200, stack(0x000000882d700000,0x000000882d800000)]
  0x000001bdb16dd800 JavaThread "Finalizer" daemon [_thread_blocked, id=13816, stack(0x000000882d800000,0x000000882d900000)]
  0x000001bdb1fe6800 JavaThread "Signal Dispatcher" daemon [_thread_blocked, id=17964, stack(0x000000882d900000,0x000000882da00000)]
  0x000001bdb1fe7800 JavaThread "Attach Listener" daemon [_thread_blocked, id=14904, stack(0x000000882da00000,0x000000882db00000)]
  0x000001bdb1fe9000 JavaThread "C2 CompilerThread0" daemon [_thread_blocked, id=6664, stack(0x000000882db00000,0x000000882dc00000)]
  0x000001bdb1f91800 JavaThread "C1 CompilerThread0" daemon [_thread_blocked, id=6984, stack(0x000000882dc00000,0x000000882dd00000)]
  0x000001bdb1f96800 JavaThread "Sweeper thread" daemon [_thread_blocked, id=12816, stack(0x000000882dd00000,0x000000882de00000)]
  0x000001bdb2156000 JavaThread "Common-Cleaner" daemon [_thread_blocked, id=648, stack(0x000000882de00000,0x000000882df00000)]
  0x000001bdb22cf000 JavaThread "JDWP Transport Listener: dt_socket" daemon [_thread_blocked, id=7312, stack(0x000000882e000000,0x000000882e100000)]
  0x000001bdb22d0000 JavaThread "JDWP Event Helper Thread" daemon [_thread_blocked, id=13028, stack(0x000000882e100000,0x000000882e200000)]
  0x000001bdb2279000 JavaThread "JDWP Command Reader" daemon [_thread_in_native, id=5592, stack(0x000000882e200000,0x000000882e300000)]
  0x000001bdb2648800 JavaThread "Service Thread" daemon [_thread_blocked, id=4428, stack(0x000000882df00000,0x000000882e000000)]
  0x000001bdb26bc000 JavaThread "JavaFX-Launcher" [_thread_blocked, id=2540, stack(0x000000882e400000,0x000000882e500000)]
  0x000001bdb28c0000 JavaThread "QuantumRenderer-0" daemon [_thread_blocked, id=5740, stack(0x000000882e600000,0x000000882e700000)]
  0x000001bdb408b000 JavaThread "InvokeLaterDispatcher" daemon [_thread_blocked, id=5376, stack(0x000000882e900000,0x000000882ea00000)]
  0x000001bdb3fc7800 JavaThread "JavaFX Application Thread" [_thread_in_native, id=5116, stack(0x000000882eb00000,0x000000882ec00000)]
  0x000001bdb414f800 JavaThread "Thread-2" daemon [_thread_in_native, id=3432, stack(0x000000882ed00000,0x000000882ee00000)]
  0x000001bdbd7ba000 JavaThread "Prism Font Disposer" daemon [_thread_blocked, id=18276, stack(0x000000882f600000,0x000000882f700000)]
  0x000001bdbf60b000 JavaThread "Cleaner-0" daemon [_thread_blocked, id=16620, stack(0x000000882f900000,0x000000882fa00000)]
=>0x000001bdb3890000 JavaThread "pool-1-thread-1" [_thread_in_native, id=2908, stack(0x0000008830370000,0x0000008830470000)]
  0x000001bdb3891000 JavaThread "Java2D Disposer" daemon [_thread_blocked, id=18100, stack(0x000000882e500000,0x000000882e600000)]
  0x000001bdb388e800 JavaThread "Thread-4" [_thread_blocked, id=456, stack(0x000000882cd00000,0x000000882ce00000)]
  0x000001bdb388f000 JavaThread "pool-1-thread-2" [_thread_in_native, id=764, stack(0x0000008830270000,0x0000008830370000)]
  0x000001bdb3891800 JavaThread "pool-1-thread-3" [_thread_in_native, id=9828, stack(0x0000008830670000,0x0000008830770000)]
  0x000001bdb3893800 JavaThread "pool-1-thread-4" [_thread_in_native, id=12328, stack(0x0000008830770000,0x0000008830870000)]

Other Threads:
  0x000001bdb16d7000 VMThread "VM Thread" [stack: 0x000000882d600000,0x000000882d700000] [id=3896]
  0x000001bdb260a800 WatcherThread [stack: 0x000000882e300000,0x000000882e400000] [id=16720]
  0x000001bd8da27000 GCTaskThread "GC Thread#0" [stack: 0x000000882d100000,0x000000882d200000] [id=13180]
  0x000001bdb4157800 GCTaskThread "GC Thread#1" [stack: 0x000000882ee00000,0x000000882ef00000] [id=17140]
  0x000001bdb4158000 GCTaskThread "GC Thread#2" [stack: 0x000000882ef00000,0x000000882f000000] [id=15660]
  0x000001bdb3d0e000 GCTaskThread "GC Thread#3" [stack: 0x000000882f000000,0x000000882f100000] [id=16916]
  0x000001bdb3d0e800 GCTaskThread "GC Thread#4" [stack: 0x000000882f100000,0x000000882f200000] [id=11092]
  0x000001bdb3d0f800 GCTaskThread "GC Thread#5" [stack: 0x000000882f200000,0x000000882f300000] [id=7432]
  0x000001bdbd02d000 GCTaskThread "GC Thread#6" [stack: 0x0000008830470000,0x0000008830570000] [id=8472]
  0x000001bdbfbbf800 GCTaskThread "GC Thread#7" [stack: 0x0000008830570000,0x0000008830670000] [id=14356]
  0x000001bdbd438800 GCTaskThread "GC Thread#8" [stack: 0x0000008830870000,0x0000008830970000] [id=5868]
  0x000001bdbd82b000 GCTaskThread "GC Thread#9" [stack: 0x0000008830970000,0x0000008830a70000] [id=9644]
  0x000001bd8da86000 ConcurrentGCThread "G1 Main Marker" [stack: 0x000000882d200000,0x000000882d300000] [id=18336]
  0x000001bd8da87000 ConcurrentGCThread "G1 Conc#0" [stack: 0x000000882d300000,0x000000882d400000] [id=7972]
  0x000001bdbd04f000 ConcurrentGCThread "G1 Conc#1" [stack: 0x000000882f700000,0x000000882f800000] [id=9156]
  0x000001bdbd054000 ConcurrentGCThread "G1 Conc#2" [stack: 0x000000882f800000,0x000000882f900000] [id=11932]
  0x000001bdb15b0800 ConcurrentGCThread "G1 Refine#0" [stack: 0x000000882d400000,0x000000882d500000] [id=5492]
  0x000001bdb15b1800 ConcurrentGCThread "G1 Young RemSet Sampling" [stack: 0x000000882d500000,0x000000882d600000] [id=14960]

Threads with active compile tasks:
C2 CompilerThread03644       4       com.sun.imageio.plugins.jpeg.JPEGImageReader::getNumImagesOnThread (358 bytes)

VM state:not at safepoint (normal execution)

VM Mutex/Monitor currently owned by a thread: None

Heap address: 0x0000000702600000, size: 4058 MB, Compressed Oops mode: Zero based, Oop shift amount: 3
Narrow klass base: 0x0000000800000000, Narrow klass shift: 0
Compressed class space size: 1073741824 Address: 0x0000000800000000

Heap:
 garbage-first heap   total 260096K, used 249258K [0x0000000702600000, 0x0000000800000000)
  region size 1024K, 9 young (9216K), 2 survivors (2048K)
 Metaspace       used 30623K, capacity 31677K, committed 31792K, reserved 1077248K
  class space    used 3731K, capacity 4190K, committed 4224K, reserved 1048576K
Heap Regions: E=young(eden), S=young(survivor), O=old, HS=humongous(starts), HC=humongous(continues), CS=collection set, F=free, A=archive, TAMS=top-at-mark-start (previous, next)
|   0|0x0000000702600000, 0x0000000702700000, 0x0000000702700000|100%| O|  |TAMS 0x0000000702700000, 0x0000000702600000| Untracked 
|   1|0x0000000702700000, 0x0000000702800000, 0x0000000702800000|100%|HS|  |TAMS 0x0000000702800000, 0x0000000702700000| Complete 
|   2|0x0000000702800000, 0x0000000702900000, 0x0000000702900000|100%|HC|  |TAMS 0x0000000702900000, 0x0000000702800000| Complete 
|   3|0x0000000702900000, 0x0000000702a00000, 0x0000000702a00000|100%|HS|  |TAMS 0x0000000702a00000, 0x0000000702900000| Complete 
|   4|0x0000000702a00000, 0x0000000702b00000, 0x0000000702b00000|100%|HC|  |TAMS 0x0000000702b00000, 0x0000000702a00000| Complete 
|   5|0x0000000702b00000, 0x0000000702c00000, 0x0000000702c00000|100%|HC|  |TAMS 0x0000000702c00000, 0x0000000702b00000| Complete 
|   6|0x0000000702c00000, 0x0000000702d00000, 0x0000000702d00000|100%|HC|  |TAMS 0x0000000702d00000, 0x0000000702c00000| Complete 
|   7|0x0000000702d00000, 0x0000000702e00000, 0x0000000702e00000|100%|HC|  |TAMS 0x0000000702e00000, 0x0000000702d00000| Complete 
|   8|0x0000000702e00000, 0x0000000702f00000, 0x0000000702f00000|100%|HC|  |TAMS 0x0000000702f00000, 0x0000000702e00000| Complete 
|   9|0x0000000702f00000, 0x0000000703000000, 0x0000000703000000|100%|HC|  |TAMS 0x0000000703000000, 0x0000000702f00000| Complete 
|  10|0x0000000703000000, 0x0000000703100000, 0x0000000703100000|100%|HC|  |TAMS 0x0000000703100000, 0x0000000703000000| Complete 
|  11|0x0000000703100000, 0x0000000703200000, 0x0000000703200000|100%|HC|  |TAMS 0x0000000703200000, 0x0000000703100000| Complete 
|  12|0x0000000703200000, 0x0000000703300000, 0x0000000703300000|100%|HC|  |TAMS 0x0000000703300000, 0x0000000703200000| Complete 
|  13|0x0000000703300000, 0x0000000703400000, 0x0000000703400000|100%|HC|  |TAMS 0x0000000703400000, 0x0000000703300000| Complete 
|  14|0x0000000703400000, 0x0000000703500000, 0x0000000703500000|100%|HC|  |TAMS 0x0000000703500000, 0x0000000703400000| Complete 
|  15|0x0000000703500000, 0x0000000703600000, 0x0000000703600000|100%|HC|  |TAMS 0x0000000703600000, 0x0000000703500000| Complete 
|  16|0x0000000703600000, 0x0000000703700000, 0x0000000703700000|100%|HC|  |TAMS 0x0000000703700000, 0x0000000703600000| Complete 
|  17|0x0000000703700000, 0x0000000703800000, 0x0000000703800000|100%|HC|  |TAMS 0x0000000703800000, 0x0000000703700000| Complete 
|  18|0x0000000703800000, 0x0000000703900000, 0x0000000703900000|100%|HC|  |TAMS 0x0000000703900000, 0x0000000703800000| Complete 
|  19|0x0000000703900000, 0x0000000703a00000, 0x0000000703a00000|100%|HC|  |TAMS 0x0000000703a00000, 0x0000000703900000| Complete 
|  20|0x0000000703a00000, 0x0000000703b00000, 0x0000000703b00000|100%|HC|  |TAMS 0x0000000703b00000, 0x0000000703a00000| Complete 
|  21|0x0000000703b00000, 0x0000000703c00000, 0x0000000703c00000|100%|HC|  |TAMS 0x0000000703c00000, 0x0000000703b00000| Complete 
|  22|0x0000000703c00000, 0x0000000703d00000, 0x0000000703d00000|100%|HC|  |TAMS 0x0000000703d00000, 0x0000000703c00000| Complete 
|  23|0x0000000703d00000, 0x0000000703e00000, 0x0000000703e00000|100%|HC|  |TAMS 0x0000000703e00000, 0x0000000703d00000| Complete 
|  24|0x0000000703e00000, 0x0000000703f00000, 0x0000000703f00000|100%|HC|  |TAMS 0x0000000703f00000, 0x0000000703e00000| Complete 
|  25|0x0000000703f00000, 0x0000000704000000, 0x0000000704000000|100%|HC|  |TAMS 0x0000000704000000, 0x0000000703f00000| Complete 
|  26|0x0000000704000000, 0x0000000704100000, 0x0000000704100000|100%|HC|  |TAMS 0x0000000704100000, 0x0000000704000000| Complete 
|  27|0x0000000704100000, 0x0000000704200000, 0x0000000704200000|100%|HC|  |TAMS 0x0000000704200000, 0x0000000704100000| Complete 
|  28|0x0000000704200000, 0x0000000704300000, 0x0000000704300000|100%|HC|  |TAMS 0x0000000704300000, 0x0000000704200000| Complete 
|  29|0x0000000704300000, 0x0000000704400000, 0x0000000704400000|100%|HC|  |TAMS 0x0000000704400000, 0x0000000704300000| Complete 
|  30|0x0000000704400000, 0x0000000704500000, 0x0000000704500000|100%|HC|  |TAMS 0x0000000704500000, 0x0000000704400000| Complete 
|  31|0x0000000704500000, 0x0000000704600000, 0x0000000704600000|100%| O|  |TAMS 0x0000000704600000, 0x0000000704500000| Untracked 
|  32|0x0000000704600000, 0x0000000704700000, 0x0000000704700000|100%| O|  |TAMS 0x0000000704700000, 0x0000000704600000| Untracked 
|  33|0x0000000704700000, 0x0000000704800000, 0x0000000704800000|100%| O|  |TAMS 0x0000000704800000, 0x0000000704700000| Untracked 
|  34|0x0000000704800000, 0x0000000704900000, 0x0000000704900000|100%| O|  |TAMS 0x0000000704900000, 0x0000000704800000| Untracked 
|  35|0x0000000704900000, 0x0000000704a00000, 0x0000000704a00000|100%| O|  |TAMS 0x0000000704a00000, 0x0000000704900000| Untracked 
|  36|0x0000000704a00000, 0x0000000704b00000, 0x0000000704b00000|100%| O|  |TAMS 0x0000000704b00000, 0x0000000704a00000| Untracked 
|  37|0x0000000704b00000, 0x0000000704c00000, 0x0000000704c00000|100%|HS|  |TAMS 0x0000000704c00000, 0x0000000704b00000| Complete 
|  38|0x0000000704c00000, 0x0000000704d00000, 0x0000000704d00000|100%|HC|  |TAMS 0x0000000704d00000, 0x0000000704c00000| Complete 
|  39|0x0000000704d00000, 0x0000000704e00000, 0x0000000704e00000|100%|HC|  |TAMS 0x0000000704e00000, 0x0000000704d00000| Complete 
|  40|0x0000000704e00000, 0x0000000704f00000, 0x0000000704f00000|100%|HC|  |TAMS 0x0000000704f00000, 0x0000000704e00000| Complete 
|  41|0x0000000704f00000, 0x0000000705000000, 0x0000000705000000|100%|HC|  |TAMS 0x0000000705000000, 0x0000000704f00000| Complete 
|  42|0x0000000705000000, 0x0000000705100000, 0x0000000705100000|100%|HC|  |TAMS 0x0000000705100000, 0x0000000705000000| Complete 
|  43|0x0000000705100000, 0x0000000705200000, 0x0000000705200000|100%|HC|  |TAMS 0x0000000705200000, 0x0000000705100000| Complete 
|  44|0x0000000705200000, 0x0000000705300000, 0x0000000705300000|100%|HC|  |TAMS 0x0000000705300000, 0x0000000705200000| Complete 
|  45|0x0000000705300000, 0x0000000705400000, 0x0000000705400000|100%|HC|  |TAMS 0x0000000705400000, 0x0000000705300000| Complete 
|  46|0x0000000705400000, 0x0000000705500000, 0x0000000705500000|100%|HC|  |TAMS 0x0000000705500000, 0x0000000705400000| Complete 
|  47|0x0000000705500000, 0x0000000705600000, 0x0000000705600000|100%|HC|  |TAMS 0x0000000705600000, 0x0000000705500000| Complete 
|  48|0x0000000705600000, 0x0000000705700000, 0x0000000705700000|100%|HC|  |TAMS 0x0000000705700000, 0x0000000705600000| Complete 
|  49|0x0000000705700000, 0x0000000705800000, 0x0000000705800000|100%|HC|  |TAMS 0x0000000705800000, 0x0000000705700000| Complete 
|  50|0x0000000705800000, 0x0000000705900000, 0x0000000705900000|100%|HC|  |TAMS 0x0000000705900000, 0x0000000705800000| Complete 
|  51|0x0000000705900000, 0x0000000705a00000, 0x0000000705a00000|100%|HC|  |TAMS 0x0000000705a00000, 0x0000000705900000| Complete 
|  52|0x0000000705a00000, 0x0000000705b00000, 0x0000000705b00000|100%|HC|  |TAMS 0x0000000705b00000, 0x0000000705a00000| Complete 
|  53|0x0000000705b00000, 0x0000000705c00000, 0x0000000705c00000|100%|HC|  |TAMS 0x0000000705c00000, 0x0000000705b00000| Complete 
|  54|0x0000000705c00000, 0x0000000705d00000, 0x0000000705d00000|100%|HC|  |TAMS 0x0000000705d00000, 0x0000000705c00000| Complete 
|  55|0x0000000705d00000, 0x0000000705e00000, 0x0000000705e00000|100%|HC|  |TAMS 0x0000000705e00000, 0x0000000705d00000| Complete 
|  56|0x0000000705e00000, 0x0000000705f00000, 0x0000000705f00000|100%|HC|  |TAMS 0x0000000705f00000, 0x0000000705e00000| Complete 
|  57|0x0000000705f00000, 0x0000000706000000, 0x0000000706000000|100%|HC|  |TAMS 0x0000000706000000, 0x0000000705f00000| Complete 
|  58|0x0000000706000000, 0x0000000706100000, 0x0000000706100000|100%|HC|  |TAMS 0x0000000706100000, 0x0000000706000000| Complete 
|  59|0x0000000706100000, 0x0000000706200000, 0x0000000706200000|100%|HC|  |TAMS 0x0000000706200000, 0x0000000706100000| Complete 
|  60|0x0000000706200000, 0x0000000706300000, 0x0000000706300000|100%|HC|  |TAMS 0x0000000706300000, 0x0000000706200000| Complete 
|  61|0x0000000706300000, 0x0000000706400000, 0x0000000706400000|100%|HC|  |TAMS 0x0000000706400000, 0x0000000706300000| Complete 
|  62|0x0000000706400000, 0x0000000706500000, 0x0000000706500000|100%|HC|  |TAMS 0x0000000706500000, 0x0000000706400000| Complete 
|  63|0x0000000706500000, 0x0000000706600000, 0x0000000706600000|100%|HC|  |TAMS 0x0000000706600000, 0x0000000706500000| Complete 
|  64|0x0000000706600000, 0x0000000706700000, 0x0000000706700000|100%|HC|  |TAMS 0x0000000706700000, 0x0000000706600000| Complete 
|  65|0x0000000706700000, 0x0000000706800000, 0x0000000706800000|100%|HS|  |TAMS 0x0000000706800000, 0x0000000706700000| Complete 
|  66|0x0000000706800000, 0x0000000706900000, 0x0000000706900000|100%|HC|  |TAMS 0x0000000706900000, 0x0000000706800000| Complete 
|  67|0x0000000706900000, 0x0000000706a00000, 0x0000000706a00000|100%|HC|  |TAMS 0x0000000706a00000, 0x0000000706900000| Complete 
|  68|0x0000000706a00000, 0x0000000706b00000, 0x0000000706b00000|100%|HC|  |TAMS 0x0000000706b00000, 0x0000000706a00000| Complete 
|  69|0x0000000706b00000, 0x0000000706c00000, 0x0000000706c00000|100%|HC|  |TAMS 0x0000000706c00000, 0x0000000706b00000| Complete 
|  70|0x0000000706c00000, 0x0000000706d00000, 0x0000000706d00000|100%|HC|  |TAMS 0x0000000706d00000, 0x0000000706c00000| Complete 
|  71|0x0000000706d00000, 0x0000000706e00000, 0x0000000706e00000|100%|HC|  |TAMS 0x0000000706e00000, 0x0000000706d00000| Complete 
|  72|0x0000000706e00000, 0x0000000706f00000, 0x0000000706f00000|100%|HC|  |TAMS 0x0000000706f00000, 0x0000000706e00000| Complete 
|  73|0x0000000706f00000, 0x0000000707000000, 0x0000000707000000|100%|HC|  |TAMS 0x0000000707000000, 0x0000000706f00000| Complete 
|  74|0x0000000707000000, 0x0000000707100000, 0x0000000707100000|100%|HC|  |TAMS 0x0000000707100000, 0x0000000707000000| Complete 
|  75|0x0000000707100000, 0x0000000707200000, 0x0000000707200000|100%|HC|  |TAMS 0x0000000707200000, 0x0000000707100000| Complete 
|  76|0x0000000707200000, 0x0000000707300000, 0x0000000707300000|100%|HC|  |TAMS 0x0000000707300000, 0x0000000707200000| Complete 
|  77|0x0000000707300000, 0x0000000707400000, 0x0000000707400000|100%|HC|  |TAMS 0x0000000707400000, 0x0000000707300000| Complete 
|  78|0x0000000707400000, 0x0000000707500000, 0x0000000707500000|100%|HC|  |TAMS 0x0000000707500000, 0x0000000707400000| Complete 
|  79|0x0000000707500000, 0x0000000707600000, 0x0000000707600000|100%|HC|  |TAMS 0x0000000707600000, 0x0000000707500000| Complete 
|  80|0x0000000707600000, 0x0000000707700000, 0x0000000707700000|100%|HC|  |TAMS 0x0000000707700000, 0x0000000707600000| Complete 
|  81|0x0000000707700000, 0x0000000707800000, 0x0000000707800000|100%|HC|  |TAMS 0x0000000707800000, 0x0000000707700000| Complete 
|  82|0x0000000707800000, 0x0000000707900000, 0x0000000707900000|100%|HC|  |TAMS 0x0000000707900000, 0x0000000707800000| Complete 
|  83|0x0000000707900000, 0x0000000707a00000, 0x0000000707a00000|100%|HC|  |TAMS 0x0000000707a00000, 0x0000000707900000| Complete 
|  84|0x0000000707a00000, 0x0000000707b00000, 0x0000000707b00000|100%|HC|  |TAMS 0x0000000707b00000, 0x0000000707a00000| Complete 
|  85|0x0000000707b00000, 0x0000000707c00000, 0x0000000707c00000|100%|HC|  |TAMS 0x0000000707c00000, 0x0000000707b00000| Complete 
|  86|0x0000000707c00000, 0x0000000707d00000, 0x0000000707d00000|100%|HC|  |TAMS 0x0000000707d00000, 0x0000000707c00000| Complete 
|  87|0x0000000707d00000, 0x0000000707e00000, 0x0000000707e00000|100%|HC|  |TAMS 0x0000000707e00000, 0x0000000707d00000| Complete 
|  88|0x0000000707e00000, 0x0000000707f00000, 0x0000000707f00000|100%|HC|  |TAMS 0x0000000707f00000, 0x0000000707e00000| Complete 
|  89|0x0000000707f00000, 0x0000000708000000, 0x0000000708000000|100%|HC|  |TAMS 0x0000000708000000, 0x0000000707f00000| Complete 
|  90|0x0000000708000000, 0x0000000708100000, 0x0000000708100000|100%|HC|  |TAMS 0x0000000708100000, 0x0000000708000000| Complete 
|  91|0x0000000708100000, 0x0000000708200000, 0x0000000708200000|100%|HC|  |TAMS 0x0000000708200000, 0x0000000708100000| Complete 
|  92|0x0000000708200000, 0x0000000708300000, 0x0000000708300000|100%|HC|  |TAMS 0x0000000708300000, 0x0000000708200000| Complete 
|  93|0x0000000708300000, 0x0000000708400000, 0x0000000708400000|100%| O|  |TAMS 0x0000000708400000, 0x0000000708300000| Untracked 
|  94|0x0000000708400000, 0x0000000708500000, 0x0000000708500000|100%| O|  |TAMS 0x0000000708500000, 0x0000000708400000| Untracked 
|  95|0x0000000708500000, 0x0000000708600000, 0x0000000708600000|100%|HS|  |TAMS 0x0000000708600000, 0x0000000708500000| Complete 
|  96|0x0000000708600000, 0x0000000708700000, 0x0000000708700000|100%|HC|  |TAMS 0x0000000708700000, 0x0000000708600000| Complete 
|  97|0x0000000708700000, 0x0000000708800000, 0x0000000708800000|100%|HS|  |TAMS 0x0000000708700000, 0x0000000708700000| Complete 
|  98|0x0000000708800000, 0x0000000708900000, 0x0000000708900000|100%|HC|  |TAMS 0x0000000708800000, 0x0000000708800000| Complete 
|  99|0x0000000708900000, 0x0000000708a00000, 0x0000000708a00000|100%|HC|  |TAMS 0x0000000708900000, 0x0000000708900000| Complete 
| 100|0x0000000708a00000, 0x0000000708b00000, 0x0000000708b00000|100%|HC|  |TAMS 0x0000000708a00000, 0x0000000708a00000| Complete 
| 101|0x0000000708b00000, 0x0000000708c00000, 0x0000000708c00000|100%|HC|  |TAMS 0x0000000708b00000, 0x0000000708b00000| Complete 
| 102|0x0000000708c00000, 0x0000000708d00000, 0x0000000708d00000|100%|HC|  |TAMS 0x0000000708c00000, 0x0000000708c00000| Complete 
| 103|0x0000000708d00000, 0x0000000708e00000, 0x0000000708e00000|100%|HC|  |TAMS 0x0000000708d00000, 0x0000000708d00000| Complete 
| 104|0x0000000708e00000, 0x0000000708f00000, 0x0000000708f00000|100%|HC|  |TAMS 0x0000000708e00000, 0x0000000708e00000| Complete 
| 105|0x0000000708f00000, 0x0000000709000000, 0x0000000709000000|100%|HC|  |TAMS 0x0000000708f00000, 0x0000000708f00000| Complete 
| 106|0x0000000709000000, 0x0000000709100000, 0x0000000709100000|100%|HC|  |TAMS 0x0000000709000000, 0x0000000709000000| Complete 
| 107|0x0000000709100000, 0x0000000709200000, 0x0000000709200000|100%|HC|  |TAMS 0x0000000709100000, 0x0000000709100000| Complete 
| 108|0x0000000709200000, 0x0000000709300000, 0x0000000709300000|100%|HC|  |TAMS 0x0000000709200000, 0x0000000709200000| Complete 
| 109|0x0000000709300000, 0x0000000709400000, 0x0000000709400000|100%|HC|  |TAMS 0x0000000709300000, 0x0000000709300000| Complete 
| 110|0x0000000709400000, 0x0000000709500000, 0x0000000709500000|100%|HC|  |TAMS 0x0000000709400000, 0x0000000709400000| Complete 
| 111|0x0000000709500000, 0x0000000709600000, 0x0000000709600000|100%|HC|  |TAMS 0x0000000709500000, 0x0000000709500000| Complete 
| 112|0x0000000709600000, 0x0000000709700000, 0x0000000709700000|100%|HC|  |TAMS 0x0000000709600000, 0x0000000709600000| Complete 
| 113|0x0000000709700000, 0x0000000709800000, 0x0000000709800000|100%|HC|  |TAMS 0x0000000709700000, 0x0000000709700000| Complete 
| 114|0x0000000709800000, 0x0000000709900000, 0x0000000709900000|100%|HC|  |TAMS 0x0000000709800000, 0x0000000709800000| Complete 
| 115|0x0000000709900000, 0x0000000709a00000, 0x0000000709a00000|100%|HC|  |TAMS 0x0000000709900000, 0x0000000709900000| Complete 
| 116|0x0000000709a00000, 0x0000000709b00000, 0x0000000709b00000|100%|HC|  |TAMS 0x0000000709a00000, 0x0000000709a00000| Complete 
| 117|0x0000000709b00000, 0x0000000709c00000, 0x0000000709c00000|100%|HC|  |TAMS 0x0000000709b00000, 0x0000000709b00000| Complete 
| 118|0x0000000709c00000, 0x0000000709d00000, 0x0000000709d00000|100%|HC|  |TAMS 0x0000000709c00000, 0x0000000709c00000| Complete 
| 119|0x0000000709d00000, 0x0000000709e00000, 0x0000000709e00000|100%|HC|  |TAMS 0x0000000709d00000, 0x0000000709d00000| Complete 
| 120|0x0000000709e00000, 0x0000000709f00000, 0x0000000709f00000|100%|HC|  |TAMS 0x0000000709e00000, 0x0000000709e00000| Complete 
| 121|0x0000000709f00000, 0x000000070a000000, 0x000000070a000000|100%|HC|  |TAMS 0x0000000709f00000, 0x0000000709f00000| Complete 
| 122|0x000000070a000000, 0x000000070a100000, 0x000000070a100000|100%|HC|  |TAMS 0x000000070a000000, 0x000000070a000000| Complete 
| 123|0x000000070a100000, 0x000000070a200000, 0x000000070a200000|100%|HC|  |TAMS 0x000000070a100000, 0x000000070a100000| Complete 
| 124|0x000000070a200000, 0x000000070a300000, 0x000000070a300000|100%|HC|  |TAMS 0x000000070a200000, 0x000000070a200000| Complete 
| 125|0x000000070a300000, 0x000000070a400000, 0x000000070a400000|100%|HS|  |TAMS 0x000000070a400000, 0x000000070a300000| Complete 
| 126|0x000000070a400000, 0x000000070a500000, 0x000000070a500000|100%|HC|  |TAMS 0x000000070a500000, 0x000000070a400000| Complete 
| 127|0x000000070a500000, 0x000000070a600000, 0x000000070a600000|100%|HC|  |TAMS 0x000000070a600000, 0x000000070a500000| Complete 
| 128|0x000000070a600000, 0x000000070a700000, 0x000000070a700000|100%|HC|  |TAMS 0x000000070a700000, 0x000000070a600000| Complete 
| 129|0x000000070a700000, 0x000000070a800000, 0x000000070a800000|100%|HC|  |TAMS 0x000000070a800000, 0x000000070a700000| Complete 
| 130|0x000000070a800000, 0x000000070a900000, 0x000000070a900000|100%|HC|  |TAMS 0x000000070a900000, 0x000000070a800000| Complete 
| 131|0x000000070a900000, 0x000000070aa00000, 0x000000070aa00000|100%|HC|  |TAMS 0x000000070aa00000, 0x000000070a900000| Complete 
| 132|0x000000070aa00000, 0x000000070ab00000, 0x000000070ab00000|100%|HC|  |TAMS 0x000000070ab00000, 0x000000070aa00000| Complete 
| 133|0x000000070ab00000, 0x000000070ac00000, 0x000000070ac00000|100%|HC|  |TAMS 0x000000070ac00000, 0x000000070ab00000| Complete 
| 134|0x000000070ac00000, 0x000000070ad00000, 0x000000070ad00000|100%|HC|  |TAMS 0x000000070ad00000, 0x000000070ac00000| Complete 
| 135|0x000000070ad00000, 0x000000070ae00000, 0x000000070ae00000|100%|HC|  |TAMS 0x000000070ae00000, 0x000000070ad00000| Complete 
| 136|0x000000070ae00000, 0x000000070af00000, 0x000000070af00000|100%|HC|  |TAMS 0x000000070af00000, 0x000000070ae00000| Complete 
| 137|0x000000070af00000, 0x000000070b000000, 0x000000070b000000|100%|HC|  |TAMS 0x000000070b000000, 0x000000070af00000| Complete 
| 138|0x000000070b000000, 0x000000070b100000, 0x000000070b100000|100%|HC|  |TAMS 0x000000070b100000, 0x000000070b000000| Complete 
| 139|0x000000070b100000, 0x000000070b200000, 0x000000070b200000|100%|HC|  |TAMS 0x000000070b200000, 0x000000070b100000| Complete 
| 140|0x000000070b200000, 0x000000070b300000, 0x000000070b300000|100%|HC|  |TAMS 0x000000070b300000, 0x000000070b200000| Complete 
| 141|0x000000070b300000, 0x000000070b400000, 0x000000070b400000|100%|HC|  |TAMS 0x000000070b400000, 0x000000070b300000| Complete 
| 142|0x000000070b400000, 0x000000070b500000, 0x000000070b500000|100%|HC|  |TAMS 0x000000070b500000, 0x000000070b400000| Complete 
| 143|0x000000070b500000, 0x000000070b600000, 0x000000070b600000|100%|HC|  |TAMS 0x000000070b600000, 0x000000070b500000| Complete 
| 144|0x000000070b600000, 0x000000070b700000, 0x000000070b700000|100%|HC|  |TAMS 0x000000070b700000, 0x000000070b600000| Complete 
| 145|0x000000070b700000, 0x000000070b800000, 0x000000070b800000|100%|HC|  |TAMS 0x000000070b800000, 0x000000070b700000| Complete 
| 146|0x000000070b800000, 0x000000070b900000, 0x000000070b900000|100%|HC|  |TAMS 0x000000070b900000, 0x000000070b800000| Complete 
| 147|0x000000070b900000, 0x000000070ba00000, 0x000000070ba00000|100%|HC|  |TAMS 0x000000070ba00000, 0x000000070b900000| Complete 
| 148|0x000000070ba00000, 0x000000070bb00000, 0x000000070bb00000|100%|HC|  |TAMS 0x000000070bb00000, 0x000000070ba00000| Complete 
| 149|0x000000070bb00000, 0x000000070bc00000, 0x000000070bc00000|100%|HC|  |TAMS 0x000000070bc00000, 0x000000070bb00000| Complete 
| 150|0x000000070bc00000, 0x000000070bd00000, 0x000000070bd00000|100%|HC|  |TAMS 0x000000070bd00000, 0x000000070bc00000| Complete 
| 151|0x000000070bd00000, 0x000000070be00000, 0x000000070be00000|100%|HC|  |TAMS 0x000000070be00000, 0x000000070bd00000| Complete 
| 152|0x000000070be00000, 0x000000070bf00000, 0x000000070bf00000|100%|HC|  |TAMS 0x000000070bf00000, 0x000000070be00000| Complete 
| 153|0x000000070bf00000, 0x000000070c000000, 0x000000070c000000|100%|HS|  |TAMS 0x000000070c000000, 0x000000070bf00000| Complete 
| 154|0x000000070c000000, 0x000000070c100000, 0x000000070c100000|100%|HC|  |TAMS 0x000000070c100000, 0x000000070c000000| Complete 
| 155|0x000000070c100000, 0x000000070c200000, 0x000000070c200000|100%|HC|  |TAMS 0x000000070c200000, 0x000000070c100000| Complete 
| 156|0x000000070c200000, 0x000000070c300000, 0x000000070c300000|100%|HC|  |TAMS 0x000000070c300000, 0x000000070c200000| Complete 
| 157|0x000000070c300000, 0x000000070c400000, 0x000000070c400000|100%|HC|  |TAMS 0x000000070c400000, 0x000000070c300000| Complete 
| 158|0x000000070c400000, 0x000000070c500000, 0x000000070c500000|100%|HC|  |TAMS 0x000000070c500000, 0x000000070c400000| Complete 
| 159|0x000000070c500000, 0x000000070c600000, 0x000000070c600000|100%|HC|  |TAMS 0x000000070c600000, 0x000000070c500000| Complete 
| 160|0x000000070c600000, 0x000000070c700000, 0x000000070c700000|100%|HC|  |TAMS 0x000000070c700000, 0x000000070c600000| Complete 
| 161|0x000000070c700000, 0x000000070c800000, 0x000000070c800000|100%|HC|  |TAMS 0x000000070c800000, 0x000000070c700000| Complete 
| 162|0x000000070c800000, 0x000000070c900000, 0x000000070c900000|100%|HC|  |TAMS 0x000000070c900000, 0x000000070c800000| Complete 
| 163|0x000000070c900000, 0x000000070ca00000, 0x000000070ca00000|100%|HC|  |TAMS 0x000000070ca00000, 0x000000070c900000| Complete 
| 164|0x000000070ca00000, 0x000000070cb00000, 0x000000070cb00000|100%|HC|  |TAMS 0x000000070cb00000, 0x000000070ca00000| Complete 
| 165|0x000000070cb00000, 0x000000070cc00000, 0x000000070cc00000|100%|HC|  |TAMS 0x000000070cc00000, 0x000000070cb00000| Complete 
| 166|0x000000070cc00000, 0x000000070cd00000, 0x000000070cd00000|100%|HC|  |TAMS 0x000000070cd00000, 0x000000070cc00000| Complete 
| 167|0x000000070cd00000, 0x000000070ce00000, 0x000000070ce00000|100%|HC|  |TAMS 0x000000070ce00000, 0x000000070cd00000| Complete 
| 168|0x000000070ce00000, 0x000000070cf00000, 0x000000070cf00000|100%|HC|  |TAMS 0x000000070cf00000, 0x000000070ce00000| Complete 
| 169|0x000000070cf00000, 0x000000070d000000, 0x000000070d000000|100%|HC|  |TAMS 0x000000070d000000, 0x000000070cf00000| Complete 
| 170|0x000000070d000000, 0x000000070d100000, 0x000000070d100000|100%|HC|  |TAMS 0x000000070d100000, 0x000000070d000000| Complete 
| 171|0x000000070d100000, 0x000000070d200000, 0x000000070d200000|100%|HC|  |TAMS 0x000000070d200000, 0x000000070d100000| Complete 
| 172|0x000000070d200000, 0x000000070d300000, 0x000000070d300000|100%|HC|  |TAMS 0x000000070d300000, 0x000000070d200000| Complete 
| 173|0x000000070d300000, 0x000000070d400000, 0x000000070d400000|100%|HC|  |TAMS 0x000000070d400000, 0x000000070d300000| Complete 
| 174|0x000000070d400000, 0x000000070d500000, 0x000000070d500000|100%|HC|  |TAMS 0x000000070d500000, 0x000000070d400000| Complete 
| 175|0x000000070d500000, 0x000000070d600000, 0x000000070d600000|100%|HC|  |TAMS 0x000000070d600000, 0x000000070d500000| Complete 
| 176|0x000000070d600000, 0x000000070d700000, 0x000000070d700000|100%|HC|  |TAMS 0x000000070d700000, 0x000000070d600000| Complete 
| 177|0x000000070d700000, 0x000000070d800000, 0x000000070d800000|100%|HC|  |TAMS 0x000000070d800000, 0x000000070d700000| Complete 
| 178|0x000000070d800000, 0x000000070d900000, 0x000000070d900000|100%|HC|  |TAMS 0x000000070d900000, 0x000000070d800000| Complete 
| 179|0x000000070d900000, 0x000000070da00000, 0x000000070da00000|100%|HC|  |TAMS 0x000000070da00000, 0x000000070d900000| Complete 
| 180|0x000000070da00000, 0x000000070db00000, 0x000000070db00000|100%|HC|  |TAMS 0x000000070db00000, 0x000000070da00000| Complete 
| 181|0x000000070db00000, 0x000000070dc00000, 0x000000070dc00000|100%|HS|  |TAMS 0x000000070dc00000, 0x000000070db00000| Complete 
| 182|0x000000070dc00000, 0x000000070dd00000, 0x000000070dd00000|100%|HC|  |TAMS 0x000000070dd00000, 0x000000070dc00000| Complete 
| 183|0x000000070dd00000, 0x000000070de00000, 0x000000070de00000|100%|HC|  |TAMS 0x000000070de00000, 0x000000070dd00000| Complete 
| 184|0x000000070de00000, 0x000000070df00000, 0x000000070df00000|100%|HC|  |TAMS 0x000000070df00000, 0x000000070de00000| Complete 
| 185|0x000000070df00000, 0x000000070e000000, 0x000000070e000000|100%|HC|  |TAMS 0x000000070e000000, 0x000000070df00000| Complete 
| 186|0x000000070e000000, 0x000000070e100000, 0x000000070e100000|100%|HC|  |TAMS 0x000000070e100000, 0x000000070e000000| Complete 
| 187|0x000000070e100000, 0x000000070e200000, 0x000000070e200000|100%|HC|  |TAMS 0x000000070e200000, 0x000000070e100000| Complete 
| 188|0x000000070e200000, 0x000000070e300000, 0x000000070e300000|100%|HC|  |TAMS 0x000000070e300000, 0x000000070e200000| Complete 
| 189|0x000000070e300000, 0x000000070e400000, 0x000000070e400000|100%|HC|  |TAMS 0x000000070e400000, 0x000000070e300000| Complete 
| 190|0x000000070e400000, 0x000000070e500000, 0x000000070e500000|100%|HC|  |TAMS 0x000000070e500000, 0x000000070e400000| Complete 
| 191|0x000000070e500000, 0x000000070e600000, 0x000000070e600000|100%|HC|  |TAMS 0x000000070e600000, 0x000000070e500000| Complete 
| 192|0x000000070e600000, 0x000000070e700000, 0x000000070e700000|100%|HC|  |TAMS 0x000000070e700000, 0x000000070e600000| Complete 
| 193|0x000000070e700000, 0x000000070e800000, 0x000000070e800000|100%|HC|  |TAMS 0x000000070e800000, 0x000000070e700000| Complete 
| 194|0x000000070e800000, 0x000000070e900000, 0x000000070e900000|100%|HC|  |TAMS 0x000000070e900000, 0x000000070e800000| Complete 
| 195|0x000000070e900000, 0x000000070ea00000, 0x000000070ea00000|100%|HC|  |TAMS 0x000000070ea00000, 0x000000070e900000| Complete 
| 196|0x000000070ea00000, 0x000000070eb00000, 0x000000070eb00000|100%|HC|  |TAMS 0x000000070eb00000, 0x000000070ea00000| Complete 
| 197|0x000000070eb00000, 0x000000070ec00000, 0x000000070ec00000|100%|HC|  |TAMS 0x000000070ec00000, 0x000000070eb00000| Complete 
| 198|0x000000070ec00000, 0x000000070ed00000, 0x000000070ed00000|100%|HC|  |TAMS 0x000000070ed00000, 0x000000070ec00000| Complete 
| 199|0x000000070ed00000, 0x000000070ee00000, 0x000000070ee00000|100%|HC|  |TAMS 0x000000070ee00000, 0x000000070ed00000| Complete 
| 200|0x000000070ee00000, 0x000000070ef00000, 0x000000070ef00000|100%|HC|  |TAMS 0x000000070ef00000, 0x000000070ee00000| Complete 
| 201|0x000000070ef00000, 0x000000070f000000, 0x000000070f000000|100%|HC|  |TAMS 0x000000070f000000, 0x000000070ef00000| Complete 
| 202|0x000000070f000000, 0x000000070f100000, 0x000000070f100000|100%|HC|  |TAMS 0x000000070f100000, 0x000000070f000000| Complete 
| 203|0x000000070f100000, 0x000000070f200000, 0x000000070f200000|100%|HC|  |TAMS 0x000000070f200000, 0x000000070f100000| Complete 
| 204|0x000000070f200000, 0x000000070f300000, 0x000000070f300000|100%|HC|  |TAMS 0x000000070f300000, 0x000000070f200000| Complete 
| 205|0x000000070f300000, 0x000000070f400000, 0x000000070f400000|100%|HC|  |TAMS 0x000000070f400000, 0x000000070f300000| Complete 
| 206|0x000000070f400000, 0x000000070f500000, 0x000000070f500000|100%|HC|  |TAMS 0x000000070f500000, 0x000000070f400000| Complete 
| 207|0x000000070f500000, 0x000000070f600000, 0x000000070f600000|100%|HC|  |TAMS 0x000000070f600000, 0x000000070f500000| Complete 
| 208|0x000000070f600000, 0x000000070f700000, 0x000000070f700000|100%|HC|  |TAMS 0x000000070f700000, 0x000000070f600000| Complete 
| 209|0x000000070f700000, 0x000000070f712600, 0x000000070f800000|  7%| O|  |TAMS 0x000000070f712600, 0x000000070f700000| Untracked 
| 210|0x000000070f800000, 0x000000070f900000, 0x000000070f900000|100%|HS|  |TAMS 0x000000070f800000, 0x000000070f800000| Complete 
| 211|0x000000070f900000, 0x000000070fa00000, 0x000000070fa00000|100%|HC|  |TAMS 0x000000070f900000, 0x000000070f900000| Complete 
| 212|0x000000070fa00000, 0x000000070fb00000, 0x000000070fb00000|100%|HC|  |TAMS 0x000000070fa00000, 0x000000070fa00000| Complete 
| 213|0x000000070fb00000, 0x000000070fc00000, 0x000000070fc00000|100%|HC|  |TAMS 0x000000070fb00000, 0x000000070fb00000| Complete 
| 214|0x000000070fc00000, 0x000000070fd00000, 0x000000070fd00000|100%|HC|  |TAMS 0x000000070fc00000, 0x000000070fc00000| Complete 
| 215|0x000000070fd00000, 0x000000070fe00000, 0x000000070fe00000|100%|HC|  |TAMS 0x000000070fd00000, 0x000000070fd00000| Complete 
| 216|0x000000070fe00000, 0x000000070ff00000, 0x000000070ff00000|100%|HC|  |TAMS 0x000000070fe00000, 0x000000070fe00000| Complete 
| 217|0x000000070ff00000, 0x0000000710000000, 0x0000000710000000|100%|HC|  |TAMS 0x000000070ff00000, 0x000000070ff00000| Complete 
| 218|0x0000000710000000, 0x0000000710100000, 0x0000000710100000|100%|HC|  |TAMS 0x0000000710000000, 0x0000000710000000| Complete 
| 219|0x0000000710100000, 0x0000000710200000, 0x0000000710200000|100%|HC|  |TAMS 0x0000000710100000, 0x0000000710100000| Complete 
| 220|0x0000000710200000, 0x0000000710300000, 0x0000000710300000|100%|HC|  |TAMS 0x0000000710200000, 0x0000000710200000| Complete 
| 221|0x0000000710300000, 0x0000000710400000, 0x0000000710400000|100%|HC|  |TAMS 0x0000000710300000, 0x0000000710300000| Complete 
| 222|0x0000000710400000, 0x0000000710500000, 0x0000000710500000|100%|HC|  |TAMS 0x0000000710400000, 0x0000000710400000| Complete 
| 223|0x0000000710500000, 0x0000000710600000, 0x0000000710600000|100%|HC|  |TAMS 0x0000000710500000, 0x0000000710500000| Complete 
| 224|0x0000000710600000, 0x0000000710700000, 0x0000000710700000|100%|HC|  |TAMS 0x0000000710600000, 0x0000000710600000| Complete 
| 225|0x0000000710700000, 0x0000000710800000, 0x0000000710800000|100%|HC|  |TAMS 0x0000000710700000, 0x0000000710700000| Complete 
| 226|0x0000000710800000, 0x0000000710900000, 0x0000000710900000|100%|HC|  |TAMS 0x0000000710800000, 0x0000000710800000| Complete 
| 227|0x0000000710900000, 0x0000000710a00000, 0x0000000710a00000|100%|HC|  |TAMS 0x0000000710900000, 0x0000000710900000| Complete 
| 228|0x0000000710a00000, 0x0000000710b00000, 0x0000000710b00000|100%|HC|  |TAMS 0x0000000710a00000, 0x0000000710a00000| Complete 
| 229|0x0000000710b00000, 0x0000000710c00000, 0x0000000710c00000|100%|HC|  |TAMS 0x0000000710b00000, 0x0000000710b00000| Complete 
| 230|0x0000000710c00000, 0x0000000710d00000, 0x0000000710d00000|100%|HC|  |TAMS 0x0000000710c00000, 0x0000000710c00000| Complete 
| 231|0x0000000710d00000, 0x0000000710e00000, 0x0000000710e00000|100%|HC|  |TAMS 0x0000000710d00000, 0x0000000710d00000| Complete 
| 232|0x0000000710e00000, 0x0000000710f00000, 0x0000000710f00000|100%|HC|  |TAMS 0x0000000710e00000, 0x0000000710e00000| Complete 
| 233|0x0000000710f00000, 0x0000000711000000, 0x0000000711000000|100%|HC|  |TAMS 0x0000000710f00000, 0x0000000710f00000| Complete 
| 234|0x0000000711000000, 0x0000000711100000, 0x0000000711100000|100%|HC|  |TAMS 0x0000000711000000, 0x0000000711000000| Complete 
| 235|0x0000000711100000, 0x0000000711200000, 0x0000000711200000|100%|HC|  |TAMS 0x0000000711100000, 0x0000000711100000| Complete 
| 236|0x0000000711200000, 0x0000000711300000, 0x0000000711300000|100%|HC|  |TAMS 0x0000000711200000, 0x0000000711200000| Complete 
| 237|0x0000000711300000, 0x0000000711400000, 0x0000000711400000|100%|HC|  |TAMS 0x0000000711300000, 0x0000000711300000| Complete 
| 238|0x0000000711400000, 0x0000000711400000, 0x0000000711500000|  0%| F|  |TAMS 0x0000000711400000, 0x0000000711400000| Untracked 
| 239|0x0000000711500000, 0x0000000711500000, 0x0000000711600000|  0%| F|  |TAMS 0x0000000711500000, 0x0000000711500000| Untracked 
| 240|0x0000000711600000, 0x0000000711600000, 0x0000000711700000|  0%| F|  |TAMS 0x0000000711600000, 0x0000000711600000| Untracked 
| 241|0x0000000711700000, 0x0000000711700000, 0x0000000711800000|  0%| F|  |TAMS 0x0000000711700000, 0x0000000711700000| Untracked 
| 242|0x0000000711800000, 0x0000000711800000, 0x0000000711900000|  0%| F|  |TAMS 0x0000000711800000, 0x0000000711800000| Untracked 
| 243|0x0000000711900000, 0x0000000711900000, 0x0000000711a00000|  0%| F|  |TAMS 0x0000000711900000, 0x0000000711900000| Untracked 
| 244|0x0000000711a00000, 0x0000000711a00000, 0x0000000711b00000|  0%| F|  |TAMS 0x0000000711a00000, 0x0000000711a00000| Untracked 
| 245|0x0000000711b00000, 0x0000000711bf3190, 0x0000000711c00000| 94%| E|  |TAMS 0x0000000711b00000, 0x0000000711b00000| Complete 
| 246|0x0000000711c00000, 0x0000000711cff218, 0x0000000711d00000| 99%| E|  |TAMS 0x0000000711c00000, 0x0000000711c00000| Complete 
| 247|0x0000000711d00000, 0x0000000711e00000, 0x0000000711e00000|100%| E|CS|TAMS 0x0000000711d00000, 0x0000000711d00000| Complete 
| 248|0x0000000711e00000, 0x0000000711f00000, 0x0000000711f00000|100%| E|CS|TAMS 0x0000000711e00000, 0x0000000711e00000| Complete 
| 249|0x0000000711f00000, 0x0000000712000000, 0x0000000712000000|100%| E|CS|TAMS 0x0000000711f00000, 0x0000000711f00000| Complete 
| 250|0x0000000712000000, 0x0000000712100000, 0x0000000712100000|100%| E|CS|TAMS 0x0000000712000000, 0x0000000712000000| Complete 
| 251|0x0000000712100000, 0x00000007121584a8, 0x0000000712200000| 34%| S|CS|TAMS 0x0000000712100000, 0x0000000712100000| Complete 
| 252|0x0000000712200000, 0x0000000712300000, 0x0000000712300000|100%| S|CS|TAMS 0x0000000712200000, 0x0000000712200000| Complete 
| 253|0x0000000712300000, 0x0000000712400000, 0x0000000712400000|100%| E|CS|TAMS 0x0000000712300000, 0x0000000712300000| Complete 

Card table byte_map: [0x000001bda5a70000,0x000001bda6260000] _byte_map_base: 0x000001bda225d000

Marking Bits (Prev, Next): (CMBitMap*) 0x000001bd8da753f8, (CMBitMap*) 0x000001bd8da75430
 Prev Bits: [0x000001bda6a50000, 0x000001bdaa9b8000)
 Next Bits: [0x000001bdaa9c0000, 0x000001bdae928000)

Polling page: 0x000001bd8b860000

Metaspace:

Usage:
  Non-class:     26.84 MB capacity,    26.26 MB ( 98%) used,   473.98 KB (  2%) free+waste,   121.38 KB ( <1%) overhead. 
      Class:      4.09 MB capacity,     3.64 MB ( 89%) used,   399.38 KB ( 10%) free+waste,    58.88 KB (  1%) overhead. 
       Both:     30.93 MB capacity,    29.91 MB ( 97%) used,   873.35 KB (  3%) free+waste,   180.25 KB ( <1%) overhead. 

Virtual space:
  Non-class space:       28.00 MB reserved,      26.92 MB ( 96%) committed 
      Class space:        1.00 GB reserved,       4.13 MB ( <1%) committed 
             Both:        1.03 GB reserved,      31.05 MB (  3%) committed 

Chunk freelists:
   Non-Class:  2.13 KB
       Class:  256 bytes
        Both:  2.38 KB

CodeHeap 'non-profiled nmethods': size=120000Kb used=1806Kb max_used=2085Kb free=118193Kb
 bounds [0x000001bd9d7f0000, 0x000001bd9da60000, 0x000001bda4d20000]
CodeHeap 'profiled nmethods': size=120000Kb used=6141Kb max_used=7334Kb free=113859Kb
 bounds [0x000001bd962c0000, 0x000001bd969f0000, 0x000001bd9d7f0000]
CodeHeap 'non-nmethods': size=5760Kb used=1464Kb max_used=1526Kb free=4295Kb
 bounds [0x000001bd95d20000, 0x000001bd95f90000, 0x000001bd962c0000]
 total_blobs=5335 nmethods=3154 adapters=737
 compilation: enabled
              stopped_count=0, restarted_count=0
 full_count=0

Compilation events (10 events):
Event: 390.960 Thread 0x000001bdb1f91800 3637       3       java.lang.String::getChars (54 bytes)
Event: 390.960 Thread 0x000001bdb1f91800 nmethod 3637 0x000001bd962f4b90 code [0x000001bd962f4da0, 0x000001bd962f52e0]
Event: 390.960 Thread 0x000001bdb1f91800 3639       3       java.nio.CharBuffer::position (8 bytes)
Event: 390.960 Thread 0x000001bdb1f91800 nmethod 3639 0x000001bd962d5790 code [0x000001bd962d5940, 0x000001bd962d5af0]
Event: 390.960 Thread 0x000001bdb1f91800 3638       3       java.nio.CharBuffer::position (6 bytes)
Event: 390.960 Thread 0x000001bdb1fe9000 3640       4       java.lang.StringUTF16::checkBoundsOffCount (10 bytes)
Event: 390.960 Thread 0x000001bdb1f91800 nmethod 3638 0x000001bd962e9890 code [0x000001bd962e9a60, 0x000001bd962e9c70]
Event: 390.960 Thread 0x000001bdb1f91800 3641       3       java.nio.charset.CoderResult::isOverflow (14 bytes)
Event: 390.960 Thread 0x000001bdb1f91800 nmethod 3641 0x000001bd962e2610 code [0x000001bd962e27c0, 0x000001bd962e2978]
Event: 390.962 Thread 0x000001bdb1fe9000 nmethod 3640 0x000001bd9d825a10 code [0x000001bd9d825ba0, 0x000001bd9d825cb8]

GC Heap History (10 events):
Event: 364.705 GC heap before
{Heap before GC invocations=4 (full 0):
 garbage-first heap   total 260096K, used 147041K [0x0000000702600000, 0x0000000800000000)
  region size 1024K, 46 young (47104K), 4 survivors (4096K)
 Metaspace       used 30162K, capacity 31247K, committed 31536K, reserved 1077248K
  class space    used 3690K, capacity 4152K, committed 4224K, reserved 1048576K
}
Event: 364.710 GC heap after
{Heap after GC invocations=5 (full 0):
 garbage-first heap   total 260096K, used 15616K [0x0000000702600000, 0x0000000800000000)
  region size 1024K, 5 young (5120K), 5 survivors (5120K)
 Metaspace       used 30162K, capacity 31247K, committed 31536K, reserved 1077248K
  class space    used 3690K, capacity 4152K, committed 4224K, reserved 1048576K
}
Event: 365.035 GC heap before
{Heap before GC invocations=6 (full 0):
 garbage-first heap   total 260096K, used 188672K [0x0000000702600000, 0x0000000800000000)
  region size 1024K, 92 young (94208K), 5 survivors (5120K)
 Metaspace       used 30169K, capacity 31247K, committed 31536K, reserved 1077248K
  class space    used 3690K, capacity 4152K, committed 4224K, reserved 1048576K
}
Event: 365.039 GC heap after
{Heap after GC invocations=7 (full 0):
 garbage-first heap   total 260096K, used 100751K [0x0000000702600000, 0x0000000800000000)
  region size 1024K, 4 young (4096K), 4 survivors (4096K)
 Metaspace       used 30169K, capacity 31247K, committed 31536K, reserved 1077248K
  class space    used 3690K, capacity 4152K, committed 4224K, reserved 1048576K
}
Event: 365.062 GC heap before
{Heap before GC invocations=8 (full 0):
 garbage-first heap   total 260096K, used 130447K [0x0000000702600000, 0x0000000800000000)
  region size 1024K, 6 young (6144K), 4 survivors (4096K)
 Metaspace       used 30169K, capacity 31247K, committed 31536K, reserved 1077248K
  class space    used 3690K, capacity 4152K, committed 4224K, reserved 1048576K
}
Event: 365.066 GC heap after
{Heap after GC invocations=9 (full 0):
 garbage-first heap   total 260096K, used 129258K [0x0000000702600000, 0x0000000800000000)
  region size 1024K, 4 young (4096K), 4 survivors (4096K)
 Metaspace       used 30169K, capacity 31247K, committed 31536K, reserved 1077248K
  class space    used 3690K, capacity 4152K, committed 4224K, reserved 1048576K
}
Event: 365.129 GC heap before
{Heap before GC invocations=10 (full 0):
 garbage-first heap   total 260096K, used 187626K [0x0000000702600000, 0x0000000800000000)
  region size 1024K, 6 young (6144K), 4 survivors (4096K)
 Metaspace       used 30169K, capacity 31247K, committed 31536K, reserved 1077248K
  class space    used 3690K, capacity 4152K, committed 4224K, reserved 1048576K
}
Event: 365.133 GC heap after
{Heap after GC invocations=11 (full 0):
 garbage-first heap   total 260096K, used 186734K [0x0000000702600000, 0x0000000800000000)
  region size 1024K, 4 young (4096K), 4 survivors (4096K)
 Metaspace       used 30169K, capacity 31247K, committed 31536K, reserved 1077248K
  class space    used 3690K, capacity 4152K, committed 4224K, reserved 1048576K
}
Event: 365.150 GC heap before
{Heap before GC invocations=12 (full 0):
 garbage-first heap   total 260096K, used 215406K [0x0000000702600000, 0x0000000800000000)
  region size 1024K, 5 young (5120K), 4 survivors (4096K)
 Metaspace       used 30169K, capacity 31247K, committed 31536K, reserved 1077248K
  class space    used 3690K, capacity 4152K, committed 4224K, reserved 1048576K
}
Event: 365.154 GC heap after
{Heap after GC invocations=13 (full 0):
 garbage-first heap   total 260096K, used 186794K [0x0000000702600000, 0x0000000800000000)
  region size 1024K, 2 young (2048K), 2 survivors (2048K)
 Metaspace       used 30169K, capacity 31247K, committed 31536K, reserved 1077248K
  class space    used 3690K, capacity 4152K, committed 4224K, reserved 1048576K
}

Deoptimization events (10 events):
Event: 364.715 Thread 0x000001bdb16dd800 Uncommon trap: reason=class_check action=maybe_recompile pc=0x000001bd9d985bfc method=java.util.regex.Pattern$GroupTail.match(Ljava/util/regex/Matcher;ILjava/lang/CharSequence;)Z @ 70 c2
Event: 364.715 Thread 0x000001bdb16dd800 Uncommon trap: reason=class_check action=maybe_recompile pc=0x000001bd9d989a44 method=java.util.regex.Pattern$BranchConn.match(Ljava/util/regex/Matcher;ILjava/lang/CharSequence;)Z @ 7 c2
Event: 364.715 Thread 0x000001bdb16dd800 Uncommon trap: reason=class_check action=maybe_recompile pc=0x000001bd9d989a44 method=java.util.regex.Pattern$BranchConn.match(Ljava/util/regex/Matcher;ILjava/lang/CharSequence;)Z @ 7 c2
Event: 368.903 Thread 0x000001bdb388f000 Uncommon trap: reason=unstable_if action=reinterpret pc=0x000001bd9d978bc0 method=java.lang.StringCoding.decodeUTF8_0([BIIZ)Ljava/lang/StringCoding$Result; @ 202 c2
Event: 368.917 Thread 0x000001bdb388f000 Uncommon trap: reason=unstable_if action=reinterpret pc=0x000001bd9d946da8 method=java.lang.String.indexOf(II)I @ 4 c2
Event: 368.919 Thread 0x000001bdb388f000 Uncommon trap: reason=unstable_if action=reinterpret pc=0x000001bd9d98bfd4 method=java.util.regex.Pattern$Ques.match(Ljava/util/regex/Matcher;ILjava/lang/CharSequence;)Z @ 62 c2
Event: 368.919 Thread 0x000001bdb388f000 Uncommon trap: reason=unstable_if action=reinterpret pc=0x000001bd9d98ad80 method=java.util.regex.Pattern$Start.match(Ljava/util/regex/Matcher;ILjava/lang/CharSequence;)Z @ 47 c2
Event: 368.919 Thread 0x000001bdb388f000 Uncommon trap: reason=unstable_if action=reinterpret pc=0x000001bd9d8303ac method=java.lang.String.substring(II)Ljava/lang/String; @ 31 c2
Event: 385.373 Thread 0x000001bdb3890000 Uncommon trap: reason=unstable_if action=reinterpret pc=0x000001bd9d811edc method=java.lang.StringCoding.hasNegatives([BII)Z @ 12 c2
Event: 389.219 Thread 0x000001bdb388f000 Uncommon trap: reason=unstable_if action=reinterpret pc=0x000001bd9d992ed0 method=java.lang.AbstractStringBuilder.getBytes([BIB)V @ 5 c2

Classes redefined (0 events):
No events

Internal exceptions (10 events):
Event: 11.158 Thread 0x000001bdbd61d800 Exception <a 'java/lang/NoSuchMethodError'{0x00000007111b4ff0}: java.lang.invoke.DirectMethodHandle$Holder.invokeSpecialIFC(Ljava/lang/Object;Ljava/lang/Object;I)I> (0x00000007111b4ff0) thrown at [t:/workspace/open/src/hotspot/share/interpreter/linkResolv
Event: 11.271 Thread 0x000001bdb3890000 Exception <a 'java/lang/ClassNotFoundException'{0x0000000710c02a20}: javax/smartcardio/CardPermission> (0x0000000710c02a20) thrown at [t:/workspace/open/src/hotspot/share/classfile/systemDictionary.cpp, line 231]
Event: 11.273 Thread 0x000001bdb3890000 Exception <a 'java/io/FileNotFoundException'{0x0000000710c11f40}> (0x0000000710c11f40) thrown at [t:/workspace/open/src/hotspot/share/prims/jni.cpp, line 615]
Event: 11.297 Thread 0x000001bdb3890000 Exception <a 'java/lang/ClassNotFoundException'{0x0000000710b66438}: sun/awt/resources/spi/awtProvider> (0x0000000710b66438) thrown at [t:/workspace/open/src/hotspot/share/classfile/systemDictionary.cpp, line 231]
Event: 11.302 Thread 0x000001bdb3890000 Exception <a 'java/io/FileNotFoundException'{0x0000000710bc3380}> (0x0000000710bc3380) thrown at [t:/workspace/open/src/hotspot/share/prims/jni.cpp, line 615]
Event: 11.303 Thread 0x000001bdb3890000 Exception <a 'java/io/FileNotFoundException'{0x0000000710bc6fa0}> (0x0000000710bc6fa0) thrown at [t:/workspace/open/src/hotspot/share/prims/jni.cpp, line 615]
Event: 308.006 Thread 0x000001bdb3fc7800 Implicit null exception at 0x000001bd9d9ac595 to 0x000001bd9d9b14c6
Event: 308.030 Thread 0x000001bdb3fc7800 Exception <a 'java/lang/NoSuchMethodError'{0x00000007101943b0}: java.lang.invoke.DirectMethodHandle$Holder.invokeStatic(Ljava/lang/Object;Ljava/lang/Object;IIIIILjava/lang/Object;)Ljava/lang/Object;> (0x00000007101943b0) thrown at [t:/workspace/open/src/h
Event: 308.031 Thread 0x000001bdb3fc7800 Exception <a 'java/lang/NoSuchMethodError'{0x00000007101a4c30}: java.lang.invoke.DirectMethodHandle$Holder.invokeStatic(Ljava/lang/Object;Ljava/lang/Object;Ljava/lang/Object;IIIII)Ljava/lang/Object;> (0x00000007101a4c30) thrown at [t:/workspace/open/src/h
Event: 308.031 Thread 0x000001bdb3fc7800 Exception <a 'java/lang/NoSuchMethodError'{0x00000007101ab490}: java.lang.invoke.Invokers$Holder.linkToTargetMethod(Ljava/lang/Object;Ljava/lang/Object;IIIIILjava/lang/Object;)Ljava/lang/Object;> (0x00000007101ab490) thrown at [t:/workspace/open/src/hotsp

Events (10 events):
Event: 390.992 Executing VM operation: ThreadSuspend
Event: 390.992 Executing VM operation: ThreadSuspend done
Event: 390.992 Executing VM operation: ThreadsSuspendJVMTI
Event: 390.992 Executing VM operation: ThreadsSuspendJVMTI done
Event: 390.993 Executing VM operation: GetFrameCount
Event: 390.993 Executing VM operation: GetFrameCount done
Event: 390.993 Executing VM operation: GetFrameCount
Event: 390.993 Executing VM operation: GetFrameCount done
Event: 390.993 Executing VM operation: GetStackTrace
Event: 390.993 Executing VM operation: GetStackTrace done


Dynamic libraries:
0x00007ff67c820000 - 0x00007ff67c865000 	C:\Program Files\Java\jdk-11.0.2\bin\java.exe
0x00007ff951760000 - 0x00007ff951941000 	C:\WINDOWS\SYSTEM32\ntdll.dll
0x00007ff9506c0000 - 0x00007ff950771000 	C:\WINDOWS\System32\KERNEL32.DLL
0x00007ff94e530000 - 0x00007ff94e7a3000 	C:\WINDOWS\System32\KERNELBASE.dll
0x00007ff951020000 - 0x00007ff9511b0000 	C:\WINDOWS\System32\USER32.dll
0x00007ff94e7b0000 - 0x00007ff94e7d0000 	C:\WINDOWS\System32\win32u.dll
0x00007ff951700000 - 0x00007ff951728000 	C:\WINDOWS\System32\GDI32.dll
0x00007ff94ea40000 - 0x00007ff94ebd1000 	C:\WINDOWS\System32\gdi32full.dll
0x00007ff94e330000 - 0x00007ff94e3cf000 	C:\WINDOWS\System32\msvcp_win.dll
0x00007ff94e3d0000 - 0x00007ff94e4c8000 	C:\WINDOWS\System32\ucrtbase.dll
0x00007ff93ebd0000 - 0x00007ff93ee39000 	C:\WINDOWS\WinSxS\amd64_microsoft.windows.common-controls_6595b64144ccf1df_6.0.17134.982_none_fb3fa44f30680781\COMCTL32.dll
0x00007ff951330000 - 0x00007ff9513ce000 	C:\WINDOWS\System32\msvcrt.dll
0x00007ff9513d0000 - 0x00007ff9516f2000 	C:\WINDOWS\System32\combase.dll
0x00007ff950ad0000 - 0x00007ff950bf4000 	C:\WINDOWS\System32\RPCRT4.dll
0x00007ff94e7d0000 - 0x00007ff94e849000 	C:\WINDOWS\System32\bcryptPrimitives.dll
0x00007ff9511d0000 - 0x00007ff9511fd000 	C:\WINDOWS\System32\IMM32.DLL
0x00007ff91ea10000 - 0x00007ff91ea26000 	C:\Program Files\Java\jdk-11.0.2\bin\vcruntime140.dll
0x00007ff90c670000 - 0x00007ff90c71a000 	C:\Program Files\Java\jdk-11.0.2\bin\msvcp140.dll
0x00007ff8f68b0000 - 0x00007ff8f73d3000 	C:\Program Files\Java\jdk-11.0.2\bin\server\jvm.dll
0x00007ff950970000 - 0x00007ff950a11000 	C:\WINDOWS\System32\ADVAPI32.dll
0x00007ff9512d0000 - 0x00007ff95132b000 	C:\WINDOWS\System32\sechost.dll
0x00007ff9506b0000 - 0x00007ff9506b8000 	C:\WINDOWS\System32\PSAPI.DLL
0x00007ff92c8b0000 - 0x00007ff92c8b9000 	C:\WINDOWS\SYSTEM32\WSOCK32.dll
0x00007ff94b7a0000 - 0x00007ff94b7c3000 	C:\WINDOWS\SYSTEM32\WINMM.dll
0x00007ff947aa0000 - 0x00007ff947aaa000 	C:\WINDOWS\SYSTEM32\VERSION.dll
0x00007ff950780000 - 0x00007ff9507ec000 	C:\WINDOWS\System32\WS2_32.dll
0x00007ff94b770000 - 0x00007ff94b79a000 	C:\WINDOWS\SYSTEM32\WINMMBASE.dll
0x00007ff94db20000 - 0x00007ff94db69000 	C:\WINDOWS\System32\cfgmgr32.dll
0x00007ff94dac0000 - 0x00007ff94dad1000 	C:\WINDOWS\System32\kernel.appcore.dll
0x00007ff91d890000 - 0x00007ff91d8a1000 	C:\Program Files\Java\jdk-11.0.2\bin\verify.dll
0x00007ff936d40000 - 0x00007ff936f09000 	C:\WINDOWS\SYSTEM32\DBGHELP.DLL
0x00007ff936ce0000 - 0x00007ff936d09000 	C:\WINDOWS\SYSTEM32\dbgcore.DLL
0x00007ff913b40000 - 0x00007ff913b68000 	C:\Program Files\Java\jdk-11.0.2\bin\java.dll
0x00007ff937920000 - 0x00007ff937957000 	C:\Program Files\Java\jdk-11.0.2\bin\jdwp.dll
0x00007ff944c00000 - 0x00007ff944c2f000 	C:\Program Files\Java\jdk-11.0.2\bin\instrument.dll
0x00007ff916bf0000 - 0x00007ff916c06000 	C:\Program Files\Java\jdk-11.0.2\bin\zip.dll
0x00007ff9405f0000 - 0x00007ff9405fa000 	C:\Program Files\Java\jdk-11.0.2\bin\jimage.dll
0x00007ff94eda0000 - 0x00007ff9501e2000 	C:\WINDOWS\System32\SHELL32.dll
0x00007ff950a20000 - 0x00007ff950ac9000 	C:\WINDOWS\System32\shcore.dll
0x00007ff94dc20000 - 0x00007ff94e32e000 	C:\WINDOWS\System32\windows.storage.dll
0x00007ff94ed40000 - 0x00007ff94ed91000 	C:\WINDOWS\System32\shlwapi.dll
0x00007ff94db00000 - 0x00007ff94db1f000 	C:\WINDOWS\System32\profapi.dll
0x00007ff94da60000 - 0x00007ff94daac000 	C:\WINDOWS\System32\powrprof.dll
0x00007ff94dab0000 - 0x00007ff94daba000 	C:\WINDOWS\System32\FLTLIB.DLL
0x00007ff944bb0000 - 0x00007ff944bba000 	C:\Program Files\Java\jdk-11.0.2\bin\dt_socket.dll
0x00007ff94d2e0000 - 0x00007ff94d346000 	C:\WINDOWS\system32\mswsock.dll
0x00007ff93f2f0000 - 0x00007ff93f309000 	C:\Program Files\Java\jdk-11.0.2\bin\net.dll
0x00007ff93fdc0000 - 0x00007ff93ff89000 	C:\WINDOWS\SYSTEM32\urlmon.dll
0x00007ff948c70000 - 0x00007ff948d4d000 	C:\WINDOWS\SYSTEM32\WINHTTP.dll
0x00007ff93fa70000 - 0x00007ff93fd17000 	C:\WINDOWS\SYSTEM32\iertutil.dll
0x00007ff94d490000 - 0x00007ff94d49b000 	C:\WINDOWS\SYSTEM32\CRYPTBASE.DLL
0x00007ff91c5a0000 - 0x00007ff91c5b3000 	C:\Program Files\Java\jdk-11.0.2\bin\nio.dll
0x00007ff94d4a0000 - 0x00007ff94d4b7000 	C:\WINDOWS\SYSTEM32\CRYPTSP.dll
0x00007ff94ce90000 - 0x00007ff94cec3000 	C:\WINDOWS\system32\rsaenh.dll
0x00007ff94d5c0000 - 0x00007ff94d5e5000 	C:\WINDOWS\SYSTEM32\bcrypt.dll
0x00007ff94d990000 - 0x00007ff94d9b8000 	C:\WINDOWS\SYSTEM32\USERENV.dll
0x00007ff94d030000 - 0x00007ff94d068000 	C:\WINDOWS\SYSTEM32\IPHLPAPI.DLL
0x00007ff9501f0000 - 0x00007ff9501f8000 	C:\WINDOWS\System32\NSI.dll
0x00007ff947f20000 - 0x00007ff947f36000 	C:\WINDOWS\SYSTEM32\dhcpcsvc6.DLL
0x00007ff947ee0000 - 0x00007ff947efa000 	C:\WINDOWS\SYSTEM32\dhcpcsvc.DLL
0x000001bd8d1b0000 - 0x000001bd8d1b3000 	C:\Program Files\Java\jdk-11.0.2\bin\api-ms-win-core-console-l1-1-0.dll
0x000001bd8d1c0000 - 0x000001bd8d1c3000 	C:\Program Files\Java\jdk-11.0.2\bin\api-ms-win-core-datetime-l1-1-0.dll
0x000001bd8d910000 - 0x000001bd8d913000 	C:\Program Files\Java\jdk-11.0.2\bin\api-ms-win-core-debug-l1-1-0.dll
0x000001bd8d920000 - 0x000001bd8d923000 	C:\Program Files\Java\jdk-11.0.2\bin\api-ms-win-core-errorhandling-l1-1-0.dll
0x000001bd8d930000 - 0x000001bd8d934000 	C:\Program Files\Java\jdk-11.0.2\bin\api-ms-win-core-file-l1-1-0.dll
0x000001bd8d940000 - 0x000001bd8d943000 	C:\Program Files\Java\jdk-11.0.2\bin\api-ms-win-core-file-l1-2-0.dll
0x000001bd8d950000 - 0x000001bd8d953000 	C:\Program Files\Java\jdk-11.0.2\bin\api-ms-win-core-file-l2-1-0.dll
0x000001bd8d960000 - 0x000001bd8d963000 	C:\Program Files\Java\jdk-11.0.2\bin\api-ms-win-core-handle-l1-1-0.dll
0x000001bd8d970000 - 0x000001bd8d973000 	C:\Program Files\Java\jdk-11.0.2\bin\api-ms-win-core-heap-l1-1-0.dll
0x000001bd8d980000 - 0x000001bd8d983000 	C:\Program Files\Java\jdk-11.0.2\bin\api-ms-win-core-interlocked-l1-1-0.dll
0x000001bd8d990000 - 0x000001bd8d993000 	C:\Program Files\Java\jdk-11.0.2\bin\api-ms-win-core-libraryloader-l1-1-0.dll
0x000001bd8d9a0000 - 0x000001bd8d9a3000 	C:\Program Files\Java\jdk-11.0.2\bin\api-ms-win-core-localization-l1-2-0.dll
0x000001bd8d9b0000 - 0x000001bd8d9b3000 	C:\Program Files\Java\jdk-11.0.2\bin\api-ms-win-core-memory-l1-1-0.dll
0x000001bd8d9c0000 - 0x000001bd8d9c3000 	C:\Program Files\Java\jdk-11.0.2\bin\api-ms-win-core-namedpipe-l1-1-0.dll
0x000001bd8d9d0000 - 0x000001bd8d9d3000 	C:\Program Files\Java\jdk-11.0.2\bin\api-ms-win-core-processenvironment-l1-1-0.dll
0x000001bdb2f40000 - 0x000001bdb2f43000 	C:\Program Files\Java\jdk-11.0.2\bin\api-ms-win-core-processthreads-l1-1-0.dll
0x000001bdb2f50000 - 0x000001bdb2f53000 	C:\Program Files\Java\jdk-11.0.2\bin\api-ms-win-core-processthreads-l1-1-1.dll
0x000001bdb2f60000 - 0x000001bdb2f63000 	C:\Program Files\Java\jdk-11.0.2\bin\api-ms-win-core-profile-l1-1-0.dll
0x000001bdb2f70000 - 0x000001bdb2f73000 	C:\Program Files\Java\jdk-11.0.2\bin\api-ms-win-core-rtlsupport-l1-1-0.dll
0x000001bdb2f80000 - 0x000001bdb2f83000 	C:\Program Files\Java\jdk-11.0.2\bin\api-ms-win-core-string-l1-1-0.dll
0x000001bdb2f90000 - 0x000001bdb2f93000 	C:\Program Files\Java\jdk-11.0.2\bin\api-ms-win-core-synch-l1-1-0.dll
0x000001bdb2fa0000 - 0x000001bdb2fa3000 	C:\Program Files\Java\jdk-11.0.2\bin\api-ms-win-core-synch-l1-2-0.dll
0x000001bdb2fb0000 - 0x000001bdb2fb3000 	C:\Program Files\Java\jdk-11.0.2\bin\api-ms-win-core-sysinfo-l1-1-0.dll
0x000001bdb2fc0000 - 0x000001bdb2fc3000 	C:\Program Files\Java\jdk-11.0.2\bin\api-ms-win-core-timezone-l1-1-0.dll
0x000001bdb2fd0000 - 0x000001bdb2fd3000 	C:\Program Files\Java\jdk-11.0.2\bin\api-ms-win-core-util-l1-1-0.dll
0x000001bdb2fe0000 - 0x000001bdb2fe3000 	C:\Program Files\Java\jdk-11.0.2\bin\api-ms-win-crt-conio-l1-1-0.dll
0x000001bdb2ff0000 - 0x000001bdb2ff4000 	C:\Program Files\Java\jdk-11.0.2\bin\api-ms-win-crt-convert-l1-1-0.dll
0x000001bdb3000000 - 0x000001bdb3003000 	C:\Program Files\Java\jdk-11.0.2\bin\api-ms-win-crt-environment-l1-1-0.dll
0x000001bdb3010000 - 0x000001bdb3013000 	C:\Program Files\Java\jdk-11.0.2\bin\api-ms-win-crt-filesystem-l1-1-0.dll
0x000001bdb3020000 - 0x000001bdb3023000 	C:\Program Files\Java\jdk-11.0.2\bin\api-ms-win-crt-heap-l1-1-0.dll
0x000001bdb3030000 - 0x000001bdb3033000 	C:\Program Files\Java\jdk-11.0.2\bin\api-ms-win-crt-locale-l1-1-0.dll
0x000001bdb3040000 - 0x000001bdb3045000 	C:\Program Files\Java\jdk-11.0.2\bin\api-ms-win-crt-math-l1-1-0.dll
0x000001bdb3050000 - 0x000001bdb3055000 	C:\Program Files\Java\jdk-11.0.2\bin\api-ms-win-crt-multibyte-l1-1-0.dll
0x000001bdb3060000 - 0x000001bdb3070000 	C:\Program Files\Java\jdk-11.0.2\bin\api-ms-win-crt-private-l1-1-0.dll
0x000001bdb3070000 - 0x000001bdb3073000 	C:\Program Files\Java\jdk-11.0.2\bin\api-ms-win-crt-process-l1-1-0.dll
0x000001bdb3080000 - 0x000001bdb3084000 	C:\Program Files\Java\jdk-11.0.2\bin\api-ms-win-crt-runtime-l1-1-0.dll
0x000001bdb3090000 - 0x000001bdb3094000 	C:\Program Files\Java\jdk-11.0.2\bin\api-ms-win-crt-stdio-l1-1-0.dll
0x000001bdb30a0000 - 0x000001bdb30a4000 	C:\Program Files\Java\jdk-11.0.2\bin\api-ms-win-crt-string-l1-1-0.dll
0x000001bdb30b0000 - 0x000001bdb30b3000 	C:\Program Files\Java\jdk-11.0.2\bin\api-ms-win-crt-time-l1-1-0.dll
0x000001bdb30c0000 - 0x000001bdb30c3000 	C:\Program Files\Java\jdk-11.0.2\bin\api-ms-win-crt-utility-l1-1-0.dll
0x00007ff912e20000 - 0x00007ff912f16000 	C:\Program Files\Java\jdk-11.0.2\bin\ucrtbase.dll
0x00007ff91d040000 - 0x00007ff91d092000 	C:\Windows\System32\concrt140.dll
0x00007ff92a3d0000 - 0x00007ff92a3f3000 	C:\Users\Marcel\.openjfx\cache\11.0.2\prism_d3d.dll
0x00007ff940f00000 - 0x00007ff941097000 	C:\WINDOWS\system32\d3d9.dll
0x00007ff94c1b0000 - 0x00007ff94c1d9000 	C:\WINDOWS\SYSTEM32\dwmapi.dll
0x00007ff94c0e0000 - 0x00007ff94c178000 	C:\WINDOWS\system32\uxtheme.dll
0x00007ff947040000 - 0x00007ff94712e000 	C:\WINDOWS\System32\DriverStore\FileRepository\nvac.inf_amd64_718566285fef9cff\nvldumdx.dll
0x00007ff94e850000 - 0x00007ff94ea32000 	C:\WINDOWS\System32\crypt32.dll
0x00007ff94dae0000 - 0x00007ff94daf2000 	C:\WINDOWS\System32\MSASN1.dll
0x00007ff94e4d0000 - 0x00007ff94e527000 	C:\WINDOWS\System32\WINTRUST.DLL
0x00007ff9511b0000 - 0x00007ff9511cd000 	C:\WINDOWS\System32\imagehlp.dll
0x00007ff8e32c0000 - 0x00007ff8e4680000 	C:\WINDOWS\System32\DriverStore\FileRepository\nvac.inf_amd64_718566285fef9cff\nvd3dumx.dll
0x00007ff8ff240000 - 0x00007ff8ff423000 	C:\WINDOWS\System32\DriverStore\FileRepository\igdlh64.inf_amd64_b5d4c82c67b39358\igdumdim64.dll
0x00007ff8d2b90000 - 0x00007ff8d5c75000 	C:\WINDOWS\System32\DriverStore\FileRepository\igdlh64.inf_amd64_b5d4c82c67b39358\igd9dxva64.dll
0x00007ff94ebe0000 - 0x00007ff94ed31000 	C:\WINDOWS\System32\ole32.dll
0x00007ff951200000 - 0x00007ff9512c2000 	C:\WINDOWS\System32\OLEAUT32.dll
0x00007ff91a230000 - 0x00007ff91a275000 	C:\Users\Marcel\.openjfx\cache\11.0.2\glass.dll
0x00007ff950880000 - 0x00007ff95096d000 	C:\WINDOWS\System32\COMDLG32.dll
0x00007ff950ca0000 - 0x00007ff950e13000 	C:\WINDOWS\System32\MSCTF.dll
0x00007ff941650000 - 0x00007ff941714000 	C:\Program Files (x86)\NVIDIA Corporation\3D Vision\nvSCPAPI64.dll
0x00007ff950200000 - 0x00007ff95064b000 	C:\WINDOWS\System32\SETUPAPI.dll
0x00007ff94c750000 - 0x00007ff94c772000 	C:\WINDOWS\SYSTEM32\gpapi.dll
0x00007ff946e10000 - 0x00007ff946e3e000 	C:\WINDOWS\SYSTEM32\cryptnet.dll
0x00007ff92e610000 - 0x00007ff92e624000 	C:\Users\Marcel\.openjfx\cache\11.0.2\javafx_font.dll
0x00007ff9219d0000 - 0x00007ff921cea000 	C:\WINDOWS\SYSTEM32\dwrite.dll
0x00007ff950c00000 - 0x00007ff950ca0000 	C:\WINDOWS\System32\clbcatq.dll
0x00007ff9494b0000 - 0x00007ff94965e000 	C:\WINDOWS\SYSTEM32\WindowsCodecs.dll
0x00007ff921100000 - 0x00007ff921158000 	C:\WINDOWS\system32\dataexchange.dll

dbghelp: loaded successfully - version: 4.0.5 - missing functions: none
symbol engine: initialized successfully - sym options: 0x614 - pdb path: .;C:\Program Files\Java\jdk-11.0.2\bin;C:\WINDOWS\SYSTEM32;C:\WINDOWS\WinSxS\amd64_microsoft.windows.common-controls_6595b64144ccf1df_6.0.17134.982_none_fb3fa44f30680781;C:\Program Files\Java\jdk-11.0.2\bin\server;C:\Users\Marcel\.openjfx\cache\11.0.2;C:\WINDOWS\System32\DriverStore\FileRepository\nvac.inf_amd64_718566285fef9cff;C:\WINDOWS\System32\DriverStore\FileRepository\igdlh64.inf_amd64_b5d4c82c67b39358;C:\Program Files (x86)\NVIDIA Corporation\3D Vision;C:\Program Files\Common Files\Microsoft Shared\Ink;C:\Users\Marcel\AppData\Local\Microsoft\OneDrive\19.152.0801.0007\amd64;C:\Users\Marcel\AppData\Local\Temp;C:\Users\Marcel\AppData\Local\Temp\jna--1997446580;C:\Users\Marcel\AppData\Local\Temp\tess4j\win32-x86-64

VM Arguments:
jvm_args: -agentlib:jdwp=transport=dt_socket,address=127.0.0.1:4523,suspend=y,server=n -javaagent:C:\Users\Marcel\.IdeaIC2018.3\system\captureAgent\debugger-agent.jar -Dfile.encoding=UTF-8 
java_command: com.Main
java_class_path (initial): D:\OneDrive - HYPE Softwaretechnik GmbH\Sonstiges\Projekte\OCR-Docs-Storage\target\classes;C:\Users\Marcel\.m2\repository\commons-io\commons-io\2.5\commons-io-2.5.jar;C:\Users\Marcel\.m2\repository\org\zeroturnaround\zt-zip\1.13\zt-zip-1.13.jar;C:\Users\Marcel\.m2\repository\org\slf4j\slf4j-api\1.6.6\slf4j-api-1.6.6.jar;C:\Users\Marcel\.m2\repository\org\openjfx\javafx-fxml\11.0.2\javafx-fxml-11.0.2.jar;C:\Users\Marcel\.m2\repository\org\openjfx\javafx-fxml\11.0.2\javafx-fxml-11.0.2-win.jar;C:\Users\Marcel\.m2\repository\org\openjfx\javafx-controls\11.0.2\javafx-controls-11.0.2.jar;C:\Users\Marcel\.m2\repository\org\openjfx\javafx-controls\11.0.2\javafx-controls-11.0.2-win.jar;C:\Users\Marcel\.m2\repository\org\openjfx\javafx-graphics\11.0.2\javafx-graphics-11.0.2.jar;C:\Users\Marcel\.m2\repository\org\openjfx\javafx-graphics\11.0.2\javafx-graphics-11.0.2-win.jar;C:\Users\Marcel\.m2\repository\org\openjfx\javafx-base\11.0.2\javafx-base-11.0.2.jar;C:\Users\Marcel\.m2\repository\org\openjfx\javafx-base\11.0.2\javafx-base-11.0.2-win.jar;C:\Users\Marcel\.m2\repository\net\sourceforge\tess4j\tess4j\4.3.1\tess4j-4.3.1.jar;C:\Users\Marcel\.m2\repository\net\java\dev\jna\jna\5.1.0\jna-5.1.0.jar;C:\Users\Marcel\.m2\repository\com\github\jai-imageio\jai-imageio-core\1.4.0\jai-imageio-core-1.4.0.jar;C:\Users\Marcel\.m2\repository\org\ghost4j\ghost4j\1.0.1\ghost4j-1.0.1.jar;C:\Users\Marcel\.m2\repository\log4j\log4j\1.2.17\log4j-1.2.17.jar;C:\Users\Marcel\.m2\repository\commons-beanutils\commons-beanutils\1.9.2\commons-beanutils-1.9.2.jar;C:\Users\Marcel\.m2\repository\commons-collections\commons-collections\3.2.1\commons-collections-3.2.1.jar;C:\Users\Marcel\.m2\repository\org\apache\xmlgraphics\xmlgraphics-commons\1.4\xmlgraphics-commons-1.4.jar;C:\Users\Marcel\.m2\repository\com\lowagie\itext\2.1.7\itext-2.1.7.jar;C:\Users\Marcel\.m2\repository\org\apache\pdfbox\pdfbox\2.0.12\pdfbox-2.0.12.jar;C:\Users\Marcel\.m2\repository\org\apache\pdfbox\font
Launcher Type: SUN_STANDARD

[Global flags]
     intx CICompilerCount                          = 4                                         {product} {ergonomic}
     uint ConcGCThreads                            = 3                                         {product} {ergonomic}
     uint G1ConcRefinementThreads                  = 10                                        {product} {ergonomic}
   size_t G1HeapRegionSize                         = 1048576                                   {product} {ergonomic}
    uintx GCDrainStackTargetSize                   = 64                                        {product} {ergonomic}
   size_t InitialHeapSize                          = 266338304                                 {product} {ergonomic}
   size_t MarkStackSize                            = 4194304                                   {product} {ergonomic}
   size_t MaxHeapSize                              = 4255121408                                {product} {ergonomic}
   size_t MaxNewSize                               = 2552233984                                {product} {ergonomic}
   size_t MinHeapDeltaBytes                        = 1048576                                   {product} {ergonomic}
    uintx NonNMethodCodeHeapSize                   = 5835340                                {pd product} {ergonomic}
    uintx NonProfiledCodeHeapSize                  = 122911450                              {pd product} {ergonomic}
    uintx ProfiledCodeHeapSize                     = 122911450                              {pd product} {ergonomic}
    uintx ReservedCodeCacheSize                    = 251658240                              {pd product} {ergonomic}
     bool SegmentedCodeCache                       = true                                      {product} {ergonomic}
     bool UseCompressedClassPointers               = true                                 {lp64_product} {ergonomic}
     bool UseCompressedOops                        = true                                 {lp64_product} {ergonomic}
     bool UseG1GC                                  = true                                      {product} {ergonomic}
     bool UseLargePagesIndividualAllocation        = false                                  {pd product} {ergonomic}

Logging:
Log output configuration:
 #0: stdout all=warning uptime,level,tags
 #1: stderr all=off uptime,level,tags

Environment Variables:
JAVA_HOME=C:\Program Files\Java\jdk-11.0.2
JRE_HOME=C:\Program Files\Java\jdk-11.0.2
CLASSPATH=.;
PATH=C:\Program Files\AdoptOpenJDK\jdk-11.0.4.11-hotspot\bin;C:\Program Files\Java\jdk-11.0.2;C:\Windows\system32;C:\Windows;C:\Windows\System32\Wbem;C:\Windows\System32\WindowsPowerShell\v1.0\;C:\Program Files (x86)\NVIDIA Corporation\PhysX\Common;C:\ProgramData\chocolatey\bin;C:\Program Files\Java\jdk1.8.0_201\bin;C:\Program Files\Git\cmd;C:\WINDOWS\system32;C:\WINDOWS;C:\WINDOWS\System32\Wbem;C:\WINDOWS\System32\WindowsPowerShell\v1.0\;C:\WINDOWS\System32\OpenSSH\;C:\ProgramData\chocolatey\lib\maven\apache-maven-3.6.1\bin;C:\Program Files (x86)\Microsoft SQL Server\150\DTS\Binn\;C:\Program Files\Microsoft SQL Server\Client SDK\ODBC\130\Tools\Binn\;C:\Program Files (x86)\Microsoft SQL Server\140\Tools\Binn\;C:\Program Files\Microsoft SQL Server\140\Tools\Binn\;C:\Program Files\Microsoft SQL Server\140\DTS\Binn\;C:\Program Files\Java\jdk-11.0.2\bin;C:\Users\Marcel\AppData\Local\Microsoft\WindowsApps;C:\Program Files (x86)\Nmap;C:\Program Files\Java\javafx-sdk-11.0.2;
USERNAME=Marcel
OS=Windows_NT
PROCESSOR_IDENTIFIER=Intel64 Family 6 Model 158 Stepping 10, GenuineIntel



---------------  S Y S T E M  ---------------

OS: Windows 10 , 64 bit Build 17134 (10.0.17134.753)

CPU:total 12 (initial active 12) (6 cores per cpu, 2 threads per core) family 6 model 158 stepping 10, cmov, cx8, fxsr, mmx, sse, sse2, sse3, ssse3, sse4.1, sse4.2, popcnt, avx, avx2, aes, clmul, erms, 3dnowpref, lzcnt, ht, tsc, tscinvbit, bmi1, bmi2, adx, fma

Memory: 4k page, system-wide physical 16226M (7892M free)
TotalPageFile size 18658M (AvailPageFile size 5123M)
current process WorkingSet (physical memory assigned to process): 627M, peak: 790M
current process commit charge ("private bytes"): 684M, peak: 856M

vm_info: OpenJDK 64-Bit Server VM (11.0.2+9) for windows-amd64 JRE (11.0.2+9), built on Jan 18 2019 05:23:22 by "mach5one" with MS VC++ 15.5 (VS2017)

END.
