#
# A fatal error has been detected by the Java Runtime Environment:
#
#  EXCEPTION_ACCESS_VIOLATION (0xc0000005) at pc=0x000000006d587ab0, pid=6044, tid=7304
#
# JRE version: OpenJDK Runtime Environment (11.0.2+9) (build 11.0.2+9)
# Java VM: OpenJDK 64-Bit Server VM (11.0.2+9, mixed mode, tiered, compressed oops, g1 gc, windows-amd64)
# Problematic frame:
# C  0x000000006d587ab0
#
# No core dump will be written. Minidumps are not enabled by default on client versions of Windows
#
# If you would like to submit a bug report, please visit:
#   http://bugreport.java.com/bugreport/crash.jsp
# The crash happened outside the Java Virtual Machine in native code.
# See problematic frame for where to report the bug.
#

---------------  S U M M A R Y ------------

Command Line: -agentlib:jdwp=transport=dt_socket,address=127.0.0.1:4955,suspend=y,server=n -javaagent:C:\Users\Marcel\.IdeaIC2018.3\system\captureAgent\debugger-agent.jar -Dfile.encoding=UTF-8 com.Main

Host: Intel(R) Core(TM) i7-8750H CPU @ 2.20GHz, 12 cores, 15G,  Windows 10 , 64 bit Build 17134 (10.0.17134.753)
Time: Sat Sep  7 11:41:59 2019 Mitteleuropäische Sommerzeit elapsed time: 450 seconds (0d 0h 7m 30s)

---------------  T H R E A D  ---------------

Current thread (0x0000023a57429800):  JavaThread "pool-1-thread-3" [_thread_in_native, id=7304, stack(0x000000f767870000,0x000000f767970000)]

Stack: [0x000000f767870000,0x000000f767970000],  sp=0x000000f76796e8d8,  free space=1018k
Native frames: (J=compiled Java code, j=interpreted, Vv=VM code, C=native code)
C  0x000000006d587ab0

Java frames: (J=compiled Java code, j=interpreted, Vv=VM code)
j  org.sqlite.core.NativeDB.total_changes()I+0
j  org.sqlite.jdbc3.JDBC3Statement.executeUpdate(Ljava/lang/String;)I+37
j  com.Utils.DBUtil.executeSQL(Ljava/lang/String;)V+11
j  com.Utils.TessUtil.processFile(Ljava/io/File;)V+86
j  com.Utils.TessUtil$1.run()V+4
j  java.util.concurrent.Executors$RunnableAdapter.call()Ljava/lang/Object;+4 java.base@11.0.2
j  java.util.concurrent.FutureTask.run$$$capture()V+39 java.base@11.0.2
j  java.util.concurrent.FutureTask.run()V+5 java.base@11.0.2
j  java.util.concurrent.ThreadPoolExecutor.runWorker(Ljava/util/concurrent/ThreadPoolExecutor$Worker;)V+92 java.base@11.0.2
j  java.util.concurrent.ThreadPoolExecutor$Worker.run()V+5 java.base@11.0.2
j  java.lang.Thread.run()V+11 java.base@11.0.2
v  ~StubRoutines::call_stub

siginfo: EXCEPTION_ACCESS_VIOLATION (0xc0000005), reading address 0x0000000000000064


Register to memory mapping:

RIP=0x000000006d587ab0 points into unknown readable memory: 8b 41 64 c3 66 66 66 2e
RAX=0x0 is NULL
RBX={method} {0x0000023a66ae3450} 'total_changes' '()I' in 'org/sqlite/core/NativeDB'
RCX=0x0 is NULL
RDX=0x0000000000000006 is an unknown value
RSP=0x000000f76796e8d8 is pointing into the stack for thread: 0x0000023a57429800
RBP=0x000000f76796e968 is pointing into the stack for thread: 0x0000023a57429800
RSI=0x0000000000000001 is an unknown value
RDI=0x00000000000003e0 is an unknown value
R8 =0x0000000000000004 is an unknown value
R9 =0x0000000800385bf0 is a pointer to class: 
org.sqlite.core.NativeDB {0x0000000800385bf8}
R10=0x0000023a3a6b72f7 is at code_begin+2615 in an Interpreter codelet
method entry point (kind = native_synchronized)  [0x0000023a3a6b68c0, 0x0000023a3a6b7f00]  5696 bytes
R11=0x0000000000000121 is an unknown value
R12=0x0 is NULL
R13={method} {0x0000023a66ae3450} 'total_changes' '()I' in 'org/sqlite/core/NativeDB'
R14=0x000000f76796e988 is pointing into the stack for thread: 0x0000023a57429800
R15=0x0000023a57429800 is a thread


Registers:
RAX=0x0000000000000000, RBX=0x0000023a66ae3448, RCX=0x0000000000000000, RDX=0x0000000000000006
RSP=0x000000f76796e8d8, RBP=0x000000f76796e968, RSI=0x0000000000000001, RDI=0x00000000000003e0
R8 =0x0000000000000004, R9 =0x0000000800385bf0, R10=0x0000023a3a6b72f7, R11=0x0000000000000121
R12=0x0000000000000000, R13=0x0000023a66ae3448, R14=0x000000f76796e988, R15=0x0000023a57429800
RIP=0x000000006d587ab0, EFLAGS=0x0000000000010206

Top of Stack: (sp=0x000000f76796e8d8)
0x000000f76796e8d8:   0000023a3a6b7326 0000023a57429800
0x000000f76796e8e8:   0000023a57429805 000000f76796e968
0x000000f76796e8f8:   0000000000000001 000000f76796e978
0x000000f76796e908:   0000023a3a6b6c37 0000000000000003
0x000000f76796e918:   000000071057c160 000000f76796e910
0x000000f76796e928:   0000023a66ae3448 000000f76796e988
0x000000f76796e938:   0000023a66b3dbf0 0000000000000000
0x000000f76796e948:   000000070f080980 0000023a66ae3448
0x000000f76796e958:   0000000000000000 000000f76796e988
0x000000f76796e968:   000000f76796e9d8 0000023a3a6ab894
0x000000f76796e978:   0000000000000000 0000023a3a6b0bf6
0x000000f76796e988:   000000071057c160 000000f76796e990
0x000000f76796e998:   0000023a66b8a295 000000f76796ea10
0x000000f76796e9a8:   0000023a66bbc5e0 0000000000000000
0x000000f76796e9b8:   000000070ee30150 0000023a66b8a338
0x000000f76796e9c8:   000000f76796e988 000000f76796ea08 

Instructions: (pc=0x000000006d587ab0)
0x000000006d587a90:   48 8b 41 30 c3 66 66 2e 0f 1f 84 00 00 00 00 00
0x000000006d587aa0:   8b 41 60 c3 66 66 66 2e 0f 1f 84 00 00 00 00 00
0x000000006d587ab0:   8b 41 64 c3 66 66 66 2e 0f 1f 84 00 00 00 00 00
0x000000006d587ac0:   48 83 ec 28 44 8b 81 08 03 00 00 83 fa 0b 7f 50 


Stack slot to memory mapping:
stack at sp + 0 slots: 0x0000023a3a6b7326 is at code_begin+2662 in an Interpreter codelet
method entry point (kind = native_synchronized)  [0x0000023a3a6b68c0, 0x0000023a3a6b7f00]  5696 bytes
stack at sp + 1 slots: 0x0000023a57429800 is a thread
stack at sp + 2 slots: 0x0000023a57429805 points into unknown readable memory: 7f 00 00
stack at sp + 3 slots: 0x000000f76796e968 is pointing into the stack for thread: 0x0000023a57429800
stack at sp + 4 slots: 0x0000000000000001 is an unknown value
stack at sp + 5 slots: 0x000000f76796e978 is pointing into the stack for thread: 0x0000023a57429800
stack at sp + 6 slots: 0x0000023a3a6b6c37 is at code_begin+887 in an Interpreter codelet
method entry point (kind = native_synchronized)  [0x0000023a3a6b68c0, 0x0000023a3a6b7f00]  5696 bytes
stack at sp + 7 slots: 0x0000000000000003 is an unknown value


---------------  P R O C E S S  ---------------

Threads class SMR info:
_java_thread_list=0x0000023a63f88390, length=26, elements={
0x0000023a3238e800, 0x0000023a56047800, 0x0000023a568fc000, 0x0000023a5604e000,
0x0000023a56953800, 0x0000023a56954000, 0x0000023a56958800, 0x0000023a5690b000,
0x0000023a568d0800, 0x0000023a56bd0000, 0x0000023a56c1c000, 0x0000023a56c1c800,
0x0000023a56fbd800, 0x0000023a56f64800, 0x0000023a5727c800, 0x0000023a5871a000,
0x0000023a57eb6000, 0x0000023a586c0800, 0x0000023a61c89000, 0x0000023a670fc000,
0x0000023a5742a800, 0x0000023a57428800, 0x0000023a57428000, 0x0000023a57429800,
0x0000023a5742c000, 0x0000023a57427000
}

Java Threads: ( => current thread )
  0x0000023a3238e800 JavaThread "main" [_thread_blocked, id=18068, stack(0x000000f764e00000,0x000000f764f00000)]
  0x0000023a56047800 JavaThread "Reference Handler" daemon [_thread_blocked, id=15476, stack(0x000000f765500000,0x000000f765600000)]
  0x0000023a568fc000 JavaThread "Finalizer" daemon [_thread_blocked, id=8428, stack(0x000000f765600000,0x000000f765700000)]
  0x0000023a5604e000 JavaThread "Signal Dispatcher" daemon [_thread_blocked, id=6688, stack(0x000000f765700000,0x000000f765800000)]
  0x0000023a56953800 JavaThread "Attach Listener" daemon [_thread_blocked, id=4360, stack(0x000000f765800000,0x000000f765900000)]
  0x0000023a56954000 JavaThread "C2 CompilerThread0" daemon [_thread_blocked, id=9036, stack(0x000000f765900000,0x000000f765a00000)]
  0x0000023a56958800 JavaThread "C1 CompilerThread0" daemon [_thread_blocked, id=13800, stack(0x000000f765a00000,0x000000f765b00000)]
  0x0000023a5690b000 JavaThread "Sweeper thread" daemon [_thread_blocked, id=6104, stack(0x000000f765b00000,0x000000f765c00000)]
  0x0000023a568d0800 JavaThread "Common-Cleaner" daemon [_thread_blocked, id=16796, stack(0x000000f765c00000,0x000000f765d00000)]
  0x0000023a56bd0000 JavaThread "JDWP Transport Listener: dt_socket" daemon [_thread_blocked, id=7384, stack(0x000000f765e00000,0x000000f765f00000)]
  0x0000023a56c1c000 JavaThread "JDWP Event Helper Thread" daemon [_thread_blocked, id=9864, stack(0x000000f765f00000,0x000000f766000000)]
  0x0000023a56c1c800 JavaThread "JDWP Command Reader" daemon [_thread_in_native, id=16920, stack(0x000000f766000000,0x000000f766100000)]
  0x0000023a56fbd800 JavaThread "Service Thread" daemon [_thread_blocked, id=17928, stack(0x000000f765d00000,0x000000f765e00000)]
  0x0000023a56f64800 JavaThread "JavaFX-Launcher" [_thread_blocked, id=8144, stack(0x000000f766200000,0x000000f766300000)]
  0x0000023a5727c800 JavaThread "QuantumRenderer-0" daemon [_thread_blocked, id=6848, stack(0x000000f766400000,0x000000f766500000)]
  0x0000023a5871a000 JavaThread "InvokeLaterDispatcher" daemon [_thread_blocked, id=12316, stack(0x000000f766700000,0x000000f766800000)]
  0x0000023a57eb6000 JavaThread "JavaFX Application Thread" [_thread_in_native, id=16676, stack(0x000000f766900000,0x000000f766a00000)]
  0x0000023a586c0800 JavaThread "Thread-2" daemon [_thread_in_native, id=11048, stack(0x000000f766b00000,0x000000f766c00000)]
  0x0000023a61c89000 JavaThread "Prism Font Disposer" daemon [_thread_blocked, id=17728, stack(0x000000f767400000,0x000000f767500000)]
  0x0000023a670fc000 JavaThread "Cleaner-0" daemon [_thread_blocked, id=18412, stack(0x000000f767760000,0x000000f767860000)]
  0x0000023a5742a800 JavaThread "pool-1-thread-1" [_thread_blocked, id=17492, stack(0x000000f768270000,0x000000f768370000)]
  0x0000023a57428800 JavaThread "pool-1-thread-2" [_thread_blocked, id=6480, stack(0x000000f768370000,0x000000f768470000)]
  0x0000023a57428000 JavaThread "Java2D Disposer" daemon [_thread_blocked, id=12608, stack(0x000000f766500000,0x000000f766600000)]
=>0x0000023a57429800 JavaThread "pool-1-thread-3" [_thread_in_native, id=7304, stack(0x000000f767870000,0x000000f767970000)]
  0x0000023a5742c000 JavaThread "pool-1-thread-4" [_thread_blocked, id=10996, stack(0x000000f764c00000,0x000000f764d00000)]
  0x0000023a57427000 JavaThread "AWT-Windows" daemon [_thread_in_native, id=15180, stack(0x000000f764d00000,0x000000f764e00000)]

Other Threads:
  0x0000023a56043000 VMThread "VM Thread" [stack: 0x000000f765400000,0x000000f765500000] [id=11108]
  0x0000023a56fc9800 WatcherThread [stack: 0x000000f766100000,0x000000f766200000] [id=18340]
  0x0000023a323a5800 GCTaskThread "GC Thread#0" [stack: 0x000000f764f00000,0x000000f765000000] [id=17724]
  0x0000023a58a05000 GCTaskThread "GC Thread#1" [stack: 0x000000f766c00000,0x000000f766d00000] [id=13568]
  0x0000023a58715000 GCTaskThread "GC Thread#2" [stack: 0x000000f766d00000,0x000000f766e00000] [id=15340]
  0x0000023a589ea800 GCTaskThread "GC Thread#3" [stack: 0x000000f766e00000,0x000000f766f00000] [id=17788]
  0x0000023a589eb000 GCTaskThread "GC Thread#4" [stack: 0x000000f766f00000,0x000000f767000000] [id=12168]
  0x0000023a589eb800 GCTaskThread "GC Thread#5" [stack: 0x000000f767000000,0x000000f767100000] [id=7756]
  0x0000023a67338800 GCTaskThread "GC Thread#6" [stack: 0x000000f768470000,0x000000f768570000] [id=5420]
  0x0000023a67339000 GCTaskThread "GC Thread#7" [stack: 0x000000f768570000,0x000000f768670000] [id=12400]
  0x0000023a63f96000 GCTaskThread "GC Thread#8" [stack: 0x000000f768670000,0x000000f768770000] [id=13868]
  0x0000023a580e2000 GCTaskThread "GC Thread#9" [stack: 0x000000f768770000,0x000000f768870000] [id=15116]
  0x0000023a32403800 ConcurrentGCThread "G1 Main Marker" [stack: 0x000000f765000000,0x000000f765100000] [id=11448]
  0x0000023a32404800 ConcurrentGCThread "G1 Conc#0" [stack: 0x000000f765100000,0x000000f765200000] [id=9076]
  0x0000023a58a3c000 ConcurrentGCThread "G1 Conc#1" [stack: 0x000000f767500000,0x000000f767600000] [id=9396]
  0x0000023a61287800 ConcurrentGCThread "G1 Conc#2" [stack: 0x000000f767600000,0x000000f767700000] [id=17812]
  0x0000023a55f28000 ConcurrentGCThread "G1 Refine#0" [stack: 0x000000f765200000,0x000000f765300000] [id=1756]
  0x0000023a55f29000 ConcurrentGCThread "G1 Young RemSet Sampling" [stack: 0x000000f765300000,0x000000f765400000] [id=17960]

Threads with active compile tasks:

VM state:not at safepoint (normal execution)

VM Mutex/Monitor currently owned by a thread: None

Heap address: 0x0000000702600000, size: 4058 MB, Compressed Oops mode: Zero based, Oop shift amount: 3
Narrow klass base: 0x0000000800000000, Narrow klass shift: 0
Compressed class space size: 1073741824 Address: 0x0000000800000000

Heap:
 garbage-first heap   total 260096K, used 142077K [0x0000000702600000, 0x0000000800000000)
  region size 1024K, 45 young (46080K), 9 survivors (9216K)
 Metaspace       used 32495K, capacity 33635K, committed 33712K, reserved 1079296K
  class space    used 3897K, capacity 4347K, committed 4352K, reserved 1048576K
Heap Regions: E=young(eden), S=young(survivor), O=old, HS=humongous(starts), HC=humongous(continues), CS=collection set, F=free, A=archive, TAMS=top-at-mark-start (previous, next)
|   0|0x0000000702600000, 0x0000000702700000, 0x0000000702700000|100%| O|  |TAMS 0x0000000702700000, 0x0000000702600000| Untracked 
|   1|0x0000000702700000, 0x0000000702800000, 0x0000000702800000|100%|HS|  |TAMS 0x0000000702800000, 0x0000000702700000| Complete 
|   2|0x0000000702800000, 0x0000000702900000, 0x0000000702900000|100%|HC|  |TAMS 0x0000000702900000, 0x0000000702800000| Complete 
|   3|0x0000000702900000, 0x0000000702a00000, 0x0000000702a00000|100%| O|  |TAMS 0x0000000702a00000, 0x0000000702900000| Untracked 
|   4|0x0000000702a00000, 0x0000000702b00000, 0x0000000702b00000|100%| O|  |TAMS 0x0000000702b00000, 0x0000000702a00000| Untracked 
|   5|0x0000000702b00000, 0x0000000702c00000, 0x0000000702c00000|100%| O|  |TAMS 0x0000000702c00000, 0x0000000702b00000| Untracked 
|   6|0x0000000702c00000, 0x0000000702d00000, 0x0000000702d00000|100%| O|  |TAMS 0x0000000702d00000, 0x0000000702c00000| Untracked 
|   7|0x0000000702d00000, 0x0000000702e00000, 0x0000000702e00000|100%| O|  |TAMS 0x0000000702e00000, 0x0000000702d00000| Untracked 
|   8|0x0000000702e00000, 0x0000000702e6c800, 0x0000000702f00000| 42%| O|  |TAMS 0x0000000702e6c800, 0x0000000702e00000| Untracked 
|   9|0x0000000702f00000, 0x0000000703000000, 0x0000000703000000|100%|HS|  |TAMS 0x0000000702f00000, 0x0000000702f00000| Complete 
|  10|0x0000000703000000, 0x0000000703100000, 0x0000000703100000|100%|HC|  |TAMS 0x0000000703000000, 0x0000000703000000| Complete 
|  11|0x0000000703100000, 0x0000000703200000, 0x0000000703200000|100%|HC|  |TAMS 0x0000000703100000, 0x0000000703100000| Complete 
|  12|0x0000000703200000, 0x0000000703300000, 0x0000000703300000|100%|HC|  |TAMS 0x0000000703200000, 0x0000000703200000| Complete 
|  13|0x0000000703300000, 0x0000000703400000, 0x0000000703400000|100%|HC|  |TAMS 0x0000000703300000, 0x0000000703300000| Complete 
|  14|0x0000000703400000, 0x0000000703500000, 0x0000000703500000|100%|HC|  |TAMS 0x0000000703400000, 0x0000000703400000| Complete 
|  15|0x0000000703500000, 0x0000000703600000, 0x0000000703600000|100%|HC|  |TAMS 0x0000000703500000, 0x0000000703500000| Complete 
|  16|0x0000000703600000, 0x0000000703700000, 0x0000000703700000|100%|HC|  |TAMS 0x0000000703600000, 0x0000000703600000| Complete 
|  17|0x0000000703700000, 0x0000000703800000, 0x0000000703800000|100%|HC|  |TAMS 0x0000000703700000, 0x0000000703700000| Complete 
|  18|0x0000000703800000, 0x0000000703900000, 0x0000000703900000|100%|HC|  |TAMS 0x0000000703800000, 0x0000000703800000| Complete 
|  19|0x0000000703900000, 0x0000000703a00000, 0x0000000703a00000|100%|HC|  |TAMS 0x0000000703900000, 0x0000000703900000| Complete 
|  20|0x0000000703a00000, 0x0000000703b00000, 0x0000000703b00000|100%|HC|  |TAMS 0x0000000703a00000, 0x0000000703a00000| Complete 
|  21|0x0000000703b00000, 0x0000000703c00000, 0x0000000703c00000|100%|HC|  |TAMS 0x0000000703b00000, 0x0000000703b00000| Complete 
|  22|0x0000000703c00000, 0x0000000703d00000, 0x0000000703d00000|100%|HC|  |TAMS 0x0000000703c00000, 0x0000000703c00000| Complete 
|  23|0x0000000703d00000, 0x0000000703e00000, 0x0000000703e00000|100%|HC|  |TAMS 0x0000000703d00000, 0x0000000703d00000| Complete 
|  24|0x0000000703e00000, 0x0000000703f00000, 0x0000000703f00000|100%|HC|  |TAMS 0x0000000703e00000, 0x0000000703e00000| Complete 
|  25|0x0000000703f00000, 0x0000000704000000, 0x0000000704000000|100%|HC|  |TAMS 0x0000000703f00000, 0x0000000703f00000| Complete 
|  26|0x0000000704000000, 0x0000000704100000, 0x0000000704100000|100%|HC|  |TAMS 0x0000000704000000, 0x0000000704000000| Complete 
|  27|0x0000000704100000, 0x0000000704200000, 0x0000000704200000|100%|HC|  |TAMS 0x0000000704100000, 0x0000000704100000| Complete 
|  28|0x0000000704200000, 0x0000000704300000, 0x0000000704300000|100%|HC|  |TAMS 0x0000000704200000, 0x0000000704200000| Complete 
|  29|0x0000000704300000, 0x0000000704400000, 0x0000000704400000|100%|HC|  |TAMS 0x0000000704300000, 0x0000000704300000| Complete 
|  30|0x0000000704400000, 0x0000000704500000, 0x0000000704500000|100%|HC|  |TAMS 0x0000000704400000, 0x0000000704400000| Complete 
|  31|0x0000000704500000, 0x0000000704600000, 0x0000000704600000|100%|HC|  |TAMS 0x0000000704500000, 0x0000000704500000| Complete 
|  32|0x0000000704600000, 0x0000000704700000, 0x0000000704700000|100%|HC|  |TAMS 0x0000000704600000, 0x0000000704600000| Complete 
|  33|0x0000000704700000, 0x0000000704800000, 0x0000000704800000|100%|HC|  |TAMS 0x0000000704700000, 0x0000000704700000| Complete 
|  34|0x0000000704800000, 0x0000000704900000, 0x0000000704900000|100%|HC|  |TAMS 0x0000000704800000, 0x0000000704800000| Complete 
|  35|0x0000000704900000, 0x0000000704a00000, 0x0000000704a00000|100%|HC|  |TAMS 0x0000000704900000, 0x0000000704900000| Complete 
|  36|0x0000000704a00000, 0x0000000704b00000, 0x0000000704b00000|100%|HC|  |TAMS 0x0000000704a00000, 0x0000000704a00000| Complete 
|  37|0x0000000704b00000, 0x0000000704c00000, 0x0000000704c00000|100%|HS|  |TAMS 0x0000000704b00000, 0x0000000704b00000| Complete 
|  38|0x0000000704c00000, 0x0000000704d00000, 0x0000000704d00000|100%|HC|  |TAMS 0x0000000704c00000, 0x0000000704c00000| Complete 
|  39|0x0000000704d00000, 0x0000000704e00000, 0x0000000704e00000|100%|HC|  |TAMS 0x0000000704d00000, 0x0000000704d00000| Complete 
|  40|0x0000000704e00000, 0x0000000704f00000, 0x0000000704f00000|100%|HC|  |TAMS 0x0000000704e00000, 0x0000000704e00000| Complete 
|  41|0x0000000704f00000, 0x0000000705000000, 0x0000000705000000|100%|HC|  |TAMS 0x0000000704f00000, 0x0000000704f00000| Complete 
|  42|0x0000000705000000, 0x0000000705100000, 0x0000000705100000|100%|HC|  |TAMS 0x0000000705000000, 0x0000000705000000| Complete 
|  43|0x0000000705100000, 0x0000000705200000, 0x0000000705200000|100%|HC|  |TAMS 0x0000000705100000, 0x0000000705100000| Complete 
|  44|0x0000000705200000, 0x0000000705300000, 0x0000000705300000|100%|HC|  |TAMS 0x0000000705200000, 0x0000000705200000| Complete 
|  45|0x0000000705300000, 0x0000000705400000, 0x0000000705400000|100%|HC|  |TAMS 0x0000000705300000, 0x0000000705300000| Complete 
|  46|0x0000000705400000, 0x0000000705500000, 0x0000000705500000|100%|HC|  |TAMS 0x0000000705400000, 0x0000000705400000| Complete 
|  47|0x0000000705500000, 0x0000000705600000, 0x0000000705600000|100%|HC|  |TAMS 0x0000000705500000, 0x0000000705500000| Complete 
|  48|0x0000000705600000, 0x0000000705700000, 0x0000000705700000|100%|HC|  |TAMS 0x0000000705600000, 0x0000000705600000| Complete 
|  49|0x0000000705700000, 0x0000000705800000, 0x0000000705800000|100%|HC|  |TAMS 0x0000000705700000, 0x0000000705700000| Complete 
|  50|0x0000000705800000, 0x0000000705900000, 0x0000000705900000|100%|HC|  |TAMS 0x0000000705800000, 0x0000000705800000| Complete 
|  51|0x0000000705900000, 0x0000000705a00000, 0x0000000705a00000|100%|HC|  |TAMS 0x0000000705900000, 0x0000000705900000| Complete 
|  52|0x0000000705a00000, 0x0000000705b00000, 0x0000000705b00000|100%|HC|  |TAMS 0x0000000705a00000, 0x0000000705a00000| Complete 
|  53|0x0000000705b00000, 0x0000000705c00000, 0x0000000705c00000|100%|HC|  |TAMS 0x0000000705b00000, 0x0000000705b00000| Complete 
|  54|0x0000000705c00000, 0x0000000705d00000, 0x0000000705d00000|100%|HC|  |TAMS 0x0000000705c00000, 0x0000000705c00000| Complete 
|  55|0x0000000705d00000, 0x0000000705e00000, 0x0000000705e00000|100%|HC|  |TAMS 0x0000000705d00000, 0x0000000705d00000| Complete 
|  56|0x0000000705e00000, 0x0000000705f00000, 0x0000000705f00000|100%|HC|  |TAMS 0x0000000705e00000, 0x0000000705e00000| Complete 
|  57|0x0000000705f00000, 0x0000000706000000, 0x0000000706000000|100%|HC|  |TAMS 0x0000000705f00000, 0x0000000705f00000| Complete 
|  58|0x0000000706000000, 0x0000000706100000, 0x0000000706100000|100%|HC|  |TAMS 0x0000000706000000, 0x0000000706000000| Complete 
|  59|0x0000000706100000, 0x0000000706200000, 0x0000000706200000|100%|HC|  |TAMS 0x0000000706100000, 0x0000000706100000| Complete 
|  60|0x0000000706200000, 0x0000000706300000, 0x0000000706300000|100%|HC|  |TAMS 0x0000000706200000, 0x0000000706200000| Complete 
|  61|0x0000000706300000, 0x0000000706400000, 0x0000000706400000|100%|HC|  |TAMS 0x0000000706300000, 0x0000000706300000| Complete 
|  62|0x0000000706400000, 0x0000000706500000, 0x0000000706500000|100%|HC|  |TAMS 0x0000000706400000, 0x0000000706400000| Complete 
|  63|0x0000000706500000, 0x0000000706600000, 0x0000000706600000|100%|HC|  |TAMS 0x0000000706500000, 0x0000000706500000| Complete 
|  64|0x0000000706600000, 0x0000000706700000, 0x0000000706700000|100%|HC|  |TAMS 0x0000000706600000, 0x0000000706600000| Complete 
|  65|0x0000000706700000, 0x0000000706800000, 0x0000000706800000|100%|HS|  |TAMS 0x0000000706700000, 0x0000000706700000| Complete 
|  66|0x0000000706800000, 0x0000000706900000, 0x0000000706900000|100%|HC|  |TAMS 0x0000000706800000, 0x0000000706800000| Complete 
|  67|0x0000000706900000, 0x0000000706a00000, 0x0000000706a00000|100%|HC|  |TAMS 0x0000000706900000, 0x0000000706900000| Complete 
|  68|0x0000000706a00000, 0x0000000706b00000, 0x0000000706b00000|100%|HC|  |TAMS 0x0000000706a00000, 0x0000000706a00000| Complete 
|  69|0x0000000706b00000, 0x0000000706c00000, 0x0000000706c00000|100%|HC|  |TAMS 0x0000000706b00000, 0x0000000706b00000| Complete 
|  70|0x0000000706c00000, 0x0000000706d00000, 0x0000000706d00000|100%|HC|  |TAMS 0x0000000706c00000, 0x0000000706c00000| Complete 
|  71|0x0000000706d00000, 0x0000000706e00000, 0x0000000706e00000|100%|HC|  |TAMS 0x0000000706d00000, 0x0000000706d00000| Complete 
|  72|0x0000000706e00000, 0x0000000706f00000, 0x0000000706f00000|100%|HC|  |TAMS 0x0000000706e00000, 0x0000000706e00000| Complete 
|  73|0x0000000706f00000, 0x0000000707000000, 0x0000000707000000|100%|HC|  |TAMS 0x0000000706f00000, 0x0000000706f00000| Complete 
|  74|0x0000000707000000, 0x0000000707100000, 0x0000000707100000|100%|HC|  |TAMS 0x0000000707000000, 0x0000000707000000| Complete 
|  75|0x0000000707100000, 0x0000000707200000, 0x0000000707200000|100%|HC|  |TAMS 0x0000000707100000, 0x0000000707100000| Complete 
|  76|0x0000000707200000, 0x0000000707300000, 0x0000000707300000|100%|HC|  |TAMS 0x0000000707200000, 0x0000000707200000| Complete 
|  77|0x0000000707300000, 0x0000000707400000, 0x0000000707400000|100%|HC|  |TAMS 0x0000000707300000, 0x0000000707300000| Complete 
|  78|0x0000000707400000, 0x0000000707500000, 0x0000000707500000|100%|HC|  |TAMS 0x0000000707400000, 0x0000000707400000| Complete 
|  79|0x0000000707500000, 0x0000000707600000, 0x0000000707600000|100%|HC|  |TAMS 0x0000000707500000, 0x0000000707500000| Complete 
|  80|0x0000000707600000, 0x0000000707700000, 0x0000000707700000|100%|HC|  |TAMS 0x0000000707600000, 0x0000000707600000| Complete 
|  81|0x0000000707700000, 0x0000000707800000, 0x0000000707800000|100%|HC|  |TAMS 0x0000000707700000, 0x0000000707700000| Complete 
|  82|0x0000000707800000, 0x0000000707900000, 0x0000000707900000|100%|HC|  |TAMS 0x0000000707800000, 0x0000000707800000| Complete 
|  83|0x0000000707900000, 0x0000000707a00000, 0x0000000707a00000|100%|HC|  |TAMS 0x0000000707900000, 0x0000000707900000| Complete 
|  84|0x0000000707a00000, 0x0000000707b00000, 0x0000000707b00000|100%|HC|  |TAMS 0x0000000707a00000, 0x0000000707a00000| Complete 
|  85|0x0000000707b00000, 0x0000000707c00000, 0x0000000707c00000|100%|HC|  |TAMS 0x0000000707b00000, 0x0000000707b00000| Complete 
|  86|0x0000000707c00000, 0x0000000707d00000, 0x0000000707d00000|100%|HC|  |TAMS 0x0000000707c00000, 0x0000000707c00000| Complete 
|  87|0x0000000707d00000, 0x0000000707e00000, 0x0000000707e00000|100%|HC|  |TAMS 0x0000000707d00000, 0x0000000707d00000| Complete 
|  88|0x0000000707e00000, 0x0000000707f00000, 0x0000000707f00000|100%|HC|  |TAMS 0x0000000707e00000, 0x0000000707e00000| Complete 
|  89|0x0000000707f00000, 0x0000000708000000, 0x0000000708000000|100%|HC|  |TAMS 0x0000000707f00000, 0x0000000707f00000| Complete 
|  90|0x0000000708000000, 0x0000000708100000, 0x0000000708100000|100%|HC|  |TAMS 0x0000000708000000, 0x0000000708000000| Complete 
|  91|0x0000000708100000, 0x0000000708200000, 0x0000000708200000|100%|HC|  |TAMS 0x0000000708100000, 0x0000000708100000| Complete 
|  92|0x0000000708200000, 0x0000000708300000, 0x0000000708300000|100%|HC|  |TAMS 0x0000000708200000, 0x0000000708200000| Complete 
|  93|0x0000000708300000, 0x0000000708400000, 0x0000000708400000|100%|HS|  |TAMS 0x0000000708300000, 0x0000000708300000| Complete 
|  94|0x0000000708400000, 0x0000000708500000, 0x0000000708500000|100%|HS|  |TAMS 0x0000000708400000, 0x0000000708400000| Complete 
|  95|0x0000000708500000, 0x0000000708600000, 0x0000000708600000|100%|HS|  |TAMS 0x0000000708600000, 0x0000000708500000| Complete 
|  96|0x0000000708600000, 0x0000000708700000, 0x0000000708700000|100%|HC|  |TAMS 0x0000000708700000, 0x0000000708600000| Complete 
|  97|0x0000000708700000, 0x0000000708700000, 0x0000000708800000|  0%| F|  |TAMS 0x0000000708700000, 0x0000000708700000| Untracked 
|  98|0x0000000708800000, 0x0000000708800000, 0x0000000708900000|  0%| F|  |TAMS 0x0000000708800000, 0x0000000708800000| Untracked 
|  99|0x0000000708900000, 0x0000000708900000, 0x0000000708a00000|  0%| F|  |TAMS 0x0000000708900000, 0x0000000708900000| Untracked 
| 100|0x0000000708a00000, 0x0000000708a00000, 0x0000000708b00000|  0%| F|  |TAMS 0x0000000708a00000, 0x0000000708a00000| Untracked 
| 101|0x0000000708b00000, 0x0000000708b00000, 0x0000000708c00000|  0%| F|  |TAMS 0x0000000708b00000, 0x0000000708b00000| Untracked 
| 102|0x0000000708c00000, 0x0000000708c00000, 0x0000000708d00000|  0%| F|  |TAMS 0x0000000708c00000, 0x0000000708c00000| Untracked 
| 103|0x0000000708d00000, 0x0000000708d00000, 0x0000000708e00000|  0%| F|  |TAMS 0x0000000708d00000, 0x0000000708d00000| Untracked 
| 104|0x0000000708e00000, 0x0000000708e00000, 0x0000000708f00000|  0%| F|  |TAMS 0x0000000708e00000, 0x0000000708e00000| Untracked 
| 105|0x0000000708f00000, 0x0000000708f00000, 0x0000000709000000|  0%| F|  |TAMS 0x0000000708f00000, 0x0000000708f00000| Untracked 
| 106|0x0000000709000000, 0x0000000709000000, 0x0000000709100000|  0%| F|  |TAMS 0x0000000709000000, 0x0000000709000000| Untracked 
| 107|0x0000000709100000, 0x0000000709100000, 0x0000000709200000|  0%| F|  |TAMS 0x0000000709100000, 0x0000000709100000| Untracked 
| 108|0x0000000709200000, 0x0000000709200000, 0x0000000709300000|  0%| F|  |TAMS 0x0000000709200000, 0x0000000709200000| Untracked 
| 109|0x0000000709300000, 0x0000000709300000, 0x0000000709400000|  0%| F|  |TAMS 0x0000000709300000, 0x0000000709300000| Untracked 
| 110|0x0000000709400000, 0x0000000709400000, 0x0000000709500000|  0%| F|  |TAMS 0x0000000709400000, 0x0000000709400000| Untracked 
| 111|0x0000000709500000, 0x0000000709500000, 0x0000000709600000|  0%| F|  |TAMS 0x0000000709500000, 0x0000000709500000| Untracked 
| 112|0x0000000709600000, 0x0000000709600000, 0x0000000709700000|  0%| F|  |TAMS 0x0000000709600000, 0x0000000709600000| Untracked 
| 113|0x0000000709700000, 0x0000000709700000, 0x0000000709800000|  0%| F|  |TAMS 0x0000000709700000, 0x0000000709700000| Untracked 
| 114|0x0000000709800000, 0x0000000709800000, 0x0000000709900000|  0%| F|  |TAMS 0x0000000709800000, 0x0000000709800000| Untracked 
| 115|0x0000000709900000, 0x0000000709900000, 0x0000000709a00000|  0%| F|  |TAMS 0x0000000709900000, 0x0000000709900000| Untracked 
| 116|0x0000000709a00000, 0x0000000709a00000, 0x0000000709b00000|  0%| F|  |TAMS 0x0000000709a00000, 0x0000000709a00000| Untracked 
| 117|0x0000000709b00000, 0x0000000709b00000, 0x0000000709c00000|  0%| F|  |TAMS 0x0000000709b00000, 0x0000000709b00000| Untracked 
| 118|0x0000000709c00000, 0x0000000709c00000, 0x0000000709d00000|  0%| F|  |TAMS 0x0000000709c00000, 0x0000000709c00000| Untracked 
| 119|0x0000000709d00000, 0x0000000709d00000, 0x0000000709e00000|  0%| F|  |TAMS 0x0000000709d00000, 0x0000000709d00000| Untracked 
| 120|0x0000000709e00000, 0x0000000709e00000, 0x0000000709f00000|  0%| F|  |TAMS 0x0000000709e00000, 0x0000000709e00000| Untracked 
| 121|0x0000000709f00000, 0x0000000709f00000, 0x000000070a000000|  0%| F|  |TAMS 0x0000000709f00000, 0x0000000709f00000| Untracked 
| 122|0x000000070a000000, 0x000000070a000000, 0x000000070a100000|  0%| F|  |TAMS 0x000000070a000000, 0x000000070a000000| Untracked 
| 123|0x000000070a100000, 0x000000070a100000, 0x000000070a200000|  0%| F|  |TAMS 0x000000070a100000, 0x000000070a100000| Untracked 
| 124|0x000000070a200000, 0x000000070a200000, 0x000000070a300000|  0%| F|  |TAMS 0x000000070a200000, 0x000000070a200000| Untracked 
| 125|0x000000070a300000, 0x000000070a300000, 0x000000070a400000|  0%| F|  |TAMS 0x000000070a300000, 0x000000070a300000| Untracked 
| 126|0x000000070a400000, 0x000000070a400000, 0x000000070a500000|  0%| F|  |TAMS 0x000000070a400000, 0x000000070a400000| Untracked 
| 127|0x000000070a500000, 0x000000070a500000, 0x000000070a600000|  0%| F|  |TAMS 0x000000070a500000, 0x000000070a500000| Untracked 
| 128|0x000000070a600000, 0x000000070a600000, 0x000000070a700000|  0%| F|  |TAMS 0x000000070a600000, 0x000000070a600000| Untracked 
| 129|0x000000070a700000, 0x000000070a700000, 0x000000070a800000|  0%| F|  |TAMS 0x000000070a700000, 0x000000070a700000| Untracked 
| 130|0x000000070a800000, 0x000000070a800000, 0x000000070a900000|  0%| F|  |TAMS 0x000000070a800000, 0x000000070a800000| Untracked 
| 131|0x000000070a900000, 0x000000070a900000, 0x000000070aa00000|  0%| F|  |TAMS 0x000000070a900000, 0x000000070a900000| Untracked 
| 132|0x000000070aa00000, 0x000000070aa00000, 0x000000070ab00000|  0%| F|  |TAMS 0x000000070aa00000, 0x000000070aa00000| Untracked 
| 133|0x000000070ab00000, 0x000000070ab00000, 0x000000070ac00000|  0%| F|  |TAMS 0x000000070ab00000, 0x000000070ab00000| Untracked 
| 134|0x000000070ac00000, 0x000000070ac00000, 0x000000070ad00000|  0%| F|  |TAMS 0x000000070ac00000, 0x000000070ac00000| Untracked 
| 135|0x000000070ad00000, 0x000000070ad00000, 0x000000070ae00000|  0%| F|  |TAMS 0x000000070ad00000, 0x000000070ad00000| Untracked 
| 136|0x000000070ae00000, 0x000000070ae00000, 0x000000070af00000|  0%| F|  |TAMS 0x000000070ae00000, 0x000000070ae00000| Untracked 
| 137|0x000000070af00000, 0x000000070af00000, 0x000000070b000000|  0%| F|  |TAMS 0x000000070af00000, 0x000000070af00000| Untracked 
| 138|0x000000070b000000, 0x000000070b000000, 0x000000070b100000|  0%| F|  |TAMS 0x000000070b000000, 0x000000070b000000| Untracked 
| 139|0x000000070b100000, 0x000000070b100000, 0x000000070b200000|  0%| F|  |TAMS 0x000000070b100000, 0x000000070b100000| Untracked 
| 140|0x000000070b200000, 0x000000070b200000, 0x000000070b300000|  0%| F|  |TAMS 0x000000070b200000, 0x000000070b200000| Untracked 
| 141|0x000000070b300000, 0x000000070b300000, 0x000000070b400000|  0%| F|  |TAMS 0x000000070b300000, 0x000000070b300000| Untracked 
| 142|0x000000070b400000, 0x000000070b400000, 0x000000070b500000|  0%| F|  |TAMS 0x000000070b400000, 0x000000070b400000| Untracked 
| 143|0x000000070b500000, 0x000000070b500000, 0x000000070b600000|  0%| F|  |TAMS 0x000000070b500000, 0x000000070b500000| Untracked 
| 144|0x000000070b600000, 0x000000070b600000, 0x000000070b700000|  0%| F|  |TAMS 0x000000070b600000, 0x000000070b600000| Untracked 
| 145|0x000000070b700000, 0x000000070b700000, 0x000000070b800000|  0%| F|  |TAMS 0x000000070b700000, 0x000000070b700000| Untracked 
| 146|0x000000070b800000, 0x000000070b800000, 0x000000070b900000|  0%| F|  |TAMS 0x000000070b800000, 0x000000070b800000| Untracked 
| 147|0x000000070b900000, 0x000000070b900000, 0x000000070ba00000|  0%| F|  |TAMS 0x000000070b900000, 0x000000070b900000| Untracked 
| 148|0x000000070ba00000, 0x000000070ba00000, 0x000000070bb00000|  0%| F|  |TAMS 0x000000070ba00000, 0x000000070ba00000| Untracked 
| 149|0x000000070bb00000, 0x000000070bb00000, 0x000000070bc00000|  0%| F|  |TAMS 0x000000070bb00000, 0x000000070bb00000| Untracked 
| 150|0x000000070bc00000, 0x000000070bc00000, 0x000000070bd00000|  0%| F|  |TAMS 0x000000070bc00000, 0x000000070bc00000| Untracked 
| 151|0x000000070bd00000, 0x000000070bd00000, 0x000000070be00000|  0%| F|  |TAMS 0x000000070bd00000, 0x000000070bd00000| Untracked 
| 152|0x000000070be00000, 0x000000070be00000, 0x000000070bf00000|  0%| F|  |TAMS 0x000000070be00000, 0x000000070be00000| Untracked 
| 153|0x000000070bf00000, 0x000000070bf00000, 0x000000070c000000|  0%| F|  |TAMS 0x000000070bf00000, 0x000000070bf00000| Untracked 
| 154|0x000000070c000000, 0x000000070c000000, 0x000000070c100000|  0%| F|  |TAMS 0x000000070c000000, 0x000000070c000000| Untracked 
| 155|0x000000070c100000, 0x000000070c100000, 0x000000070c200000|  0%| F|  |TAMS 0x000000070c100000, 0x000000070c100000| Untracked 
| 156|0x000000070c200000, 0x000000070c200000, 0x000000070c300000|  0%| F|  |TAMS 0x000000070c200000, 0x000000070c200000| Untracked 
| 157|0x000000070c300000, 0x000000070c300000, 0x000000070c400000|  0%| F|  |TAMS 0x000000070c300000, 0x000000070c300000| Untracked 
| 158|0x000000070c400000, 0x000000070c400000, 0x000000070c500000|  0%| F|  |TAMS 0x000000070c400000, 0x000000070c400000| Untracked 
| 159|0x000000070c500000, 0x000000070c500000, 0x000000070c600000|  0%| F|  |TAMS 0x000000070c500000, 0x000000070c500000| Untracked 
| 160|0x000000070c600000, 0x000000070c600000, 0x000000070c700000|  0%| F|  |TAMS 0x000000070c600000, 0x000000070c600000| Untracked 
| 161|0x000000070c700000, 0x000000070c700000, 0x000000070c800000|  0%| F|  |TAMS 0x000000070c700000, 0x000000070c700000| Untracked 
| 162|0x000000070c800000, 0x000000070c800000, 0x000000070c900000|  0%| F|  |TAMS 0x000000070c800000, 0x000000070c800000| Untracked 
| 163|0x000000070c900000, 0x000000070c900000, 0x000000070ca00000|  0%| F|  |TAMS 0x000000070c900000, 0x000000070c900000| Untracked 
| 164|0x000000070ca00000, 0x000000070ca00000, 0x000000070cb00000|  0%| F|  |TAMS 0x000000070ca00000, 0x000000070ca00000| Untracked 
| 165|0x000000070cb00000, 0x000000070cb00000, 0x000000070cc00000|  0%| F|  |TAMS 0x000000070cb00000, 0x000000070cb00000| Untracked 
| 166|0x000000070cc00000, 0x000000070cc00000, 0x000000070cd00000|  0%| F|  |TAMS 0x000000070cc00000, 0x000000070cc00000| Untracked 
| 167|0x000000070cd00000, 0x000000070cd00000, 0x000000070ce00000|  0%| F|  |TAMS 0x000000070cd00000, 0x000000070cd00000| Untracked 
| 168|0x000000070ce00000, 0x000000070ce00000, 0x000000070cf00000|  0%| F|  |TAMS 0x000000070ce00000, 0x000000070ce00000| Untracked 
| 169|0x000000070cf00000, 0x000000070cf00000, 0x000000070d000000|  0%| F|  |TAMS 0x000000070cf00000, 0x000000070cf00000| Untracked 
| 170|0x000000070d000000, 0x000000070d000000, 0x000000070d100000|  0%| F|  |TAMS 0x000000070d000000, 0x000000070d000000| Untracked 
| 171|0x000000070d100000, 0x000000070d100000, 0x000000070d200000|  0%| F|  |TAMS 0x000000070d100000, 0x000000070d100000| Untracked 
| 172|0x000000070d200000, 0x000000070d200000, 0x000000070d300000|  0%| F|  |TAMS 0x000000070d200000, 0x000000070d200000| Untracked 
| 173|0x000000070d300000, 0x000000070d300000, 0x000000070d400000|  0%| F|  |TAMS 0x000000070d300000, 0x000000070d300000| Untracked 
| 174|0x000000070d400000, 0x000000070d400000, 0x000000070d500000|  0%| F|  |TAMS 0x000000070d400000, 0x000000070d400000| Untracked 
| 175|0x000000070d500000, 0x000000070d500000, 0x000000070d600000|  0%| F|  |TAMS 0x000000070d500000, 0x000000070d500000| Untracked 
| 176|0x000000070d600000, 0x000000070d600000, 0x000000070d700000|  0%| F|  |TAMS 0x000000070d600000, 0x000000070d600000| Untracked 
| 177|0x000000070d700000, 0x000000070d700000, 0x000000070d800000|  0%| F|  |TAMS 0x000000070d700000, 0x000000070d700000| Untracked 
| 178|0x000000070d800000, 0x000000070d800000, 0x000000070d900000|  0%| F|  |TAMS 0x000000070d800000, 0x000000070d800000| Untracked 
| 179|0x000000070d900000, 0x000000070d900000, 0x000000070da00000|  0%| F|  |TAMS 0x000000070d900000, 0x000000070d900000| Untracked 
| 180|0x000000070da00000, 0x000000070da00000, 0x000000070db00000|  0%| F|  |TAMS 0x000000070da00000, 0x000000070da00000| Untracked 
| 181|0x000000070db00000, 0x000000070db00000, 0x000000070dc00000|  0%| F|  |TAMS 0x000000070db00000, 0x000000070db00000| Untracked 
| 182|0x000000070dc00000, 0x000000070dc00000, 0x000000070dd00000|  0%| F|  |TAMS 0x000000070dc00000, 0x000000070dc00000| Untracked 
| 183|0x000000070dd00000, 0x000000070dd00000, 0x000000070de00000|  0%| F|  |TAMS 0x000000070dd00000, 0x000000070dd00000| Untracked 
| 184|0x000000070de00000, 0x000000070de00000, 0x000000070df00000|  0%| F|  |TAMS 0x000000070de00000, 0x000000070de00000| Untracked 
| 185|0x000000070df00000, 0x000000070df00000, 0x000000070e000000|  0%| F|  |TAMS 0x000000070df00000, 0x000000070df00000| Untracked 
| 186|0x000000070e000000, 0x000000070e000000, 0x000000070e100000|  0%| F|  |TAMS 0x000000070e000000, 0x000000070e000000| Untracked 
| 187|0x000000070e100000, 0x000000070e152d80, 0x000000070e200000| 32%| S|CS|TAMS 0x000000070e100000, 0x000000070e100000| Complete 
| 188|0x000000070e200000, 0x000000070e300000, 0x000000070e300000|100%| S|CS|TAMS 0x000000070e200000, 0x000000070e200000| Complete 
| 189|0x000000070e300000, 0x000000070e400000, 0x000000070e400000|100%| S|CS|TAMS 0x000000070e300000, 0x000000070e300000| Complete 
| 190|0x000000070e400000, 0x000000070e500000, 0x000000070e500000|100%| S|CS|TAMS 0x000000070e400000, 0x000000070e400000| Complete 
| 191|0x000000070e500000, 0x000000070e500000, 0x000000070e600000|  0%| F|  |TAMS 0x000000070e500000, 0x000000070e500000| Untracked 
| 192|0x000000070e600000, 0x000000070e600000, 0x000000070e700000|  0%| F|  |TAMS 0x000000070e600000, 0x000000070e600000| Untracked 
| 193|0x000000070e700000, 0x000000070e700000, 0x000000070e800000|  0%| F|  |TAMS 0x000000070e700000, 0x000000070e700000| Untracked 
| 194|0x000000070e800000, 0x000000070e800000, 0x000000070e900000|  0%| F|  |TAMS 0x000000070e800000, 0x000000070e800000| Untracked 
| 195|0x000000070e900000, 0x000000070e900000, 0x000000070ea00000|  0%| F|  |TAMS 0x000000070e900000, 0x000000070e900000| Untracked 
| 196|0x000000070ea00000, 0x000000070ea00000, 0x000000070eb00000|  0%| F|  |TAMS 0x000000070ea00000, 0x000000070ea00000| Untracked 
| 197|0x000000070eb00000, 0x000000070eb00000, 0x000000070ec00000|  0%| F|  |TAMS 0x000000070eb00000, 0x000000070eb00000| Untracked 
| 198|0x000000070ec00000, 0x000000070ed00000, 0x000000070ed00000|100%| S|CS|TAMS 0x000000070ec00000, 0x000000070ec00000| Complete 
| 199|0x000000070ed00000, 0x000000070ee00000, 0x000000070ee00000|100%| S|CS|TAMS 0x000000070ed00000, 0x000000070ed00000| Complete 
| 200|0x000000070ee00000, 0x000000070ef00000, 0x000000070ef00000|100%| S|CS|TAMS 0x000000070ee00000, 0x000000070ee00000| Complete 
| 201|0x000000070ef00000, 0x000000070f000000, 0x000000070f000000|100%| S|CS|TAMS 0x000000070ef00000, 0x000000070ef00000| Complete 
| 202|0x000000070f000000, 0x000000070f100000, 0x000000070f100000|100%| S|CS|TAMS 0x000000070f000000, 0x000000070f000000| Complete 
| 203|0x000000070f100000, 0x000000070f100000, 0x000000070f200000|  0%| F|  |TAMS 0x000000070f100000, 0x000000070f100000| Untracked 
| 204|0x000000070f200000, 0x000000070f200000, 0x000000070f300000|  0%| F|  |TAMS 0x000000070f200000, 0x000000070f200000| Untracked 
| 205|0x000000070f300000, 0x000000070f300000, 0x000000070f400000|  0%| F|  |TAMS 0x000000070f300000, 0x000000070f300000| Untracked 
| 206|0x000000070f400000, 0x000000070f400000, 0x000000070f500000|  0%| F|  |TAMS 0x000000070f400000, 0x000000070f400000| Untracked 
| 207|0x000000070f500000, 0x000000070f500000, 0x000000070f600000|  0%| F|  |TAMS 0x000000070f500000, 0x000000070f500000| Untracked 
| 208|0x000000070f600000, 0x000000070f600000, 0x000000070f700000|  0%| F|  |TAMS 0x000000070f600000, 0x000000070f600000| Untracked 
| 209|0x000000070f700000, 0x000000070f700000, 0x000000070f800000|  0%| F|  |TAMS 0x000000070f700000, 0x000000070f700000| Untracked 
| 210|0x000000070f800000, 0x000000070f800000, 0x000000070f900000|  0%| F|  |TAMS 0x000000070f800000, 0x000000070f800000| Untracked 
| 211|0x000000070f900000, 0x000000070f900000, 0x000000070fa00000|  0%| F|  |TAMS 0x000000070f900000, 0x000000070f900000| Untracked 
| 212|0x000000070fa00000, 0x000000070fa00000, 0x000000070fb00000|  0%| F|  |TAMS 0x000000070fa00000, 0x000000070fa00000| Untracked 
| 213|0x000000070fb00000, 0x000000070fb00000, 0x000000070fc00000|  0%| F|  |TAMS 0x000000070fb00000, 0x000000070fb00000| Untracked 
| 214|0x000000070fc00000, 0x000000070fc00000, 0x000000070fd00000|  0%| F|  |TAMS 0x000000070fc00000, 0x000000070fc00000| Untracked 
| 215|0x000000070fd00000, 0x000000070fd00000, 0x000000070fe00000|  0%| F|  |TAMS 0x000000070fd00000, 0x000000070fd00000| Untracked 
| 216|0x000000070fe00000, 0x000000070fe00000, 0x000000070ff00000|  0%| F|  |TAMS 0x000000070fe00000, 0x000000070fe00000| Untracked 
| 217|0x000000070ff00000, 0x000000070ff00000, 0x0000000710000000|  0%| F|  |TAMS 0x000000070ff00000, 0x000000070ff00000| Untracked 
| 218|0x0000000710000000, 0x000000071007c448, 0x0000000710100000| 48%| E|  |TAMS 0x0000000710000000, 0x0000000710000000| Complete 
| 219|0x0000000710100000, 0x0000000710200000, 0x0000000710200000|100%| E|CS|TAMS 0x0000000710100000, 0x0000000710100000| Complete 
| 220|0x0000000710200000, 0x00000007102e0540, 0x0000000710300000| 87%| E|  |TAMS 0x0000000710200000, 0x0000000710200000| Complete 
| 221|0x0000000710300000, 0x0000000710400000, 0x0000000710400000|100%| E|CS|TAMS 0x0000000710300000, 0x0000000710300000| Complete 
| 222|0x0000000710400000, 0x0000000710500000, 0x0000000710500000|100%| E|CS|TAMS 0x0000000710400000, 0x0000000710400000| Complete 
| 223|0x0000000710500000, 0x0000000710600000, 0x0000000710600000|100%| E|CS|TAMS 0x0000000710500000, 0x0000000710500000| Complete 
| 224|0x0000000710600000, 0x0000000710700000, 0x0000000710700000|100%| E|CS|TAMS 0x0000000710600000, 0x0000000710600000| Complete 
| 225|0x0000000710700000, 0x0000000710800000, 0x0000000710800000|100%| E|CS|TAMS 0x0000000710700000, 0x0000000710700000| Complete 
| 226|0x0000000710800000, 0x0000000710900000, 0x0000000710900000|100%| E|CS|TAMS 0x0000000710800000, 0x0000000710800000| Complete 
| 227|0x0000000710900000, 0x0000000710a00000, 0x0000000710a00000|100%| E|CS|TAMS 0x0000000710900000, 0x0000000710900000| Complete 
| 228|0x0000000710a00000, 0x0000000710b00000, 0x0000000710b00000|100%| E|CS|TAMS 0x0000000710a00000, 0x0000000710a00000| Complete 
| 229|0x0000000710b00000, 0x0000000710c00000, 0x0000000710c00000|100%| E|CS|TAMS 0x0000000710b00000, 0x0000000710b00000| Complete 
| 230|0x0000000710c00000, 0x0000000710d00000, 0x0000000710d00000|100%| E|CS|TAMS 0x0000000710c00000, 0x0000000710c00000| Complete 
| 231|0x0000000710d00000, 0x0000000710e00000, 0x0000000710e00000|100%| E|CS|TAMS 0x0000000710d00000, 0x0000000710d00000| Complete 
| 232|0x0000000710e00000, 0x0000000710f00000, 0x0000000710f00000|100%| E|CS|TAMS 0x0000000710e00000, 0x0000000710e00000| Complete 
| 233|0x0000000710f00000, 0x0000000711000000, 0x0000000711000000|100%| E|CS|TAMS 0x0000000710f00000, 0x0000000710f00000| Complete 
| 234|0x0000000711000000, 0x0000000711100000, 0x0000000711100000|100%| E|CS|TAMS 0x0000000711000000, 0x0000000711000000| Complete 
| 235|0x0000000711100000, 0x0000000711200000, 0x0000000711200000|100%| E|CS|TAMS 0x0000000711100000, 0x0000000711100000| Complete 
| 236|0x0000000711200000, 0x0000000711300000, 0x0000000711300000|100%| E|CS|TAMS 0x0000000711200000, 0x0000000711200000| Complete 
| 237|0x0000000711300000, 0x0000000711400000, 0x0000000711400000|100%| E|CS|TAMS 0x0000000711300000, 0x0000000711300000| Complete 
| 238|0x0000000711400000, 0x0000000711500000, 0x0000000711500000|100%| E|CS|TAMS 0x0000000711400000, 0x0000000711400000| Complete 
| 239|0x0000000711500000, 0x0000000711600000, 0x0000000711600000|100%| E|CS|TAMS 0x0000000711500000, 0x0000000711500000| Complete 
| 240|0x0000000711600000, 0x0000000711700000, 0x0000000711700000|100%| E|CS|TAMS 0x0000000711600000, 0x0000000711600000| Complete 
| 241|0x0000000711700000, 0x0000000711800000, 0x0000000711800000|100%| E|CS|TAMS 0x0000000711700000, 0x0000000711700000| Complete 
| 242|0x0000000711800000, 0x0000000711900000, 0x0000000711900000|100%| E|CS|TAMS 0x0000000711800000, 0x0000000711800000| Complete 
| 243|0x0000000711900000, 0x0000000711a00000, 0x0000000711a00000|100%| E|CS|TAMS 0x0000000711900000, 0x0000000711900000| Complete 
| 244|0x0000000711a00000, 0x0000000711b00000, 0x0000000711b00000|100%| E|CS|TAMS 0x0000000711a00000, 0x0000000711a00000| Complete 
| 245|0x0000000711b00000, 0x0000000711c00000, 0x0000000711c00000|100%| E|CS|TAMS 0x0000000711b00000, 0x0000000711b00000| Complete 
| 246|0x0000000711c00000, 0x0000000711d00000, 0x0000000711d00000|100%| E|CS|TAMS 0x0000000711c00000, 0x0000000711c00000| Complete 
| 247|0x0000000711d00000, 0x0000000711e00000, 0x0000000711e00000|100%| E|CS|TAMS 0x0000000711d00000, 0x0000000711d00000| Complete 
| 248|0x0000000711e00000, 0x0000000711f00000, 0x0000000711f00000|100%| E|CS|TAMS 0x0000000711e00000, 0x0000000711e00000| Complete 
| 249|0x0000000711f00000, 0x0000000712000000, 0x0000000712000000|100%| E|CS|TAMS 0x0000000711f00000, 0x0000000711f00000| Complete 
| 250|0x0000000712000000, 0x0000000712100000, 0x0000000712100000|100%| E|CS|TAMS 0x0000000712000000, 0x0000000712000000| Complete 
| 251|0x0000000712100000, 0x0000000712200000, 0x0000000712200000|100%| E|CS|TAMS 0x0000000712100000, 0x0000000712100000| Complete 
| 252|0x0000000712200000, 0x0000000712300000, 0x0000000712300000|100%| E|CS|TAMS 0x0000000712200000, 0x0000000712200000| Complete 
| 253|0x0000000712300000, 0x0000000712400000, 0x0000000712400000|100%| E|CS|TAMS 0x0000000712300000, 0x0000000712300000| Complete 

Card table byte_map: [0x0000023a4a3e0000,0x0000023a4abd0000] _byte_map_base: 0x0000023a46bcd000

Marking Bits (Prev, Next): (CMBitMap*) 0x0000023a323f2b40, (CMBitMap*) 0x0000023a323f2b08
 Prev Bits: [0x0000023a4f330000, 0x0000023a53298000)
 Next Bits: [0x0000023a4b3c0000, 0x0000023a4f328000)

Polling page: 0x0000023a31a70000

Metaspace:

Usage:
  Non-class:     28.60 MB capacity,    27.93 MB ( 98%) used,   558.38 KB (  2%) free+waste,   130.81 KB ( <1%) overhead. 
      Class:      4.25 MB capacity,     3.81 MB ( 90%) used,   387.09 KB (  9%) free+waste,    62.88 KB (  1%) overhead. 
       Both:     32.85 MB capacity,    31.73 MB ( 97%) used,   945.48 KB (  3%) free+waste,   193.69 KB ( <1%) overhead. 

Virtual space:
  Non-class space:       30.00 MB reserved,      28.67 MB ( 96%) committed 
      Class space:        1.00 GB reserved,       4.25 MB ( <1%) committed 
             Both:        1.03 GB reserved,      32.92 MB (  3%) committed 

Chunk freelists:
   Non-Class:  1.00 KB
       Class:  0 bytes
        Both:  1.00 KB

CodeHeap 'non-profiled nmethods': size=120000Kb used=2671Kb max_used=2671Kb free=117328Kb
 bounds [0x0000023a42170000, 0x0000023a42410000, 0x0000023a496a0000]
CodeHeap 'profiled nmethods': size=120000Kb used=7882Kb max_used=7891Kb free=112117Kb
 bounds [0x0000023a3ac40000, 0x0000023a3b400000, 0x0000023a42170000]
CodeHeap 'non-nmethods': size=5760Kb used=1488Kb max_used=1567Kb free=4271Kb
 bounds [0x0000023a3a6a0000, 0x0000023a3a910000, 0x0000023a3ac40000]
 total_blobs=6321 nmethods=3874 adapters=768
 compilation: enabled
              stopped_count=0, restarted_count=0
 full_count=0

Compilation events (10 events):
Event: 448.837 Thread 0x0000023a56958800 4379       3       java.lang.StringCoding::isMalformed3 (45 bytes)
Event: 448.837 Thread 0x0000023a56958800 nmethod 4379 0x0000023a3b3fe110 code [0x0000023a3b3fe2c0, 0x0000023a3b3fe538]
Event: 448.837 Thread 0x0000023a56958800 4380       3       java.util.regex.Pattern$LastNode::match (45 bytes)
Event: 448.837 Thread 0x0000023a56958800 nmethod 4380 0x0000023a3b3fe610 code [0x0000023a3b3fe7c0, 0x0000023a3b3fea18]
Event: 448.863 Thread 0x0000023a56958800 4381       3       java.nio.CharBuffer::array (35 bytes)
Event: 448.863 Thread 0x0000023a56958800 nmethod 4381 0x0000023a3b3feb10 code [0x0000023a3b3fed00, 0x0000023a3b3ff060]
Event: 448.863 Thread 0x0000023a56958800 4382       3       sun.nio.cs.UTF_8::updatePositions (23 bytes)
Event: 448.863 Thread 0x0000023a56958800 nmethod 4382 0x0000023a3b3ff190 code [0x0000023a3b3ff380, 0x0000023a3b3ff820]
Event: 450.454 Thread 0x0000023a56954000 4383       4       java.util.regex.Pattern$LastNode::match (45 bytes)
Event: 450.455 Thread 0x0000023a56954000 nmethod 4383 0x0000023a4240c590 code [0x0000023a4240c720, 0x0000023a4240c878]

GC Heap History (10 events):
Event: 0.941 GC heap before
{Heap before GC invocations=0 (full 0):
 garbage-first heap   total 260096K, used 23552K [0x0000000702600000, 0x0000000800000000)
  region size 1024K, 24 young (24576K), 0 survivors (0K)
 Metaspace       used 13070K, capacity 13449K, committed 13568K, reserved 1060864K
  class space    used 1356K, capacity 1520K, committed 1536K, reserved 1048576K
}
Event: 0.945 GC heap after
{Heap after GC invocations=1 (full 0):
 garbage-first heap   total 260096K, used 3818K [0x0000000702600000, 0x0000000800000000)
  region size 1024K, 3 young (3072K), 3 survivors (3072K)
 Metaspace       used 13070K, capacity 13449K, committed 13568K, reserved 1060864K
  class space    used 1356K, capacity 1520K, committed 1536K, reserved 1048576K
}
Event: 1.432 GC heap before
{Heap before GC invocations=1 (full 0):
 garbage-first heap   total 260096K, used 33514K [0x0000000702600000, 0x0000000800000000)
  region size 1024K, 33 young (33792K), 3 survivors (3072K)
 Metaspace       used 20417K, capacity 21077K, committed 21296K, reserved 1067008K
  class space    used 2544K, capacity 2828K, committed 2944K, reserved 1048576K
}
Event: 1.437 GC heap after
{Heap after GC invocations=2 (full 0):
 garbage-first heap   total 260096K, used 6805K [0x0000000702600000, 0x0000000800000000)
  region size 1024K, 6 young (6144K), 6 survivors (6144K)
 Metaspace       used 20417K, capacity 21077K, committed 21296K, reserved 1067008K
  class space    used 2544K, capacity 2828K, committed 2944K, reserved 1048576K
}
Event: 14.623 GC heap before
{Heap before GC invocations=3 (full 0):
 garbage-first heap   total 260096K, used 40597K [0x0000000702600000, 0x0000000800000000)
  region size 1024K, 37 young (37888K), 6 survivors (6144K)
 Metaspace       used 28843K, capacity 29884K, committed 30128K, reserved 1075200K
  class space    used 3595K, capacity 4020K, committed 4096K, reserved 1048576K
}
Event: 14.630 GC heap after
{Heap after GC invocations=4 (full 0):
 garbage-first heap   total 260096K, used 12404K [0x0000000702600000, 0x0000000800000000)
  region size 1024K, 4 young (4096K), 4 survivors (4096K)
 Metaspace       used 28843K, capacity 29884K, committed 30128K, reserved 1075200K
  class space    used 3595K, capacity 4020K, committed 4096K, reserved 1048576K
}
Event: 135.870 GC heap before
{Heap before GC invocations=4 (full 0):
 garbage-first heap   total 260096K, used 170100K [0x0000000702600000, 0x0000000800000000)
  region size 1024K, 56 young (57344K), 4 survivors (4096K)
 Metaspace       used 30918K, capacity 32034K, committed 32176K, reserved 1077248K
  class space    used 3778K, capacity 4245K, committed 4352K, reserved 1048576K
}
Event: 135.876 GC heap after
{Heap after GC invocations=5 (full 0):
 garbage-first heap   total 260096K, used 17433K [0x0000000702600000, 0x0000000800000000)
  region size 1024K, 7 young (7168K), 7 survivors (7168K)
 Metaspace       used 30918K, capacity 32034K, committed 32176K, reserved 1077248K
  class space    used 3778K, capacity 4245K, committed 4352K, reserved 1048576K
}
Event: 359.113 GC heap before
{Heap before GC invocations=6 (full 0):
 garbage-first heap   total 260096K, used 161817K [0x0000000702600000, 0x0000000800000000)
  region size 1024K, 58 young (59392K), 7 survivors (7168K)
 Metaspace       used 32465K, capacity 33565K, committed 33712K, reserved 1079296K
  class space    used 3895K, capacity 4345K, committed 4352K, reserved 1048576K
}
Event: 359.118 GC heap after
{Heap after GC invocations=7 (full 0):
 garbage-first heap   total 260096K, used 19197K [0x0000000702600000, 0x0000000800000000)
  region size 1024K, 9 young (9216K), 9 survivors (9216K)
 Metaspace       used 32465K, capacity 33565K, committed 33712K, reserved 1079296K
  class space    used 3895K, capacity 4345K, committed 4352K, reserved 1048576K
}

Deoptimization events (10 events):
Event: 209.434 Thread 0x0000023a57eb6000 Uncommon trap: reason=class_check action=maybe_recompile pc=0x0000023a42376f04 method=com.sun.javafx.event.CompositeEventHandler.dispatchBubblingEvent(Ljavafx/event/Event;)V @ 12 c2
Event: 209.436 Thread 0x0000023a57eb6000 Uncommon trap: reason=unstable_if action=reinterpret pc=0x0000023a42328c80 method=java.util.regex.Pattern$BmpCharPropertyGreedy.match(Ljava/util/regex/Matcher;ILjava/lang/CharSequence;)Z @ 12 c2
Event: 209.436 Thread 0x0000023a57eb6000 Uncommon trap: reason=unstable_if action=reinterpret pc=0x0000023a42386a38 method=java.util.regex.Pattern$LastNode.match(Ljava/util/regex/Matcher;ILjava/lang/CharSequence;)Z @ 5 c2
Event: 209.439 Thread 0x0000023a57eb6000 Uncommon trap: reason=null_check action=make_not_entrant pc=0x0000023a421d11ec method=javafx.scene.Scene.getWindow()Ljavafx/stage/Window; @ 18 c2
Event: 209.444 Thread 0x0000023a57eb6000 Uncommon trap: reason=unstable_if action=reinterpret pc=0x0000023a42352600 method=javafx.scene.CssStyleHelper.lookup(Ljavafx/css/Styleable;Ljavafx/css/CssMetaData;Lcom/sun/javafx/css/StyleMap;Ljava/util/Set;Ljavafx/css/Styleable;Lcom/sun/javafx/css/Calcul
Event: 209.892 Thread 0x0000023a57eb6000 Uncommon trap: reason=unstable_if action=reinterpret pc=0x0000023a42312598 method=java.util.EnumMap.values()Ljava/util/Collection; @ 6 c2
Event: 210.832 Thread 0x0000023a57eb6000 Uncommon trap: reason=speculate_class_check action=maybe_recompile pc=0x0000023a42206ba8 method=com.sun.javafx.scene.EnteredExitedHandler.dispatchBubblingEvent(Ljavafx/event/Event;)Ljavafx/event/Event; @ 19 c2
Event: 226.720 Thread 0x0000023a57eb6000 Uncommon trap: reason=bimorphic_or_optimized_type_check action=maybe_recompile pc=0x0000023a423c60a0 method=com.sun.javafx.event.EventHandlerManager.dispatchCapturingEvent(Ljavafx/event/Event;)Ljavafx/event/Event; @ 1 c2
Event: 226.720 Thread 0x0000023a57eb6000 Uncommon trap: reason=bimorphic_or_optimized_type_check action=maybe_recompile pc=0x0000023a423c60a0 method=com.sun.javafx.event.EventHandlerManager.dispatchCapturingEvent(Ljavafx/event/Event;)Ljavafx/event/Event; @ 1 c2
Event: 226.724 Thread 0x0000023a57eb6000 Uncommon trap: reason=bimorphic_or_optimized_type_check action=maybe_recompile pc=0x0000023a423c60a0 method=com.sun.javafx.event.EventHandlerManager.dispatchCapturingEvent(Ljavafx/event/Event;)Ljavafx/event/Event; @ 1 c2

Classes redefined (4 events):
Event: 124.977 Thread 0x0000023a56043000 redefined class name=com.Utils.TessUtil, count=1
Event: 124.987 Thread 0x0000023a56043000 redefined class name=com.Utils.TessUtil$1, count=1
Event: 349.335 Thread 0x0000023a56043000 redefined class name=com.Utils.TessUtil, count=2
Event: 349.345 Thread 0x0000023a56043000 redefined class name=com.Utils.TessUtil$1, count=2

Internal exceptions (10 events):
Event: 14.554 Thread 0x0000023a57428800 Exception <a 'java/io/FileNotFoundException'{0x0000000710889418}> (0x0000000710889418) thrown at [t:/workspace/open/src/hotspot/share/prims/jni.cpp, line 615]
Event: 14.555 Thread 0x0000023a57428800 Exception <a 'java/io/FileNotFoundException'{0x000000071088d038}> (0x000000071088d038) thrown at [t:/workspace/open/src/hotspot/share/prims/jni.cpp, line 615]
Event: 136.728 Thread 0x0000023a57eb6000 Implicit null exception at 0x0000023a421c7c6c to 0x0000023a421c89b6
Event: 136.728 Thread 0x0000023a57eb6000 Implicit null exception at 0x0000023a4233be6d to 0x0000023a4233ca1e
Event: 136.731 Thread 0x0000023a57eb6000 Implicit null exception at 0x0000023a423659c2 to 0x0000023a42365a32
Event: 205.259 Thread 0x0000023a57eb6000 Implicit null exception at 0x0000023a4233ec40 to 0x0000023a4233fabe
Event: 209.207 Thread 0x0000023a57eb6000 Exception <a 'java/lang/NoSuchMethodError'{0x000000070faae4e8}: java.lang.invoke.DirectMethodHandle$Holder.invokeVirtual(Ljava/lang/Object;Ljava/lang/Object;)I> (0x000000070faae4e8) thrown at [t:/workspace/open/src/hotspot/share/interpreter/linkResolver.c
Event: 209.208 Thread 0x0000023a57eb6000 Exception <a 'java/lang/NoSuchMethodError'{0x000000070fab6eb0}: java.lang.invoke.DirectMethodHandle$Holder.invokeVirtual(Ljava/lang/Object;Ljava/lang/Object;I)V> (0x000000070fab6eb0) thrown at [t:/workspace/open/src/hotspot/share/interpreter/linkResolver.
Event: 209.439 Thread 0x0000023a57eb6000 Implicit null exception at 0x0000023a421d1190 to 0x0000023a421d11de
Event: 209.892 Thread 0x0000023a57eb6000 Implicit null exception at 0x0000023a42310de0 to 0x0000023a42312572

Events (10 events):
Event: 450.453 Executing VM operation: RevokeBias
Event: 450.453 Executing VM operation: RevokeBias done
Event: 450.453 Executing VM operation: RevokeBias
Event: 450.453 Executing VM operation: RevokeBias done
Event: 450.453 Thread 0x0000023a5742d800 Thread exited: 0x0000023a5742d800
Event: 450.456 Executing VM operation: RevokeBias
Event: 450.456 Executing VM operation: RevokeBias done
Event: 450.458 Thread 0x0000023a5690b000 flushing nmethod 0x0000023a3aff2f10
Event: 450.458 Thread 0x0000023a5690b000 flushing nmethod 0x0000023a3b002e90
Event: 450.458 Thread 0x0000023a5690b000 flushing nmethod 0x0000023a3b095410


Dynamic libraries:
0x00007ff67c820000 - 0x00007ff67c865000 	C:\Program Files\Java\jdk-11.0.2\bin\java.exe
0x00007ff951760000 - 0x00007ff951941000 	C:\WINDOWS\SYSTEM32\ntdll.dll
0x00007ff9506c0000 - 0x00007ff950771000 	C:\WINDOWS\System32\KERNEL32.DLL
0x00007ff94e530000 - 0x00007ff94e7a3000 	C:\WINDOWS\System32\KERNELBASE.dll
0x00007ff951020000 - 0x00007ff9511b0000 	C:\WINDOWS\System32\USER32.dll
0x00007ff94e7b0000 - 0x00007ff94e7d0000 	C:\WINDOWS\System32\win32u.dll
0x00007ff951700000 - 0x00007ff951728000 	C:\WINDOWS\System32\GDI32.dll
0x00007ff94ea40000 - 0x00007ff94ebd1000 	C:\WINDOWS\System32\gdi32full.dll
0x00007ff94e330000 - 0x00007ff94e3cf000 	C:\WINDOWS\System32\msvcp_win.dll
0x00007ff94e3d0000 - 0x00007ff94e4c8000 	C:\WINDOWS\System32\ucrtbase.dll
0x00007ff93ebd0000 - 0x00007ff93ee39000 	C:\WINDOWS\WinSxS\amd64_microsoft.windows.common-controls_6595b64144ccf1df_6.0.17134.982_none_fb3fa44f30680781\COMCTL32.dll
0x00007ff951330000 - 0x00007ff9513ce000 	C:\WINDOWS\System32\msvcrt.dll
0x00007ff9513d0000 - 0x00007ff9516f2000 	C:\WINDOWS\System32\combase.dll
0x00007ff950ad0000 - 0x00007ff950bf4000 	C:\WINDOWS\System32\RPCRT4.dll
0x00007ff94e7d0000 - 0x00007ff94e849000 	C:\WINDOWS\System32\bcryptPrimitives.dll
0x00007ff9511d0000 - 0x00007ff9511fd000 	C:\WINDOWS\System32\IMM32.DLL
0x00007ff91ea10000 - 0x00007ff91ea26000 	C:\Program Files\Java\jdk-11.0.2\bin\vcruntime140.dll
0x00007ff90c670000 - 0x00007ff90c71a000 	C:\Program Files\Java\jdk-11.0.2\bin\msvcp140.dll
0x00007ff8f68b0000 - 0x00007ff8f73d3000 	C:\Program Files\Java\jdk-11.0.2\bin\server\jvm.dll
0x00007ff950970000 - 0x00007ff950a11000 	C:\WINDOWS\System32\ADVAPI32.dll
0x00007ff9512d0000 - 0x00007ff95132b000 	C:\WINDOWS\System32\sechost.dll
0x00007ff9506b0000 - 0x00007ff9506b8000 	C:\WINDOWS\System32\PSAPI.DLL
0x00007ff92c8b0000 - 0x00007ff92c8b9000 	C:\WINDOWS\SYSTEM32\WSOCK32.dll
0x00007ff947aa0000 - 0x00007ff947aaa000 	C:\WINDOWS\SYSTEM32\VERSION.dll
0x00007ff94b7a0000 - 0x00007ff94b7c3000 	C:\WINDOWS\SYSTEM32\WINMM.dll
0x00007ff950780000 - 0x00007ff9507ec000 	C:\WINDOWS\System32\WS2_32.dll
0x00007ff94b770000 - 0x00007ff94b79a000 	C:\WINDOWS\SYSTEM32\winmmbase.dll
0x00007ff94db20000 - 0x00007ff94db69000 	C:\WINDOWS\System32\cfgmgr32.dll
0x00007ff94dac0000 - 0x00007ff94dad1000 	C:\WINDOWS\System32\kernel.appcore.dll
0x00007ff91d890000 - 0x00007ff91d8a1000 	C:\Program Files\Java\jdk-11.0.2\bin\verify.dll
0x00007ff936d40000 - 0x00007ff936f09000 	C:\WINDOWS\SYSTEM32\DBGHELP.DLL
0x00007ff936ce0000 - 0x00007ff936d09000 	C:\WINDOWS\SYSTEM32\dbgcore.DLL
0x00007ff913b40000 - 0x00007ff913b68000 	C:\Program Files\Java\jdk-11.0.2\bin\java.dll
0x00007ff940740000 - 0x00007ff940777000 	C:\Program Files\Java\jdk-11.0.2\bin\jdwp.dll
0x00007ff944c00000 - 0x00007ff944c2f000 	C:\Program Files\Java\jdk-11.0.2\bin\instrument.dll
0x00007ff916bf0000 - 0x00007ff916c06000 	C:\Program Files\Java\jdk-11.0.2\bin\zip.dll
0x00007ff9405f0000 - 0x00007ff9405fa000 	C:\Program Files\Java\jdk-11.0.2\bin\jimage.dll
0x00007ff94eda0000 - 0x00007ff9501e2000 	C:\WINDOWS\System32\SHELL32.dll
0x00007ff950a20000 - 0x00007ff950ac9000 	C:\WINDOWS\System32\shcore.dll
0x00007ff94dc20000 - 0x00007ff94e32e000 	C:\WINDOWS\System32\windows.storage.dll
0x00007ff94ed40000 - 0x00007ff94ed91000 	C:\WINDOWS\System32\shlwapi.dll
0x00007ff94db00000 - 0x00007ff94db1f000 	C:\WINDOWS\System32\profapi.dll
0x00007ff94da60000 - 0x00007ff94daac000 	C:\WINDOWS\System32\powrprof.dll
0x00007ff94dab0000 - 0x00007ff94daba000 	C:\WINDOWS\System32\FLTLIB.DLL
0x00007ff947920000 - 0x00007ff94792a000 	C:\Program Files\Java\jdk-11.0.2\bin\dt_socket.dll
0x00007ff94d2e0000 - 0x00007ff94d346000 	C:\WINDOWS\system32\mswsock.dll
0x00007ff93f2f0000 - 0x00007ff93f309000 	C:\Program Files\Java\jdk-11.0.2\bin\net.dll
0x00007ff93fdc0000 - 0x00007ff93ff89000 	C:\WINDOWS\SYSTEM32\urlmon.dll
0x00007ff948c70000 - 0x00007ff948d4d000 	C:\WINDOWS\SYSTEM32\WINHTTP.dll
0x00007ff93fa70000 - 0x00007ff93fd17000 	C:\WINDOWS\SYSTEM32\iertutil.dll
0x00007ff94d490000 - 0x00007ff94d49b000 	C:\WINDOWS\SYSTEM32\CRYPTBASE.DLL
0x00007ff91c5a0000 - 0x00007ff91c5b3000 	C:\Program Files\Java\jdk-11.0.2\bin\nio.dll
0x00007ff94d4a0000 - 0x00007ff94d4b7000 	C:\WINDOWS\SYSTEM32\CRYPTSP.dll
0x00007ff94ce90000 - 0x00007ff94cec3000 	C:\WINDOWS\system32\rsaenh.dll
0x00007ff94d5c0000 - 0x00007ff94d5e5000 	C:\WINDOWS\SYSTEM32\bcrypt.dll
0x00007ff94d990000 - 0x00007ff94d9b8000 	C:\WINDOWS\SYSTEM32\USERENV.dll
0x00007ff94d030000 - 0x00007ff94d068000 	C:\WINDOWS\SYSTEM32\IPHLPAPI.DLL
0x00007ff9501f0000 - 0x00007ff9501f8000 	C:\WINDOWS\System32\NSI.dll
0x00007ff947f20000 - 0x00007ff947f36000 	C:\WINDOWS\SYSTEM32\dhcpcsvc6.DLL
0x00007ff947ee0000 - 0x00007ff947efa000 	C:\WINDOWS\SYSTEM32\dhcpcsvc.DLL
0x0000023a31ab0000 - 0x0000023a31ab3000 	C:\Program Files\Java\jdk-11.0.2\bin\api-ms-win-core-console-l1-1-0.dll
0x0000023a31ac0000 - 0x0000023a31ac3000 	C:\Program Files\Java\jdk-11.0.2\bin\api-ms-win-core-datetime-l1-1-0.dll
0x0000023a31ad0000 - 0x0000023a31ad3000 	C:\Program Files\Java\jdk-11.0.2\bin\api-ms-win-core-debug-l1-1-0.dll
0x0000023a31ae0000 - 0x0000023a31ae3000 	C:\Program Files\Java\jdk-11.0.2\bin\api-ms-win-core-errorhandling-l1-1-0.dll
0x0000023a31af0000 - 0x0000023a31af4000 	C:\Program Files\Java\jdk-11.0.2\bin\api-ms-win-core-file-l1-1-0.dll
0x0000023a31b00000 - 0x0000023a31b03000 	C:\Program Files\Java\jdk-11.0.2\bin\api-ms-win-core-file-l1-2-0.dll
0x0000023a31b10000 - 0x0000023a31b13000 	C:\Program Files\Java\jdk-11.0.2\bin\api-ms-win-core-file-l2-1-0.dll
0x0000023a31b20000 - 0x0000023a31b23000 	C:\Program Files\Java\jdk-11.0.2\bin\api-ms-win-core-handle-l1-1-0.dll
0x0000023a31b30000 - 0x0000023a31b33000 	C:\Program Files\Java\jdk-11.0.2\bin\api-ms-win-core-heap-l1-1-0.dll
0x0000023a31b40000 - 0x0000023a31b43000 	C:\Program Files\Java\jdk-11.0.2\bin\api-ms-win-core-interlocked-l1-1-0.dll
0x0000023a32290000 - 0x0000023a32293000 	C:\Program Files\Java\jdk-11.0.2\bin\api-ms-win-core-libraryloader-l1-1-0.dll
0x0000023a322a0000 - 0x0000023a322a3000 	C:\Program Files\Java\jdk-11.0.2\bin\api-ms-win-core-localization-l1-2-0.dll
0x0000023a322b0000 - 0x0000023a322b3000 	C:\Program Files\Java\jdk-11.0.2\bin\api-ms-win-core-memory-l1-1-0.dll
0x0000023a322c0000 - 0x0000023a322c3000 	C:\Program Files\Java\jdk-11.0.2\bin\api-ms-win-core-namedpipe-l1-1-0.dll
0x0000023a322d0000 - 0x0000023a322d3000 	C:\Program Files\Java\jdk-11.0.2\bin\api-ms-win-core-processenvironment-l1-1-0.dll
0x0000023a322e0000 - 0x0000023a322e3000 	C:\Program Files\Java\jdk-11.0.2\bin\api-ms-win-core-processthreads-l1-1-0.dll
0x0000023a322f0000 - 0x0000023a322f3000 	C:\Program Files\Java\jdk-11.0.2\bin\api-ms-win-core-processthreads-l1-1-1.dll
0x0000023a32300000 - 0x0000023a32303000 	C:\Program Files\Java\jdk-11.0.2\bin\api-ms-win-core-profile-l1-1-0.dll
0x0000023a32310000 - 0x0000023a32313000 	C:\Program Files\Java\jdk-11.0.2\bin\api-ms-win-core-rtlsupport-l1-1-0.dll
0x0000023a32320000 - 0x0000023a32323000 	C:\Program Files\Java\jdk-11.0.2\bin\api-ms-win-core-string-l1-1-0.dll
0x0000023a32330000 - 0x0000023a32333000 	C:\Program Files\Java\jdk-11.0.2\bin\api-ms-win-core-synch-l1-1-0.dll
0x0000023a32340000 - 0x0000023a32343000 	C:\Program Files\Java\jdk-11.0.2\bin\api-ms-win-core-synch-l1-2-0.dll
0x0000023a32350000 - 0x0000023a32353000 	C:\Program Files\Java\jdk-11.0.2\bin\api-ms-win-core-sysinfo-l1-1-0.dll
0x0000023a578b0000 - 0x0000023a578b3000 	C:\Program Files\Java\jdk-11.0.2\bin\api-ms-win-core-timezone-l1-1-0.dll
0x0000023a578c0000 - 0x0000023a578c3000 	C:\Program Files\Java\jdk-11.0.2\bin\api-ms-win-core-util-l1-1-0.dll
0x0000023a578d0000 - 0x0000023a578d3000 	C:\Program Files\Java\jdk-11.0.2\bin\api-ms-win-crt-conio-l1-1-0.dll
0x0000023a578e0000 - 0x0000023a578e4000 	C:\Program Files\Java\jdk-11.0.2\bin\api-ms-win-crt-convert-l1-1-0.dll
0x0000023a578f0000 - 0x0000023a578f3000 	C:\Program Files\Java\jdk-11.0.2\bin\api-ms-win-crt-environment-l1-1-0.dll
0x0000023a57900000 - 0x0000023a57903000 	C:\Program Files\Java\jdk-11.0.2\bin\api-ms-win-crt-filesystem-l1-1-0.dll
0x0000023a57910000 - 0x0000023a57913000 	C:\Program Files\Java\jdk-11.0.2\bin\api-ms-win-crt-heap-l1-1-0.dll
0x0000023a57920000 - 0x0000023a57923000 	C:\Program Files\Java\jdk-11.0.2\bin\api-ms-win-crt-locale-l1-1-0.dll
0x0000023a57930000 - 0x0000023a57935000 	C:\Program Files\Java\jdk-11.0.2\bin\api-ms-win-crt-math-l1-1-0.dll
0x0000023a57940000 - 0x0000023a57945000 	C:\Program Files\Java\jdk-11.0.2\bin\api-ms-win-crt-multibyte-l1-1-0.dll
0x0000023a57950000 - 0x0000023a57960000 	C:\Program Files\Java\jdk-11.0.2\bin\api-ms-win-crt-private-l1-1-0.dll
0x0000023a57960000 - 0x0000023a57963000 	C:\Program Files\Java\jdk-11.0.2\bin\api-ms-win-crt-process-l1-1-0.dll
0x0000023a57970000 - 0x0000023a57974000 	C:\Program Files\Java\jdk-11.0.2\bin\api-ms-win-crt-runtime-l1-1-0.dll
0x0000023a57980000 - 0x0000023a57984000 	C:\Program Files\Java\jdk-11.0.2\bin\api-ms-win-crt-stdio-l1-1-0.dll
0x0000023a57990000 - 0x0000023a57994000 	C:\Program Files\Java\jdk-11.0.2\bin\api-ms-win-crt-string-l1-1-0.dll
0x0000023a579a0000 - 0x0000023a579a3000 	C:\Program Files\Java\jdk-11.0.2\bin\api-ms-win-crt-time-l1-1-0.dll
0x0000023a579b0000 - 0x0000023a579b3000 	C:\Program Files\Java\jdk-11.0.2\bin\api-ms-win-crt-utility-l1-1-0.dll
0x00007ff912e20000 - 0x00007ff912f16000 	C:\Program Files\Java\jdk-11.0.2\bin\ucrtbase.dll
0x00007ff928460000 - 0x00007ff9284b2000 	C:\Windows\System32\concrt140.dll
0x00007ff941f30000 - 0x00007ff941f53000 	C:\Users\Marcel\.openjfx\cache\11.0.2\prism_d3d.dll
0x00007ff940f00000 - 0x00007ff941097000 	C:\WINDOWS\system32\d3d9.dll
0x00007ff94c1b0000 - 0x00007ff94c1d9000 	C:\WINDOWS\SYSTEM32\dwmapi.dll
0x00007ff94c0e0000 - 0x00007ff94c178000 	C:\WINDOWS\system32\uxtheme.dll
0x00007ff947040000 - 0x00007ff94712e000 	C:\WINDOWS\System32\DriverStore\FileRepository\nvac.inf_amd64_718566285fef9cff\nvldumdx.dll
0x00007ff94e850000 - 0x00007ff94ea32000 	C:\WINDOWS\System32\crypt32.dll
0x00007ff94dae0000 - 0x00007ff94daf2000 	C:\WINDOWS\System32\MSASN1.dll
0x00007ff94e4d0000 - 0x00007ff94e527000 	C:\WINDOWS\System32\WINTRUST.DLL
0x00007ff9511b0000 - 0x00007ff9511cd000 	C:\WINDOWS\System32\imagehlp.dll
0x00007ff8e32c0000 - 0x00007ff8e4680000 	C:\WINDOWS\System32\DriverStore\FileRepository\nvac.inf_amd64_718566285fef9cff\nvd3dumx.dll
0x00007ff8ff240000 - 0x00007ff8ff423000 	C:\WINDOWS\System32\DriverStore\FileRepository\igdlh64.inf_amd64_b5d4c82c67b39358\igdumdim64.dll
0x00007ff8d2b90000 - 0x00007ff8d5c75000 	C:\WINDOWS\System32\DriverStore\FileRepository\igdlh64.inf_amd64_b5d4c82c67b39358\igd9dxva64.dll
0x00007ff94ebe0000 - 0x00007ff94ed31000 	C:\WINDOWS\System32\ole32.dll
0x00007ff951200000 - 0x00007ff9512c2000 	C:\WINDOWS\System32\OLEAUT32.dll
0x00007ff926e50000 - 0x00007ff926e95000 	C:\Users\Marcel\.openjfx\cache\11.0.2\glass.dll
0x00007ff950880000 - 0x00007ff95096d000 	C:\WINDOWS\System32\COMDLG32.dll
0x00007ff950ca0000 - 0x00007ff950e13000 	C:\WINDOWS\System32\MSCTF.dll
0x00007ff941650000 - 0x00007ff941714000 	C:\Program Files (x86)\NVIDIA Corporation\3D Vision\nvSCPAPI64.dll
0x00007ff950200000 - 0x00007ff95064b000 	C:\WINDOWS\System32\SETUPAPI.dll
0x00007ff94c750000 - 0x00007ff94c772000 	C:\WINDOWS\SYSTEM32\gpapi.dll
0x00007ff946e10000 - 0x00007ff946e3e000 	C:\WINDOWS\SYSTEM32\cryptnet.dll
0x00007ff944cc0000 - 0x00007ff944cd4000 	C:\Users\Marcel\.openjfx\cache\11.0.2\javafx_font.dll
0x00007ff9219d0000 - 0x00007ff921cea000 	C:\WINDOWS\SYSTEM32\dwrite.dll
0x00007ff950c00000 - 0x00007ff950ca0000 	C:\WINDOWS\System32\clbcatq.dll
0x00007ff9494b0000 - 0x00007ff94965e000 	C:\WINDOWS\SYSTEM32\WindowsCodecs.dll
0x00007ff921100000 - 0x00007ff921158000 	C:\WINDOWS\system32\dataexchange.dll

dbghelp: loaded successfully - version: 4.0.5 - missing functions: none
symbol engine: initialized successfully - sym options: 0x614 - pdb path: .;C:\Program Files\Java\jdk-11.0.2\bin;C:\WINDOWS\SYSTEM32;C:\WINDOWS\WinSxS\amd64_microsoft.windows.common-controls_6595b64144ccf1df_6.0.17134.982_none_fb3fa44f30680781;C:\Program Files\Java\jdk-11.0.2\bin\server;C:\Users\Marcel\.openjfx\cache\11.0.2;C:\WINDOWS\System32\DriverStore\FileRepository\nvac.inf_amd64_718566285fef9cff;C:\WINDOWS\System32\DriverStore\FileRepository\igdlh64.inf_amd64_b5d4c82c67b39358;C:\Program Files (x86)\NVIDIA Corporation\3D Vision;C:\Program Files\Common Files\Microsoft Shared\Ink;C:\Users\Marcel\AppData\Local\Microsoft\OneDrive\19.152.0801.0007\amd64;C:\Users\Marcel\AppData\Local\Temp;C:\Users\Marcel\AppData\Local\Temp\jna--1997446580;C:\Users\Marcel\AppData\Local\Temp\tess4j\win32-x86-64

VM Arguments:
jvm_args: -agentlib:jdwp=transport=dt_socket,address=127.0.0.1:4955,suspend=y,server=n -javaagent:C:\Users\Marcel\.IdeaIC2018.3\system\captureAgent\debugger-agent.jar -Dfile.encoding=UTF-8 
java_command: com.Main
java_class_path (initial): D:\OneDrive - HYPE Softwaretechnik GmbH\Sonstiges\Projekte\OCR-Docs-Storage\target\classes;C:\Users\Marcel\.m2\repository\commons-io\commons-io\2.5\commons-io-2.5.jar;C:\Users\Marcel\.m2\repository\org\zeroturnaround\zt-zip\1.13\zt-zip-1.13.jar;C:\Users\Marcel\.m2\repository\org\slf4j\slf4j-api\1.6.6\slf4j-api-1.6.6.jar;C:\Users\Marcel\.m2\repository\org\openjfx\javafx-fxml\11.0.2\javafx-fxml-11.0.2.jar;C:\Users\Marcel\.m2\repository\org\openjfx\javafx-fxml\11.0.2\javafx-fxml-11.0.2-win.jar;C:\Users\Marcel\.m2\repository\org\openjfx\javafx-controls\11.0.2\javafx-controls-11.0.2.jar;C:\Users\Marcel\.m2\repository\org\openjfx\javafx-controls\11.0.2\javafx-controls-11.0.2-win.jar;C:\Users\Marcel\.m2\repository\org\openjfx\javafx-graphics\11.0.2\javafx-graphics-11.0.2.jar;C:\Users\Marcel\.m2\repository\org\openjfx\javafx-graphics\11.0.2\javafx-graphics-11.0.2-win.jar;C:\Users\Marcel\.m2\repository\org\openjfx\javafx-base\11.0.2\javafx-base-11.0.2.jar;C:\Users\Marcel\.m2\repository\org\openjfx\javafx-base\11.0.2\javafx-base-11.0.2-win.jar;C:\Users\Marcel\.m2\repository\net\sourceforge\tess4j\tess4j\4.3.1\tess4j-4.3.1.jar;C:\Users\Marcel\.m2\repository\net\java\dev\jna\jna\5.1.0\jna-5.1.0.jar;C:\Users\Marcel\.m2\repository\com\github\jai-imageio\jai-imageio-core\1.4.0\jai-imageio-core-1.4.0.jar;C:\Users\Marcel\.m2\repository\org\ghost4j\ghost4j\1.0.1\ghost4j-1.0.1.jar;C:\Users\Marcel\.m2\repository\log4j\log4j\1.2.17\log4j-1.2.17.jar;C:\Users\Marcel\.m2\repository\commons-beanutils\commons-beanutils\1.9.2\commons-beanutils-1.9.2.jar;C:\Users\Marcel\.m2\repository\commons-collections\commons-collections\3.2.1\commons-collections-3.2.1.jar;C:\Users\Marcel\.m2\repository\org\apache\xmlgraphics\xmlgraphics-commons\1.4\xmlgraphics-commons-1.4.jar;C:\Users\Marcel\.m2\repository\com\lowagie\itext\2.1.7\itext-2.1.7.jar;C:\Users\Marcel\.m2\repository\org\apache\pdfbox\pdfbox\2.0.12\pdfbox-2.0.12.jar;C:\Users\Marcel\.m2\repository\org\apache\pdfbox\font
Launcher Type: SUN_STANDARD

[Global flags]
     intx CICompilerCount                          = 4                                         {product} {ergonomic}
     uint ConcGCThreads                            = 3                                         {product} {ergonomic}
     uint G1ConcRefinementThreads                  = 10                                        {product} {ergonomic}
   size_t G1HeapRegionSize                         = 1048576                                   {product} {ergonomic}
    uintx GCDrainStackTargetSize                   = 64                                        {product} {ergonomic}
   size_t InitialHeapSize                          = 266338304                                 {product} {ergonomic}
   size_t MarkStackSize                            = 4194304                                   {product} {ergonomic}
   size_t MaxHeapSize                              = 4255121408                                {product} {ergonomic}
   size_t MaxNewSize                               = 2552233984                                {product} {ergonomic}
   size_t MinHeapDeltaBytes                        = 1048576                                   {product} {ergonomic}
    uintx NonNMethodCodeHeapSize                   = 5835340                                {pd product} {ergonomic}
    uintx NonProfiledCodeHeapSize                  = 122911450                              {pd product} {ergonomic}
    uintx ProfiledCodeHeapSize                     = 122911450                              {pd product} {ergonomic}
    uintx ReservedCodeCacheSize                    = 251658240                              {pd product} {ergonomic}
     bool SegmentedCodeCache                       = true                                      {product} {ergonomic}
     bool UseCompressedClassPointers               = true                                 {lp64_product} {ergonomic}
     bool UseCompressedOops                        = true                                 {lp64_product} {ergonomic}
     bool UseG1GC                                  = true                                      {product} {ergonomic}
     bool UseLargePagesIndividualAllocation        = false                                  {pd product} {ergonomic}

Logging:
Log output configuration:
 #0: stdout all=warning uptime,level,tags
 #1: stderr all=off uptime,level,tags

Environment Variables:
JAVA_HOME=C:\Program Files\Java\jdk-11.0.2
JRE_HOME=C:\Program Files\Java\jdk-11.0.2
CLASSPATH=.;
PATH=C:\Program Files\AdoptOpenJDK\jdk-11.0.4.11-hotspot\bin;C:\Program Files\Java\jdk-11.0.2;C:\Windows\system32;C:\Windows;C:\Windows\System32\Wbem;C:\Windows\System32\WindowsPowerShell\v1.0\;C:\Program Files (x86)\NVIDIA Corporation\PhysX\Common;C:\ProgramData\chocolatey\bin;C:\Program Files\Java\jdk1.8.0_201\bin;C:\Program Files\Git\cmd;C:\WINDOWS\system32;C:\WINDOWS;C:\WINDOWS\System32\Wbem;C:\WINDOWS\System32\WindowsPowerShell\v1.0\;C:\WINDOWS\System32\OpenSSH\;C:\ProgramData\chocolatey\lib\maven\apache-maven-3.6.1\bin;C:\Program Files (x86)\Microsoft SQL Server\150\DTS\Binn\;C:\Program Files\Microsoft SQL Server\Client SDK\ODBC\130\Tools\Binn\;C:\Program Files (x86)\Microsoft SQL Server\140\Tools\Binn\;C:\Program Files\Microsoft SQL Server\140\Tools\Binn\;C:\Program Files\Microsoft SQL Server\140\DTS\Binn\;C:\Program Files\Java\jdk-11.0.2\bin;C:\Users\Marcel\AppData\Local\Microsoft\WindowsApps;C:\Program Files (x86)\Nmap;C:\Program Files\Java\javafx-sdk-11.0.2;
USERNAME=Marcel
OS=Windows_NT
PROCESSOR_IDENTIFIER=Intel64 Family 6 Model 158 Stepping 10, GenuineIntel



---------------  S Y S T E M  ---------------

OS: Windows 10 , 64 bit Build 17134 (10.0.17134.753)

CPU:total 12 (initial active 12) (6 cores per cpu, 2 threads per core) family 6 model 158 stepping 10, cmov, cx8, fxsr, mmx, sse, sse2, sse3, ssse3, sse4.1, sse4.2, popcnt, avx, avx2, aes, clmul, erms, 3dnowpref, lzcnt, ht, tsc, tscinvbit, bmi1, bmi2, adx, fma

Memory: 4k page, system-wide physical 16226M (8106M free)
TotalPageFile size 18658M (AvailPageFile size 4936M)
current process WorkingSet (physical memory assigned to process): 360M, peak: 488M
current process commit charge ("private bytes"): 490M, peak: 620M

vm_info: OpenJDK 64-Bit Server VM (11.0.2+9) for windows-amd64 JRE (11.0.2+9), built on Jan 18 2019 05:23:22 by "mach5one" with MS VC++ 15.5 (VS2017)

END.
