#
# A fatal error has been detected by the Java Runtime Environment:
#
#  EXCEPTION_ACCESS_VIOLATION (0xc0000005) at pc=0x000000006d587ab0, pid=14316, tid=10404
#
# JRE version: OpenJDK Runtime Environment (11.0.2+9) (build 11.0.2+9)
# Java VM: OpenJDK 64-Bit Server VM (11.0.2+9, mixed mode, tiered, compressed oops, g1 gc, windows-amd64)
# Problematic frame:
# C  0x000000006d587ab0
#
# No core dump will be written. Minidumps are not enabled by default on client versions of Windows
#
# If you would like to submit a bug report, please visit:
#   http://bugreport.java.com/bugreport/crash.jsp
# The crash happened outside the Java Virtual Machine in native code.
# See problematic frame for where to report the bug.
#

---------------  S U M M A R Y ------------

Command Line: -agentlib:jdwp=transport=dt_socket,address=127.0.0.1:5093,suspend=y,server=n -javaagent:C:\Users\Marcel\.IdeaIC2018.3\system\captureAgent\debugger-agent.jar -Dfile.encoding=UTF-8 com.Main

Host: Intel(R) Core(TM) i7-8750H CPU @ 2.20GHz, 12 cores, 15G,  Windows 10 , 64 bit Build 17134 (10.0.17134.753)
Time: Sat Sep  7 11:54:22 2019 Mitteleuropäische Sommerzeit elapsed time: 229 seconds (0d 0h 3m 49s)

---------------  T H R E A D  ---------------

Current thread (0x000002ce004ac000):  JavaThread "pool-1-thread-2" [_thread_in_native, id=10404, stack(0x000000eace6a0000,0x000000eace7a0000)]

Stack: [0x000000eace6a0000,0x000000eace7a0000],  sp=0x000000eace79f248,  free space=1020k
Native frames: (J=compiled Java code, j=interpreted, Vv=VM code, C=native code)
C  0x000000006d587ab0

Java frames: (J=compiled Java code, j=interpreted, Vv=VM code)
j  org.sqlite.core.NativeDB.total_changes()I+0
j  org.sqlite.jdbc3.JDBC3Statement.executeUpdate(Ljava/lang/String;)I+37
j  com.Utils.DBUtil.executeSQL(Ljava/lang/String;)V+11
j  com.Utils.TessUtil.processFile(Ljava/io/File;)V+86
j  com.Utils.TessUtil$1.run()V+4
j  java.util.concurrent.Executors$RunnableAdapter.call()Ljava/lang/Object;+4 java.base@11.0.2
j  java.util.concurrent.FutureTask.run$$$capture()V+39 java.base@11.0.2
j  java.util.concurrent.FutureTask.run()V+5 java.base@11.0.2
j  java.util.concurrent.ThreadPoolExecutor.runWorker(Ljava/util/concurrent/ThreadPoolExecutor$Worker;)V+92 java.base@11.0.2
j  java.util.concurrent.ThreadPoolExecutor$Worker.run()V+5 java.base@11.0.2
j  java.lang.Thread.run()V+11 java.base@11.0.2
v  ~StubRoutines::call_stub

siginfo: EXCEPTION_ACCESS_VIOLATION (0xc0000005), reading address 0x0000000000000064


Register to memory mapping:

RIP=0x000000006d587ab0 points into unknown readable memory: 8b 41 64 c3 66 66 66 2e
RAX=0x0 is NULL
RBX={method} {0x000002ce137a7480} 'total_changes' '()I' in 'org/sqlite/core/NativeDB'
RCX=0x0 is NULL
RDX=0x0000000000000006 is an unknown value
RSP=0x000000eace79f248 is pointing into the stack for thread: 0x000002ce004ac000
RBP=0x000000eace79f2d8 is pointing into the stack for thread: 0x000002ce004ac000
RSI=0x0000000000000001 is an unknown value
RDI=0x00000000000003e0 is an unknown value
R8 =0x0000000000000004 is an unknown value
R9 =0x000000080037d9e8 is a pointer to class: 
org.sqlite.core.NativeDB {0x000000080037d9f0}
R10=0x000002ce636072f7 is at code_begin+2615 in an Interpreter codelet
method entry point (kind = native_synchronized)  [0x000002ce636068c0, 0x000002ce63607f00]  5696 bytes
R11=0x0000000000000121 is an unknown value
R12=0x0 is NULL
R13={method} {0x000002ce137a7480} 'total_changes' '()I' in 'org/sqlite/core/NativeDB'
R14=0x000000eace79f2f8 is pointing into the stack for thread: 0x000002ce004ac000
R15=0x000002ce004ac000 is a thread


Registers:
RAX=0x0000000000000000, RBX=0x000002ce137a7478, RCX=0x0000000000000000, RDX=0x0000000000000006
RSP=0x000000eace79f248, RBP=0x000000eace79f2d8, RSI=0x0000000000000001, RDI=0x00000000000003e0
R8 =0x0000000000000004, R9 =0x000000080037d9e8, R10=0x000002ce636072f7, R11=0x0000000000000121
R12=0x0000000000000000, R13=0x000002ce137a7478, R14=0x000000eace79f2f8, R15=0x000002ce004ac000
RIP=0x000000006d587ab0, EFLAGS=0x0000000000010206

Top of Stack: (sp=0x000000eace79f248)
0x000000eace79f248:   000002ce63607326 000002ce004ac000
0x000000eace79f258:   000002ce004ac005 000000eace79f2d8
0x000000eace79f268:   0000000000000001 000002ce004ac000
0x000000eace79f278:   000002ce63606c37 0000000000000003
0x000000eace79f288:   0000000711343ad0 000000eace79f280
0x000000eace79f298:   000002ce137a7478 000000eace79f2f8
0x000000eace79f2a8:   000002ce1380bea8 0000000000000000
0x000000eace79f2b8:   0000000711a4a230 000002ce137a7478
0x000000eace79f2c8:   0000000000000000 000000eace79f2f8
0x000000eace79f2d8:   000000eace79f348 000002ce635fb894
0x000000eace79f2e8:   0000000000000000 000002ce63600bf6
0x000000eace79f2f8:   0000000711343ad0 000000eace79f300
0x000000eace79f308:   000002ce138452b5 000000eace79f380
0x000000eace79f318:   000002ce13877378 0000000000000000
0x000000eace79f328:   0000000711a6eca0 000002ce13845358
0x000000eace79f338:   000000eace79f2f8 000000eace79f378 

Instructions: (pc=0x000000006d587ab0)
0x000000006d587a90:   48 8b 41 30 c3 66 66 2e 0f 1f 84 00 00 00 00 00
0x000000006d587aa0:   8b 41 60 c3 66 66 66 2e 0f 1f 84 00 00 00 00 00
0x000000006d587ab0:   8b 41 64 c3 66 66 66 2e 0f 1f 84 00 00 00 00 00
0x000000006d587ac0:   48 83 ec 28 44 8b 81 08 03 00 00 83 fa 0b 7f 50 


Stack slot to memory mapping:
stack at sp + 0 slots: 0x000002ce63607326 is at code_begin+2662 in an Interpreter codelet
method entry point (kind = native_synchronized)  [0x000002ce636068c0, 0x000002ce63607f00]  5696 bytes
stack at sp + 1 slots: 0x000002ce004ac000 is a thread
stack at sp + 2 slots: 0x000002ce004ac005 points into unknown readable memory: 7f 00 00
stack at sp + 3 slots: 0x000000eace79f2d8 is pointing into the stack for thread: 0x000002ce004ac000
stack at sp + 4 slots: 0x0000000000000001 is an unknown value
stack at sp + 5 slots: 0x000002ce004ac000 is a thread
stack at sp + 6 slots: 0x000002ce63606c37 is at code_begin+887 in an Interpreter codelet
method entry point (kind = native_synchronized)  [0x000002ce636068c0, 0x000002ce63607f00]  5696 bytes
stack at sp + 7 slots: 0x0000000000000003 is an unknown value


---------------  P R O C E S S  ---------------

Threads class SMR info:
_java_thread_list=0x000002ce0b1d1b80, length=25, elements={
0x000002ce5b2df800, 0x000002ce7ef98800, 0x000002ce7ef9a800, 0x000002ce7f8a4800,
0x000002ce7f8a5800, 0x000002ce7f8a6800, 0x000002ce7f8a9800, 0x000002ce7f8ab800,
0x000002ce7f820800, 0x000002ce7fb79800, 0x000002ce00009800, 0x000002ce0000e000,
0x000002ce00231800, 0x000002ce002b4800, 0x000002ce005b6000, 0x000002ce0169d800,
0x000002ce00f34800, 0x000002ce0134c000, 0x000002ce01b88000, 0x000002ce0d225800,
0x000002ce004ab000, 0x000002ce004ac000, 0x000002ce004a8800, 0x000002ce004a8000,
0x000002ce004a9800
}

Java Threads: ( => current thread )
  0x000002ce5b2df800 JavaThread "main" [_thread_blocked, id=32, stack(0x000000eacb300000,0x000000eacb400000)]
  0x000002ce7ef98800 JavaThread "Reference Handler" daemon [_thread_blocked, id=14552, stack(0x000000eacba00000,0x000000eacbb00000)]
  0x000002ce7ef9a800 JavaThread "Finalizer" daemon [_thread_blocked, id=18144, stack(0x000000eacbb00000,0x000000eacbc00000)]
  0x000002ce7f8a4800 JavaThread "Signal Dispatcher" daemon [_thread_blocked, id=17992, stack(0x000000eacbc00000,0x000000eacbd00000)]
  0x000002ce7f8a5800 JavaThread "Attach Listener" daemon [_thread_blocked, id=17752, stack(0x000000eacbd00000,0x000000eacbe00000)]
  0x000002ce7f8a6800 JavaThread "C2 CompilerThread0" daemon [_thread_blocked, id=18372, stack(0x000000eacbe00000,0x000000eacbf00000)]
  0x000002ce7f8a9800 JavaThread "C1 CompilerThread0" daemon [_thread_blocked, id=17580, stack(0x000000eacbf00000,0x000000eacc000000)]
  0x000002ce7f8ab800 JavaThread "Sweeper thread" daemon [_thread_blocked, id=15920, stack(0x000000eacc000000,0x000000eacc100000)]
  0x000002ce7f820800 JavaThread "Common-Cleaner" daemon [_thread_blocked, id=14896, stack(0x000000eacc100000,0x000000eacc200000)]
  0x000002ce7fb79800 JavaThread "JDWP Transport Listener: dt_socket" daemon [_thread_blocked, id=17624, stack(0x000000eacc300000,0x000000eacc400000)]
  0x000002ce00009800 JavaThread "JDWP Event Helper Thread" daemon [_thread_blocked, id=15832, stack(0x000000eacc400000,0x000000eacc500000)]
  0x000002ce0000e000 JavaThread "JDWP Command Reader" daemon [_thread_in_native, id=18364, stack(0x000000eacc500000,0x000000eacc600000)]
  0x000002ce00231800 JavaThread "Service Thread" daemon [_thread_blocked, id=7592, stack(0x000000eacc200000,0x000000eacc300000)]
  0x000002ce002b4800 JavaThread "JavaFX-Launcher" [_thread_blocked, id=1988, stack(0x000000eacc700000,0x000000eacc800000)]
  0x000002ce005b6000 JavaThread "QuantumRenderer-0" daemon [_thread_blocked, id=13004, stack(0x000000eacc900000,0x000000eacca00000)]
  0x000002ce0169d800 JavaThread "InvokeLaterDispatcher" daemon [_thread_blocked, id=12560, stack(0x000000eaccc00000,0x000000eaccd00000)]
  0x000002ce00f34800 JavaThread "JavaFX Application Thread" [_thread_in_native, id=652, stack(0x000000eacce00000,0x000000eaccf00000)]
  0x000002ce0134c000 JavaThread "Thread-2" daemon [_thread_in_native, id=16056, stack(0x000000eacd000000,0x000000eacd100000)]
  0x000002ce01b88000 JavaThread "Prism Font Disposer" daemon [_thread_blocked, id=18232, stack(0x000000eacd900000,0x000000eacda00000)]
  0x000002ce0d225800 JavaThread "Cleaner-0" daemon [_thread_blocked, id=18396, stack(0x000000eacdc30000,0x000000eacdd30000)]
  0x000002ce004ab000 JavaThread "pool-1-thread-1" [_thread_blocked, id=11100, stack(0x000000eace5a0000,0x000000eace6a0000)]
=>0x000002ce004ac000 JavaThread "pool-1-thread-2" [_thread_in_native, id=10404, stack(0x000000eace6a0000,0x000000eace7a0000)]
  0x000002ce004a8800 JavaThread "pool-1-thread-3" [_thread_blocked, id=12840, stack(0x000000eace7a0000,0x000000eace8a0000)]
  0x000002ce004a8000 JavaThread "Java2D Disposer" daemon [_thread_blocked, id=18248, stack(0x000000eaceca0000,0x000000eaceda0000)]
  0x000002ce004a9800 JavaThread "pool-1-thread-4" [_thread_blocked, id=11812, stack(0x000000eacb100000,0x000000eacb200000)]

Other Threads:
  0x000002ce7ef94800 VMThread "VM Thread" [stack: 0x000000eacb900000,0x000000eacba00000] [id=12724]
  0x000002ce00100000 WatcherThread [stack: 0x000000eacc600000,0x000000eacc700000] [id=14828]
  0x000002ce5b2f6800 GCTaskThread "GC Thread#0" [stack: 0x000000eacb400000,0x000000eacb500000] [id=2424]
  0x000002ce01682800 GCTaskThread "GC Thread#1" [stack: 0x000000eacd100000,0x000000eacd200000] [id=8196]
  0x000002ce01683000 GCTaskThread "GC Thread#2" [stack: 0x000000eacd200000,0x000000eacd300000] [id=9496]
  0x000002ce01683800 GCTaskThread "GC Thread#3" [stack: 0x000000eacd300000,0x000000eacd400000] [id=10672]
  0x000002ce01684800 GCTaskThread "GC Thread#4" [stack: 0x000000eacd400000,0x000000eacd500000] [id=1828]
  0x000002ce013b1800 GCTaskThread "GC Thread#5" [stack: 0x000000eacd500000,0x000000eacd600000] [id=1396]
  0x000002ce0ce84800 GCTaskThread "GC Thread#6" [stack: 0x000000eace8a0000,0x000000eace9a0000] [id=6992]
  0x000002ce00fd8000 GCTaskThread "GC Thread#7" [stack: 0x000000eace9a0000,0x000000eaceaa0000] [id=12176]
  0x000002ce00fd9800 GCTaskThread "GC Thread#8" [stack: 0x000000eaceaa0000,0x000000eaceba0000] [id=15900]
  0x000002ce0ce67000 GCTaskThread "GC Thread#9" [stack: 0x000000eaceba0000,0x000000eaceca0000] [id=1796]
  0x000002ce5b354800 ConcurrentGCThread "G1 Main Marker" [stack: 0x000000eacb500000,0x000000eacb600000] [id=3460]
  0x000002ce5b355800 ConcurrentGCThread "G1 Conc#0" [stack: 0x000000eacb600000,0x000000eacb700000] [id=8040]
  0x000002ce019ae800 ConcurrentGCThread "G1 Conc#1" [stack: 0x000000eacda00000,0x000000eacdb00000] [id=13448]
  0x000002ce019b1000 ConcurrentGCThread "G1 Conc#2" [stack: 0x000000eacdb00000,0x000000eacdc00000] [id=1552]
  0x000002ce7ee79000 ConcurrentGCThread "G1 Refine#0" [stack: 0x000000eacb700000,0x000000eacb800000] [id=1752]
  0x000002ce7ee7a000 ConcurrentGCThread "G1 Young RemSet Sampling" [stack: 0x000000eacb800000,0x000000eacb900000] [id=17740]

Threads with active compile tasks:

VM state:not at safepoint (normal execution)

VM Mutex/Monitor currently owned by a thread: None

Heap address: 0x0000000702600000, size: 4058 MB, Compressed Oops mode: Zero based, Oop shift amount: 3
Narrow klass base: 0x0000000800000000, Narrow klass shift: 0
Compressed class space size: 1073741824 Address: 0x0000000800000000

Heap:
 garbage-first heap   total 260096K, used 104977K [0x0000000702600000, 0x0000000800000000)
  region size 1024K, 24 young (24576K), 6 survivors (6144K)
 Metaspace       used 31381K, capacity 32514K, committed 32688K, reserved 1077248K
  class space    used 3791K, capacity 4254K, committed 4352K, reserved 1048576K
Heap Regions: E=young(eden), S=young(survivor), O=old, HS=humongous(starts), HC=humongous(continues), CS=collection set, F=free, A=archive, TAMS=top-at-mark-start (previous, next)
|   0|0x0000000702600000, 0x0000000702700000, 0x0000000702700000|100%| O|  |TAMS 0x0000000702700000, 0x0000000702600000| Untracked 
|   1|0x0000000702700000, 0x0000000702800000, 0x0000000702800000|100%|HS|  |TAMS 0x0000000702800000, 0x0000000702700000| Complete 
|   2|0x0000000702800000, 0x0000000702900000, 0x0000000702900000|100%|HC|  |TAMS 0x0000000702900000, 0x0000000702800000| Complete 
|   3|0x0000000702900000, 0x0000000702a00000, 0x0000000702a00000|100%| O|  |TAMS 0x0000000702a00000, 0x0000000702900000| Untracked 
|   4|0x0000000702a00000, 0x0000000702b00000, 0x0000000702b00000|100%| O|  |TAMS 0x0000000702b00000, 0x0000000702a00000| Untracked 
|   5|0x0000000702b00000, 0x0000000702c00000, 0x0000000702c00000|100%| O|  |TAMS 0x0000000702c00000, 0x0000000702b00000| Untracked 
|   6|0x0000000702c00000, 0x0000000702d00000, 0x0000000702d00000|100%| O|  |TAMS 0x0000000702d00000, 0x0000000702c00000| Untracked 
|   7|0x0000000702d00000, 0x0000000702e00000, 0x0000000702e00000|100%| O|  |TAMS 0x0000000702e00000, 0x0000000702d00000| Untracked 
|   8|0x0000000702e00000, 0x0000000702ed5400, 0x0000000702f00000| 83%| O|  |TAMS 0x0000000702ed5400, 0x0000000702e00000| Untracked 
|   9|0x0000000702f00000, 0x0000000703000000, 0x0000000703000000|100%|HS|  |TAMS 0x0000000702f00000, 0x0000000702f00000| Complete 
|  10|0x0000000703000000, 0x0000000703100000, 0x0000000703100000|100%|HS|  |TAMS 0x0000000703000000, 0x0000000703000000| Complete 
|  11|0x0000000703100000, 0x0000000703200000, 0x0000000703200000|100%|HS|  |TAMS 0x0000000703200000, 0x0000000703100000| Complete 
|  12|0x0000000703200000, 0x0000000703300000, 0x0000000703300000|100%|HC|  |TAMS 0x0000000703300000, 0x0000000703200000| Complete 
|  13|0x0000000703300000, 0x0000000703400000, 0x0000000703400000|100%|HC|  |TAMS 0x0000000703400000, 0x0000000703300000| Complete 
|  14|0x0000000703400000, 0x0000000703500000, 0x0000000703500000|100%|HC|  |TAMS 0x0000000703500000, 0x0000000703400000| Complete 
|  15|0x0000000703500000, 0x0000000703600000, 0x0000000703600000|100%|HC|  |TAMS 0x0000000703600000, 0x0000000703500000| Complete 
|  16|0x0000000703600000, 0x0000000703700000, 0x0000000703700000|100%|HC|  |TAMS 0x0000000703700000, 0x0000000703600000| Complete 
|  17|0x0000000703700000, 0x0000000703800000, 0x0000000703800000|100%|HC|  |TAMS 0x0000000703800000, 0x0000000703700000| Complete 
|  18|0x0000000703800000, 0x0000000703900000, 0x0000000703900000|100%|HC|  |TAMS 0x0000000703900000, 0x0000000703800000| Complete 
|  19|0x0000000703900000, 0x0000000703a00000, 0x0000000703a00000|100%|HC|  |TAMS 0x0000000703a00000, 0x0000000703900000| Complete 
|  20|0x0000000703a00000, 0x0000000703b00000, 0x0000000703b00000|100%|HC|  |TAMS 0x0000000703b00000, 0x0000000703a00000| Complete 
|  21|0x0000000703b00000, 0x0000000703c00000, 0x0000000703c00000|100%|HC|  |TAMS 0x0000000703c00000, 0x0000000703b00000| Complete 
|  22|0x0000000703c00000, 0x0000000703d00000, 0x0000000703d00000|100%|HC|  |TAMS 0x0000000703d00000, 0x0000000703c00000| Complete 
|  23|0x0000000703d00000, 0x0000000703e00000, 0x0000000703e00000|100%|HC|  |TAMS 0x0000000703e00000, 0x0000000703d00000| Complete 
|  24|0x0000000703e00000, 0x0000000703f00000, 0x0000000703f00000|100%|HC|  |TAMS 0x0000000703f00000, 0x0000000703e00000| Complete 
|  25|0x0000000703f00000, 0x0000000704000000, 0x0000000704000000|100%|HC|  |TAMS 0x0000000704000000, 0x0000000703f00000| Complete 
|  26|0x0000000704000000, 0x0000000704100000, 0x0000000704100000|100%|HC|  |TAMS 0x0000000704100000, 0x0000000704000000| Complete 
|  27|0x0000000704100000, 0x0000000704200000, 0x0000000704200000|100%|HC|  |TAMS 0x0000000704200000, 0x0000000704100000| Complete 
|  28|0x0000000704200000, 0x0000000704300000, 0x0000000704300000|100%|HC|  |TAMS 0x0000000704300000, 0x0000000704200000| Complete 
|  29|0x0000000704300000, 0x0000000704400000, 0x0000000704400000|100%|HC|  |TAMS 0x0000000704400000, 0x0000000704300000| Complete 
|  30|0x0000000704400000, 0x0000000704500000, 0x0000000704500000|100%|HC|  |TAMS 0x0000000704500000, 0x0000000704400000| Complete 
|  31|0x0000000704500000, 0x0000000704600000, 0x0000000704600000|100%|HC|  |TAMS 0x0000000704600000, 0x0000000704500000| Complete 
|  32|0x0000000704600000, 0x0000000704700000, 0x0000000704700000|100%|HC|  |TAMS 0x0000000704700000, 0x0000000704600000| Complete 
|  33|0x0000000704700000, 0x0000000704800000, 0x0000000704800000|100%|HC|  |TAMS 0x0000000704800000, 0x0000000704700000| Complete 
|  34|0x0000000704800000, 0x0000000704900000, 0x0000000704900000|100%|HC|  |TAMS 0x0000000704900000, 0x0000000704800000| Complete 
|  35|0x0000000704900000, 0x0000000704a00000, 0x0000000704a00000|100%|HC|  |TAMS 0x0000000704a00000, 0x0000000704900000| Complete 
|  36|0x0000000704a00000, 0x0000000704b00000, 0x0000000704b00000|100%|HC|  |TAMS 0x0000000704b00000, 0x0000000704a00000| Complete 
|  37|0x0000000704b00000, 0x0000000704c00000, 0x0000000704c00000|100%|HC|  |TAMS 0x0000000704c00000, 0x0000000704b00000| Complete 
|  38|0x0000000704c00000, 0x0000000704d00000, 0x0000000704d00000|100%|HC|  |TAMS 0x0000000704d00000, 0x0000000704c00000| Complete 
|  39|0x0000000704d00000, 0x0000000704e00000, 0x0000000704e00000|100%|HS|  |TAMS 0x0000000704d00000, 0x0000000704d00000| Complete 
|  40|0x0000000704e00000, 0x0000000704f00000, 0x0000000704f00000|100%|HC|  |TAMS 0x0000000704e00000, 0x0000000704e00000| Complete 
|  41|0x0000000704f00000, 0x0000000705000000, 0x0000000705000000|100%|HS|  |TAMS 0x0000000705000000, 0x0000000704f00000| Complete 
|  42|0x0000000705000000, 0x0000000705100000, 0x0000000705100000|100%|HC|  |TAMS 0x0000000705100000, 0x0000000705000000| Complete 
|  43|0x0000000705100000, 0x0000000705200000, 0x0000000705200000|100%|HC|  |TAMS 0x0000000705200000, 0x0000000705100000| Complete 
|  44|0x0000000705200000, 0x0000000705300000, 0x0000000705300000|100%|HC|  |TAMS 0x0000000705300000, 0x0000000705200000| Complete 
|  45|0x0000000705300000, 0x0000000705400000, 0x0000000705400000|100%|HC|  |TAMS 0x0000000705400000, 0x0000000705300000| Complete 
|  46|0x0000000705400000, 0x0000000705500000, 0x0000000705500000|100%|HC|  |TAMS 0x0000000705500000, 0x0000000705400000| Complete 
|  47|0x0000000705500000, 0x0000000705600000, 0x0000000705600000|100%|HC|  |TAMS 0x0000000705600000, 0x0000000705500000| Complete 
|  48|0x0000000705600000, 0x0000000705700000, 0x0000000705700000|100%|HC|  |TAMS 0x0000000705700000, 0x0000000705600000| Complete 
|  49|0x0000000705700000, 0x0000000705800000, 0x0000000705800000|100%|HC|  |TAMS 0x0000000705800000, 0x0000000705700000| Complete 
|  50|0x0000000705800000, 0x0000000705900000, 0x0000000705900000|100%|HC|  |TAMS 0x0000000705900000, 0x0000000705800000| Complete 
|  51|0x0000000705900000, 0x0000000705a00000, 0x0000000705a00000|100%|HC|  |TAMS 0x0000000705a00000, 0x0000000705900000| Complete 
|  52|0x0000000705a00000, 0x0000000705b00000, 0x0000000705b00000|100%|HC|  |TAMS 0x0000000705b00000, 0x0000000705a00000| Complete 
|  53|0x0000000705b00000, 0x0000000705c00000, 0x0000000705c00000|100%|HC|  |TAMS 0x0000000705c00000, 0x0000000705b00000| Complete 
|  54|0x0000000705c00000, 0x0000000705d00000, 0x0000000705d00000|100%|HC|  |TAMS 0x0000000705d00000, 0x0000000705c00000| Complete 
|  55|0x0000000705d00000, 0x0000000705e00000, 0x0000000705e00000|100%|HC|  |TAMS 0x0000000705e00000, 0x0000000705d00000| Complete 
|  56|0x0000000705e00000, 0x0000000705f00000, 0x0000000705f00000|100%|HC|  |TAMS 0x0000000705f00000, 0x0000000705e00000| Complete 
|  57|0x0000000705f00000, 0x0000000706000000, 0x0000000706000000|100%|HC|  |TAMS 0x0000000706000000, 0x0000000705f00000| Complete 
|  58|0x0000000706000000, 0x0000000706100000, 0x0000000706100000|100%|HC|  |TAMS 0x0000000706100000, 0x0000000706000000| Complete 
|  59|0x0000000706100000, 0x0000000706200000, 0x0000000706200000|100%|HC|  |TAMS 0x0000000706200000, 0x0000000706100000| Complete 
|  60|0x0000000706200000, 0x0000000706300000, 0x0000000706300000|100%|HC|  |TAMS 0x0000000706300000, 0x0000000706200000| Complete 
|  61|0x0000000706300000, 0x0000000706400000, 0x0000000706400000|100%|HC|  |TAMS 0x0000000706400000, 0x0000000706300000| Complete 
|  62|0x0000000706400000, 0x0000000706500000, 0x0000000706500000|100%|HC|  |TAMS 0x0000000706500000, 0x0000000706400000| Complete 
|  63|0x0000000706500000, 0x0000000706600000, 0x0000000706600000|100%|HC|  |TAMS 0x0000000706600000, 0x0000000706500000| Complete 
|  64|0x0000000706600000, 0x0000000706700000, 0x0000000706700000|100%|HC|  |TAMS 0x0000000706700000, 0x0000000706600000| Complete 
|  65|0x0000000706700000, 0x0000000706800000, 0x0000000706800000|100%|HC|  |TAMS 0x0000000706800000, 0x0000000706700000| Complete 
|  66|0x0000000706800000, 0x0000000706900000, 0x0000000706900000|100%|HC|  |TAMS 0x0000000706900000, 0x0000000706800000| Complete 
|  67|0x0000000706900000, 0x0000000706a00000, 0x0000000706a00000|100%|HC|  |TAMS 0x0000000706a00000, 0x0000000706900000| Complete 
|  68|0x0000000706a00000, 0x0000000706b00000, 0x0000000706b00000|100%|HC|  |TAMS 0x0000000706b00000, 0x0000000706a00000| Complete 
|  69|0x0000000706b00000, 0x0000000706c00000, 0x0000000706c00000|100%|HS|  |TAMS 0x0000000706b00000, 0x0000000706b00000| Complete 
|  70|0x0000000706c00000, 0x0000000706d00000, 0x0000000706d00000|100%|HC|  |TAMS 0x0000000706c00000, 0x0000000706c00000| Complete 
|  71|0x0000000706d00000, 0x0000000706e00000, 0x0000000706e00000|100%|HS|  |TAMS 0x0000000706d00000, 0x0000000706d00000| Complete 
|  72|0x0000000706e00000, 0x0000000706f00000, 0x0000000706f00000|100%|HC|  |TAMS 0x0000000706e00000, 0x0000000706e00000| Complete 
|  73|0x0000000706f00000, 0x0000000707000000, 0x0000000707000000|100%|HS|  |TAMS 0x0000000706f00000, 0x0000000706f00000| Complete 
|  74|0x0000000707000000, 0x0000000707100000, 0x0000000707100000|100%|HC|  |TAMS 0x0000000707000000, 0x0000000707000000| Complete 
|  75|0x0000000707100000, 0x0000000707200000, 0x0000000707200000|100%|HS|  |TAMS 0x0000000707100000, 0x0000000707100000| Complete 
|  76|0x0000000707200000, 0x0000000707300000, 0x0000000707300000|100%|HC|  |TAMS 0x0000000707200000, 0x0000000707200000| Complete 
|  77|0x0000000707300000, 0x0000000707400000, 0x0000000707400000|100%|HS|  |TAMS 0x0000000707300000, 0x0000000707300000| Complete 
|  78|0x0000000707400000, 0x0000000707500000, 0x0000000707500000|100%|HC|  |TAMS 0x0000000707400000, 0x0000000707400000| Complete 
|  79|0x0000000707500000, 0x0000000707600000, 0x0000000707600000|100%|HS|  |TAMS 0x0000000707500000, 0x0000000707500000| Complete 
|  80|0x0000000707600000, 0x0000000707700000, 0x0000000707700000|100%|HS|  |TAMS 0x0000000707600000, 0x0000000707600000| Complete 
|  81|0x0000000707700000, 0x0000000707700000, 0x0000000707800000|  0%| F|  |TAMS 0x0000000707700000, 0x0000000707700000| Untracked 
|  82|0x0000000707800000, 0x0000000707800000, 0x0000000707900000|  0%| F|  |TAMS 0x0000000707800000, 0x0000000707800000| Untracked 
|  83|0x0000000707900000, 0x0000000707900000, 0x0000000707a00000|  0%| F|  |TAMS 0x0000000707900000, 0x0000000707900000| Untracked 
|  84|0x0000000707a00000, 0x0000000707a00000, 0x0000000707b00000|  0%| F|  |TAMS 0x0000000707a00000, 0x0000000707a00000| Untracked 
|  85|0x0000000707b00000, 0x0000000707b00000, 0x0000000707c00000|  0%| F|  |TAMS 0x0000000707b00000, 0x0000000707b00000| Untracked 
|  86|0x0000000707c00000, 0x0000000707c00000, 0x0000000707d00000|  0%| F|  |TAMS 0x0000000707c00000, 0x0000000707c00000| Untracked 
|  87|0x0000000707d00000, 0x0000000707d00000, 0x0000000707e00000|  0%| F|  |TAMS 0x0000000707d00000, 0x0000000707d00000| Untracked 
|  88|0x0000000707e00000, 0x0000000707e00000, 0x0000000707f00000|  0%| F|  |TAMS 0x0000000707e00000, 0x0000000707e00000| Untracked 
|  89|0x0000000707f00000, 0x0000000707f00000, 0x0000000708000000|  0%| F|  |TAMS 0x0000000707f00000, 0x0000000707f00000| Untracked 
|  90|0x0000000708000000, 0x0000000708000000, 0x0000000708100000|  0%| F|  |TAMS 0x0000000708000000, 0x0000000708000000| Untracked 
|  91|0x0000000708100000, 0x0000000708100000, 0x0000000708200000|  0%| F|  |TAMS 0x0000000708100000, 0x0000000708100000| Untracked 
|  92|0x0000000708200000, 0x0000000708200000, 0x0000000708300000|  0%| F|  |TAMS 0x0000000708200000, 0x0000000708200000| Untracked 
|  93|0x0000000708300000, 0x0000000708300000, 0x0000000708400000|  0%| F|  |TAMS 0x0000000708300000, 0x0000000708300000| Untracked 
|  94|0x0000000708400000, 0x0000000708400000, 0x0000000708500000|  0%| F|  |TAMS 0x0000000708400000, 0x0000000708400000| Untracked 
|  95|0x0000000708500000, 0x0000000708500000, 0x0000000708600000|  0%| F|  |TAMS 0x0000000708500000, 0x0000000708500000| Untracked 
|  96|0x0000000708600000, 0x0000000708600000, 0x0000000708700000|  0%| F|  |TAMS 0x0000000708600000, 0x0000000708600000| Untracked 
|  97|0x0000000708700000, 0x0000000708700000, 0x0000000708800000|  0%| F|  |TAMS 0x0000000708700000, 0x0000000708700000| Untracked 
|  98|0x0000000708800000, 0x0000000708800000, 0x0000000708900000|  0%| F|  |TAMS 0x0000000708800000, 0x0000000708800000| Untracked 
|  99|0x0000000708900000, 0x0000000708900000, 0x0000000708a00000|  0%| F|  |TAMS 0x0000000708900000, 0x0000000708900000| Untracked 
| 100|0x0000000708a00000, 0x0000000708a00000, 0x0000000708b00000|  0%| F|  |TAMS 0x0000000708a00000, 0x0000000708a00000| Untracked 
| 101|0x0000000708b00000, 0x0000000708b00000, 0x0000000708c00000|  0%| F|  |TAMS 0x0000000708b00000, 0x0000000708b00000| Untracked 
| 102|0x0000000708c00000, 0x0000000708c00000, 0x0000000708d00000|  0%| F|  |TAMS 0x0000000708c00000, 0x0000000708c00000| Untracked 
| 103|0x0000000708d00000, 0x0000000708d00000, 0x0000000708e00000|  0%| F|  |TAMS 0x0000000708d00000, 0x0000000708d00000| Untracked 
| 104|0x0000000708e00000, 0x0000000708e00000, 0x0000000708f00000|  0%| F|  |TAMS 0x0000000708e00000, 0x0000000708e00000| Untracked 
| 105|0x0000000708f00000, 0x0000000708f00000, 0x0000000709000000|  0%| F|  |TAMS 0x0000000708f00000, 0x0000000708f00000| Untracked 
| 106|0x0000000709000000, 0x0000000709000000, 0x0000000709100000|  0%| F|  |TAMS 0x0000000709000000, 0x0000000709000000| Untracked 
| 107|0x0000000709100000, 0x0000000709100000, 0x0000000709200000|  0%| F|  |TAMS 0x0000000709100000, 0x0000000709100000| Untracked 
| 108|0x0000000709200000, 0x0000000709200000, 0x0000000709300000|  0%| F|  |TAMS 0x0000000709200000, 0x0000000709200000| Untracked 
| 109|0x0000000709300000, 0x0000000709300000, 0x0000000709400000|  0%| F|  |TAMS 0x0000000709300000, 0x0000000709300000| Untracked 
| 110|0x0000000709400000, 0x0000000709400000, 0x0000000709500000|  0%| F|  |TAMS 0x0000000709400000, 0x0000000709400000| Untracked 
| 111|0x0000000709500000, 0x0000000709500000, 0x0000000709600000|  0%| F|  |TAMS 0x0000000709500000, 0x0000000709500000| Untracked 
| 112|0x0000000709600000, 0x0000000709600000, 0x0000000709700000|  0%| F|  |TAMS 0x0000000709600000, 0x0000000709600000| Untracked 
| 113|0x0000000709700000, 0x0000000709700000, 0x0000000709800000|  0%| F|  |TAMS 0x0000000709700000, 0x0000000709700000| Untracked 
| 114|0x0000000709800000, 0x0000000709800000, 0x0000000709900000|  0%| F|  |TAMS 0x0000000709800000, 0x0000000709800000| Untracked 
| 115|0x0000000709900000, 0x0000000709900000, 0x0000000709a00000|  0%| F|  |TAMS 0x0000000709900000, 0x0000000709900000| Untracked 
| 116|0x0000000709a00000, 0x0000000709a00000, 0x0000000709b00000|  0%| F|  |TAMS 0x0000000709a00000, 0x0000000709a00000| Untracked 
| 117|0x0000000709b00000, 0x0000000709b00000, 0x0000000709c00000|  0%| F|  |TAMS 0x0000000709b00000, 0x0000000709b00000| Untracked 
| 118|0x0000000709c00000, 0x0000000709c00000, 0x0000000709d00000|  0%| F|  |TAMS 0x0000000709c00000, 0x0000000709c00000| Untracked 
| 119|0x0000000709d00000, 0x0000000709d00000, 0x0000000709e00000|  0%| F|  |TAMS 0x0000000709d00000, 0x0000000709d00000| Untracked 
| 120|0x0000000709e00000, 0x0000000709e00000, 0x0000000709f00000|  0%| F|  |TAMS 0x0000000709e00000, 0x0000000709e00000| Untracked 
| 121|0x0000000709f00000, 0x0000000709f00000, 0x000000070a000000|  0%| F|  |TAMS 0x0000000709f00000, 0x0000000709f00000| Untracked 
| 122|0x000000070a000000, 0x000000070a000000, 0x000000070a100000|  0%| F|  |TAMS 0x000000070a000000, 0x000000070a000000| Untracked 
| 123|0x000000070a100000, 0x000000070a100000, 0x000000070a200000|  0%| F|  |TAMS 0x000000070a100000, 0x000000070a100000| Untracked 
| 124|0x000000070a200000, 0x000000070a200000, 0x000000070a300000|  0%| F|  |TAMS 0x000000070a200000, 0x000000070a200000| Untracked 
| 125|0x000000070a300000, 0x000000070a300000, 0x000000070a400000|  0%| F|  |TAMS 0x000000070a300000, 0x000000070a300000| Untracked 
| 126|0x000000070a400000, 0x000000070a400000, 0x000000070a500000|  0%| F|  |TAMS 0x000000070a400000, 0x000000070a400000| Untracked 
| 127|0x000000070a500000, 0x000000070a500000, 0x000000070a600000|  0%| F|  |TAMS 0x000000070a500000, 0x000000070a500000| Untracked 
| 128|0x000000070a600000, 0x000000070a600000, 0x000000070a700000|  0%| F|  |TAMS 0x000000070a600000, 0x000000070a600000| Untracked 
| 129|0x000000070a700000, 0x000000070a700000, 0x000000070a800000|  0%| F|  |TAMS 0x000000070a700000, 0x000000070a700000| Untracked 
| 130|0x000000070a800000, 0x000000070a800000, 0x000000070a900000|  0%| F|  |TAMS 0x000000070a800000, 0x000000070a800000| Untracked 
| 131|0x000000070a900000, 0x000000070a900000, 0x000000070aa00000|  0%| F|  |TAMS 0x000000070a900000, 0x000000070a900000| Untracked 
| 132|0x000000070aa00000, 0x000000070aa00000, 0x000000070ab00000|  0%| F|  |TAMS 0x000000070aa00000, 0x000000070aa00000| Untracked 
| 133|0x000000070ab00000, 0x000000070ab00000, 0x000000070ac00000|  0%| F|  |TAMS 0x000000070ab00000, 0x000000070ab00000| Untracked 
| 134|0x000000070ac00000, 0x000000070ac00000, 0x000000070ad00000|  0%| F|  |TAMS 0x000000070ac00000, 0x000000070ac00000| Untracked 
| 135|0x000000070ad00000, 0x000000070ad00000, 0x000000070ae00000|  0%| F|  |TAMS 0x000000070ad00000, 0x000000070ad00000| Untracked 
| 136|0x000000070ae00000, 0x000000070ae00000, 0x000000070af00000|  0%| F|  |TAMS 0x000000070ae00000, 0x000000070ae00000| Untracked 
| 137|0x000000070af00000, 0x000000070af00000, 0x000000070b000000|  0%| F|  |TAMS 0x000000070af00000, 0x000000070af00000| Untracked 
| 138|0x000000070b000000, 0x000000070b000000, 0x000000070b100000|  0%| F|  |TAMS 0x000000070b000000, 0x000000070b000000| Untracked 
| 139|0x000000070b100000, 0x000000070b100000, 0x000000070b200000|  0%| F|  |TAMS 0x000000070b100000, 0x000000070b100000| Untracked 
| 140|0x000000070b200000, 0x000000070b200000, 0x000000070b300000|  0%| F|  |TAMS 0x000000070b200000, 0x000000070b200000| Untracked 
| 141|0x000000070b300000, 0x000000070b300000, 0x000000070b400000|  0%| F|  |TAMS 0x000000070b300000, 0x000000070b300000| Untracked 
| 142|0x000000070b400000, 0x000000070b400000, 0x000000070b500000|  0%| F|  |TAMS 0x000000070b400000, 0x000000070b400000| Untracked 
| 143|0x000000070b500000, 0x000000070b500000, 0x000000070b600000|  0%| F|  |TAMS 0x000000070b500000, 0x000000070b500000| Untracked 
| 144|0x000000070b600000, 0x000000070b600000, 0x000000070b700000|  0%| F|  |TAMS 0x000000070b600000, 0x000000070b600000| Untracked 
| 145|0x000000070b700000, 0x000000070b700000, 0x000000070b800000|  0%| F|  |TAMS 0x000000070b700000, 0x000000070b700000| Untracked 
| 146|0x000000070b800000, 0x000000070b800000, 0x000000070b900000|  0%| F|  |TAMS 0x000000070b800000, 0x000000070b800000| Untracked 
| 147|0x000000070b900000, 0x000000070b900000, 0x000000070ba00000|  0%| F|  |TAMS 0x000000070b900000, 0x000000070b900000| Untracked 
| 148|0x000000070ba00000, 0x000000070ba00000, 0x000000070bb00000|  0%| F|  |TAMS 0x000000070ba00000, 0x000000070ba00000| Untracked 
| 149|0x000000070bb00000, 0x000000070bb00000, 0x000000070bc00000|  0%| F|  |TAMS 0x000000070bb00000, 0x000000070bb00000| Untracked 
| 150|0x000000070bc00000, 0x000000070bc00000, 0x000000070bd00000|  0%| F|  |TAMS 0x000000070bc00000, 0x000000070bc00000| Untracked 
| 151|0x000000070bd00000, 0x000000070bd00000, 0x000000070be00000|  0%| F|  |TAMS 0x000000070bd00000, 0x000000070bd00000| Untracked 
| 152|0x000000070be00000, 0x000000070be00000, 0x000000070bf00000|  0%| F|  |TAMS 0x000000070be00000, 0x000000070be00000| Untracked 
| 153|0x000000070bf00000, 0x000000070bf00000, 0x000000070c000000|  0%| F|  |TAMS 0x000000070bf00000, 0x000000070bf00000| Untracked 
| 154|0x000000070c000000, 0x000000070c000000, 0x000000070c100000|  0%| F|  |TAMS 0x000000070c000000, 0x000000070c000000| Untracked 
| 155|0x000000070c100000, 0x000000070c100000, 0x000000070c200000|  0%| F|  |TAMS 0x000000070c100000, 0x000000070c100000| Untracked 
| 156|0x000000070c200000, 0x000000070c200000, 0x000000070c300000|  0%| F|  |TAMS 0x000000070c200000, 0x000000070c200000| Untracked 
| 157|0x000000070c300000, 0x000000070c300000, 0x000000070c400000|  0%| F|  |TAMS 0x000000070c300000, 0x000000070c300000| Untracked 
| 158|0x000000070c400000, 0x000000070c400000, 0x000000070c500000|  0%| F|  |TAMS 0x000000070c400000, 0x000000070c400000| Untracked 
| 159|0x000000070c500000, 0x000000070c500000, 0x000000070c600000|  0%| F|  |TAMS 0x000000070c500000, 0x000000070c500000| Untracked 
| 160|0x000000070c600000, 0x000000070c600000, 0x000000070c700000|  0%| F|  |TAMS 0x000000070c600000, 0x000000070c600000| Untracked 
| 161|0x000000070c700000, 0x000000070c700000, 0x000000070c800000|  0%| F|  |TAMS 0x000000070c700000, 0x000000070c700000| Untracked 
| 162|0x000000070c800000, 0x000000070c800000, 0x000000070c900000|  0%| F|  |TAMS 0x000000070c800000, 0x000000070c800000| Untracked 
| 163|0x000000070c900000, 0x000000070c900000, 0x000000070ca00000|  0%| F|  |TAMS 0x000000070c900000, 0x000000070c900000| Untracked 
| 164|0x000000070ca00000, 0x000000070ca00000, 0x000000070cb00000|  0%| F|  |TAMS 0x000000070ca00000, 0x000000070ca00000| Untracked 
| 165|0x000000070cb00000, 0x000000070cb00000, 0x000000070cc00000|  0%| F|  |TAMS 0x000000070cb00000, 0x000000070cb00000| Untracked 
| 166|0x000000070cc00000, 0x000000070cc00000, 0x000000070cd00000|  0%| F|  |TAMS 0x000000070cc00000, 0x000000070cc00000| Untracked 
| 167|0x000000070cd00000, 0x000000070cd00000, 0x000000070ce00000|  0%| F|  |TAMS 0x000000070cd00000, 0x000000070cd00000| Untracked 
| 168|0x000000070ce00000, 0x000000070ce00000, 0x000000070cf00000|  0%| F|  |TAMS 0x000000070ce00000, 0x000000070ce00000| Untracked 
| 169|0x000000070cf00000, 0x000000070cf00000, 0x000000070d000000|  0%| F|  |TAMS 0x000000070cf00000, 0x000000070cf00000| Untracked 
| 170|0x000000070d000000, 0x000000070d000000, 0x000000070d100000|  0%| F|  |TAMS 0x000000070d000000, 0x000000070d000000| Untracked 
| 171|0x000000070d100000, 0x000000070d100000, 0x000000070d200000|  0%| F|  |TAMS 0x000000070d100000, 0x000000070d100000| Untracked 
| 172|0x000000070d200000, 0x000000070d200000, 0x000000070d300000|  0%| F|  |TAMS 0x000000070d200000, 0x000000070d200000| Untracked 
| 173|0x000000070d300000, 0x000000070d300000, 0x000000070d400000|  0%| F|  |TAMS 0x000000070d300000, 0x000000070d300000| Untracked 
| 174|0x000000070d400000, 0x000000070d400000, 0x000000070d500000|  0%| F|  |TAMS 0x000000070d400000, 0x000000070d400000| Untracked 
| 175|0x000000070d500000, 0x000000070d500000, 0x000000070d600000|  0%| F|  |TAMS 0x000000070d500000, 0x000000070d500000| Untracked 
| 176|0x000000070d600000, 0x000000070d600000, 0x000000070d700000|  0%| F|  |TAMS 0x000000070d600000, 0x000000070d600000| Untracked 
| 177|0x000000070d700000, 0x000000070d700000, 0x000000070d800000|  0%| F|  |TAMS 0x000000070d700000, 0x000000070d700000| Untracked 
| 178|0x000000070d800000, 0x000000070d800000, 0x000000070d900000|  0%| F|  |TAMS 0x000000070d800000, 0x000000070d800000| Untracked 
| 179|0x000000070d900000, 0x000000070d900000, 0x000000070da00000|  0%| F|  |TAMS 0x000000070d900000, 0x000000070d900000| Untracked 
| 180|0x000000070da00000, 0x000000070da00000, 0x000000070db00000|  0%| F|  |TAMS 0x000000070da00000, 0x000000070da00000| Untracked 
| 181|0x000000070db00000, 0x000000070db00000, 0x000000070dc00000|  0%| F|  |TAMS 0x000000070db00000, 0x000000070db00000| Untracked 
| 182|0x000000070dc00000, 0x000000070dc00000, 0x000000070dd00000|  0%| F|  |TAMS 0x000000070dc00000, 0x000000070dc00000| Untracked 
| 183|0x000000070dd00000, 0x000000070dd00000, 0x000000070de00000|  0%| F|  |TAMS 0x000000070dd00000, 0x000000070dd00000| Untracked 
| 184|0x000000070de00000, 0x000000070de00000, 0x000000070df00000|  0%| F|  |TAMS 0x000000070de00000, 0x000000070de00000| Untracked 
| 185|0x000000070df00000, 0x000000070df00000, 0x000000070e000000|  0%| F|  |TAMS 0x000000070df00000, 0x000000070df00000| Untracked 
| 186|0x000000070e000000, 0x000000070e000000, 0x000000070e100000|  0%| F|  |TAMS 0x000000070e000000, 0x000000070e000000| Untracked 
| 187|0x000000070e100000, 0x000000070e100000, 0x000000070e200000|  0%| F|  |TAMS 0x000000070e100000, 0x000000070e100000| Untracked 
| 188|0x000000070e200000, 0x000000070e200000, 0x000000070e300000|  0%| F|  |TAMS 0x000000070e200000, 0x000000070e200000| Untracked 
| 189|0x000000070e300000, 0x000000070e300000, 0x000000070e400000|  0%| F|  |TAMS 0x000000070e300000, 0x000000070e300000| Untracked 
| 190|0x000000070e400000, 0x000000070e400000, 0x000000070e500000|  0%| F|  |TAMS 0x000000070e400000, 0x000000070e400000| Untracked 
| 191|0x000000070e500000, 0x000000070e500000, 0x000000070e600000|  0%| F|  |TAMS 0x000000070e500000, 0x000000070e500000| Untracked 
| 192|0x000000070e600000, 0x000000070e600000, 0x000000070e700000|  0%| F|  |TAMS 0x000000070e600000, 0x000000070e600000| Untracked 
| 193|0x000000070e700000, 0x000000070e700000, 0x000000070e800000|  0%| F|  |TAMS 0x000000070e700000, 0x000000070e700000| Untracked 
| 194|0x000000070e800000, 0x000000070e800000, 0x000000070e900000|  0%| F|  |TAMS 0x000000070e800000, 0x000000070e800000| Untracked 
| 195|0x000000070e900000, 0x000000070e900000, 0x000000070ea00000|  0%| F|  |TAMS 0x000000070e900000, 0x000000070e900000| Untracked 
| 196|0x000000070ea00000, 0x000000070ea00000, 0x000000070eb00000|  0%| F|  |TAMS 0x000000070ea00000, 0x000000070ea00000| Untracked 
| 197|0x000000070eb00000, 0x000000070eb00000, 0x000000070ec00000|  0%| F|  |TAMS 0x000000070eb00000, 0x000000070eb00000| Untracked 
| 198|0x000000070ec00000, 0x000000070ec00000, 0x000000070ed00000|  0%| F|  |TAMS 0x000000070ec00000, 0x000000070ec00000| Untracked 
| 199|0x000000070ed00000, 0x000000070ed00000, 0x000000070ee00000|  0%| F|  |TAMS 0x000000070ed00000, 0x000000070ed00000| Untracked 
| 200|0x000000070ee00000, 0x000000070ee00000, 0x000000070ef00000|  0%| F|  |TAMS 0x000000070ee00000, 0x000000070ee00000| Untracked 
| 201|0x000000070ef00000, 0x000000070ef00000, 0x000000070f000000|  0%| F|  |TAMS 0x000000070ef00000, 0x000000070ef00000| Untracked 
| 202|0x000000070f000000, 0x000000070f000000, 0x000000070f100000|  0%| F|  |TAMS 0x000000070f000000, 0x000000070f000000| Untracked 
| 203|0x000000070f100000, 0x000000070f100000, 0x000000070f200000|  0%| F|  |TAMS 0x000000070f100000, 0x000000070f100000| Untracked 
| 204|0x000000070f200000, 0x000000070f200000, 0x000000070f300000|  0%| F|  |TAMS 0x000000070f200000, 0x000000070f200000| Untracked 
| 205|0x000000070f300000, 0x000000070f300000, 0x000000070f400000|  0%| F|  |TAMS 0x000000070f300000, 0x000000070f300000| Untracked 
| 206|0x000000070f400000, 0x000000070f400000, 0x000000070f500000|  0%| F|  |TAMS 0x000000070f400000, 0x000000070f400000| Untracked 
| 207|0x000000070f500000, 0x000000070f500000, 0x000000070f600000|  0%| F|  |TAMS 0x000000070f500000, 0x000000070f500000| Untracked 
| 208|0x000000070f600000, 0x000000070f600000, 0x000000070f700000|  0%| F|  |TAMS 0x000000070f600000, 0x000000070f600000| Untracked 
| 209|0x000000070f700000, 0x000000070f700000, 0x000000070f800000|  0%| F|  |TAMS 0x000000070f700000, 0x000000070f700000| Untracked 
| 210|0x000000070f800000, 0x000000070f800000, 0x000000070f900000|  0%| F|  |TAMS 0x000000070f800000, 0x000000070f800000| Untracked 
| 211|0x000000070f900000, 0x000000070f900000, 0x000000070fa00000|  0%| F|  |TAMS 0x000000070f900000, 0x000000070f900000| Untracked 
| 212|0x000000070fa00000, 0x000000070fa00000, 0x000000070fb00000|  0%| F|  |TAMS 0x000000070fa00000, 0x000000070fa00000| Untracked 
| 213|0x000000070fb00000, 0x000000070fb00000, 0x000000070fc00000|  0%| F|  |TAMS 0x000000070fb00000, 0x000000070fb00000| Untracked 
| 214|0x000000070fc00000, 0x000000070fc00000, 0x000000070fd00000|  0%| F|  |TAMS 0x000000070fc00000, 0x000000070fc00000| Untracked 
| 215|0x000000070fd00000, 0x000000070fd00000, 0x000000070fe00000|  0%| F|  |TAMS 0x000000070fd00000, 0x000000070fd00000| Untracked 
| 216|0x000000070fe00000, 0x000000070fe00000, 0x000000070ff00000|  0%| F|  |TAMS 0x000000070fe00000, 0x000000070fe00000| Untracked 
| 217|0x000000070ff00000, 0x000000070ff00000, 0x0000000710000000|  0%| F|  |TAMS 0x000000070ff00000, 0x000000070ff00000| Untracked 
| 218|0x0000000710000000, 0x0000000710000000, 0x0000000710100000|  0%| F|  |TAMS 0x0000000710000000, 0x0000000710000000| Untracked 
| 219|0x0000000710100000, 0x0000000710100000, 0x0000000710200000|  0%| F|  |TAMS 0x0000000710100000, 0x0000000710100000| Untracked 
| 220|0x0000000710200000, 0x0000000710200000, 0x0000000710300000|  0%| F|  |TAMS 0x0000000710200000, 0x0000000710200000| Untracked 
| 221|0x0000000710300000, 0x0000000710300000, 0x0000000710400000|  0%| F|  |TAMS 0x0000000710300000, 0x0000000710300000| Untracked 
| 222|0x0000000710400000, 0x0000000710400000, 0x0000000710500000|  0%| F|  |TAMS 0x0000000710400000, 0x0000000710400000| Untracked 
| 223|0x0000000710500000, 0x0000000710500000, 0x0000000710600000|  0%| F|  |TAMS 0x0000000710500000, 0x0000000710500000| Untracked 
| 224|0x0000000710600000, 0x0000000710600000, 0x0000000710700000|  0%| F|  |TAMS 0x0000000710600000, 0x0000000710600000| Untracked 
| 225|0x0000000710700000, 0x0000000710700000, 0x0000000710800000|  0%| F|  |TAMS 0x0000000710700000, 0x0000000710700000| Untracked 
| 226|0x0000000710800000, 0x0000000710800000, 0x0000000710900000|  0%| F|  |TAMS 0x0000000710800000, 0x0000000710800000| Untracked 
| 227|0x0000000710900000, 0x0000000710900000, 0x0000000710a00000|  0%| F|  |TAMS 0x0000000710900000, 0x0000000710900000| Untracked 
| 228|0x0000000710a00000, 0x0000000710a00000, 0x0000000710b00000|  0%| F|  |TAMS 0x0000000710a00000, 0x0000000710a00000| Untracked 
| 229|0x0000000710b00000, 0x0000000710b00000, 0x0000000710c00000|  0%| F|  |TAMS 0x0000000710b00000, 0x0000000710b00000| Untracked 
| 230|0x0000000710c00000, 0x0000000710c52d80, 0x0000000710d00000| 32%| E|  |TAMS 0x0000000710c00000, 0x0000000710c00000| Complete 
| 231|0x0000000710d00000, 0x0000000710df8740, 0x0000000710e00000| 97%| E|  |TAMS 0x0000000710d00000, 0x0000000710d00000| Complete 
| 232|0x0000000710e00000, 0x0000000710f00000, 0x0000000710f00000|100%| E|CS|TAMS 0x0000000710e00000, 0x0000000710e00000| Complete 
| 233|0x0000000710f00000, 0x0000000711000000, 0x0000000711000000|100%| E|CS|TAMS 0x0000000710f00000, 0x0000000710f00000| Complete 
| 234|0x0000000711000000, 0x0000000711100000, 0x0000000711100000|100%| E|CS|TAMS 0x0000000711000000, 0x0000000711000000| Complete 
| 235|0x0000000711100000, 0x0000000711200000, 0x0000000711200000|100%| E|CS|TAMS 0x0000000711100000, 0x0000000711100000| Complete 
| 236|0x0000000711200000, 0x0000000711300000, 0x0000000711300000|100%| E|CS|TAMS 0x0000000711200000, 0x0000000711200000| Complete 
| 237|0x0000000711300000, 0x0000000711400000, 0x0000000711400000|100%| E|CS|TAMS 0x0000000711300000, 0x0000000711300000| Complete 
| 238|0x0000000711400000, 0x0000000711500000, 0x0000000711500000|100%| E|CS|TAMS 0x0000000711400000, 0x0000000711400000| Complete 
| 239|0x0000000711500000, 0x00000007115af0e0, 0x0000000711600000| 68%| S|CS|TAMS 0x0000000711500000, 0x0000000711500000| Complete 
| 240|0x0000000711600000, 0x0000000711700000, 0x0000000711700000|100%| S|CS|TAMS 0x0000000711600000, 0x0000000711600000| Complete 
| 241|0x0000000711700000, 0x0000000711800000, 0x0000000711800000|100%| S|CS|TAMS 0x0000000711700000, 0x0000000711700000| Complete 
| 242|0x0000000711800000, 0x0000000711900000, 0x0000000711900000|100%| S|CS|TAMS 0x0000000711800000, 0x0000000711800000| Complete 
| 243|0x0000000711900000, 0x0000000711a00000, 0x0000000711a00000|100%| S|CS|TAMS 0x0000000711900000, 0x0000000711900000| Complete 
| 244|0x0000000711a00000, 0x0000000711b00000, 0x0000000711b00000|100%| S|CS|TAMS 0x0000000711a00000, 0x0000000711a00000| Complete 
| 245|0x0000000711b00000, 0x0000000711c00000, 0x0000000711c00000|100%| E|CS|TAMS 0x0000000711b00000, 0x0000000711b00000| Complete 
| 246|0x0000000711c00000, 0x0000000711d00000, 0x0000000711d00000|100%| E|CS|TAMS 0x0000000711c00000, 0x0000000711c00000| Complete 
| 247|0x0000000711d00000, 0x0000000711e00000, 0x0000000711e00000|100%| E|CS|TAMS 0x0000000711d00000, 0x0000000711d00000| Complete 
| 248|0x0000000711e00000, 0x0000000711f00000, 0x0000000711f00000|100%| E|CS|TAMS 0x0000000711e00000, 0x0000000711e00000| Complete 
| 249|0x0000000711f00000, 0x0000000712000000, 0x0000000712000000|100%| E|CS|TAMS 0x0000000711f00000, 0x0000000711f00000| Complete 
| 250|0x0000000712000000, 0x0000000712100000, 0x0000000712100000|100%| E|CS|TAMS 0x0000000712000000, 0x0000000712000000| Complete 
| 251|0x0000000712100000, 0x0000000712200000, 0x0000000712200000|100%| E|CS|TAMS 0x0000000712100000, 0x0000000712100000| Complete 
| 252|0x0000000712200000, 0x0000000712300000, 0x0000000712300000|100%| E|CS|TAMS 0x0000000712200000, 0x0000000712200000| Complete 
| 253|0x0000000712300000, 0x0000000712400000, 0x0000000712400000|100%| E|CS|TAMS 0x0000000712300000, 0x0000000712300000| Complete 

Card table byte_map: [0x000002ce73330000,0x000002ce73b20000] _byte_map_base: 0x000002ce6fb1d000

Marking Bits (Prev, Next): (CMBitMap*) 0x000002ce5b343b88, (CMBitMap*) 0x000002ce5b343bc0
 Prev Bits: [0x000002ce74310000, 0x000002ce78278000)
 Next Bits: [0x000002ce78280000, 0x000002ce7c1e8000)

Polling page: 0x000002ce5aab0000

Metaspace:

Usage:
  Non-class:     27.60 MB capacity,    26.94 MB ( 98%) used,   544.23 KB (  2%) free+waste,   126.00 KB ( <1%) overhead. 
      Class:      4.15 MB capacity,     3.70 MB ( 89%) used,   401.30 KB (  9%) free+waste,    60.94 KB (  1%) overhead. 
       Both:     31.75 MB capacity,    30.65 MB ( 97%) used,   945.53 KB (  3%) free+waste,   186.94 KB ( <1%) overhead. 

Virtual space:
  Non-class space:       28.00 MB reserved,      27.67 MB ( 99%) committed 
      Class space:        1.00 GB reserved,       4.25 MB ( <1%) committed 
             Both:        1.03 GB reserved,      31.92 MB (  3%) committed 

Chunk freelists:
   Non-Class:  1.50 KB
       Class:  0 bytes
        Both:  1.50 KB

CodeHeap 'non-profiled nmethods': size=120000Kb used=1958Kb max_used=1958Kb free=118041Kb
 bounds [0x000002ce6b0c0000, 0x000002ce6b330000, 0x000002ce725f0000]
CodeHeap 'profiled nmethods': size=120000Kb used=7029Kb max_used=7029Kb free=112970Kb
 bounds [0x000002ce63b90000, 0x000002ce64280000, 0x000002ce6b0c0000]
CodeHeap 'non-nmethods': size=5760Kb used=1469Kb max_used=1524Kb free=4290Kb
 bounds [0x000002ce635f0000, 0x000002ce63860000, 0x000002ce63b90000]
 total_blobs=5764 nmethods=3514 adapters=744
 compilation: enabled
              stopped_count=0, restarted_count=0
 full_count=0

Compilation events (10 events):
Event: 229.675 Thread 0x000002ce7f8a9800 4014       3       com.sun.prism.impl.ps.BaseShaderContext::getPaintShader (194 bytes)
Event: 229.678 Thread 0x000002ce7f8a9800 nmethod 4014 0x000002ce6426b890 code [0x000002ce6426c080, 0x000002ce64271640]
Event: 229.678 Thread 0x000002ce7f8a9800 4015       3       com.sun.prism.impl.ps.BaseShaderContext::getStockShaderIndex (57 bytes)
Event: 229.679 Thread 0x000002ce7f8a9800 nmethod 4015 0x000002ce6405da10 code [0x000002ce6405dbe0, 0x000002ce6405e018]
Event: 229.679 Thread 0x000002ce7f8a9800 4016       3       com.sun.prism.impl.ps.BaseShaderContext::updatePaintShader (157 bytes)
Event: 229.679 Thread 0x000002ce7f8a9800 nmethod 4016 0x000002ce64273910 code [0x000002ce64273b60, 0x000002ce64274470]
Event: 229.679 Thread 0x000002ce7f8a9800 4018       3       com.sun.prism.impl.ps.BaseShaderContext::validatePaintOp (321 bytes)
Event: 229.680 Thread 0x000002ce7f8a9800 nmethod 4018 0x000002ce64274790 code [0x000002ce64274b60, 0x000002ce64276ac0]
Event: 229.680 Thread 0x000002ce7f8a9800 4011       3       com.sun.prism.d3d.D3DContext::updateCompositeMode (95 bytes)
Event: 229.680 Thread 0x000002ce7f8a9800 nmethod 4011 0x000002ce64277590 code [0x000002ce642777a0, 0x000002ce64277c40]

GC Heap History (10 events):
Event: 1.417 GC heap before
{Heap before GC invocations=1 (full 0):
 garbage-first heap   total 260096K, used 33735K [0x0000000702600000, 0x0000000800000000)
  region size 1024K, 33 young (33792K), 3 survivors (3072K)
 Metaspace       used 20425K, capacity 21077K, committed 21296K, reserved 1067008K
  class space    used 2545K, capacity 2828K, committed 2944K, reserved 1048576K
}
Event: 1.422 GC heap after
{Heap after GC invocations=2 (full 0):
 garbage-first heap   total 260096K, used 6718K [0x0000000702600000, 0x0000000800000000)
  region size 1024K, 6 young (6144K), 6 survivors (6144K)
 Metaspace       used 20425K, capacity 21077K, committed 21296K, reserved 1067008K
  class space    used 2545K, capacity 2828K, committed 2944K, reserved 1048576K
}
Event: 11.389 GC heap before
{Heap before GC invocations=3 (full 0):
 garbage-first heap   total 260096K, used 37438K [0x0000000702600000, 0x0000000800000000)
  region size 1024K, 35 young (35840K), 6 survivors (6144K)
 Metaspace       used 28309K, capacity 29348K, committed 29616K, reserved 1075200K
  class space    used 3557K, capacity 4010K, committed 4096K, reserved 1048576K
}
Event: 11.395 GC heap after
{Heap after GC invocations=4 (full 0):
 garbage-first heap   total 260096K, used 12305K [0x0000000702600000, 0x0000000800000000)
  region size 1024K, 4 young (4096K), 4 survivors (4096K)
 Metaspace       used 28309K, capacity 29348K, committed 29616K, reserved 1075200K
  class space    used 3557K, capacity 4010K, committed 4096K, reserved 1048576K
}
Event: 81.820 GC heap before
{Heap before GC invocations=4 (full 0):
 garbage-first heap   total 260096K, used 160785K [0x0000000702600000, 0x0000000800000000)
  region size 1024K, 47 young (48128K), 4 survivors (4096K)
 Metaspace       used 30399K, capacity 31462K, committed 31536K, reserved 1077248K
  class space    used 3740K, capacity 4183K, committed 4224K, reserved 1048576K
}
Event: 81.825 GC heap after
{Heap after GC invocations=5 (full 0):
 garbage-first heap   total 260096K, used 49531K [0x0000000702600000, 0x0000000800000000)
  region size 1024K, 4 young (4096K), 4 survivors (4096K)
 Metaspace       used 30399K, capacity 31462K, committed 31536K, reserved 1077248K
  class space    used 3740K, capacity 4183K, committed 4224K, reserved 1048576K
}
Event: 89.311 GC heap before
{Heap before GC invocations=6 (full 0):
 garbage-first heap   total 260096K, used 141691K [0x0000000702600000, 0x0000000800000000)
  region size 1024K, 36 young (36864K), 4 survivors (4096K)
 Metaspace       used 30542K, capacity 31634K, committed 31792K, reserved 1077248K
  class space    used 3755K, capacity 4219K, committed 4224K, reserved 1048576K
}
Event: 89.316 GC heap after
{Heap after GC invocations=7 (full 0):
 garbage-first heap   total 260096K, used 98586K [0x0000000702600000, 0x0000000800000000)
  region size 1024K, 4 young (4096K), 4 survivors (4096K)
 Metaspace       used 30542K, capacity 31634K, committed 31792K, reserved 1077248K
  class space    used 3755K, capacity 4219K, committed 4224K, reserved 1048576K
}
Event: 100.916 GC heap before
{Heap before GC invocations=8 (full 0):
 garbage-first heap   total 260096K, used 134426K [0x0000000702600000, 0x0000000800000000)
  region size 1024K, 13 young (13312K), 4 survivors (4096K)
 Metaspace       used 31073K, capacity 32150K, committed 32432K, reserved 1077248K
  class space    used 3782K, capacity 4240K, committed 4352K, reserved 1048576K
}
Event: 100.922 GC heap after
{Heap after GC invocations=9 (full 0):
 garbage-first heap   total 260096K, used 72209K [0x0000000702600000, 0x0000000800000000)
  region size 1024K, 6 young (6144K), 6 survivors (6144K)
 Metaspace       used 31073K, capacity 32150K, committed 32432K, reserved 1077248K
  class space    used 3782K, capacity 4240K, committed 4352K, reserved 1048576K
}

Deoptimization events (10 events):
Event: 90.076 Thread 0x000002ce00f34800 Uncommon trap: reason=array_check action=maybe_recompile pc=0x000002ce6b24af0c method=javafx.css.SimpleSelector.applies(Ljavafx/css/Styleable;[Ljava/util/Set;I)Z @ 37 c2
Event: 90.076 Thread 0x000002ce00f34800 Uncommon trap: reason=array_check action=maybe_recompile pc=0x000002ce6b24af0c method=javafx.css.SimpleSelector.applies(Ljavafx/css/Styleable;[Ljava/util/Set;I)Z @ 37 c2
Event: 90.444 Thread 0x000002ce00f34800 Uncommon trap: reason=speculate_null_check action=make_not_entrant pc=0x000002ce6b2236b4 method=javafx.scene.CssStyleHelper.getStyleHelper(Ljavafx/scene/Node;)Ljavafx/scene/CssStyleHelper; @ 1 c2
Event: 91.334 Thread 0x000002ce00f34800 Uncommon trap: reason=unstable_if action=reinterpret pc=0x000002ce6b164e34 method=java.lang.String.equals(Ljava/lang/Object;)Z @ 27 c2
Event: 95.304 Thread 0x000002ce00f34800 Uncommon trap: reason=unstable_if action=reinterpret pc=0x000002ce6b1f4ebc method=java.util.concurrent.ConcurrentHashMap.putVal(Ljava/lang/Object;Ljava/lang/Object;Z)Ljava/lang/Object; @ 148 c2
Event: 95.322 Thread 0x000002ce00f34800 Uncommon trap: reason=class_check action=maybe_recompile pc=0x000002ce6b1fb910 method=javafx.scene.Node.getLocalBounds(Lcom/sun/javafx/geom/BaseBounds;Lcom/sun/javafx/geom/transform/BaseTransform;)Lcom/sun/javafx/geom/BaseBounds; @ 22 c2
Event: 95.322 Thread 0x000002ce00f34800 Uncommon trap: reason=class_check action=maybe_recompile pc=0x000002ce6b1fb910 method=javafx.scene.Node.getLocalBounds(Lcom/sun/javafx/geom/BaseBounds;Lcom/sun/javafx/geom/transform/BaseTransform;)Lcom/sun/javafx/geom/BaseBounds; @ 22 c2
Event: 206.524 Thread 0x000002ce00f34800 Uncommon trap: reason=null_check action=make_not_entrant pc=0x000002ce6b290828 method=javafx.scene.Node$MiscProperties.getClip()Ljavafx/scene/Node; @ 20 c2
Event: 206.524 Thread 0x000002ce00f34800 Uncommon trap: reason=null_check action=make_not_entrant pc=0x000002ce6b26ce74 method=javafx.scene.Node$MiscProperties.getClip()Ljavafx/scene/Node; @ 20 c2
Event: 206.524 Thread 0x000002ce00f34800 Uncommon trap: reason=null_check action=make_not_entrant pc=0x000002ce6b13ca44 method=javafx.scene.Node$MiscProperties.getClip()Ljavafx/scene/Node; @ 20 c2

Classes redefined (0 events):
No events

Internal exceptions (10 events):
Event: 11.352 Thread 0x000002ce004ac000 Exception <a 'java/lang/ClassNotFoundException'{0x0000000710947000}: sun/awt/resources/spi/awtProvider> (0x0000000710947000) thrown at [t:/workspace/open/src/hotspot/share/classfile/systemDictionary.cpp, line 231]
Event: 11.358 Thread 0x000002ce004ac000 Exception <a 'java/io/FileNotFoundException'{0x0000000710990d18}> (0x0000000710990d18) thrown at [t:/workspace/open/src/hotspot/share/prims/jni.cpp, line 615]
Event: 11.358 Thread 0x000002ce004ac000 Exception <a 'java/io/FileNotFoundException'{0x0000000710994938}> (0x0000000710994938) thrown at [t:/workspace/open/src/hotspot/share/prims/jni.cpp, line 615]
Event: 90.444 Thread 0x000002ce00f34800 Implicit null exception at 0x000002ce6b21e587 to 0x000002ce6b22367a
Event: 107.779 Thread 0x000002ce00f34800 Exception <a 'java/lang/NoSuchMethodError'{0x0000000711ea9ce0}: java.lang.invoke.DirectMethodHandle$Holder.invokeStatic(Ljava/lang/Object;Ljava/lang/Object;IIIIILjava/lang/Object;)Ljava/lang/Object;> (0x0000000711ea9ce0) thrown at [t:/workspace/open/src/h
Event: 107.781 Thread 0x000002ce00f34800 Exception <a 'java/lang/NoSuchMethodError'{0x0000000711eba560}: java.lang.invoke.DirectMethodHandle$Holder.invokeStatic(Ljava/lang/Object;Ljava/lang/Object;Ljava/lang/Object;IIIII)Ljava/lang/Object;> (0x0000000711eba560) thrown at [t:/workspace/open/src/h
Event: 107.782 Thread 0x000002ce00f34800 Exception <a 'java/lang/NoSuchMethodError'{0x0000000711ec1a30}: java.lang.invoke.Invokers$Holder.linkToTargetMethod(Ljava/lang/Object;Ljava/lang/Object;IIIIILjava/lang/Object;)Ljava/lang/Object;> (0x0000000711ec1a30) thrown at [t:/workspace/open/src/hotsp
Event: 206.524 Thread 0x000002ce00f34800 Implicit null exception at 0x000002ce6b28f727 to 0x000002ce6b290816
Event: 206.524 Thread 0x000002ce00f34800 Implicit null exception at 0x000002ce6b26c1c6 to 0x000002ce6b26ce4e
Event: 206.524 Thread 0x000002ce00f34800 Implicit null exception at 0x000002ce6b13c9b2 to 0x000002ce6b13ca32

Events (10 events):
Event: 206.553 Executing VM operation: GetStackTrace
Event: 206.553 Executing VM operation: GetStackTrace done
Event: 227.899 Executing VM operation: ChangeBreakpoints
Event: 227.899 Executing VM operation: ChangeBreakpoints done
Event: 228.461 Executing VM operation: ChangeBreakpoints
Event: 228.461 Executing VM operation: ChangeBreakpoints done
Event: 229.639 Thread 0x000002ce7f8ab800 flushing nmethod 0x000002ce63f72890
Event: 229.639 Thread 0x000002ce7f8ab800 flushing nmethod 0x000002ce6405da10
Event: 229.640 Executing VM operation: RevokeBias
Event: 229.640 Executing VM operation: RevokeBias done


Dynamic libraries:
0x00007ff67c820000 - 0x00007ff67c865000 	C:\Program Files\Java\jdk-11.0.2\bin\java.exe
0x00007ff951760000 - 0x00007ff951941000 	C:\WINDOWS\SYSTEM32\ntdll.dll
0x00007ff9506c0000 - 0x00007ff950771000 	C:\WINDOWS\System32\KERNEL32.DLL
0x00007ff94e530000 - 0x00007ff94e7a3000 	C:\WINDOWS\System32\KERNELBASE.dll
0x00007ff951020000 - 0x00007ff9511b0000 	C:\WINDOWS\System32\USER32.dll
0x00007ff94e7b0000 - 0x00007ff94e7d0000 	C:\WINDOWS\System32\win32u.dll
0x00007ff951700000 - 0x00007ff951728000 	C:\WINDOWS\System32\GDI32.dll
0x00007ff94ea40000 - 0x00007ff94ebd1000 	C:\WINDOWS\System32\gdi32full.dll
0x00007ff94e330000 - 0x00007ff94e3cf000 	C:\WINDOWS\System32\msvcp_win.dll
0x00007ff94e3d0000 - 0x00007ff94e4c8000 	C:\WINDOWS\System32\ucrtbase.dll
0x00007ff93ebd0000 - 0x00007ff93ee39000 	C:\WINDOWS\WinSxS\amd64_microsoft.windows.common-controls_6595b64144ccf1df_6.0.17134.982_none_fb3fa44f30680781\COMCTL32.dll
0x00007ff951330000 - 0x00007ff9513ce000 	C:\WINDOWS\System32\msvcrt.dll
0x00007ff9513d0000 - 0x00007ff9516f2000 	C:\WINDOWS\System32\combase.dll
0x00007ff950ad0000 - 0x00007ff950bf4000 	C:\WINDOWS\System32\RPCRT4.dll
0x00007ff94e7d0000 - 0x00007ff94e849000 	C:\WINDOWS\System32\bcryptPrimitives.dll
0x00007ff9511d0000 - 0x00007ff9511fd000 	C:\WINDOWS\System32\IMM32.DLL
0x00007ff91ea10000 - 0x00007ff91ea26000 	C:\Program Files\Java\jdk-11.0.2\bin\vcruntime140.dll
0x00007ff90c670000 - 0x00007ff90c71a000 	C:\Program Files\Java\jdk-11.0.2\bin\msvcp140.dll
0x00007ff8f68b0000 - 0x00007ff8f73d3000 	C:\Program Files\Java\jdk-11.0.2\bin\server\jvm.dll
0x00007ff950970000 - 0x00007ff950a11000 	C:\WINDOWS\System32\ADVAPI32.dll
0x00007ff9512d0000 - 0x00007ff95132b000 	C:\WINDOWS\System32\sechost.dll
0x00007ff9506b0000 - 0x00007ff9506b8000 	C:\WINDOWS\System32\PSAPI.DLL
0x00007ff92c8b0000 - 0x00007ff92c8b9000 	C:\WINDOWS\SYSTEM32\WSOCK32.dll
0x00007ff947aa0000 - 0x00007ff947aaa000 	C:\WINDOWS\SYSTEM32\VERSION.dll
0x00007ff94b7a0000 - 0x00007ff94b7c3000 	C:\WINDOWS\SYSTEM32\WINMM.dll
0x00007ff950780000 - 0x00007ff9507ec000 	C:\WINDOWS\System32\WS2_32.dll
0x00007ff94b770000 - 0x00007ff94b79a000 	C:\WINDOWS\SYSTEM32\WINMMBASE.dll
0x00007ff94db20000 - 0x00007ff94db69000 	C:\WINDOWS\System32\cfgmgr32.dll
0x00007ff94dac0000 - 0x00007ff94dad1000 	C:\WINDOWS\System32\kernel.appcore.dll
0x00007ff91d890000 - 0x00007ff91d8a1000 	C:\Program Files\Java\jdk-11.0.2\bin\verify.dll
0x00007ff936d40000 - 0x00007ff936f09000 	C:\WINDOWS\SYSTEM32\DBGHELP.DLL
0x00007ff936ce0000 - 0x00007ff936d09000 	C:\WINDOWS\SYSTEM32\dbgcore.DLL
0x00007ff913b40000 - 0x00007ff913b68000 	C:\Program Files\Java\jdk-11.0.2\bin\java.dll
0x00007ff940740000 - 0x00007ff940777000 	C:\Program Files\Java\jdk-11.0.2\bin\jdwp.dll
0x00007ff944c00000 - 0x00007ff944c2f000 	C:\Program Files\Java\jdk-11.0.2\bin\instrument.dll
0x00007ff916bf0000 - 0x00007ff916c06000 	C:\Program Files\Java\jdk-11.0.2\bin\zip.dll
0x00007ff9405f0000 - 0x00007ff9405fa000 	C:\Program Files\Java\jdk-11.0.2\bin\jimage.dll
0x00007ff94eda0000 - 0x00007ff9501e2000 	C:\WINDOWS\System32\SHELL32.dll
0x00007ff950a20000 - 0x00007ff950ac9000 	C:\WINDOWS\System32\shcore.dll
0x00007ff94dc20000 - 0x00007ff94e32e000 	C:\WINDOWS\System32\windows.storage.dll
0x00007ff94ed40000 - 0x00007ff94ed91000 	C:\WINDOWS\System32\shlwapi.dll
0x00007ff94db00000 - 0x00007ff94db1f000 	C:\WINDOWS\System32\profapi.dll
0x00007ff94da60000 - 0x00007ff94daac000 	C:\WINDOWS\System32\powrprof.dll
0x00007ff94dab0000 - 0x00007ff94daba000 	C:\WINDOWS\System32\FLTLIB.DLL
0x00007ff947920000 - 0x00007ff94792a000 	C:\Program Files\Java\jdk-11.0.2\bin\dt_socket.dll
0x00007ff94d2e0000 - 0x00007ff94d346000 	C:\WINDOWS\system32\mswsock.dll
0x00007ff93f2f0000 - 0x00007ff93f309000 	C:\Program Files\Java\jdk-11.0.2\bin\net.dll
0x00007ff948c70000 - 0x00007ff948d4d000 	C:\WINDOWS\SYSTEM32\WINHTTP.dll
0x00007ff93fdc0000 - 0x00007ff93ff89000 	C:\WINDOWS\SYSTEM32\urlmon.dll
0x00007ff93fa70000 - 0x00007ff93fd17000 	C:\WINDOWS\SYSTEM32\iertutil.dll
0x00007ff94d490000 - 0x00007ff94d49b000 	C:\WINDOWS\SYSTEM32\CRYPTBASE.DLL
0x00007ff91c5a0000 - 0x00007ff91c5b3000 	C:\Program Files\Java\jdk-11.0.2\bin\nio.dll
0x00007ff94d4a0000 - 0x00007ff94d4b7000 	C:\WINDOWS\SYSTEM32\CRYPTSP.dll
0x00007ff94ce90000 - 0x00007ff94cec3000 	C:\WINDOWS\system32\rsaenh.dll
0x00007ff94d5c0000 - 0x00007ff94d5e5000 	C:\WINDOWS\SYSTEM32\bcrypt.dll
0x00007ff94d990000 - 0x00007ff94d9b8000 	C:\WINDOWS\SYSTEM32\USERENV.dll
0x00007ff94d030000 - 0x00007ff94d068000 	C:\WINDOWS\SYSTEM32\IPHLPAPI.DLL
0x00007ff9501f0000 - 0x00007ff9501f8000 	C:\WINDOWS\System32\NSI.dll
0x00007ff947f20000 - 0x00007ff947f36000 	C:\WINDOWS\SYSTEM32\dhcpcsvc6.DLL
0x00007ff947ee0000 - 0x00007ff947efa000 	C:\WINDOWS\SYSTEM32\dhcpcsvc.DLL
0x000002ce5b230000 - 0x000002ce5b233000 	C:\Program Files\Java\jdk-11.0.2\bin\api-ms-win-core-console-l1-1-0.dll
0x000002ce5b240000 - 0x000002ce5b243000 	C:\Program Files\Java\jdk-11.0.2\bin\api-ms-win-core-datetime-l1-1-0.dll
0x000002ce5b250000 - 0x000002ce5b253000 	C:\Program Files\Java\jdk-11.0.2\bin\api-ms-win-core-debug-l1-1-0.dll
0x000002ce5b260000 - 0x000002ce5b263000 	C:\Program Files\Java\jdk-11.0.2\bin\api-ms-win-core-errorhandling-l1-1-0.dll
0x000002ce5b270000 - 0x000002ce5b274000 	C:\Program Files\Java\jdk-11.0.2\bin\api-ms-win-core-file-l1-1-0.dll
0x000002ce5b280000 - 0x000002ce5b283000 	C:\Program Files\Java\jdk-11.0.2\bin\api-ms-win-core-file-l1-2-0.dll
0x000002ce5b290000 - 0x000002ce5b293000 	C:\Program Files\Java\jdk-11.0.2\bin\api-ms-win-core-file-l2-1-0.dll
0x000002ce5b2a0000 - 0x000002ce5b2a3000 	C:\Program Files\Java\jdk-11.0.2\bin\api-ms-win-core-handle-l1-1-0.dll
0x000002ce00800000 - 0x000002ce00803000 	C:\Program Files\Java\jdk-11.0.2\bin\api-ms-win-core-heap-l1-1-0.dll
0x000002ce00810000 - 0x000002ce00813000 	C:\Program Files\Java\jdk-11.0.2\bin\api-ms-win-core-interlocked-l1-1-0.dll
0x000002ce00820000 - 0x000002ce00823000 	C:\Program Files\Java\jdk-11.0.2\bin\api-ms-win-core-libraryloader-l1-1-0.dll
0x000002ce00830000 - 0x000002ce00833000 	C:\Program Files\Java\jdk-11.0.2\bin\api-ms-win-core-localization-l1-2-0.dll
0x000002ce00840000 - 0x000002ce00843000 	C:\Program Files\Java\jdk-11.0.2\bin\api-ms-win-core-memory-l1-1-0.dll
0x000002ce00850000 - 0x000002ce00853000 	C:\Program Files\Java\jdk-11.0.2\bin\api-ms-win-core-namedpipe-l1-1-0.dll
0x000002ce00860000 - 0x000002ce00863000 	C:\Program Files\Java\jdk-11.0.2\bin\api-ms-win-core-processenvironment-l1-1-0.dll
0x000002ce00870000 - 0x000002ce00873000 	C:\Program Files\Java\jdk-11.0.2\bin\api-ms-win-core-processthreads-l1-1-0.dll
0x000002ce00880000 - 0x000002ce00883000 	C:\Program Files\Java\jdk-11.0.2\bin\api-ms-win-core-processthreads-l1-1-1.dll
0x000002ce00890000 - 0x000002ce00893000 	C:\Program Files\Java\jdk-11.0.2\bin\api-ms-win-core-profile-l1-1-0.dll
0x000002ce008a0000 - 0x000002ce008a3000 	C:\Program Files\Java\jdk-11.0.2\bin\api-ms-win-core-rtlsupport-l1-1-0.dll
0x000002ce008b0000 - 0x000002ce008b3000 	C:\Program Files\Java\jdk-11.0.2\bin\api-ms-win-core-string-l1-1-0.dll
0x000002ce008c0000 - 0x000002ce008c3000 	C:\Program Files\Java\jdk-11.0.2\bin\api-ms-win-core-synch-l1-1-0.dll
0x000002ce008d0000 - 0x000002ce008d3000 	C:\Program Files\Java\jdk-11.0.2\bin\api-ms-win-core-synch-l1-2-0.dll
0x000002ce008e0000 - 0x000002ce008e3000 	C:\Program Files\Java\jdk-11.0.2\bin\api-ms-win-core-sysinfo-l1-1-0.dll
0x000002ce008f0000 - 0x000002ce008f3000 	C:\Program Files\Java\jdk-11.0.2\bin\api-ms-win-core-timezone-l1-1-0.dll
0x000002ce00900000 - 0x000002ce00903000 	C:\Program Files\Java\jdk-11.0.2\bin\api-ms-win-core-util-l1-1-0.dll
0x000002ce00910000 - 0x000002ce00913000 	C:\Program Files\Java\jdk-11.0.2\bin\api-ms-win-crt-conio-l1-1-0.dll
0x000002ce00920000 - 0x000002ce00924000 	C:\Program Files\Java\jdk-11.0.2\bin\api-ms-win-crt-convert-l1-1-0.dll
0x000002ce00930000 - 0x000002ce00933000 	C:\Program Files\Java\jdk-11.0.2\bin\api-ms-win-crt-environment-l1-1-0.dll
0x000002ce00940000 - 0x000002ce00943000 	C:\Program Files\Java\jdk-11.0.2\bin\api-ms-win-crt-filesystem-l1-1-0.dll
0x000002ce00950000 - 0x000002ce00953000 	C:\Program Files\Java\jdk-11.0.2\bin\api-ms-win-crt-heap-l1-1-0.dll
0x000002ce00960000 - 0x000002ce00963000 	C:\Program Files\Java\jdk-11.0.2\bin\api-ms-win-crt-locale-l1-1-0.dll
0x000002ce00970000 - 0x000002ce00975000 	C:\Program Files\Java\jdk-11.0.2\bin\api-ms-win-crt-math-l1-1-0.dll
0x000002ce00980000 - 0x000002ce00985000 	C:\Program Files\Java\jdk-11.0.2\bin\api-ms-win-crt-multibyte-l1-1-0.dll
0x000002ce00990000 - 0x000002ce009a0000 	C:\Program Files\Java\jdk-11.0.2\bin\api-ms-win-crt-private-l1-1-0.dll
0x000002ce009a0000 - 0x000002ce009a3000 	C:\Program Files\Java\jdk-11.0.2\bin\api-ms-win-crt-process-l1-1-0.dll
0x000002ce009b0000 - 0x000002ce009b4000 	C:\Program Files\Java\jdk-11.0.2\bin\api-ms-win-crt-runtime-l1-1-0.dll
0x000002ce009c0000 - 0x000002ce009c4000 	C:\Program Files\Java\jdk-11.0.2\bin\api-ms-win-crt-stdio-l1-1-0.dll
0x000002ce009d0000 - 0x000002ce009d4000 	C:\Program Files\Java\jdk-11.0.2\bin\api-ms-win-crt-string-l1-1-0.dll
0x000002ce009e0000 - 0x000002ce009e3000 	C:\Program Files\Java\jdk-11.0.2\bin\api-ms-win-crt-time-l1-1-0.dll
0x000002ce009f0000 - 0x000002ce009f3000 	C:\Program Files\Java\jdk-11.0.2\bin\api-ms-win-crt-utility-l1-1-0.dll
0x00007ff912e20000 - 0x00007ff912f16000 	C:\Program Files\Java\jdk-11.0.2\bin\ucrtbase.dll
0x00007ff928460000 - 0x00007ff9284b2000 	C:\Windows\System32\concrt140.dll
0x00007ff941f30000 - 0x00007ff941f53000 	C:\Users\Marcel\.openjfx\cache\11.0.2\prism_d3d.dll
0x00007ff940f00000 - 0x00007ff941097000 	C:\WINDOWS\system32\d3d9.dll
0x00007ff94c1b0000 - 0x00007ff94c1d9000 	C:\WINDOWS\SYSTEM32\dwmapi.dll
0x00007ff94c0e0000 - 0x00007ff94c178000 	C:\WINDOWS\system32\uxtheme.dll
0x00007ff947040000 - 0x00007ff94712e000 	C:\WINDOWS\System32\DriverStore\FileRepository\nvac.inf_amd64_718566285fef9cff\nvldumdx.dll
0x00007ff94e850000 - 0x00007ff94ea32000 	C:\WINDOWS\System32\crypt32.dll
0x00007ff94dae0000 - 0x00007ff94daf2000 	C:\WINDOWS\System32\MSASN1.dll
0x00007ff94e4d0000 - 0x00007ff94e527000 	C:\WINDOWS\System32\WINTRUST.DLL
0x00007ff9511b0000 - 0x00007ff9511cd000 	C:\WINDOWS\System32\imagehlp.dll
0x00007ff8e32c0000 - 0x00007ff8e4680000 	C:\WINDOWS\System32\DriverStore\FileRepository\nvac.inf_amd64_718566285fef9cff\nvd3dumx.dll
0x00007ff8ff240000 - 0x00007ff8ff423000 	C:\WINDOWS\System32\DriverStore\FileRepository\igdlh64.inf_amd64_b5d4c82c67b39358\igdumdim64.dll
0x00007ff8d2b90000 - 0x00007ff8d5c75000 	C:\WINDOWS\System32\DriverStore\FileRepository\igdlh64.inf_amd64_b5d4c82c67b39358\igd9dxva64.dll
0x00007ff94ebe0000 - 0x00007ff94ed31000 	C:\WINDOWS\System32\ole32.dll
0x00007ff951200000 - 0x00007ff9512c2000 	C:\WINDOWS\System32\OLEAUT32.dll
0x00007ff926e50000 - 0x00007ff926e95000 	C:\Users\Marcel\.openjfx\cache\11.0.2\glass.dll
0x00007ff950880000 - 0x00007ff95096d000 	C:\WINDOWS\System32\COMDLG32.dll
0x00007ff950ca0000 - 0x00007ff950e13000 	C:\WINDOWS\System32\MSCTF.dll
0x00007ff941650000 - 0x00007ff941714000 	C:\Program Files (x86)\NVIDIA Corporation\3D Vision\nvSCPAPI64.dll
0x00007ff950200000 - 0x00007ff95064b000 	C:\WINDOWS\System32\SETUPAPI.dll
0x00007ff94c750000 - 0x00007ff94c772000 	C:\WINDOWS\SYSTEM32\gpapi.dll
0x00007ff946e10000 - 0x00007ff946e3e000 	C:\WINDOWS\SYSTEM32\cryptnet.dll
0x00007ff937940000 - 0x00007ff937954000 	C:\Users\Marcel\.openjfx\cache\11.0.2\javafx_font.dll
0x00007ff9219d0000 - 0x00007ff921cea000 	C:\WINDOWS\SYSTEM32\dwrite.dll
0x00007ff950c00000 - 0x00007ff950ca0000 	C:\WINDOWS\System32\clbcatq.dll
0x00007ff9494b0000 - 0x00007ff94965e000 	C:\WINDOWS\SYSTEM32\WindowsCodecs.dll
0x00007ff921100000 - 0x00007ff921158000 	C:\WINDOWS\system32\dataexchange.dll

dbghelp: loaded successfully - version: 4.0.5 - missing functions: none
symbol engine: initialized successfully - sym options: 0x614 - pdb path: .;C:\Program Files\Java\jdk-11.0.2\bin;C:\WINDOWS\SYSTEM32;C:\WINDOWS\WinSxS\amd64_microsoft.windows.common-controls_6595b64144ccf1df_6.0.17134.982_none_fb3fa44f30680781;C:\Program Files\Java\jdk-11.0.2\bin\server;C:\Users\Marcel\.openjfx\cache\11.0.2;C:\WINDOWS\System32\DriverStore\FileRepository\nvac.inf_amd64_718566285fef9cff;C:\WINDOWS\System32\DriverStore\FileRepository\igdlh64.inf_amd64_b5d4c82c67b39358;C:\Program Files (x86)\NVIDIA Corporation\3D Vision;C:\Program Files\Common Files\Microsoft Shared\Ink;C:\Users\Marcel\AppData\Local\Microsoft\OneDrive\19.152.0801.0007\amd64;C:\Users\Marcel\AppData\Local\Temp;C:\Users\Marcel\AppData\Local\Temp\jna--1997446580;C:\Users\Marcel\AppData\Local\Temp\tess4j\win32-x86-64

VM Arguments:
jvm_args: -agentlib:jdwp=transport=dt_socket,address=127.0.0.1:5093,suspend=y,server=n -javaagent:C:\Users\Marcel\.IdeaIC2018.3\system\captureAgent\debugger-agent.jar -Dfile.encoding=UTF-8 
java_command: com.Main
java_class_path (initial): D:\OneDrive - HYPE Softwaretechnik GmbH\Sonstiges\Projekte\OCR-Docs-Storage\target\classes;C:\Users\Marcel\.m2\repository\commons-io\commons-io\2.5\commons-io-2.5.jar;C:\Users\Marcel\.m2\repository\org\zeroturnaround\zt-zip\1.13\zt-zip-1.13.jar;C:\Users\Marcel\.m2\repository\org\slf4j\slf4j-api\1.6.6\slf4j-api-1.6.6.jar;C:\Users\Marcel\.m2\repository\org\openjfx\javafx-fxml\11.0.2\javafx-fxml-11.0.2.jar;C:\Users\Marcel\.m2\repository\org\openjfx\javafx-fxml\11.0.2\javafx-fxml-11.0.2-win.jar;C:\Users\Marcel\.m2\repository\org\openjfx\javafx-controls\11.0.2\javafx-controls-11.0.2.jar;C:\Users\Marcel\.m2\repository\org\openjfx\javafx-controls\11.0.2\javafx-controls-11.0.2-win.jar;C:\Users\Marcel\.m2\repository\org\openjfx\javafx-graphics\11.0.2\javafx-graphics-11.0.2.jar;C:\Users\Marcel\.m2\repository\org\openjfx\javafx-graphics\11.0.2\javafx-graphics-11.0.2-win.jar;C:\Users\Marcel\.m2\repository\org\openjfx\javafx-base\11.0.2\javafx-base-11.0.2.jar;C:\Users\Marcel\.m2\repository\org\openjfx\javafx-base\11.0.2\javafx-base-11.0.2-win.jar;C:\Users\Marcel\.m2\repository\net\sourceforge\tess4j\tess4j\4.3.1\tess4j-4.3.1.jar;C:\Users\Marcel\.m2\repository\net\java\dev\jna\jna\5.1.0\jna-5.1.0.jar;C:\Users\Marcel\.m2\repository\com\github\jai-imageio\jai-imageio-core\1.4.0\jai-imageio-core-1.4.0.jar;C:\Users\Marcel\.m2\repository\org\ghost4j\ghost4j\1.0.1\ghost4j-1.0.1.jar;C:\Users\Marcel\.m2\repository\log4j\log4j\1.2.17\log4j-1.2.17.jar;C:\Users\Marcel\.m2\repository\commons-beanutils\commons-beanutils\1.9.2\commons-beanutils-1.9.2.jar;C:\Users\Marcel\.m2\repository\commons-collections\commons-collections\3.2.1\commons-collections-3.2.1.jar;C:\Users\Marcel\.m2\repository\org\apache\xmlgraphics\xmlgraphics-commons\1.4\xmlgraphics-commons-1.4.jar;C:\Users\Marcel\.m2\repository\com\lowagie\itext\2.1.7\itext-2.1.7.jar;C:\Users\Marcel\.m2\repository\org\apache\pdfbox\pdfbox\2.0.12\pdfbox-2.0.12.jar;C:\Users\Marcel\.m2\repository\org\apache\pdfbox\font
Launcher Type: SUN_STANDARD

[Global flags]
     intx CICompilerCount                          = 4                                         {product} {ergonomic}
     uint ConcGCThreads                            = 3                                         {product} {ergonomic}
     uint G1ConcRefinementThreads                  = 10                                        {product} {ergonomic}
   size_t G1HeapRegionSize                         = 1048576                                   {product} {ergonomic}
    uintx GCDrainStackTargetSize                   = 64                                        {product} {ergonomic}
   size_t InitialHeapSize                          = 266338304                                 {product} {ergonomic}
   size_t MarkStackSize                            = 4194304                                   {product} {ergonomic}
   size_t MaxHeapSize                              = 4255121408                                {product} {ergonomic}
   size_t MaxNewSize                               = 2552233984                                {product} {ergonomic}
   size_t MinHeapDeltaBytes                        = 1048576                                   {product} {ergonomic}
    uintx NonNMethodCodeHeapSize                   = 5835340                                {pd product} {ergonomic}
    uintx NonProfiledCodeHeapSize                  = 122911450                              {pd product} {ergonomic}
    uintx ProfiledCodeHeapSize                     = 122911450                              {pd product} {ergonomic}
    uintx ReservedCodeCacheSize                    = 251658240                              {pd product} {ergonomic}
     bool SegmentedCodeCache                       = true                                      {product} {ergonomic}
     bool UseCompressedClassPointers               = true                                 {lp64_product} {ergonomic}
     bool UseCompressedOops                        = true                                 {lp64_product} {ergonomic}
     bool UseG1GC                                  = true                                      {product} {ergonomic}
     bool UseLargePagesIndividualAllocation        = false                                  {pd product} {ergonomic}

Logging:
Log output configuration:
 #0: stdout all=warning uptime,level,tags
 #1: stderr all=off uptime,level,tags

Environment Variables:
JAVA_HOME=C:\Program Files\Java\jdk-11.0.2
JRE_HOME=C:\Program Files\Java\jdk-11.0.2
CLASSPATH=.;
PATH=C:\Program Files\AdoptOpenJDK\jdk-11.0.4.11-hotspot\bin;C:\Program Files\Java\jdk-11.0.2;C:\Windows\system32;C:\Windows;C:\Windows\System32\Wbem;C:\Windows\System32\WindowsPowerShell\v1.0\;C:\Program Files (x86)\NVIDIA Corporation\PhysX\Common;C:\ProgramData\chocolatey\bin;C:\Program Files\Java\jdk1.8.0_201\bin;C:\Program Files\Git\cmd;C:\WINDOWS\system32;C:\WINDOWS;C:\WINDOWS\System32\Wbem;C:\WINDOWS\System32\WindowsPowerShell\v1.0\;C:\WINDOWS\System32\OpenSSH\;C:\ProgramData\chocolatey\lib\maven\apache-maven-3.6.1\bin;C:\Program Files (x86)\Microsoft SQL Server\150\DTS\Binn\;C:\Program Files\Microsoft SQL Server\Client SDK\ODBC\130\Tools\Binn\;C:\Program Files (x86)\Microsoft SQL Server\140\Tools\Binn\;C:\Program Files\Microsoft SQL Server\140\Tools\Binn\;C:\Program Files\Microsoft SQL Server\140\DTS\Binn\;C:\Program Files\Java\jdk-11.0.2\bin;C:\Users\Marcel\AppData\Local\Microsoft\WindowsApps;C:\Program Files (x86)\Nmap;C:\Program Files\Java\javafx-sdk-11.0.2;
USERNAME=Marcel
OS=Windows_NT
PROCESSOR_IDENTIFIER=Intel64 Family 6 Model 158 Stepping 10, GenuineIntel



---------------  S Y S T E M  ---------------

OS: Windows 10 , 64 bit Build 17134 (10.0.17134.753)

CPU:total 12 (initial active 12) (6 cores per cpu, 2 threads per core) family 6 model 158 stepping 10, cmov, cx8, fxsr, mmx, sse, sse2, sse3, ssse3, sse4.1, sse4.2, popcnt, avx, avx2, aes, clmul, erms, 3dnowpref, lzcnt, ht, tsc, tscinvbit, bmi1, bmi2, adx, fma

Memory: 4k page, system-wide physical 16226M (8504M free)
TotalPageFile size 18658M (AvailPageFile size 4895M)
current process WorkingSet (physical memory assigned to process): 334M, peak: 546M
current process commit charge ("private bytes"): 466M, peak: 680M

vm_info: OpenJDK 64-Bit Server VM (11.0.2+9) for windows-amd64 JRE (11.0.2+9), built on Jan 18 2019 05:23:22 by "mach5one" with MS VC++ 15.5 (VS2017)

END.
