#
# A fatal error has been detected by the Java Runtime Environment:
#
#  EXCEPTION_ACCESS_VIOLATION (0xc0000005) at pc=0x000000006d587ab0, pid=17080, tid=16744
#
# JRE version: OpenJDK Runtime Environment (11.0.2+9) (build 11.0.2+9)
# Java VM: OpenJDK 64-Bit Server VM (11.0.2+9, mixed mode, tiered, compressed oops, g1 gc, windows-amd64)
# Problematic frame:
# C  0x000000006d587ab0
#
# No core dump will be written. Minidumps are not enabled by default on client versions of Windows
#
# If you would like to submit a bug report, please visit:
#   http://bugreport.java.com/bugreport/crash.jsp
# The crash happened outside the Java Virtual Machine in native code.
# See problematic frame for where to report the bug.
#

---------------  S U M M A R Y ------------

Command Line: -agentlib:jdwp=transport=dt_socket,address=127.0.0.1:4578,suspend=y,server=n -javaagent:C:\Users\Marcel\.IdeaIC2018.3\system\captureAgent\debugger-agent.jar -Dfile.encoding=UTF-8 com.Main

Host: Intel(R) Core(TM) i7-8750H CPU @ 2.20GHz, 12 cores, 15G,  Windows 10 , 64 bit Build 17134 (10.0.17134.753)
Time: Sat Sep  7 10:57:34 2019 Mitteleuropäische Sommerzeit elapsed time: 42 seconds (0d 0h 0m 42s)

---------------  T H R E A D  ---------------

Current thread (0x000002177e69f800):  JavaThread "pool-1-thread-3" [_thread_in_native, id=16744, stack(0x0000009fc0040000,0x0000009fc0140000)]

Stack: [0x0000009fc0040000,0x0000009fc0140000],  sp=0x0000009fc013ee58,  free space=1019k
Native frames: (J=compiled Java code, j=interpreted, Vv=VM code, C=native code)
C  0x000000006d587ab0

Java frames: (J=compiled Java code, j=interpreted, Vv=VM code)
j  org.sqlite.core.NativeDB.total_changes()I+0
j  org.sqlite.jdbc3.JDBC3Statement.executeUpdate(Ljava/lang/String;)I+37
j  com.Utils.DBUtil.executeSQL(Ljava/lang/String;)V+11
j  com.Utils.TessUtil.processFile(Ljava/io/File;)V+75
j  com.Utils.TessUtil$1.run()V+4
j  java.util.concurrent.Executors$RunnableAdapter.call()Ljava/lang/Object;+4 java.base@11.0.2
j  java.util.concurrent.FutureTask.run$$$capture()V+39 java.base@11.0.2
j  java.util.concurrent.FutureTask.run()V+5 java.base@11.0.2
j  java.util.concurrent.ThreadPoolExecutor.runWorker(Ljava/util/concurrent/ThreadPoolExecutor$Worker;)V+92 java.base@11.0.2
j  java.util.concurrent.ThreadPoolExecutor$Worker.run()V+5 java.base@11.0.2
j  java.lang.Thread.run()V+11 java.base@11.0.2
v  ~StubRoutines::call_stub

siginfo: EXCEPTION_ACCESS_VIOLATION (0xc0000005), reading address 0x0000000000000064


Register to memory mapping:

RIP=0x000000006d587ab0 points into unknown readable memory: 8b 41 64 c3 66 66 66 2e
RAX=0x0 is NULL
RBX={method} {0x000002170e4d5500} 'total_changes' '()I' in 'org/sqlite/core/NativeDB'
RCX=0x0 is NULL
RDX=0x0000000000000006 is an unknown value
RSP=0x0000009fc013ee58 is pointing into the stack for thread: 0x000002177e69f800
RBP=0x0000009fc013eee8 is pointing into the stack for thread: 0x000002177e69f800
RSI=0x0000000000000001 is an unknown value
RDI=0x00000000000003e0 is an unknown value
R8 =0x0000000000000004 is an unknown value
R9 =0x000000080037d5a8 is a pointer to class: 
org.sqlite.core.NativeDB {0x000000080037d5b0}
R10=0x000002175f9a72f7 is at code_begin+2615 in an Interpreter codelet
method entry point (kind = native_synchronized)  [0x000002175f9a68c0, 0x000002175f9a7f00]  5696 bytes
R11=0x0000000000000121 is an unknown value
R12=0x0 is NULL
R13={method} {0x000002170e4d5500} 'total_changes' '()I' in 'org/sqlite/core/NativeDB'
R14=0x0000009fc013ef08 is pointing into the stack for thread: 0x000002177e69f800
R15=0x000002177e69f800 is a thread


Registers:
RAX=0x0000000000000000, RBX=0x000002170e4d54f8, RCX=0x0000000000000000, RDX=0x0000000000000006
RSP=0x0000009fc013ee58, RBP=0x0000009fc013eee8, RSI=0x0000000000000001, RDI=0x00000000000003e0
R8 =0x0000000000000004, R9 =0x000000080037d5a8, R10=0x000002175f9a72f7, R11=0x0000000000000121
R12=0x0000000000000000, R13=0x000002170e4d54f8, R14=0x0000009fc013ef08, R15=0x000002177e69f800
RIP=0x000000006d587ab0, EFLAGS=0x0000000000010202

Top of Stack: (sp=0x0000009fc013ee58)
0x0000009fc013ee58:   000002175f9a7326 000002177e69f800
0x0000009fc013ee68:   000002177e69f805 0000009fc013eee8
0x0000009fc013ee78:   0000000000000001 0000000000000000
0x0000009fc013ee88:   000002175f9a6c37 0000000000000003
0x0000009fc013ee98:   00000007121f4980 0000009fc013ee90
0x0000009fc013eea8:   000002170e4d54f8 0000009fc013ef08
0x0000009fc013eeb8:   000002170c6b9f88 0000000000000000
0x0000009fc013eec8:   0000000705069b30 000002170e4d54f8
0x0000009fc013eed8:   0000000000000000 0000009fc013ef08
0x0000009fc013eee8:   0000009fc013ef58 000002175f99b894
0x0000009fc013eef8:   0000000000000000 000002175f9a0bf6
0x0000009fc013ef08:   00000007121f4980 0000009fc013ef10
0x0000009fc013ef18:   000002170c723245 0000009fc013ef90
0x0000009fc013ef28:   000002170c735580 0000000000000000
0x0000009fc013ef38:   0000000702bc6198 000002170c7232e8
0x0000009fc013ef48:   0000009fc013ef08 0000009fc013ef88 

Instructions: (pc=0x000000006d587ab0)
0x000000006d587a90:   48 8b 41 30 c3 66 66 2e 0f 1f 84 00 00 00 00 00
0x000000006d587aa0:   8b 41 60 c3 66 66 66 2e 0f 1f 84 00 00 00 00 00
0x000000006d587ab0:   8b 41 64 c3 66 66 66 2e 0f 1f 84 00 00 00 00 00
0x000000006d587ac0:   48 83 ec 28 44 8b 81 08 03 00 00 83 fa 0b 7f 50 


Stack slot to memory mapping:
stack at sp + 0 slots: 0x000002175f9a7326 is at code_begin+2662 in an Interpreter codelet
method entry point (kind = native_synchronized)  [0x000002175f9a68c0, 0x000002175f9a7f00]  5696 bytes
stack at sp + 1 slots: 0x000002177e69f800 is a thread
stack at sp + 2 slots: 0x000002177e69f805 points into unknown readable memory: 7f 00 00
stack at sp + 3 slots: 0x0000009fc013eee8 is pointing into the stack for thread: 0x000002177e69f800
stack at sp + 4 slots: 0x0000000000000001 is an unknown value
stack at sp + 5 slots: 0x0 is NULL
stack at sp + 6 slots: 0x000002175f9a6c37 is at code_begin+887 in an Interpreter codelet
method entry point (kind = native_synchronized)  [0x000002175f9a68c0, 0x000002175f9a7f00]  5696 bytes
stack at sp + 7 slots: 0x0000000000000003 is an unknown value


---------------  P R O C E S S  ---------------

Threads class SMR info:
_java_thread_list=0x0000021718a7d230, length=27, elements={
0x000002175760f800, 0x000002177ba99800, 0x000002177ba9c000, 0x000002177c3a2800,
0x000002177c3a3800, 0x000002177c3a4800, 0x000002177c34f000, 0x000002177c353800,
0x000002177c321000, 0x000002177c69d800, 0x000002177c675000, 0x000002177c675800,
0x000002177c542800, 0x000002177c9ca800, 0x000002177cd94000, 0x000002177e028800,
0x000002177dcc5800, 0x000002177e19b800, 0x0000021708cec800, 0x000002170978d800,
0x000002177ef09000, 0x000002177da5f000, 0x000002177e69f000, 0x000002177e69f800,
0x000002177e6a2000, 0x000002177e69c800, 0x000002177e69e000
}

Java Threads: ( => current thread )
  0x000002175760f800 JavaThread "main" [_thread_blocked, id=17484, stack(0x0000009fbca00000,0x0000009fbcb00000)]
  0x000002177ba99800 JavaThread "Reference Handler" daemon [_thread_blocked, id=17440, stack(0x0000009fbd100000,0x0000009fbd200000)]
  0x000002177ba9c000 JavaThread "Finalizer" daemon [_thread_blocked, id=15348, stack(0x0000009fbd200000,0x0000009fbd300000)]
  0x000002177c3a2800 JavaThread "Signal Dispatcher" daemon [_thread_blocked, id=16812, stack(0x0000009fbd300000,0x0000009fbd400000)]
  0x000002177c3a3800 JavaThread "Attach Listener" daemon [_thread_blocked, id=17616, stack(0x0000009fbd400000,0x0000009fbd500000)]
  0x000002177c3a4800 JavaThread "C2 CompilerThread0" daemon [_thread_blocked, id=17740, stack(0x0000009fbd500000,0x0000009fbd600000)]
  0x000002177c34f000 JavaThread "C1 CompilerThread0" daemon [_thread_blocked, id=17620, stack(0x0000009fbd600000,0x0000009fbd700000)]
  0x000002177c353800 JavaThread "Sweeper thread" daemon [_thread_blocked, id=5584, stack(0x0000009fbd700000,0x0000009fbd800000)]
  0x000002177c321000 JavaThread "Common-Cleaner" daemon [_thread_blocked, id=17664, stack(0x0000009fbd800000,0x0000009fbd900000)]
  0x000002177c69d800 JavaThread "JDWP Transport Listener: dt_socket" daemon [_thread_blocked, id=2400, stack(0x0000009fbda00000,0x0000009fbdb00000)]
  0x000002177c675000 JavaThread "JDWP Event Helper Thread" daemon [_thread_blocked, id=17360, stack(0x0000009fbdb00000,0x0000009fbdc00000)]
  0x000002177c675800 JavaThread "JDWP Command Reader" daemon [_thread_in_native, id=4376, stack(0x0000009fbdc00000,0x0000009fbdd00000)]
  0x000002177c542800 JavaThread "Service Thread" daemon [_thread_blocked, id=15952, stack(0x0000009fbd900000,0x0000009fbda00000)]
  0x000002177c9ca800 JavaThread "JavaFX-Launcher" [_thread_blocked, id=12316, stack(0x0000009fbde00000,0x0000009fbdf00000)]
  0x000002177cd94000 JavaThread "QuantumRenderer-0" daemon [_thread_blocked, id=17912, stack(0x0000009fbe000000,0x0000009fbe100000)]
  0x000002177e028800 JavaThread "InvokeLaterDispatcher" daemon [_thread_blocked, id=112, stack(0x0000009fbe300000,0x0000009fbe400000)]
  0x000002177dcc5800 JavaThread "JavaFX Application Thread" [_thread_in_native, id=7172, stack(0x0000009fbe500000,0x0000009fbe600000)]
  0x000002177e19b800 JavaThread "Thread-2" daemon [_thread_in_native, id=10448, stack(0x0000009fbe700000,0x0000009fbe800000)]
  0x0000021708cec800 JavaThread "Prism Font Disposer" daemon [_thread_blocked, id=15556, stack(0x0000009fbf000000,0x0000009fbf100000)]
  0x000002170978d800 JavaThread "Cleaner-0" daemon [_thread_blocked, id=14656, stack(0x0000009fbf330000,0x0000009fbf430000)]
  0x000002177ef09000 JavaThread "Thread-3" [_thread_blocked, id=18196, stack(0x0000009fbe100000,0x0000009fbe200000)]
  0x000002177da5f000 JavaThread "pool-1-thread-1" [_thread_in_native, id=12672, stack(0x0000009fbfe40000,0x0000009fbff40000)]
  0x000002177e69f000 JavaThread "pool-1-thread-2" [_thread_in_native, id=5108, stack(0x0000009fbff40000,0x0000009fc0040000)]
=>0x000002177e69f800 JavaThread "pool-1-thread-3" [_thread_in_native, id=16744, stack(0x0000009fc0040000,0x0000009fc0140000)]
  0x000002177e6a2000 JavaThread "pool-1-thread-4" [_thread_in_native, id=11740, stack(0x0000009fc0140000,0x0000009fc0240000)]
  0x000002177e69c800 JavaThread "Java2D Disposer" daemon [_thread_blocked, id=10352, stack(0x0000009fc0240000,0x0000009fc0340000)]
  0x000002177e69e000 JavaThread "C2 CompilerThread1" daemon [_thread_blocked, id=4416, stack(0x0000009fbe200000,0x0000009fbe300000)]

Other Threads:
  0x000002177ba95800 VMThread "VM Thread" [stack: 0x0000009fbd000000,0x0000009fbd100000] [id=1372]
  0x000002177c98e800 WatcherThread [stack: 0x0000009fbdd00000,0x0000009fbde00000] [id=7944]
  0x0000021757626800 GCTaskThread "GC Thread#0" [stack: 0x0000009fbcb00000,0x0000009fbcc00000] [id=13712]
  0x000002177e1fd800 GCTaskThread "GC Thread#1" [stack: 0x0000009fbe800000,0x0000009fbe900000] [id=9772]
  0x000002177e1fe800 GCTaskThread "GC Thread#2" [stack: 0x0000009fbe900000,0x0000009fbea00000] [id=11844]
  0x000002177e1ff000 GCTaskThread "GC Thread#3" [stack: 0x0000009fbea00000,0x0000009fbeb00000] [id=7756]
  0x000002177e512800 GCTaskThread "GC Thread#4" [stack: 0x0000009fbeb00000,0x0000009fbec00000] [id=17580]
  0x000002177e513000 GCTaskThread "GC Thread#5" [stack: 0x0000009fbec00000,0x0000009fbed00000] [id=18352]
  0x0000021709504800 GCTaskThread "GC Thread#6" [stack: 0x0000009fc0340000,0x0000009fc0440000] [id=13332]
  0x000002170dfa5800 GCTaskThread "GC Thread#7" [stack: 0x0000009fc0440000,0x0000009fc0540000] [id=3236]
  0x000002170d961800 GCTaskThread "GC Thread#8" [stack: 0x0000009fc0540000,0x0000009fc0640000] [id=6032]
  0x0000021709028800 GCTaskThread "GC Thread#9" [stack: 0x0000009fc0640000,0x0000009fc0740000] [id=9560]
  0x0000021757684800 ConcurrentGCThread "G1 Main Marker" [stack: 0x0000009fbcc00000,0x0000009fbcd00000] [id=12980]
  0x0000021757685800 ConcurrentGCThread "G1 Conc#0" [stack: 0x0000009fbcd00000,0x0000009fbce00000] [id=10888]
  0x000002177f842000 ConcurrentGCThread "G1 Conc#1" [stack: 0x0000009fbf100000,0x0000009fbf200000] [id=4992]
  0x000002177f842800 ConcurrentGCThread "G1 Conc#2" [stack: 0x0000009fbf200000,0x0000009fbf300000] [id=1216]
  0x000002177b97d800 ConcurrentGCThread "G1 Refine#0" [stack: 0x0000009fbce00000,0x0000009fbcf00000] [id=17576]
  0x000002177b97e800 ConcurrentGCThread "G1 Young RemSet Sampling" [stack: 0x0000009fbcf00000,0x0000009fbd000000] [id=16648]

Threads with active compile tasks:

VM state:not at safepoint (normal execution)

VM Mutex/Monitor currently owned by a thread: None

Heap address: 0x0000000702600000, size: 4058 MB, Compressed Oops mode: Zero based, Oop shift amount: 3
Narrow klass base: 0x0000000800000000, Narrow klass shift: 0
Compressed class space size: 1073741824 Address: 0x0000000800000000

Heap:
 garbage-first heap   total 260096K, used 187955K [0x0000000702600000, 0x0000000800000000)
  region size 1024K, 7 young (7168K), 1 survivors (1024K)
 Metaspace       used 29851K, capacity 30890K, committed 31024K, reserved 1077248K
  class space    used 3700K, capacity 4141K, committed 4224K, reserved 1048576K
Heap Regions: E=young(eden), S=young(survivor), O=old, HS=humongous(starts), HC=humongous(continues), CS=collection set, F=free, A=archive, TAMS=top-at-mark-start (previous, next)
|   0|0x0000000702600000, 0x0000000702700000, 0x0000000702700000|100%| O|  |TAMS 0x0000000702700000, 0x0000000702600000| Untracked 
|   1|0x0000000702700000, 0x0000000702800000, 0x0000000702800000|100%|HS|  |TAMS 0x0000000702800000, 0x0000000702700000| Complete 
|   2|0x0000000702800000, 0x0000000702900000, 0x0000000702900000|100%|HC|  |TAMS 0x0000000702900000, 0x0000000702800000| Complete 
|   3|0x0000000702900000, 0x0000000702900000, 0x0000000702a00000|  0%| F|  |TAMS 0x0000000702900000, 0x0000000702900000| Untracked 
|   4|0x0000000702a00000, 0x0000000702a00000, 0x0000000702b00000|  0%| F|  |TAMS 0x0000000702a00000, 0x0000000702a00000| Untracked 
|   5|0x0000000702b00000, 0x0000000702c00000, 0x0000000702c00000|100%| O|  |TAMS 0x0000000702c00000, 0x0000000702b00000| Untracked 
|   6|0x0000000702c00000, 0x0000000702d00000, 0x0000000702d00000|100%| O|  |TAMS 0x0000000702d00000, 0x0000000702c00000| Untracked 
|   7|0x0000000702d00000, 0x0000000702d3de00, 0x0000000702e00000| 24%| O|  |TAMS 0x0000000702d3de00, 0x0000000702d00000| Untracked 
|   8|0x0000000702e00000, 0x0000000702e00000, 0x0000000702f00000|  0%| F|  |TAMS 0x0000000702e00000, 0x0000000702e00000| Untracked 
|   9|0x0000000702f00000, 0x0000000703000000, 0x0000000703000000|100%|HS|  |TAMS 0x0000000703000000, 0x0000000702f00000| Complete 
|  10|0x0000000703000000, 0x0000000703100000, 0x0000000703100000|100%|HC|  |TAMS 0x0000000703100000, 0x0000000703000000| Complete 
|  11|0x0000000703100000, 0x0000000703200000, 0x0000000703200000|100%|HC|  |TAMS 0x0000000703200000, 0x0000000703100000| Complete 
|  12|0x0000000703200000, 0x0000000703300000, 0x0000000703300000|100%|HC|  |TAMS 0x0000000703300000, 0x0000000703200000| Complete 
|  13|0x0000000703300000, 0x0000000703400000, 0x0000000703400000|100%|HC|  |TAMS 0x0000000703400000, 0x0000000703300000| Complete 
|  14|0x0000000703400000, 0x0000000703500000, 0x0000000703500000|100%|HC|  |TAMS 0x0000000703500000, 0x0000000703400000| Complete 
|  15|0x0000000703500000, 0x0000000703600000, 0x0000000703600000|100%|HC|  |TAMS 0x0000000703600000, 0x0000000703500000| Complete 
|  16|0x0000000703600000, 0x0000000703700000, 0x0000000703700000|100%|HC|  |TAMS 0x0000000703700000, 0x0000000703600000| Complete 
|  17|0x0000000703700000, 0x0000000703800000, 0x0000000703800000|100%|HC|  |TAMS 0x0000000703800000, 0x0000000703700000| Complete 
|  18|0x0000000703800000, 0x0000000703900000, 0x0000000703900000|100%|HC|  |TAMS 0x0000000703900000, 0x0000000703800000| Complete 
|  19|0x0000000703900000, 0x0000000703a00000, 0x0000000703a00000|100%|HC|  |TAMS 0x0000000703a00000, 0x0000000703900000| Complete 
|  20|0x0000000703a00000, 0x0000000703b00000, 0x0000000703b00000|100%|HC|  |TAMS 0x0000000703b00000, 0x0000000703a00000| Complete 
|  21|0x0000000703b00000, 0x0000000703c00000, 0x0000000703c00000|100%|HC|  |TAMS 0x0000000703c00000, 0x0000000703b00000| Complete 
|  22|0x0000000703c00000, 0x0000000703d00000, 0x0000000703d00000|100%|HC|  |TAMS 0x0000000703d00000, 0x0000000703c00000| Complete 
|  23|0x0000000703d00000, 0x0000000703e00000, 0x0000000703e00000|100%|HC|  |TAMS 0x0000000703e00000, 0x0000000703d00000| Complete 
|  24|0x0000000703e00000, 0x0000000703f00000, 0x0000000703f00000|100%|HC|  |TAMS 0x0000000703f00000, 0x0000000703e00000| Complete 
|  25|0x0000000703f00000, 0x0000000704000000, 0x0000000704000000|100%|HC|  |TAMS 0x0000000704000000, 0x0000000703f00000| Complete 
|  26|0x0000000704000000, 0x0000000704100000, 0x0000000704100000|100%|HC|  |TAMS 0x0000000704100000, 0x0000000704000000| Complete 
|  27|0x0000000704100000, 0x0000000704200000, 0x0000000704200000|100%|HC|  |TAMS 0x0000000704200000, 0x0000000704100000| Complete 
|  28|0x0000000704200000, 0x0000000704300000, 0x0000000704300000|100%|HC|  |TAMS 0x0000000704300000, 0x0000000704200000| Complete 
|  29|0x0000000704300000, 0x0000000704400000, 0x0000000704400000|100%|HC|  |TAMS 0x0000000704400000, 0x0000000704300000| Complete 
|  30|0x0000000704400000, 0x0000000704500000, 0x0000000704500000|100%|HC|  |TAMS 0x0000000704500000, 0x0000000704400000| Complete 
|  31|0x0000000704500000, 0x0000000704600000, 0x0000000704600000|100%|HC|  |TAMS 0x0000000704600000, 0x0000000704500000| Complete 
|  32|0x0000000704600000, 0x0000000704700000, 0x0000000704700000|100%|HC|  |TAMS 0x0000000704700000, 0x0000000704600000| Complete 
|  33|0x0000000704700000, 0x0000000704800000, 0x0000000704800000|100%|HC|  |TAMS 0x0000000704800000, 0x0000000704700000| Complete 
|  34|0x0000000704800000, 0x0000000704900000, 0x0000000704900000|100%|HC|  |TAMS 0x0000000704900000, 0x0000000704800000| Complete 
|  35|0x0000000704900000, 0x0000000704a00000, 0x0000000704a00000|100%|HC|  |TAMS 0x0000000704a00000, 0x0000000704900000| Complete 
|  36|0x0000000704a00000, 0x0000000704b00000, 0x0000000704b00000|100%|HC|  |TAMS 0x0000000704b00000, 0x0000000704a00000| Complete 
|  37|0x0000000704b00000, 0x0000000704c00000, 0x0000000704c00000|100%| O|  |TAMS 0x0000000704c00000, 0x0000000704b00000| Untracked 
|  38|0x0000000704c00000, 0x0000000704d00000, 0x0000000704d00000|100%| O|  |TAMS 0x0000000704d00000, 0x0000000704c00000| Untracked 
|  39|0x0000000704d00000, 0x0000000704e00000, 0x0000000704e00000|100%| O|  |TAMS 0x0000000704e00000, 0x0000000704d00000| Untracked 
|  40|0x0000000704e00000, 0x0000000704f00000, 0x0000000704f00000|100%| O|  |TAMS 0x0000000704f00000, 0x0000000704e00000| Untracked 
|  41|0x0000000704f00000, 0x0000000705000000, 0x0000000705000000|100%| O|  |TAMS 0x0000000705000000, 0x0000000704f00000| Untracked 
|  42|0x0000000705000000, 0x0000000705100000, 0x0000000705100000|100%| O|  |TAMS 0x0000000705100000, 0x0000000705000000| Untracked 
|  43|0x0000000705100000, 0x0000000705200000, 0x0000000705200000|100%|HS|  |TAMS 0x0000000705200000, 0x0000000705100000| Complete 
|  44|0x0000000705200000, 0x0000000705300000, 0x0000000705300000|100%|HC|  |TAMS 0x0000000705300000, 0x0000000705200000| Complete 
|  45|0x0000000705300000, 0x0000000705400000, 0x0000000705400000|100%|HC|  |TAMS 0x0000000705400000, 0x0000000705300000| Complete 
|  46|0x0000000705400000, 0x0000000705500000, 0x0000000705500000|100%|HC|  |TAMS 0x0000000705500000, 0x0000000705400000| Complete 
|  47|0x0000000705500000, 0x0000000705600000, 0x0000000705600000|100%|HC|  |TAMS 0x0000000705600000, 0x0000000705500000| Complete 
|  48|0x0000000705600000, 0x0000000705700000, 0x0000000705700000|100%|HC|  |TAMS 0x0000000705700000, 0x0000000705600000| Complete 
|  49|0x0000000705700000, 0x0000000705800000, 0x0000000705800000|100%|HC|  |TAMS 0x0000000705800000, 0x0000000705700000| Complete 
|  50|0x0000000705800000, 0x0000000705900000, 0x0000000705900000|100%|HC|  |TAMS 0x0000000705900000, 0x0000000705800000| Complete 
|  51|0x0000000705900000, 0x0000000705a00000, 0x0000000705a00000|100%|HC|  |TAMS 0x0000000705a00000, 0x0000000705900000| Complete 
|  52|0x0000000705a00000, 0x0000000705b00000, 0x0000000705b00000|100%|HC|  |TAMS 0x0000000705b00000, 0x0000000705a00000| Complete 
|  53|0x0000000705b00000, 0x0000000705c00000, 0x0000000705c00000|100%|HC|  |TAMS 0x0000000705c00000, 0x0000000705b00000| Complete 
|  54|0x0000000705c00000, 0x0000000705d00000, 0x0000000705d00000|100%|HC|  |TAMS 0x0000000705d00000, 0x0000000705c00000| Complete 
|  55|0x0000000705d00000, 0x0000000705e00000, 0x0000000705e00000|100%|HC|  |TAMS 0x0000000705e00000, 0x0000000705d00000| Complete 
|  56|0x0000000705e00000, 0x0000000705f00000, 0x0000000705f00000|100%|HC|  |TAMS 0x0000000705f00000, 0x0000000705e00000| Complete 
|  57|0x0000000705f00000, 0x0000000706000000, 0x0000000706000000|100%|HC|  |TAMS 0x0000000706000000, 0x0000000705f00000| Complete 
|  58|0x0000000706000000, 0x0000000706100000, 0x0000000706100000|100%|HC|  |TAMS 0x0000000706100000, 0x0000000706000000| Complete 
|  59|0x0000000706100000, 0x0000000706200000, 0x0000000706200000|100%|HC|  |TAMS 0x0000000706200000, 0x0000000706100000| Complete 
|  60|0x0000000706200000, 0x0000000706300000, 0x0000000706300000|100%|HC|  |TAMS 0x0000000706300000, 0x0000000706200000| Complete 
|  61|0x0000000706300000, 0x0000000706400000, 0x0000000706400000|100%|HC|  |TAMS 0x0000000706400000, 0x0000000706300000| Complete 
|  62|0x0000000706400000, 0x0000000706500000, 0x0000000706500000|100%|HC|  |TAMS 0x0000000706500000, 0x0000000706400000| Complete 
|  63|0x0000000706500000, 0x0000000706600000, 0x0000000706600000|100%|HC|  |TAMS 0x0000000706600000, 0x0000000706500000| Complete 
|  64|0x0000000706600000, 0x0000000706700000, 0x0000000706700000|100%|HC|  |TAMS 0x0000000706700000, 0x0000000706600000| Complete 
|  65|0x0000000706700000, 0x0000000706800000, 0x0000000706800000|100%|HC|  |TAMS 0x0000000706800000, 0x0000000706700000| Complete 
|  66|0x0000000706800000, 0x0000000706900000, 0x0000000706900000|100%|HC|  |TAMS 0x0000000706900000, 0x0000000706800000| Complete 
|  67|0x0000000706900000, 0x0000000706a00000, 0x0000000706a00000|100%|HC|  |TAMS 0x0000000706a00000, 0x0000000706900000| Complete 
|  68|0x0000000706a00000, 0x0000000706b00000, 0x0000000706b00000|100%|HC|  |TAMS 0x0000000706b00000, 0x0000000706a00000| Complete 
|  69|0x0000000706b00000, 0x0000000706c00000, 0x0000000706c00000|100%|HC|  |TAMS 0x0000000706c00000, 0x0000000706b00000| Complete 
|  70|0x0000000706c00000, 0x0000000706d00000, 0x0000000706d00000|100%|HC|  |TAMS 0x0000000706d00000, 0x0000000706c00000| Complete 
|  71|0x0000000706d00000, 0x0000000706e00000, 0x0000000706e00000|100%|HS|  |TAMS 0x0000000706e00000, 0x0000000706d00000| Complete 
|  72|0x0000000706e00000, 0x0000000706f00000, 0x0000000706f00000|100%|HC|  |TAMS 0x0000000706f00000, 0x0000000706e00000| Complete 
|  73|0x0000000706f00000, 0x0000000707000000, 0x0000000707000000|100%|HC|  |TAMS 0x0000000707000000, 0x0000000706f00000| Complete 
|  74|0x0000000707000000, 0x0000000707100000, 0x0000000707100000|100%|HC|  |TAMS 0x0000000707100000, 0x0000000707000000| Complete 
|  75|0x0000000707100000, 0x0000000707200000, 0x0000000707200000|100%|HC|  |TAMS 0x0000000707200000, 0x0000000707100000| Complete 
|  76|0x0000000707200000, 0x0000000707300000, 0x0000000707300000|100%|HC|  |TAMS 0x0000000707300000, 0x0000000707200000| Complete 
|  77|0x0000000707300000, 0x0000000707400000, 0x0000000707400000|100%|HC|  |TAMS 0x0000000707400000, 0x0000000707300000| Complete 
|  78|0x0000000707400000, 0x0000000707500000, 0x0000000707500000|100%|HC|  |TAMS 0x0000000707500000, 0x0000000707400000| Complete 
|  79|0x0000000707500000, 0x0000000707600000, 0x0000000707600000|100%|HC|  |TAMS 0x0000000707600000, 0x0000000707500000| Complete 
|  80|0x0000000707600000, 0x0000000707700000, 0x0000000707700000|100%|HC|  |TAMS 0x0000000707700000, 0x0000000707600000| Complete 
|  81|0x0000000707700000, 0x0000000707800000, 0x0000000707800000|100%|HC|  |TAMS 0x0000000707800000, 0x0000000707700000| Complete 
|  82|0x0000000707800000, 0x0000000707900000, 0x0000000707900000|100%|HC|  |TAMS 0x0000000707900000, 0x0000000707800000| Complete 
|  83|0x0000000707900000, 0x0000000707a00000, 0x0000000707a00000|100%|HC|  |TAMS 0x0000000707a00000, 0x0000000707900000| Complete 
|  84|0x0000000707a00000, 0x0000000707b00000, 0x0000000707b00000|100%|HC|  |TAMS 0x0000000707b00000, 0x0000000707a00000| Complete 
|  85|0x0000000707b00000, 0x0000000707c00000, 0x0000000707c00000|100%|HC|  |TAMS 0x0000000707c00000, 0x0000000707b00000| Complete 
|  86|0x0000000707c00000, 0x0000000707d00000, 0x0000000707d00000|100%|HC|  |TAMS 0x0000000707d00000, 0x0000000707c00000| Complete 
|  87|0x0000000707d00000, 0x0000000707e00000, 0x0000000707e00000|100%|HC|  |TAMS 0x0000000707e00000, 0x0000000707d00000| Complete 
|  88|0x0000000707e00000, 0x0000000707f00000, 0x0000000707f00000|100%|HC|  |TAMS 0x0000000707f00000, 0x0000000707e00000| Complete 
|  89|0x0000000707f00000, 0x0000000708000000, 0x0000000708000000|100%|HC|  |TAMS 0x0000000708000000, 0x0000000707f00000| Complete 
|  90|0x0000000708000000, 0x0000000708100000, 0x0000000708100000|100%|HC|  |TAMS 0x0000000708100000, 0x0000000708000000| Complete 
|  91|0x0000000708100000, 0x0000000708200000, 0x0000000708200000|100%|HC|  |TAMS 0x0000000708200000, 0x0000000708100000| Complete 
|  92|0x0000000708200000, 0x0000000708300000, 0x0000000708300000|100%|HC|  |TAMS 0x0000000708300000, 0x0000000708200000| Complete 
|  93|0x0000000708300000, 0x0000000708400000, 0x0000000708400000|100%|HC|  |TAMS 0x0000000708400000, 0x0000000708300000| Complete 
|  94|0x0000000708400000, 0x0000000708500000, 0x0000000708500000|100%|HC|  |TAMS 0x0000000708500000, 0x0000000708400000| Complete 
|  95|0x0000000708500000, 0x0000000708600000, 0x0000000708600000|100%|HC|  |TAMS 0x0000000708600000, 0x0000000708500000| Complete 
|  96|0x0000000708600000, 0x0000000708700000, 0x0000000708700000|100%|HC|  |TAMS 0x0000000708700000, 0x0000000708600000| Complete 
|  97|0x0000000708700000, 0x0000000708800000, 0x0000000708800000|100%|HC|  |TAMS 0x0000000708800000, 0x0000000708700000| Complete 
|  98|0x0000000708800000, 0x0000000708900000, 0x0000000708900000|100%|HC|  |TAMS 0x0000000708900000, 0x0000000708800000| Complete 
|  99|0x0000000708900000, 0x0000000708a00000, 0x0000000708a00000|100%|HS|  |TAMS 0x0000000708a00000, 0x0000000708900000| Complete 
| 100|0x0000000708a00000, 0x0000000708b00000, 0x0000000708b00000|100%|HC|  |TAMS 0x0000000708b00000, 0x0000000708a00000| Complete 
| 101|0x0000000708b00000, 0x0000000708c00000, 0x0000000708c00000|100%|HC|  |TAMS 0x0000000708c00000, 0x0000000708b00000| Complete 
| 102|0x0000000708c00000, 0x0000000708d00000, 0x0000000708d00000|100%|HC|  |TAMS 0x0000000708d00000, 0x0000000708c00000| Complete 
| 103|0x0000000708d00000, 0x0000000708e00000, 0x0000000708e00000|100%|HC|  |TAMS 0x0000000708e00000, 0x0000000708d00000| Complete 
| 104|0x0000000708e00000, 0x0000000708f00000, 0x0000000708f00000|100%|HC|  |TAMS 0x0000000708f00000, 0x0000000708e00000| Complete 
| 105|0x0000000708f00000, 0x0000000709000000, 0x0000000709000000|100%|HC|  |TAMS 0x0000000709000000, 0x0000000708f00000| Complete 
| 106|0x0000000709000000, 0x0000000709100000, 0x0000000709100000|100%|HC|  |TAMS 0x0000000709100000, 0x0000000709000000| Complete 
| 107|0x0000000709100000, 0x0000000709200000, 0x0000000709200000|100%|HC|  |TAMS 0x0000000709200000, 0x0000000709100000| Complete 
| 108|0x0000000709200000, 0x0000000709300000, 0x0000000709300000|100%|HC|  |TAMS 0x0000000709300000, 0x0000000709200000| Complete 
| 109|0x0000000709300000, 0x0000000709400000, 0x0000000709400000|100%|HC|  |TAMS 0x0000000709400000, 0x0000000709300000| Complete 
| 110|0x0000000709400000, 0x0000000709500000, 0x0000000709500000|100%|HC|  |TAMS 0x0000000709500000, 0x0000000709400000| Complete 
| 111|0x0000000709500000, 0x0000000709600000, 0x0000000709600000|100%|HC|  |TAMS 0x0000000709600000, 0x0000000709500000| Complete 
| 112|0x0000000709600000, 0x0000000709700000, 0x0000000709700000|100%|HC|  |TAMS 0x0000000709700000, 0x0000000709600000| Complete 
| 113|0x0000000709700000, 0x0000000709800000, 0x0000000709800000|100%|HC|  |TAMS 0x0000000709800000, 0x0000000709700000| Complete 
| 114|0x0000000709800000, 0x0000000709900000, 0x0000000709900000|100%|HC|  |TAMS 0x0000000709900000, 0x0000000709800000| Complete 
| 115|0x0000000709900000, 0x0000000709a00000, 0x0000000709a00000|100%|HC|  |TAMS 0x0000000709a00000, 0x0000000709900000| Complete 
| 116|0x0000000709a00000, 0x0000000709b00000, 0x0000000709b00000|100%|HC|  |TAMS 0x0000000709b00000, 0x0000000709a00000| Complete 
| 117|0x0000000709b00000, 0x0000000709c00000, 0x0000000709c00000|100%|HC|  |TAMS 0x0000000709c00000, 0x0000000709b00000| Complete 
| 118|0x0000000709c00000, 0x0000000709d00000, 0x0000000709d00000|100%|HC|  |TAMS 0x0000000709d00000, 0x0000000709c00000| Complete 
| 119|0x0000000709d00000, 0x0000000709e00000, 0x0000000709e00000|100%|HC|  |TAMS 0x0000000709e00000, 0x0000000709d00000| Complete 
| 120|0x0000000709e00000, 0x0000000709f00000, 0x0000000709f00000|100%|HC|  |TAMS 0x0000000709f00000, 0x0000000709e00000| Complete 
| 121|0x0000000709f00000, 0x000000070a000000, 0x000000070a000000|100%|HC|  |TAMS 0x000000070a000000, 0x0000000709f00000| Complete 
| 122|0x000000070a000000, 0x000000070a100000, 0x000000070a100000|100%|HC|  |TAMS 0x000000070a100000, 0x000000070a000000| Complete 
| 123|0x000000070a100000, 0x000000070a200000, 0x000000070a200000|100%|HC|  |TAMS 0x000000070a200000, 0x000000070a100000| Complete 
| 124|0x000000070a200000, 0x000000070a300000, 0x000000070a300000|100%|HC|  |TAMS 0x000000070a300000, 0x000000070a200000| Complete 
| 125|0x000000070a300000, 0x000000070a400000, 0x000000070a400000|100%|HC|  |TAMS 0x000000070a400000, 0x000000070a300000| Complete 
| 126|0x000000070a400000, 0x000000070a500000, 0x000000070a500000|100%|HC|  |TAMS 0x000000070a500000, 0x000000070a400000| Complete 
| 127|0x000000070a500000, 0x000000070a600000, 0x000000070a600000|100%|HS|  |TAMS 0x000000070a600000, 0x000000070a500000| Complete 
| 128|0x000000070a600000, 0x000000070a700000, 0x000000070a700000|100%|HC|  |TAMS 0x000000070a700000, 0x000000070a600000| Complete 
| 129|0x000000070a700000, 0x000000070a800000, 0x000000070a800000|100%|HC|  |TAMS 0x000000070a800000, 0x000000070a700000| Complete 
| 130|0x000000070a800000, 0x000000070a900000, 0x000000070a900000|100%|HC|  |TAMS 0x000000070a900000, 0x000000070a800000| Complete 
| 131|0x000000070a900000, 0x000000070aa00000, 0x000000070aa00000|100%|HC|  |TAMS 0x000000070aa00000, 0x000000070a900000| Complete 
| 132|0x000000070aa00000, 0x000000070ab00000, 0x000000070ab00000|100%|HC|  |TAMS 0x000000070ab00000, 0x000000070aa00000| Complete 
| 133|0x000000070ab00000, 0x000000070ac00000, 0x000000070ac00000|100%|HC|  |TAMS 0x000000070ac00000, 0x000000070ab00000| Complete 
| 134|0x000000070ac00000, 0x000000070ad00000, 0x000000070ad00000|100%|HC|  |TAMS 0x000000070ad00000, 0x000000070ac00000| Complete 
| 135|0x000000070ad00000, 0x000000070ae00000, 0x000000070ae00000|100%|HC|  |TAMS 0x000000070ae00000, 0x000000070ad00000| Complete 
| 136|0x000000070ae00000, 0x000000070af00000, 0x000000070af00000|100%|HC|  |TAMS 0x000000070af00000, 0x000000070ae00000| Complete 
| 137|0x000000070af00000, 0x000000070b000000, 0x000000070b000000|100%|HC|  |TAMS 0x000000070b000000, 0x000000070af00000| Complete 
| 138|0x000000070b000000, 0x000000070b100000, 0x000000070b100000|100%|HC|  |TAMS 0x000000070b100000, 0x000000070b000000| Complete 
| 139|0x000000070b100000, 0x000000070b200000, 0x000000070b200000|100%|HC|  |TAMS 0x000000070b200000, 0x000000070b100000| Complete 
| 140|0x000000070b200000, 0x000000070b300000, 0x000000070b300000|100%|HC|  |TAMS 0x000000070b300000, 0x000000070b200000| Complete 
| 141|0x000000070b300000, 0x000000070b400000, 0x000000070b400000|100%|HC|  |TAMS 0x000000070b400000, 0x000000070b300000| Complete 
| 142|0x000000070b400000, 0x000000070b500000, 0x000000070b500000|100%|HC|  |TAMS 0x000000070b500000, 0x000000070b400000| Complete 
| 143|0x000000070b500000, 0x000000070b600000, 0x000000070b600000|100%|HC|  |TAMS 0x000000070b600000, 0x000000070b500000| Complete 
| 144|0x000000070b600000, 0x000000070b700000, 0x000000070b700000|100%|HC|  |TAMS 0x000000070b700000, 0x000000070b600000| Complete 
| 145|0x000000070b700000, 0x000000070b800000, 0x000000070b800000|100%|HC|  |TAMS 0x000000070b800000, 0x000000070b700000| Complete 
| 146|0x000000070b800000, 0x000000070b900000, 0x000000070b900000|100%|HC|  |TAMS 0x000000070b900000, 0x000000070b800000| Complete 
| 147|0x000000070b900000, 0x000000070ba00000, 0x000000070ba00000|100%|HC|  |TAMS 0x000000070ba00000, 0x000000070b900000| Complete 
| 148|0x000000070ba00000, 0x000000070bb00000, 0x000000070bb00000|100%|HC|  |TAMS 0x000000070bb00000, 0x000000070ba00000| Complete 
| 149|0x000000070bb00000, 0x000000070bc00000, 0x000000070bc00000|100%|HC|  |TAMS 0x000000070bc00000, 0x000000070bb00000| Complete 
| 150|0x000000070bc00000, 0x000000070bd00000, 0x000000070bd00000|100%|HC|  |TAMS 0x000000070bd00000, 0x000000070bc00000| Complete 
| 151|0x000000070bd00000, 0x000000070be00000, 0x000000070be00000|100%|HC|  |TAMS 0x000000070be00000, 0x000000070bd00000| Complete 
| 152|0x000000070be00000, 0x000000070bf00000, 0x000000070bf00000|100%|HC|  |TAMS 0x000000070bf00000, 0x000000070be00000| Complete 
| 153|0x000000070bf00000, 0x000000070c000000, 0x000000070c000000|100%|HC|  |TAMS 0x000000070c000000, 0x000000070bf00000| Complete 
| 154|0x000000070c000000, 0x000000070c100000, 0x000000070c100000|100%|HC|  |TAMS 0x000000070c100000, 0x000000070c000000| Complete 
| 155|0x000000070c100000, 0x000000070c200000, 0x000000070c200000|100%|HS|  |TAMS 0x000000070c100000, 0x000000070c100000| Complete 
| 156|0x000000070c200000, 0x000000070c300000, 0x000000070c300000|100%|HC|  |TAMS 0x000000070c200000, 0x000000070c200000| Complete 
| 157|0x000000070c300000, 0x000000070c400000, 0x000000070c400000|100%|HC|  |TAMS 0x000000070c300000, 0x000000070c300000| Complete 
| 158|0x000000070c400000, 0x000000070c500000, 0x000000070c500000|100%|HC|  |TAMS 0x000000070c400000, 0x000000070c400000| Complete 
| 159|0x000000070c500000, 0x000000070c600000, 0x000000070c600000|100%|HC|  |TAMS 0x000000070c500000, 0x000000070c500000| Complete 
| 160|0x000000070c600000, 0x000000070c700000, 0x000000070c700000|100%|HC|  |TAMS 0x000000070c600000, 0x000000070c600000| Complete 
| 161|0x000000070c700000, 0x000000070c800000, 0x000000070c800000|100%|HC|  |TAMS 0x000000070c700000, 0x000000070c700000| Complete 
| 162|0x000000070c800000, 0x000000070c900000, 0x000000070c900000|100%|HC|  |TAMS 0x000000070c800000, 0x000000070c800000| Complete 
| 163|0x000000070c900000, 0x000000070ca00000, 0x000000070ca00000|100%|HC|  |TAMS 0x000000070c900000, 0x000000070c900000| Complete 
| 164|0x000000070ca00000, 0x000000070cb00000, 0x000000070cb00000|100%|HC|  |TAMS 0x000000070ca00000, 0x000000070ca00000| Complete 
| 165|0x000000070cb00000, 0x000000070cc00000, 0x000000070cc00000|100%|HC|  |TAMS 0x000000070cb00000, 0x000000070cb00000| Complete 
| 166|0x000000070cc00000, 0x000000070cd00000, 0x000000070cd00000|100%|HC|  |TAMS 0x000000070cc00000, 0x000000070cc00000| Complete 
| 167|0x000000070cd00000, 0x000000070ce00000, 0x000000070ce00000|100%|HC|  |TAMS 0x000000070cd00000, 0x000000070cd00000| Complete 
| 168|0x000000070ce00000, 0x000000070cf00000, 0x000000070cf00000|100%|HC|  |TAMS 0x000000070ce00000, 0x000000070ce00000| Complete 
| 169|0x000000070cf00000, 0x000000070d000000, 0x000000070d000000|100%|HC|  |TAMS 0x000000070cf00000, 0x000000070cf00000| Complete 
| 170|0x000000070d000000, 0x000000070d100000, 0x000000070d100000|100%|HC|  |TAMS 0x000000070d000000, 0x000000070d000000| Complete 
| 171|0x000000070d100000, 0x000000070d200000, 0x000000070d200000|100%|HC|  |TAMS 0x000000070d100000, 0x000000070d100000| Complete 
| 172|0x000000070d200000, 0x000000070d300000, 0x000000070d300000|100%|HC|  |TAMS 0x000000070d200000, 0x000000070d200000| Complete 
| 173|0x000000070d300000, 0x000000070d400000, 0x000000070d400000|100%|HC|  |TAMS 0x000000070d300000, 0x000000070d300000| Complete 
| 174|0x000000070d400000, 0x000000070d500000, 0x000000070d500000|100%|HC|  |TAMS 0x000000070d400000, 0x000000070d400000| Complete 
| 175|0x000000070d500000, 0x000000070d600000, 0x000000070d600000|100%|HC|  |TAMS 0x000000070d500000, 0x000000070d500000| Complete 
| 176|0x000000070d600000, 0x000000070d700000, 0x000000070d700000|100%|HC|  |TAMS 0x000000070d600000, 0x000000070d600000| Complete 
| 177|0x000000070d700000, 0x000000070d800000, 0x000000070d800000|100%|HC|  |TAMS 0x000000070d700000, 0x000000070d700000| Complete 
| 178|0x000000070d800000, 0x000000070d900000, 0x000000070d900000|100%|HC|  |TAMS 0x000000070d800000, 0x000000070d800000| Complete 
| 179|0x000000070d900000, 0x000000070da00000, 0x000000070da00000|100%|HC|  |TAMS 0x000000070d900000, 0x000000070d900000| Complete 
| 180|0x000000070da00000, 0x000000070db00000, 0x000000070db00000|100%|HC|  |TAMS 0x000000070da00000, 0x000000070da00000| Complete 
| 181|0x000000070db00000, 0x000000070dc00000, 0x000000070dc00000|100%|HC|  |TAMS 0x000000070db00000, 0x000000070db00000| Complete 
| 182|0x000000070dc00000, 0x000000070dd00000, 0x000000070dd00000|100%|HC|  |TAMS 0x000000070dc00000, 0x000000070dc00000| Complete 
| 183|0x000000070dd00000, 0x000000070dd00000, 0x000000070de00000|  0%| F|  |TAMS 0x000000070dd00000, 0x000000070dd00000| Untracked 
| 184|0x000000070de00000, 0x000000070de00000, 0x000000070df00000|  0%| F|  |TAMS 0x000000070de00000, 0x000000070de00000| Untracked 
| 185|0x000000070df00000, 0x000000070df00000, 0x000000070e000000|  0%| F|  |TAMS 0x000000070df00000, 0x000000070df00000| Untracked 
| 186|0x000000070e000000, 0x000000070e000000, 0x000000070e100000|  0%| F|  |TAMS 0x000000070e000000, 0x000000070e000000| Untracked 
| 187|0x000000070e100000, 0x000000070e100000, 0x000000070e200000|  0%| F|  |TAMS 0x000000070e100000, 0x000000070e100000| Untracked 
| 188|0x000000070e200000, 0x000000070e200000, 0x000000070e300000|  0%| F|  |TAMS 0x000000070e200000, 0x000000070e200000| Untracked 
| 189|0x000000070e300000, 0x000000070e300000, 0x000000070e400000|  0%| F|  |TAMS 0x000000070e300000, 0x000000070e300000| Untracked 
| 190|0x000000070e400000, 0x000000070e400000, 0x000000070e500000|  0%| F|  |TAMS 0x000000070e400000, 0x000000070e400000| Untracked 
| 191|0x000000070e500000, 0x000000070e500000, 0x000000070e600000|  0%| F|  |TAMS 0x000000070e500000, 0x000000070e500000| Untracked 
| 192|0x000000070e600000, 0x000000070e600000, 0x000000070e700000|  0%| F|  |TAMS 0x000000070e600000, 0x000000070e600000| Untracked 
| 193|0x000000070e700000, 0x000000070e700000, 0x000000070e800000|  0%| F|  |TAMS 0x000000070e700000, 0x000000070e700000| Untracked 
| 194|0x000000070e800000, 0x000000070e800000, 0x000000070e900000|  0%| F|  |TAMS 0x000000070e800000, 0x000000070e800000| Untracked 
| 195|0x000000070e900000, 0x000000070e900000, 0x000000070ea00000|  0%| F|  |TAMS 0x000000070e900000, 0x000000070e900000| Untracked 
| 196|0x000000070ea00000, 0x000000070ea00000, 0x000000070eb00000|  0%| F|  |TAMS 0x000000070ea00000, 0x000000070ea00000| Untracked 
| 197|0x000000070eb00000, 0x000000070eb00000, 0x000000070ec00000|  0%| F|  |TAMS 0x000000070eb00000, 0x000000070eb00000| Untracked 
| 198|0x000000070ec00000, 0x000000070ec00000, 0x000000070ed00000|  0%| F|  |TAMS 0x000000070ec00000, 0x000000070ec00000| Untracked 
| 199|0x000000070ed00000, 0x000000070ed00000, 0x000000070ee00000|  0%| F|  |TAMS 0x000000070ed00000, 0x000000070ed00000| Untracked 
| 200|0x000000070ee00000, 0x000000070ee00000, 0x000000070ef00000|  0%| F|  |TAMS 0x000000070ee00000, 0x000000070ee00000| Untracked 
| 201|0x000000070ef00000, 0x000000070ef00000, 0x000000070f000000|  0%| F|  |TAMS 0x000000070ef00000, 0x000000070ef00000| Untracked 
| 202|0x000000070f000000, 0x000000070f000000, 0x000000070f100000|  0%| F|  |TAMS 0x000000070f000000, 0x000000070f000000| Untracked 
| 203|0x000000070f100000, 0x000000070f100000, 0x000000070f200000|  0%| F|  |TAMS 0x000000070f100000, 0x000000070f100000| Untracked 
| 204|0x000000070f200000, 0x000000070f200000, 0x000000070f300000|  0%| F|  |TAMS 0x000000070f200000, 0x000000070f200000| Untracked 
| 205|0x000000070f300000, 0x000000070f300000, 0x000000070f400000|  0%| F|  |TAMS 0x000000070f300000, 0x000000070f300000| Untracked 
| 206|0x000000070f400000, 0x000000070f400000, 0x000000070f500000|  0%| F|  |TAMS 0x000000070f400000, 0x000000070f400000| Untracked 
| 207|0x000000070f500000, 0x000000070f500000, 0x000000070f600000|  0%| F|  |TAMS 0x000000070f500000, 0x000000070f500000| Untracked 
| 208|0x000000070f600000, 0x000000070f600000, 0x000000070f700000|  0%| F|  |TAMS 0x000000070f600000, 0x000000070f600000| Untracked 
| 209|0x000000070f700000, 0x000000070f700000, 0x000000070f800000|  0%| F|  |TAMS 0x000000070f700000, 0x000000070f700000| Untracked 
| 210|0x000000070f800000, 0x000000070f800000, 0x000000070f900000|  0%| F|  |TAMS 0x000000070f800000, 0x000000070f800000| Untracked 
| 211|0x000000070f900000, 0x000000070f900000, 0x000000070fa00000|  0%| F|  |TAMS 0x000000070f900000, 0x000000070f900000| Untracked 
| 212|0x000000070fa00000, 0x000000070fa00000, 0x000000070fb00000|  0%| F|  |TAMS 0x000000070fa00000, 0x000000070fa00000| Untracked 
| 213|0x000000070fb00000, 0x000000070fb00000, 0x000000070fc00000|  0%| F|  |TAMS 0x000000070fb00000, 0x000000070fb00000| Untracked 
| 214|0x000000070fc00000, 0x000000070fc00000, 0x000000070fd00000|  0%| F|  |TAMS 0x000000070fc00000, 0x000000070fc00000| Untracked 
| 215|0x000000070fd00000, 0x000000070fd00000, 0x000000070fe00000|  0%| F|  |TAMS 0x000000070fd00000, 0x000000070fd00000| Untracked 
| 216|0x000000070fe00000, 0x000000070fe00000, 0x000000070ff00000|  0%| F|  |TAMS 0x000000070fe00000, 0x000000070fe00000| Untracked 
| 217|0x000000070ff00000, 0x000000070ff00000, 0x0000000710000000|  0%| F|  |TAMS 0x000000070ff00000, 0x000000070ff00000| Untracked 
| 218|0x0000000710000000, 0x0000000710000000, 0x0000000710100000|  0%| F|  |TAMS 0x0000000710000000, 0x0000000710000000| Untracked 
| 219|0x0000000710100000, 0x0000000710100000, 0x0000000710200000|  0%| F|  |TAMS 0x0000000710100000, 0x0000000710100000| Untracked 
| 220|0x0000000710200000, 0x0000000710200000, 0x0000000710300000|  0%| F|  |TAMS 0x0000000710200000, 0x0000000710200000| Untracked 
| 221|0x0000000710300000, 0x0000000710300000, 0x0000000710400000|  0%| F|  |TAMS 0x0000000710300000, 0x0000000710300000| Untracked 
| 222|0x0000000710400000, 0x0000000710400000, 0x0000000710500000|  0%| F|  |TAMS 0x0000000710400000, 0x0000000710400000| Untracked 
| 223|0x0000000710500000, 0x0000000710500000, 0x0000000710600000|  0%| F|  |TAMS 0x0000000710500000, 0x0000000710500000| Untracked 
| 224|0x0000000710600000, 0x0000000710600000, 0x0000000710700000|  0%| F|  |TAMS 0x0000000710600000, 0x0000000710600000| Untracked 
| 225|0x0000000710700000, 0x0000000710700000, 0x0000000710800000|  0%| F|  |TAMS 0x0000000710700000, 0x0000000710700000| Untracked 
| 226|0x0000000710800000, 0x0000000710800000, 0x0000000710900000|  0%| F|  |TAMS 0x0000000710800000, 0x0000000710800000| Untracked 
| 227|0x0000000710900000, 0x0000000710900000, 0x0000000710a00000|  0%| F|  |TAMS 0x0000000710900000, 0x0000000710900000| Untracked 
| 228|0x0000000710a00000, 0x0000000710a00000, 0x0000000710b00000|  0%| F|  |TAMS 0x0000000710a00000, 0x0000000710a00000| Untracked 
| 229|0x0000000710b00000, 0x0000000710b00000, 0x0000000710c00000|  0%| F|  |TAMS 0x0000000710b00000, 0x0000000710b00000| Untracked 
| 230|0x0000000710c00000, 0x0000000710c00000, 0x0000000710d00000|  0%| F|  |TAMS 0x0000000710c00000, 0x0000000710c00000| Untracked 
| 231|0x0000000710d00000, 0x0000000710d00000, 0x0000000710e00000|  0%| F|  |TAMS 0x0000000710d00000, 0x0000000710d00000| Untracked 
| 232|0x0000000710e00000, 0x0000000710e00000, 0x0000000710f00000|  0%| F|  |TAMS 0x0000000710e00000, 0x0000000710e00000| Untracked 
| 233|0x0000000710f00000, 0x0000000710f00000, 0x0000000711000000|  0%| F|  |TAMS 0x0000000710f00000, 0x0000000710f00000| Untracked 
| 234|0x0000000711000000, 0x0000000711000000, 0x0000000711100000|  0%| F|  |TAMS 0x0000000711000000, 0x0000000711000000| Untracked 
| 235|0x0000000711100000, 0x0000000711100000, 0x0000000711200000|  0%| F|  |TAMS 0x0000000711100000, 0x0000000711100000| Untracked 
| 236|0x0000000711200000, 0x0000000711200000, 0x0000000711300000|  0%| F|  |TAMS 0x0000000711200000, 0x0000000711200000| Untracked 
| 237|0x0000000711300000, 0x0000000711300000, 0x0000000711400000|  0%| F|  |TAMS 0x0000000711300000, 0x0000000711300000| Untracked 
| 238|0x0000000711400000, 0x0000000711400000, 0x0000000711500000|  0%| F|  |TAMS 0x0000000711400000, 0x0000000711400000| Untracked 
| 239|0x0000000711500000, 0x0000000711500000, 0x0000000711600000|  0%| F|  |TAMS 0x0000000711500000, 0x0000000711500000| Untracked 
| 240|0x0000000711600000, 0x0000000711600000, 0x0000000711700000|  0%| F|  |TAMS 0x0000000711600000, 0x0000000711600000| Untracked 
| 241|0x0000000711700000, 0x0000000711700000, 0x0000000711800000|  0%| F|  |TAMS 0x0000000711700000, 0x0000000711700000| Untracked 
| 242|0x0000000711800000, 0x0000000711800000, 0x0000000711900000|  0%| F|  |TAMS 0x0000000711800000, 0x0000000711800000| Untracked 
| 243|0x0000000711900000, 0x0000000711900000, 0x0000000711a00000|  0%| F|  |TAMS 0x0000000711900000, 0x0000000711900000| Untracked 
| 244|0x0000000711a00000, 0x0000000711a00000, 0x0000000711b00000|  0%| F|  |TAMS 0x0000000711a00000, 0x0000000711a00000| Untracked 
| 245|0x0000000711b00000, 0x0000000711b00000, 0x0000000711c00000|  0%| F|  |TAMS 0x0000000711b00000, 0x0000000711b00000| Untracked 
| 246|0x0000000711c00000, 0x0000000711c00000, 0x0000000711d00000|  0%| F|  |TAMS 0x0000000711c00000, 0x0000000711c00000| Untracked 
| 247|0x0000000711d00000, 0x0000000711d61388, 0x0000000711e00000| 37%| E|  |TAMS 0x0000000711d00000, 0x0000000711d00000| Complete 
| 248|0x0000000711e00000, 0x0000000711ef8368, 0x0000000711f00000| 96%| E|  |TAMS 0x0000000711e00000, 0x0000000711e00000| Complete 
| 249|0x0000000711f00000, 0x0000000712000000, 0x0000000712000000|100%| E|CS|TAMS 0x0000000711f00000, 0x0000000711f00000| Complete 
| 250|0x0000000712000000, 0x0000000712100000, 0x0000000712100000|100%| E|CS|TAMS 0x0000000712000000, 0x0000000712000000| Complete 
| 251|0x0000000712100000, 0x0000000712200000, 0x0000000712200000|100%| E|CS|TAMS 0x0000000712100000, 0x0000000712100000| Complete 
| 252|0x0000000712200000, 0x000000071224efa0, 0x0000000712300000| 30%| S|CS|TAMS 0x0000000712200000, 0x0000000712200000| Complete 
| 253|0x0000000712300000, 0x0000000712400000, 0x0000000712400000|100%| E|CS|TAMS 0x0000000712300000, 0x0000000712300000| Complete 

Card table byte_map: [0x000002176fe10000,0x0000021770600000] _byte_map_base: 0x000002176c5fd000

Marking Bits (Prev, Next): (CMBitMap*) 0x0000021757673b08, (CMBitMap*) 0x0000021757673b40
 Prev Bits: [0x0000021770df0000, 0x0000021774d58000)
 Next Bits: [0x0000021774d60000, 0x0000021778cc8000)

Polling page: 0x00000217576e0000

Metaspace:

Usage:
  Non-class:     26.12 MB capacity,    25.54 MB ( 98%) used,   479.78 KB (  2%) free+waste,   118.56 KB ( <1%) overhead. 
      Class:      4.04 MB capacity,     3.61 MB ( 89%) used,   382.52 KB (  9%) free+waste,    57.75 KB (  1%) overhead. 
       Both:     30.17 MB capacity,    29.15 MB ( 97%) used,   862.30 KB (  3%) free+waste,   176.31 KB ( <1%) overhead. 

Virtual space:
  Non-class space:       28.00 MB reserved,      26.17 MB ( 93%) committed 
      Class space:        1.00 GB reserved,       4.13 MB ( <1%) committed 
             Both:        1.03 GB reserved,      30.30 MB (  3%) committed 

Chunk freelists:
   Non-Class:  6.38 KB
       Class:  2.38 KB
        Both:  8.75 KB

CodeHeap 'non-profiled nmethods': size=120000Kb used=1826Kb max_used=1826Kb free=118173Kb
 bounds [0x0000021767460000, 0x00000217676d0000, 0x000002176e990000]
CodeHeap 'profiled nmethods': size=120000Kb used=6011Kb max_used=6011Kb free=113988Kb
 bounds [0x000002175ff30000, 0x0000021760510000, 0x0000021767460000]
CodeHeap 'non-nmethods': size=5760Kb used=1465Kb max_used=1532Kb free=4294Kb
 bounds [0x000002175f990000, 0x000002175fc00000, 0x000002175ff30000]
 total_blobs=4551 nmethods=3000 adapters=735
 compilation: enabled
              stopped_count=0, restarted_count=0
 full_count=0

Compilation events (10 events):
Event: 42.681 Thread 0x000002177c3a4800 nmethod 2995 0x0000021767623f10 code [0x00000217676240a0, 0x0000021767624218]
Event: 42.681 Thread 0x000002177c3a4800 2996       4       java.lang.AbstractStringBuilder::inflate (42 bytes)
Event: 42.684 Thread 0x000002177c3a4800 nmethod 2996 0x0000021767624310 code [0x00000217676244c0, 0x00000217676247a8]
Event: 42.684 Thread 0x000002177c3a4800 2999       4       java.lang.ref.Reference::<init> (25 bytes)
Event: 42.685 Thread 0x000002177e69e000 nmethod 2993 0x0000021767624890 code [0x0000021767624a60, 0x00000217676250f8]
Event: 42.685 Thread 0x000002177e69e000 2997       4       java.util.regex.Matcher::find (69 bytes)
Event: 42.686 Thread 0x000002177c3a4800 nmethod 2999 0x0000021767625490 code [0x0000021767625620, 0x0000021767625878]
Event: 42.686 Thread 0x000002177c3a4800 2998       4       java.lang.AbstractStringBuilder::append (54 bytes)
Event: 42.686 Thread 0x000002177e69e000 nmethod 2997 0x0000021767625910 code [0x0000021767625ac0, 0x0000021767625ba8]
Event: 42.701 Thread 0x000002177c3a4800 nmethod 2998 0x0000021767625c90 code [0x0000021767625ec0, 0x00000217676273b0]

GC Heap History (10 events):
Event: 11.028 GC heap before
{Heap before GC invocations=9 (full 0):
 garbage-first heap   total 260096K, used 185957K [0x0000000702600000, 0x0000000800000000)
  region size 1024K, 5 young (5120K), 4 survivors (4096K)
 Metaspace       used 29381K, capacity 30465K, committed 30768K, reserved 1075200K
  class space    used 3658K, capacity 4105K, committed 4224K, reserved 1048576K
}
Event: 11.031 GC heap after
{Heap after GC invocations=10 (full 0):
 garbage-first heap   total 260096K, used 186019K [0x0000000702600000, 0x0000000800000000)
  region size 1024K, 4 young (4096K), 4 survivors (4096K)
 Metaspace       used 29381K, capacity 30465K, committed 30768K, reserved 1075200K
  class space    used 3658K, capacity 4105K, committed 4224K, reserved 1048576K
}
Event: 11.054 GC heap before
{Heap before GC invocations=11 (full 0):
 garbage-first heap   total 260096K, used 243363K [0x0000000702600000, 0x0000000800000000)
  region size 1024K, 5 young (5120K), 4 survivors (4096K)
 Metaspace       used 29381K, capacity 30465K, committed 30768K, reserved 1075200K
  class space    used 3658K, capacity 4105K, committed 4224K, reserved 1048576K
}
Event: 11.057 GC heap after
{Heap after GC invocations=12 (full 0):
 garbage-first heap   total 260096K, used 186018K [0x0000000702600000, 0x0000000800000000)
  region size 1024K, 4 young (4096K), 4 survivors (4096K)
 Metaspace       used 29381K, capacity 30465K, committed 30768K, reserved 1075200K
  class space    used 3658K, capacity 4105K, committed 4224K, reserved 1048576K
}
Event: 15.416 GC heap before
{Heap before GC invocations=13 (full 0):
 garbage-first heap   total 260096K, used 216738K [0x0000000702600000, 0x0000000800000000)
  region size 1024K, 7 young (7168K), 4 survivors (4096K)
 Metaspace       used 29854K, capacity 30899K, committed 31024K, reserved 1077248K
  class space    used 3702K, capacity 4144K, committed 4224K, reserved 1048576K
}
Event: 15.420 GC heap after
{Heap after GC invocations=14 (full 0):
 garbage-first heap   total 260096K, used 98159K [0x0000000702600000, 0x0000000800000000)
  region size 1024K, 1 young (1024K), 1 survivors (1024K)
 Metaspace       used 29854K, capacity 30899K, committed 31024K, reserved 1077248K
  class space    used 3702K, capacity 4144K, committed 4224K, reserved 1048576K
}
Event: 15.675 GC heap before
{Heap before GC invocations=15 (full 0):
 garbage-first heap   total 260096K, used 155503K [0x0000000702600000, 0x0000000800000000)
  region size 1024K, 30 young (30720K), 1 survivors (1024K)
 Metaspace       used 29854K, capacity 30899K, committed 31024K, reserved 1077248K
  class space    used 3702K, capacity 4144K, committed 4224K, reserved 1048576K
}
Event: 15.677 GC heap after
{Heap after GC invocations=16 (full 0):
 garbage-first heap   total 260096K, used 126596K [0x0000000702600000, 0x0000000800000000)
  region size 1024K, 1 young (1024K), 1 survivors (1024K)
 Metaspace       used 29854K, capacity 30899K, committed 31024K, reserved 1077248K
  class space    used 3702K, capacity 4144K, committed 4224K, reserved 1048576K
}
Event: 15.734 GC heap before
{Heap before GC invocations=17 (full 0):
 garbage-first heap   total 260096K, used 155268K [0x0000000702600000, 0x0000000800000000)
  region size 1024K, 2 young (2048K), 1 survivors (1024K)
 Metaspace       used 29848K, capacity 30890K, committed 31024K, reserved 1077248K
  class space    used 3700K, capacity 4141K, committed 4224K, reserved 1048576K
}
Event: 15.736 GC heap after
{Heap after GC invocations=18 (full 0):
 garbage-first heap   total 260096K, used 155187K [0x0000000702600000, 0x0000000800000000)
  region size 1024K, 1 young (1024K), 1 survivors (1024K)
 Metaspace       used 29848K, capacity 30890K, committed 31024K, reserved 1077248K
  class space    used 3700K, capacity 4141K, committed 4224K, reserved 1048576K
}

Deoptimization events (10 events):
Event: 15.019 Thread 0x000002177da5f000 Uncommon trap: reason=unstable_if action=reinterpret pc=0x00000217674e0310 method=java.lang.String.startsWith(Ljava/lang/String;I)Z @ 46 c2
Event: 15.432 Thread 0x000002177ba9c000 Uncommon trap: reason=bimorphic_or_optimized_type_check action=maybe_recompile pc=0x0000021767610548 method=java.util.regex.Pattern$Branch.match(Ljava/util/regex/Matcher;ILjava/lang/CharSequence;)Z @ 50 c2
Event: 15.432 Thread 0x000002177ba9c000 Uncommon trap: reason=bimorphic_or_optimized_type_check action=maybe_recompile pc=0x000002176760d2e8 method=java.util.regex.Pattern$GroupHead.match(Ljava/util/regex/Matcher;ILjava/lang/CharSequence;)Z @ 28 c2
Event: 15.435 Thread 0x000002177ba9c000 Uncommon trap: reason=bimorphic_or_optimized_type_check action=maybe_recompile pc=0x0000021767610548 method=java.util.regex.Pattern$Branch.match(Ljava/util/regex/Matcher;ILjava/lang/CharSequence;)Z @ 50 c2
Event: 15.435 Thread 0x000002177ba9c000 Uncommon trap: reason=bimorphic_or_optimized_type_check action=maybe_recompile pc=0x000002176760d2e8 method=java.util.regex.Pattern$GroupHead.match(Ljava/util/regex/Matcher;ILjava/lang/CharSequence;)Z @ 28 c2
Event: 15.435 Thread 0x000002177ba9c000 Uncommon trap: reason=bimorphic_or_optimized_type_check action=maybe_recompile pc=0x0000021767610548 method=java.util.regex.Pattern$Branch.match(Ljava/util/regex/Matcher;ILjava/lang/CharSequence;)Z @ 50 c2
Event: 15.435 Thread 0x000002177ba9c000 Uncommon trap: reason=bimorphic_or_optimized_type_check action=maybe_recompile pc=0x000002176760d2e8 method=java.util.regex.Pattern$GroupHead.match(Ljava/util/regex/Matcher;ILjava/lang/CharSequence;)Z @ 28 c2
Event: 15.435 Thread 0x000002177ba9c000 Uncommon trap: reason=bimorphic_or_optimized_type_check action=maybe_recompile pc=0x0000021767610548 method=java.util.regex.Pattern$Branch.match(Ljava/util/regex/Matcher;ILjava/lang/CharSequence;)Z @ 50 c2
Event: 15.435 Thread 0x000002177ba9c000 Uncommon trap: reason=bimorphic_or_optimized_type_check action=maybe_recompile pc=0x000002176760d2e8 method=java.util.regex.Pattern$GroupHead.match(Ljava/util/regex/Matcher;ILjava/lang/CharSequence;)Z @ 28 c2
Event: 38.085 Thread 0x000002177da5f000 Uncommon trap: reason=unstable_if action=reinterpret pc=0x000002176760c8a0 method=java.util.regex.Pattern.lambda$clazz$1(Ljava/util/regex/Pattern$BitClass;I)Z @ 4 c2

Classes redefined (0 events):
No events

Internal exceptions (10 events):
Event: 3.360 Thread 0x000002177dcc5800 Exception <a 'java/lang/NoSuchMethodError'{0x00000007114641b8}: java.lang.invoke.DirectMethodHandle$Holder.invokeStatic(Ljava/lang/Object;Ljava/lang/Object;J)Ljava/lang/Object;> (0x00000007114641b8) thrown at [t:/workspace/open/src/hotspot/share/interpret
Event: 3.360 Thread 0x000002177dcc5800 Exception <a 'java/lang/NoSuchMethodError'{0x000000071146a5d8}: java.lang.invoke.Invokers$Holder.linkToTargetMethod(Ljava/lang/Object;JLjava/lang/Object;)Ljava/lang/Object;> (0x000000071146a5d8) thrown at [t:/workspace/open/src/hotspot/share/interpreter/l
Event: 7.968 Thread 0x000002177dcc5800 Implicit null exception at 0x000002176758db42 to 0x000002176758dbb2
Event: 9.970 Thread 0x000002177ef09000 Exception <a 'java/lang/NoSuchMethodError'{0x0000000711036a78}: java.lang.invoke.DirectMethodHandle$Holder.invokeSpecialIFC(Ljava/lang/Object;Ljava/lang/Object;I)I> (0x0000000711036a78) thrown at [t:/workspace/open/src/hotspot/share/interpreter/linkResolv
Event: 10.128 Thread 0x000002177da5f000 Exception <a 'java/lang/ClassNotFoundException'{0x0000000710cf3520}: javax/smartcardio/CardPermission> (0x0000000710cf3520) thrown at [t:/workspace/open/src/hotspot/share/classfile/systemDictionary.cpp, line 231]
Event: 10.130 Thread 0x000002177da5f000 Exception <a 'java/io/FileNotFoundException'{0x0000000710b02f08}> (0x0000000710b02f08) thrown at [t:/workspace/open/src/hotspot/share/prims/jni.cpp, line 615]
Event: 10.154 Thread 0x000002177e6a2000 Exception <a 'java/lang/ClassNotFoundException'{0x0000000710eb26b0}: sun/awt/resources/spi/awtProvider> (0x0000000710eb26b0) thrown at [t:/workspace/open/src/hotspot/share/classfile/systemDictionary.cpp, line 231]
Event: 10.161 Thread 0x000002177e6a2000 Exception <a 'java/io/FileNotFoundException'{0x0000000710aca318}> (0x0000000710aca318) thrown at [t:/workspace/open/src/hotspot/share/prims/jni.cpp, line 615]
Event: 10.161 Thread 0x000002177e6a2000 Exception <a 'java/io/FileNotFoundException'{0x0000000710acdf38}> (0x0000000710acdf38) thrown at [t:/workspace/open/src/hotspot/share/prims/jni.cpp, line 615]
Event: 10.918 Thread 0x000002177dcc5800 Implicit null exception at 0x0000021767588a2f to 0x0000021767589fca

Events (10 events):
Event: 41.619 Executing VM operation: ThreadsSuspendJVMTI done
Event: 41.620 Executing VM operation: GetFrameCount
Event: 41.620 Executing VM operation: GetFrameCount done
Event: 41.620 Executing VM operation: GetFrameCount
Event: 41.620 Executing VM operation: GetFrameCount done
Event: 41.620 Executing VM operation: GetStackTrace
Event: 41.620 Executing VM operation: GetStackTrace done
Event: 42.678 Thread 0x000002177e6a3000 Thread exited: 0x000002177e6a3000
Event: 42.683 Executing VM operation: RevokeBias
Event: 42.683 Executing VM operation: RevokeBias done


Dynamic libraries:
0x00007ff67c820000 - 0x00007ff67c865000 	C:\Program Files\Java\jdk-11.0.2\bin\java.exe
0x00007ff951760000 - 0x00007ff951941000 	C:\WINDOWS\SYSTEM32\ntdll.dll
0x00007ff9506c0000 - 0x00007ff950771000 	C:\WINDOWS\System32\KERNEL32.DLL
0x00007ff94e530000 - 0x00007ff94e7a3000 	C:\WINDOWS\System32\KERNELBASE.dll
0x00007ff951020000 - 0x00007ff9511b0000 	C:\WINDOWS\System32\USER32.dll
0x00007ff94e7b0000 - 0x00007ff94e7d0000 	C:\WINDOWS\System32\win32u.dll
0x00007ff951700000 - 0x00007ff951728000 	C:\WINDOWS\System32\GDI32.dll
0x00007ff94ea40000 - 0x00007ff94ebd1000 	C:\WINDOWS\System32\gdi32full.dll
0x00007ff94e330000 - 0x00007ff94e3cf000 	C:\WINDOWS\System32\msvcp_win.dll
0x00007ff94e3d0000 - 0x00007ff94e4c8000 	C:\WINDOWS\System32\ucrtbase.dll
0x00007ff93ebd0000 - 0x00007ff93ee39000 	C:\WINDOWS\WinSxS\amd64_microsoft.windows.common-controls_6595b64144ccf1df_6.0.17134.982_none_fb3fa44f30680781\COMCTL32.dll
0x00007ff951330000 - 0x00007ff9513ce000 	C:\WINDOWS\System32\msvcrt.dll
0x00007ff9513d0000 - 0x00007ff9516f2000 	C:\WINDOWS\System32\combase.dll
0x00007ff950ad0000 - 0x00007ff950bf4000 	C:\WINDOWS\System32\RPCRT4.dll
0x00007ff94e7d0000 - 0x00007ff94e849000 	C:\WINDOWS\System32\bcryptPrimitives.dll
0x00007ff9511d0000 - 0x00007ff9511fd000 	C:\WINDOWS\System32\IMM32.DLL
0x00007ff91ea10000 - 0x00007ff91ea26000 	C:\Program Files\Java\jdk-11.0.2\bin\vcruntime140.dll
0x00007ff90c670000 - 0x00007ff90c71a000 	C:\Program Files\Java\jdk-11.0.2\bin\msvcp140.dll
0x00007ff8f68b0000 - 0x00007ff8f73d3000 	C:\Program Files\Java\jdk-11.0.2\bin\server\jvm.dll
0x00007ff950970000 - 0x00007ff950a11000 	C:\WINDOWS\System32\ADVAPI32.dll
0x00007ff9512d0000 - 0x00007ff95132b000 	C:\WINDOWS\System32\sechost.dll
0x00007ff9506b0000 - 0x00007ff9506b8000 	C:\WINDOWS\System32\PSAPI.DLL
0x00007ff947aa0000 - 0x00007ff947aaa000 	C:\WINDOWS\SYSTEM32\VERSION.dll
0x00007ff94b7a0000 - 0x00007ff94b7c3000 	C:\WINDOWS\SYSTEM32\WINMM.dll
0x00007ff92c8b0000 - 0x00007ff92c8b9000 	C:\WINDOWS\SYSTEM32\WSOCK32.dll
0x00007ff950780000 - 0x00007ff9507ec000 	C:\WINDOWS\System32\WS2_32.dll
0x00007ff94b770000 - 0x00007ff94b79a000 	C:\WINDOWS\SYSTEM32\winmmbase.dll
0x00007ff94db20000 - 0x00007ff94db69000 	C:\WINDOWS\System32\cfgmgr32.dll
0x00007ff94dac0000 - 0x00007ff94dad1000 	C:\WINDOWS\System32\kernel.appcore.dll
0x00007ff91d890000 - 0x00007ff91d8a1000 	C:\Program Files\Java\jdk-11.0.2\bin\verify.dll
0x00007ff936d40000 - 0x00007ff936f09000 	C:\WINDOWS\SYSTEM32\DBGHELP.DLL
0x00007ff936ce0000 - 0x00007ff936d09000 	C:\WINDOWS\SYSTEM32\dbgcore.DLL
0x00007ff913b40000 - 0x00007ff913b68000 	C:\Program Files\Java\jdk-11.0.2\bin\java.dll
0x00007ff944c20000 - 0x00007ff944c57000 	C:\Program Files\Java\jdk-11.0.2\bin\jdwp.dll
0x00007ff941f30000 - 0x00007ff941f5f000 	C:\Program Files\Java\jdk-11.0.2\bin\instrument.dll
0x00007ff916bf0000 - 0x00007ff916c06000 	C:\Program Files\Java\jdk-11.0.2\bin\zip.dll
0x00007ff9405f0000 - 0x00007ff9405fa000 	C:\Program Files\Java\jdk-11.0.2\bin\jimage.dll
0x00007ff94eda0000 - 0x00007ff9501e2000 	C:\WINDOWS\System32\SHELL32.dll
0x00007ff950a20000 - 0x00007ff950ac9000 	C:\WINDOWS\System32\shcore.dll
0x00007ff94dc20000 - 0x00007ff94e32e000 	C:\WINDOWS\System32\windows.storage.dll
0x00007ff94ed40000 - 0x00007ff94ed91000 	C:\WINDOWS\System32\shlwapi.dll
0x00007ff94db00000 - 0x00007ff94db1f000 	C:\WINDOWS\System32\profapi.dll
0x00007ff94da60000 - 0x00007ff94daac000 	C:\WINDOWS\System32\powrprof.dll
0x00007ff94dab0000 - 0x00007ff94daba000 	C:\WINDOWS\System32\FLTLIB.DLL
0x00007ff947930000 - 0x00007ff94793a000 	C:\Program Files\Java\jdk-11.0.2\bin\dt_socket.dll
0x00007ff94d2e0000 - 0x00007ff94d346000 	C:\WINDOWS\system32\mswsock.dll
0x00007ff93f2f0000 - 0x00007ff93f309000 	C:\Program Files\Java\jdk-11.0.2\bin\net.dll
0x00007ff93fdc0000 - 0x00007ff93ff89000 	C:\WINDOWS\SYSTEM32\urlmon.dll
0x00007ff948c70000 - 0x00007ff948d4d000 	C:\WINDOWS\SYSTEM32\WINHTTP.dll
0x00007ff93fa70000 - 0x00007ff93fd17000 	C:\WINDOWS\SYSTEM32\iertutil.dll
0x00007ff94d490000 - 0x00007ff94d49b000 	C:\WINDOWS\SYSTEM32\CRYPTBASE.DLL
0x00007ff91c5a0000 - 0x00007ff91c5b3000 	C:\Program Files\Java\jdk-11.0.2\bin\nio.dll
0x00007ff94d4a0000 - 0x00007ff94d4b7000 	C:\WINDOWS\SYSTEM32\CRYPTSP.dll
0x00007ff94ce90000 - 0x00007ff94cec3000 	C:\WINDOWS\system32\rsaenh.dll
0x00007ff94d5c0000 - 0x00007ff94d5e5000 	C:\WINDOWS\SYSTEM32\bcrypt.dll
0x00007ff94d990000 - 0x00007ff94d9b8000 	C:\WINDOWS\SYSTEM32\USERENV.dll
0x00007ff94d030000 - 0x00007ff94d068000 	C:\WINDOWS\SYSTEM32\IPHLPAPI.DLL
0x00007ff9501f0000 - 0x00007ff9501f8000 	C:\WINDOWS\System32\NSI.dll
0x00007ff947f20000 - 0x00007ff947f36000 	C:\WINDOWS\SYSTEM32\dhcpcsvc6.DLL
0x00007ff947ee0000 - 0x00007ff947efa000 	C:\WINDOWS\SYSTEM32\dhcpcsvc.DLL
0x0000021757720000 - 0x0000021757723000 	C:\Program Files\Java\jdk-11.0.2\bin\api-ms-win-core-console-l1-1-0.dll
0x0000021757730000 - 0x0000021757733000 	C:\Program Files\Java\jdk-11.0.2\bin\api-ms-win-core-datetime-l1-1-0.dll
0x000002177d300000 - 0x000002177d303000 	C:\Program Files\Java\jdk-11.0.2\bin\api-ms-win-core-debug-l1-1-0.dll
0x000002177d310000 - 0x000002177d313000 	C:\Program Files\Java\jdk-11.0.2\bin\api-ms-win-core-errorhandling-l1-1-0.dll
0x000002177d320000 - 0x000002177d324000 	C:\Program Files\Java\jdk-11.0.2\bin\api-ms-win-core-file-l1-1-0.dll
0x000002177d330000 - 0x000002177d333000 	C:\Program Files\Java\jdk-11.0.2\bin\api-ms-win-core-file-l1-2-0.dll
0x000002177d340000 - 0x000002177d343000 	C:\Program Files\Java\jdk-11.0.2\bin\api-ms-win-core-file-l2-1-0.dll
0x000002177d350000 - 0x000002177d353000 	C:\Program Files\Java\jdk-11.0.2\bin\api-ms-win-core-handle-l1-1-0.dll
0x000002177d360000 - 0x000002177d363000 	C:\Program Files\Java\jdk-11.0.2\bin\api-ms-win-core-heap-l1-1-0.dll
0x000002177d370000 - 0x000002177d373000 	C:\Program Files\Java\jdk-11.0.2\bin\api-ms-win-core-interlocked-l1-1-0.dll
0x000002177d380000 - 0x000002177d383000 	C:\Program Files\Java\jdk-11.0.2\bin\api-ms-win-core-libraryloader-l1-1-0.dll
0x000002177d390000 - 0x000002177d393000 	C:\Program Files\Java\jdk-11.0.2\bin\api-ms-win-core-localization-l1-2-0.dll
0x000002177d3a0000 - 0x000002177d3a3000 	C:\Program Files\Java\jdk-11.0.2\bin\api-ms-win-core-memory-l1-1-0.dll
0x000002177d3b0000 - 0x000002177d3b3000 	C:\Program Files\Java\jdk-11.0.2\bin\api-ms-win-core-namedpipe-l1-1-0.dll
0x000002177d3c0000 - 0x000002177d3c3000 	C:\Program Files\Java\jdk-11.0.2\bin\api-ms-win-core-processenvironment-l1-1-0.dll
0x000002177d3d0000 - 0x000002177d3d3000 	C:\Program Files\Java\jdk-11.0.2\bin\api-ms-win-core-processthreads-l1-1-0.dll
0x000002177d3e0000 - 0x000002177d3e3000 	C:\Program Files\Java\jdk-11.0.2\bin\api-ms-win-core-processthreads-l1-1-1.dll
0x000002177d3f0000 - 0x000002177d3f3000 	C:\Program Files\Java\jdk-11.0.2\bin\api-ms-win-core-profile-l1-1-0.dll
0x000002177d400000 - 0x000002177d403000 	C:\Program Files\Java\jdk-11.0.2\bin\api-ms-win-core-rtlsupport-l1-1-0.dll
0x000002177d410000 - 0x000002177d413000 	C:\Program Files\Java\jdk-11.0.2\bin\api-ms-win-core-string-l1-1-0.dll
0x000002177d420000 - 0x000002177d423000 	C:\Program Files\Java\jdk-11.0.2\bin\api-ms-win-core-synch-l1-1-0.dll
0x000002177d430000 - 0x000002177d433000 	C:\Program Files\Java\jdk-11.0.2\bin\api-ms-win-core-synch-l1-2-0.dll
0x000002177d440000 - 0x000002177d443000 	C:\Program Files\Java\jdk-11.0.2\bin\api-ms-win-core-sysinfo-l1-1-0.dll
0x000002177d450000 - 0x000002177d453000 	C:\Program Files\Java\jdk-11.0.2\bin\api-ms-win-core-timezone-l1-1-0.dll
0x000002177d460000 - 0x000002177d463000 	C:\Program Files\Java\jdk-11.0.2\bin\api-ms-win-core-util-l1-1-0.dll
0x000002177d470000 - 0x000002177d473000 	C:\Program Files\Java\jdk-11.0.2\bin\api-ms-win-crt-conio-l1-1-0.dll
0x000002177d480000 - 0x000002177d484000 	C:\Program Files\Java\jdk-11.0.2\bin\api-ms-win-crt-convert-l1-1-0.dll
0x000002177d490000 - 0x000002177d493000 	C:\Program Files\Java\jdk-11.0.2\bin\api-ms-win-crt-environment-l1-1-0.dll
0x000002177d4a0000 - 0x000002177d4a3000 	C:\Program Files\Java\jdk-11.0.2\bin\api-ms-win-crt-filesystem-l1-1-0.dll
0x000002177d4b0000 - 0x000002177d4b3000 	C:\Program Files\Java\jdk-11.0.2\bin\api-ms-win-crt-heap-l1-1-0.dll
0x000002177d4c0000 - 0x000002177d4c3000 	C:\Program Files\Java\jdk-11.0.2\bin\api-ms-win-crt-locale-l1-1-0.dll
0x000002177d4d0000 - 0x000002177d4d5000 	C:\Program Files\Java\jdk-11.0.2\bin\api-ms-win-crt-math-l1-1-0.dll
0x000002177d4e0000 - 0x000002177d4e5000 	C:\Program Files\Java\jdk-11.0.2\bin\api-ms-win-crt-multibyte-l1-1-0.dll
0x000002177d4f0000 - 0x000002177d500000 	C:\Program Files\Java\jdk-11.0.2\bin\api-ms-win-crt-private-l1-1-0.dll
0x000002177d500000 - 0x000002177d503000 	C:\Program Files\Java\jdk-11.0.2\bin\api-ms-win-crt-process-l1-1-0.dll
0x000002177d510000 - 0x000002177d514000 	C:\Program Files\Java\jdk-11.0.2\bin\api-ms-win-crt-runtime-l1-1-0.dll
0x000002177d520000 - 0x000002177d524000 	C:\Program Files\Java\jdk-11.0.2\bin\api-ms-win-crt-stdio-l1-1-0.dll
0x000002177d530000 - 0x000002177d534000 	C:\Program Files\Java\jdk-11.0.2\bin\api-ms-win-crt-string-l1-1-0.dll
0x000002177d540000 - 0x000002177d543000 	C:\Program Files\Java\jdk-11.0.2\bin\api-ms-win-crt-time-l1-1-0.dll
0x000002177d550000 - 0x000002177d553000 	C:\Program Files\Java\jdk-11.0.2\bin\api-ms-win-crt-utility-l1-1-0.dll
0x00007ff91d0e0000 - 0x00007ff91d1d6000 	C:\Program Files\Java\jdk-11.0.2\bin\ucrtbase.dll
0x00007ff928460000 - 0x00007ff9284b2000 	C:\Windows\System32\concrt140.dll
0x00007ff940750000 - 0x00007ff940773000 	C:\Users\Marcel\.openjfx\cache\11.0.2\prism_d3d.dll
0x00007ff940f00000 - 0x00007ff941097000 	C:\WINDOWS\system32\d3d9.dll
0x00007ff94c1b0000 - 0x00007ff94c1d9000 	C:\WINDOWS\SYSTEM32\dwmapi.dll
0x00007ff94c0e0000 - 0x00007ff94c178000 	C:\WINDOWS\system32\uxtheme.dll
0x00007ff947040000 - 0x00007ff94712e000 	C:\WINDOWS\System32\DriverStore\FileRepository\nvac.inf_amd64_718566285fef9cff\nvldumdx.dll
0x00007ff94e850000 - 0x00007ff94ea32000 	C:\WINDOWS\System32\crypt32.dll
0x00007ff94dae0000 - 0x00007ff94daf2000 	C:\WINDOWS\System32\MSASN1.dll
0x00007ff94e4d0000 - 0x00007ff94e527000 	C:\WINDOWS\System32\WINTRUST.DLL
0x00007ff9511b0000 - 0x00007ff9511cd000 	C:\WINDOWS\System32\imagehlp.dll
0x00007ff8e32c0000 - 0x00007ff8e4680000 	C:\WINDOWS\System32\DriverStore\FileRepository\nvac.inf_amd64_718566285fef9cff\nvd3dumx.dll
0x00007ff8ff240000 - 0x00007ff8ff423000 	C:\WINDOWS\System32\DriverStore\FileRepository\igdlh64.inf_amd64_b5d4c82c67b39358\igdumdim64.dll
0x00007ff8d2b90000 - 0x00007ff8d5c75000 	C:\WINDOWS\System32\DriverStore\FileRepository\igdlh64.inf_amd64_b5d4c82c67b39358\igd9dxva64.dll
0x00007ff94ebe0000 - 0x00007ff94ed31000 	C:\WINDOWS\System32\ole32.dll
0x00007ff951200000 - 0x00007ff9512c2000 	C:\WINDOWS\System32\OLEAUT32.dll
0x00007ff926e50000 - 0x00007ff926e95000 	C:\Users\Marcel\.openjfx\cache\11.0.2\glass.dll
0x00007ff950880000 - 0x00007ff95096d000 	C:\WINDOWS\System32\COMDLG32.dll
0x00007ff950ca0000 - 0x00007ff950e13000 	C:\WINDOWS\System32\MSCTF.dll
0x00007ff941650000 - 0x00007ff941714000 	C:\Program Files (x86)\NVIDIA Corporation\3D Vision\nvSCPAPI64.dll
0x00007ff950200000 - 0x00007ff95064b000 	C:\WINDOWS\System32\SETUPAPI.dll
0x00007ff94c750000 - 0x00007ff94c772000 	C:\WINDOWS\SYSTEM32\gpapi.dll
0x00007ff946e10000 - 0x00007ff946e3e000 	C:\WINDOWS\SYSTEM32\cryptnet.dll
0x00007ff944cc0000 - 0x00007ff944cd4000 	C:\Users\Marcel\.openjfx\cache\11.0.2\javafx_font.dll
0x00007ff9219d0000 - 0x00007ff921cea000 	C:\WINDOWS\SYSTEM32\dwrite.dll
0x00007ff950c00000 - 0x00007ff950ca0000 	C:\WINDOWS\System32\clbcatq.dll
0x00007ff9494b0000 - 0x00007ff94965e000 	C:\WINDOWS\SYSTEM32\WindowsCodecs.dll
0x00007ff921100000 - 0x00007ff921158000 	C:\WINDOWS\system32\dataexchange.dll

dbghelp: loaded successfully - version: 4.0.5 - missing functions: none
symbol engine: initialized successfully - sym options: 0x614 - pdb path: .;C:\Program Files\Java\jdk-11.0.2\bin;C:\WINDOWS\SYSTEM32;C:\WINDOWS\WinSxS\amd64_microsoft.windows.common-controls_6595b64144ccf1df_6.0.17134.982_none_fb3fa44f30680781;C:\Program Files\Java\jdk-11.0.2\bin\server;C:\Users\Marcel\.openjfx\cache\11.0.2;C:\WINDOWS\System32\DriverStore\FileRepository\nvac.inf_amd64_718566285fef9cff;C:\WINDOWS\System32\DriverStore\FileRepository\igdlh64.inf_amd64_b5d4c82c67b39358;C:\Program Files (x86)\NVIDIA Corporation\3D Vision;C:\Program Files\Common Files\Microsoft Shared\Ink;C:\Users\Marcel\AppData\Local\Microsoft\OneDrive\19.152.0801.0007\amd64;C:\Users\Marcel\AppData\Local\Temp;C:\Users\Marcel\AppData\Local\Temp\jna--1997446580;C:\Users\Marcel\AppData\Local\Temp\tess4j\win32-x86-64

VM Arguments:
jvm_args: -agentlib:jdwp=transport=dt_socket,address=127.0.0.1:4578,suspend=y,server=n -javaagent:C:\Users\Marcel\.IdeaIC2018.3\system\captureAgent\debugger-agent.jar -Dfile.encoding=UTF-8 
java_command: com.Main
java_class_path (initial): D:\OneDrive - HYPE Softwaretechnik GmbH\Sonstiges\Projekte\OCR-Docs-Storage\target\classes;C:\Users\Marcel\.m2\repository\commons-io\commons-io\2.5\commons-io-2.5.jar;C:\Users\Marcel\.m2\repository\org\zeroturnaround\zt-zip\1.13\zt-zip-1.13.jar;C:\Users\Marcel\.m2\repository\org\slf4j\slf4j-api\1.6.6\slf4j-api-1.6.6.jar;C:\Users\Marcel\.m2\repository\org\openjfx\javafx-fxml\11.0.2\javafx-fxml-11.0.2.jar;C:\Users\Marcel\.m2\repository\org\openjfx\javafx-fxml\11.0.2\javafx-fxml-11.0.2-win.jar;C:\Users\Marcel\.m2\repository\org\openjfx\javafx-controls\11.0.2\javafx-controls-11.0.2.jar;C:\Users\Marcel\.m2\repository\org\openjfx\javafx-controls\11.0.2\javafx-controls-11.0.2-win.jar;C:\Users\Marcel\.m2\repository\org\openjfx\javafx-graphics\11.0.2\javafx-graphics-11.0.2.jar;C:\Users\Marcel\.m2\repository\org\openjfx\javafx-graphics\11.0.2\javafx-graphics-11.0.2-win.jar;C:\Users\Marcel\.m2\repository\org\openjfx\javafx-base\11.0.2\javafx-base-11.0.2.jar;C:\Users\Marcel\.m2\repository\org\openjfx\javafx-base\11.0.2\javafx-base-11.0.2-win.jar;C:\Users\Marcel\.m2\repository\net\sourceforge\tess4j\tess4j\4.3.1\tess4j-4.3.1.jar;C:\Users\Marcel\.m2\repository\net\java\dev\jna\jna\5.1.0\jna-5.1.0.jar;C:\Users\Marcel\.m2\repository\com\github\jai-imageio\jai-imageio-core\1.4.0\jai-imageio-core-1.4.0.jar;C:\Users\Marcel\.m2\repository\org\ghost4j\ghost4j\1.0.1\ghost4j-1.0.1.jar;C:\Users\Marcel\.m2\repository\log4j\log4j\1.2.17\log4j-1.2.17.jar;C:\Users\Marcel\.m2\repository\commons-beanutils\commons-beanutils\1.9.2\commons-beanutils-1.9.2.jar;C:\Users\Marcel\.m2\repository\commons-collections\commons-collections\3.2.1\commons-collections-3.2.1.jar;C:\Users\Marcel\.m2\repository\org\apache\xmlgraphics\xmlgraphics-commons\1.4\xmlgraphics-commons-1.4.jar;C:\Users\Marcel\.m2\repository\com\lowagie\itext\2.1.7\itext-2.1.7.jar;C:\Users\Marcel\.m2\repository\org\apache\pdfbox\pdfbox\2.0.12\pdfbox-2.0.12.jar;C:\Users\Marcel\.m2\repository\org\apache\pdfbox\font
Launcher Type: SUN_STANDARD

[Global flags]
     intx CICompilerCount                          = 4                                         {product} {ergonomic}
     uint ConcGCThreads                            = 3                                         {product} {ergonomic}
     uint G1ConcRefinementThreads                  = 10                                        {product} {ergonomic}
   size_t G1HeapRegionSize                         = 1048576                                   {product} {ergonomic}
    uintx GCDrainStackTargetSize                   = 64                                        {product} {ergonomic}
   size_t InitialHeapSize                          = 266338304                                 {product} {ergonomic}
   size_t MarkStackSize                            = 4194304                                   {product} {ergonomic}
   size_t MaxHeapSize                              = 4255121408                                {product} {ergonomic}
   size_t MaxNewSize                               = 2552233984                                {product} {ergonomic}
   size_t MinHeapDeltaBytes                        = 1048576                                   {product} {ergonomic}
    uintx NonNMethodCodeHeapSize                   = 5835340                                {pd product} {ergonomic}
    uintx NonProfiledCodeHeapSize                  = 122911450                              {pd product} {ergonomic}
    uintx ProfiledCodeHeapSize                     = 122911450                              {pd product} {ergonomic}
    uintx ReservedCodeCacheSize                    = 251658240                              {pd product} {ergonomic}
     bool SegmentedCodeCache                       = true                                      {product} {ergonomic}
     bool UseCompressedClassPointers               = true                                 {lp64_product} {ergonomic}
     bool UseCompressedOops                        = true                                 {lp64_product} {ergonomic}
     bool UseG1GC                                  = true                                      {product} {ergonomic}
     bool UseLargePagesIndividualAllocation        = false                                  {pd product} {ergonomic}

Logging:
Log output configuration:
 #0: stdout all=warning uptime,level,tags
 #1: stderr all=off uptime,level,tags

Environment Variables:
JAVA_HOME=C:\Program Files\Java\jdk-11.0.2
JRE_HOME=C:\Program Files\Java\jdk-11.0.2
CLASSPATH=.;
PATH=C:\Program Files\AdoptOpenJDK\jdk-11.0.4.11-hotspot\bin;C:\Program Files\Java\jdk-11.0.2;C:\Windows\system32;C:\Windows;C:\Windows\System32\Wbem;C:\Windows\System32\WindowsPowerShell\v1.0\;C:\Program Files (x86)\NVIDIA Corporation\PhysX\Common;C:\ProgramData\chocolatey\bin;C:\Program Files\Java\jdk1.8.0_201\bin;C:\Program Files\Git\cmd;C:\WINDOWS\system32;C:\WINDOWS;C:\WINDOWS\System32\Wbem;C:\WINDOWS\System32\WindowsPowerShell\v1.0\;C:\WINDOWS\System32\OpenSSH\;C:\ProgramData\chocolatey\lib\maven\apache-maven-3.6.1\bin;C:\Program Files (x86)\Microsoft SQL Server\150\DTS\Binn\;C:\Program Files\Microsoft SQL Server\Client SDK\ODBC\130\Tools\Binn\;C:\Program Files (x86)\Microsoft SQL Server\140\Tools\Binn\;C:\Program Files\Microsoft SQL Server\140\Tools\Binn\;C:\Program Files\Microsoft SQL Server\140\DTS\Binn\;C:\Program Files\Java\jdk-11.0.2\bin;C:\Users\Marcel\AppData\Local\Microsoft\WindowsApps;C:\Program Files (x86)\Nmap;C:\Program Files\Java\javafx-sdk-11.0.2;
USERNAME=Marcel
OS=Windows_NT
PROCESSOR_IDENTIFIER=Intel64 Family 6 Model 158 Stepping 10, GenuineIntel



---------------  S Y S T E M  ---------------

OS: Windows 10 , 64 bit Build 17134 (10.0.17134.753)

CPU:total 12 (initial active 12) (6 cores per cpu, 2 threads per core) family 6 model 158 stepping 10, cmov, cx8, fxsr, mmx, sse, sse2, sse3, ssse3, sse4.1, sse4.2, popcnt, avx, avx2, aes, clmul, erms, 3dnowpref, lzcnt, ht, tsc, tscinvbit, bmi1, bmi2, adx, fma

Memory: 4k page, system-wide physical 16226M (7857M free)
TotalPageFile size 18658M (AvailPageFile size 5082M)
current process WorkingSet (physical memory assigned to process): 662M, peak: 812M
current process commit charge ("private bytes"): 720M, peak: 870M

vm_info: OpenJDK 64-Bit Server VM (11.0.2+9) for windows-amd64 JRE (11.0.2+9), built on Jan 18 2019 05:23:22 by "mach5one" with MS VC++ 15.5 (VS2017)

END.
